
|france| Friendly SyntaxError tracebacks - en Fran√ßais
======================================================

Le but principal de friendly-traceback est de fournir des r√©troactions plus
conviviales que les fameux **tracebacks** de Python lorsqu'une exception survient.
Ci-dessous, on peut voir quelques exemples, uniquement pour les
exceptions de type SyntaxError et des classes d√©riv√©es;
les autres sont couvertes dans une autre page.
Le but est de documenter ici tous les exemples possibles
tels qu'interpr√©t√©s par friendly-traceback.

.. note::

     Le contenu de cette page a √©t√© g√©n√©r√© par l'ex√©cution de
     trb_syntax_french.py situ√© dans le r√©pertoire ``tests/``.
     Ceci a besoin d'√™tre fait de mani√®re explicite lorsqu'on veut
     faire des corrections ou des ajouts, avant de faire la mise
     √† jour du reste de la documentation avec Sphinx.
     Sous Windows, si Sphinx est install√© sur votre ordinateur, il est
     plut√¥t sugg√©r√© d'ex√©cuter make_trb.bat qui est au premier niveau
     du r√©pertoire de fichier. Si vous faites ceci, la documentation pour
     toutes les langues sera automatiquement mise √† jour.

Friendly-traceback version: 0.2.17a
Python version: 3.8.4



IndentationError: expected an indented block
--------------------------------------------

.. code-block:: none


    Traceback (most recent call last):
      File "TESTS:\trb_syntax_common.py", line 42, in create_tracebacks
        mod = __import__(name)
      File "TESTS:\syntax\raise_indentation_error1.py", line 4
        pass
        ^
    IndentationError: expected an indented block
    
    Une exception de type `IndentationError` se produit lorsqu'une ligne de code
    n'est pas indent√©e (c'est-√†-dire align√©e verticalement avec les autres lignes)
    de la fa√ßon attendue.
    
    Python peut seulement comprendre le code du fichier
    'TESTS:\syntax\raise_indentation_error1.py'
    jusqu'√† l'endroit indiqu√© par --> et ^.
    
       1: '''Should raise IndentationError'''
       2: 
       3: if True:
    -->4: pass
          ^

        La ligne indiqu√©e ci-dessus par --> devrait
        normalement commencer un nouveau bloc de code indent√©.
        

IndentationError: unexpected indent
-----------------------------------

.. code-block:: none


    Traceback (most recent call last):
      File "TESTS:\trb_syntax_common.py", line 42, in create_tracebacks
        mod = __import__(name)
      File "TESTS:\syntax\raise_indentation_error2.py", line 4
        pass
       ^
    IndentationError: unexpected indent
    
    Une exception de type `IndentationError` se produit lorsqu'une ligne de code
    n'est pas indent√©e (c'est-√†-dire align√©e verticalement avec les autres lignes)
    de la fa√ßon attendue.
    
    Python peut seulement comprendre le code du fichier
    'TESTS:\syntax\raise_indentation_error2.py'
    jusqu'√† l'endroit indiqu√© par --> et ^.
    
       1: '''Should raise IndentationError'''
       2: if True:
       3:     pass
    -->4:       pass
               ^

        La ligne indiqu√©e ci-dessus par -->
        est plus indent√©e que ce qui √©tait attendu et ne
        correspond pas √† l'indentation de la ligne pr√©c√©dente.
        

IndentationError: unindent does not match ...
---------------------------------------------

.. code-block:: none


    Traceback (most recent call last):
      File "TESTS:\trb_syntax_common.py", line 42, in create_tracebacks
        mod = __import__(name)
      File "TESTS:\syntax\raise_indentation_error3.py", line 5
        pass
            ^
    IndentationError: unindent does not match any outer indentation level
    
    Une exception de type `IndentationError` se produit lorsqu'une ligne de code
    n'est pas indent√©e (c'est-√†-dire align√©e verticalement avec les autres lignes)
    de la fa√ßon attendue.
    
    Python peut seulement comprendre le code du fichier
    'TESTS:\syntax\raise_indentation_error3.py'
    jusqu'√† l'endroit indiqu√© par --> et ^.
    
       1: '''Should raise IndentationError'''
       2: 
       3: if True:
       4:       pass
    -->5:     pass
                  ^

        La ligne indiqu√©e ci-dessus par -->
        est moins indent√©e que la ligne pr√©c√©dente
        et n‚Äôest pas align√©e verticalement avec un autre bloc de code.
        

TabError
--------

.. code-block:: none


    Traceback (most recent call last):
      File "TESTS:\trb_syntax_common.py", line 42, in create_tracebacks
        mod = __import__(name)
      File "TESTS:\syntax\raise_tab_error.py", line 7
        pass
            ^
    TabError: inconsistent use of tabs and spaces in indentation
    
    Une exception de type `TabError` indique que vous avez utilis√© des espaces
    ainsi que des caract√®res de tabulation pour indenter votre code.
    Cela n‚Äôest pas autoris√© dans Python.
    L‚Äôindentation de votre code signifie que le bloc de codes est align√©
    verticalement en ins√©rant des espaces ou des tabulations au d√©but des lignes.
    La recommandation de Python est de toujours utiliser des espaces
    pour indenter votre code.
    
    Python peut seulement comprendre le code du fichier
    'TESTS:\syntax\raise_tab_error.py'
    jusqu'√† l'endroit indiqu√© par --> et ^.
    
       3: 
       4: 
       5: def test_tab_error():
       6:     if True:
    -->7: 	pass
               ^

Assign to keyword
-----------------

.. code-block:: none


    Traceback (most recent call last):
      File "TESTS:\trb_syntax_common.py", line 42, in create_tracebacks
        mod = __import__(name)
      File "TESTS:\syntax\raise_syntax_error1.py", line 3
        def = 2
            ^
    SyntaxError: invalid syntax
    
    Une exception de type `SyntaxError` se produit lorsque Python ne peut pas comprendre votre code.
    
    Python peut seulement comprendre le code du fichier
    'TESTS:\syntax\raise_syntax_error1.py'
    jusqu'√† l'endroit indiqu√© par --> et ^.
    
       1: """ Should raise SyntaxError"""
       2: 
    -->3: def = 2
              ^

        Vous essayiez d‚Äôassigner une valeur au mot cl√© Python `def`.
        Ceci n‚Äôest pas permis.
        
        

Missing colon - if
------------------

.. code-block:: none


    Traceback (most recent call last):
      File "TESTS:\trb_syntax_common.py", line 42, in create_tracebacks
        mod = __import__(name)
      File "TESTS:\syntax\raise_syntax_error2.py", line 3
        if True
               ^
    SyntaxError: invalid syntax
    
        Avez-vous oubli√© d‚Äôajouter les deux points `:`¬†?
        
    Une exception de type `SyntaxError` se produit lorsque Python ne peut pas comprendre votre code.
    
    Python peut seulement comprendre le code du fichier
    'TESTS:\syntax\raise_syntax_error2.py'
    jusqu'√† l'endroit indiqu√© par --> et ^.
    
       1: """Should raise SyntaxError"""
       2: 
    -->3: if True
                 ^

        Vous avez √©crit un √©nonc√© d√©butant avec
        `if` mais vous avez oubli√© d‚Äôajouter deux points `:` √† la fin.
        
        

Missing colon - while
---------------------

.. code-block:: none


    Traceback (most recent call last):
      File "TESTS:\trb_syntax_common.py", line 42, in create_tracebacks
        mod = __import__(name)
      File "TESTS:\syntax\raise_syntax_error3.py", line 3
        while True  # a comment
                    ^
    SyntaxError: invalid syntax
    
        Avez-vous oubli√© d‚Äôajouter les deux points `:`¬†?
        
    Une exception de type `SyntaxError` se produit lorsque Python ne peut pas comprendre votre code.
    
    Python peut seulement comprendre le code du fichier
    'TESTS:\syntax\raise_syntax_error3.py'
    jusqu'√† l'endroit indiqu√© par --> et ^.
    
       1: """Should raise SyntaxError"""
       2: 
    -->3: while True  # a comment
                      ^

        Vous vouliez d√©buter une boucle `while`
        mais vous avez oubli√© d‚Äôajouter deux points `:` √† la fin.
        
        

Write elif, not else if
-----------------------

.. code-block:: none


    Traceback (most recent call last):
      File "TESTS:\trb_syntax_common.py", line 42, in create_tracebacks
        mod = __import__(name)
      File "TESTS:\syntax\raise_syntax_error4.py", line 5
        else if True:
             ^
    SyntaxError: invalid syntax
    
        Peut-√™tre que vous vouliez plut√¥t `elif`.
        
    Une exception de type `SyntaxError` se produit lorsque Python ne peut pas comprendre votre code.
    
    Python peut seulement comprendre le code du fichier
    'TESTS:\syntax\raise_syntax_error4.py'
    jusqu'√† l'endroit indiqu√© par --> et ^.
    
       1: """Should raise SyntaxError"""
       2: 
       3: if False:
       4:     pass
    -->5: else if True:
               ^

        Vous avez √©crit `else if`
        au lieu d'utiliser le mot-cl√© `elif`.
        
        

Write elif, not elseif
----------------------

.. code-block:: none


    Traceback (most recent call last):
      File "TESTS:\trb_syntax_common.py", line 42, in create_tracebacks
        mod = __import__(name)
      File "TESTS:\syntax\raise_syntax_error5.py", line 5
        elseif True:
               ^
    SyntaxError: invalid syntax
    
        Peut-√™tre que vous vouliez plut√¥t `elif`.
        
    Une exception de type `SyntaxError` se produit lorsque Python ne peut pas comprendre votre code.
    
    Python peut seulement comprendre le code du fichier
    'TESTS:\syntax\raise_syntax_error5.py'
    jusqu'√† l'endroit indiqu√© par --> et ^.
    
       1: """Should raise SyntaxError"""
       2: 
       3: if False:
       4:     pass
    -->5: elseif True:
                 ^

        Vous avez √©crit `elseif`
        au lieu d'utiliser le mot-cl√© `elif`.
        
        

Malformed def statment - 1
--------------------------

.. code-block:: none


    Traceback (most recent call last):
      File "TESTS:\trb_syntax_common.py", line 42, in create_tracebacks
        mod = __import__(name)
      File "TESTS:\syntax\raise_syntax_error6.py", line 3
        def :
            ^
    SyntaxError: invalid syntax
    
    Une exception de type `SyntaxError` se produit lorsque Python ne peut pas comprendre votre code.
    
    Python peut seulement comprendre le code du fichier
    'TESTS:\syntax\raise_syntax_error6.py'
    jusqu'√† l'endroit indiqu√© par --> et ^.
    
       1: """Should raise SyntaxError"""
       2: 
    -->3: def :
              ^

        Ci-dessous, je tente de deviner ce que a mal tourn√©, mais je pourrais me tromper.
        
        Vous vouliez d√©finir une fonction ou une m√©thode,
        mais vous avez fait des erreurs de syntaxe.
        La syntaxe correcte est:
        
            def nom ( arguments_optionnels ):
        
        

Malformed def statment - 2
--------------------------

.. code-block:: none


    Traceback (most recent call last):
      File "TESTS:\trb_syntax_common.py", line 42, in create_tracebacks
        mod = __import__(name)
      File "TESTS:\syntax\raise_syntax_error7.py", line 3
        def name  :
                  ^
    SyntaxError: invalid syntax
    
        Vous avez peut-√™tre oubli√© d'√©crire des parenth√®ses.
        
    Une exception de type `SyntaxError` se produit lorsque Python ne peut pas comprendre votre code.
    
    Python peut seulement comprendre le code du fichier
    'TESTS:\syntax\raise_syntax_error7.py'
    jusqu'√† l'endroit indiqu√© par --> et ^.
    
       1: """Should raise SyntaxError"""
       2: 
    -->3: def name  :
                    ^

        Ci-dessous, je tente de deviner ce que a mal tourn√©, mais je pourrais me tromper.
        
        Vous vouliez d√©finir une fonction ou une m√©thode,
        mais vous avez fait des erreurs de syntaxe.
        La syntaxe correcte est:
        
            def nom ( arguments_optionnels ):
        
        

Malformed def statment - 3
--------------------------

.. code-block:: none


    Traceback (most recent call last):
      File "TESTS:\trb_syntax_common.py", line 42, in create_tracebacks
        mod = __import__(name)
      File "TESTS:\syntax\raise_syntax_error8.py", line 3
        def ( arg )  :
            ^
    SyntaxError: invalid syntax
    
    Une exception de type `SyntaxError` se produit lorsque Python ne peut pas comprendre votre code.
    
    Python peut seulement comprendre le code du fichier
    'TESTS:\syntax\raise_syntax_error8.py'
    jusqu'√† l'endroit indiqu√© par --> et ^.
    
       1: """Should raise SyntaxError"""
       2: 
    -->3: def ( arg )  :
              ^

        Ci-dessous, je tente de deviner ce que a mal tourn√©, mais je pourrais me tromper.
        
        Vous vouliez d√©finir une fonction ou une m√©thode,
        mais vous avez fait des erreurs de syntaxe.
        La syntaxe correcte est:
        
            def nom ( arguments_optionnels ):
        
        

Cannot assign to literal - 1
----------------------------

.. code-block:: none


    Traceback (most recent call last):
      File "TESTS:\trb_syntax_common.py", line 42, in create_tracebacks
        mod = __import__(name)
      File "TESTS:\syntax\raise_syntax_error9.py", line 3
        1 = a
        ^
    SyntaxError: cannot assign to literal
    
        Peut-√™tre que vous vouliez plut√¥t √©crire : `a = 1`
    Une exception de type `SyntaxError` se produit lorsque Python ne peut pas comprendre votre code.
    
    Python peut seulement comprendre le code du fichier
    'TESTS:\syntax\raise_syntax_error9.py'
    jusqu'√† l'endroit indiqu√© par --> et ^.
    
       1: """Should raise SyntaxError: can't assign to literal"""
       2: 
    -->3: 1 = a
          ^

        Vous avez √©crit une expression comme
        
            1 = a
        o√π `1`, du c√¥t√© gauche du signe d'√©galit√©
        est ou inclut un objet de type `int`
        et n'est pas simplement le nom d'une variable.
        Peut-√™tre que vous vouliez plut√¥t √©crire :
        
            a = 1
        
        

Cannot assign to literal - 2
----------------------------

.. code-block:: none


    Traceback (most recent call last):
      File "TESTS:\trb_syntax_common.py", line 42, in create_tracebacks
        mod = __import__(name)
      File "TESTS:\syntax\raise_syntax_error10.py", line 3
        1 = 2
        ^
    SyntaxError: cannot assign to literal
    
    Une exception de type `SyntaxError` se produit lorsque Python ne peut pas comprendre votre code.
    
    Python peut seulement comprendre le code du fichier
    'TESTS:\syntax\raise_syntax_error10.py'
    jusqu'√† l'endroit indiqu√© par --> et ^.
    
       1: """Should raise SyntaxError: can't assign to literal"""
       2: 
    -->3: 1 = 2
          ^

        Vous avez √©crit une expression comme
        
            1 = 2
        o√π `1`, du c√¥t√© gauche du signe d'√©galit√©
        est ou inclut un objet de type `int`
        et n'est pas simplement le nom d'une variable.
        
        

Inversion: import X from Y
--------------------------

.. code-block:: none


    Traceback (most recent call last):
      File "TESTS:\trb_syntax_common.py", line 42, in create_tracebacks
        mod = __import__(name)
      File "TESTS:\syntax\raise_syntax_error11.py", line 3
        import pen from turtle
                   ^
    SyntaxError: invalid syntax
    
        Vouliez-vous dire `from turtle import pen`¬†?
        
    Une exception de type `SyntaxError` se produit lorsque Python ne peut pas comprendre votre code.
    
    Python peut seulement comprendre le code du fichier
    'TESTS:\syntax\raise_syntax_error11.py'
    jusqu'√† l'endroit indiqu√© par --> et ^.
    
       1: """Should raise SyntaxError: invalid syntax"""
       2: 
    -->3: import pen from turtle
                     ^

        Vous avez √©crit quelque chose comme
            import pen from turtle
        au lieu de
            from turtle import pen
        
        

EOL while scanning string literal
---------------------------------

.. code-block:: none


    Traceback (most recent call last):
      File "TESTS:\trb_syntax_common.py", line 42, in create_tracebacks
        mod = __import__(name)
      File "TESTS:\syntax\raise_syntax_error12.py", line 3
        alphabet = 'abc
                       ^
    SyntaxError: EOL while scanning string literal
    
        Avez-vous oubli√© d‚Äôajouter un guillemet¬†?
        
    Une exception de type `SyntaxError` se produit lorsque Python ne peut pas comprendre votre code.
    
    Python peut seulement comprendre le code du fichier
    'TESTS:\syntax\raise_syntax_error12.py'
    jusqu'√† l'endroit indiqu√© par --> et ^.
    
       1: """Should raise SyntaxError: EOL while scanning string literal"""
       2: 
    -->3: alphabet = 'abc
                         ^

        Vous aviez commenc√© √† √©crire une cha√Æne de caract√®res
        avec un guillemet simple ou double, mais n'avez jamais
        termin√© la cha√Æne avec un autre guillemet sur cette ligne.
        

Assignment to keyword (None)
----------------------------

.. code-block:: none


    Traceback (most recent call last):
      File "TESTS:\trb_syntax_common.py", line 42, in create_tracebacks
        mod = __import__(name)
      File "TESTS:\syntax\raise_syntax_error13.py", line 4
        None = 1
        ^
    SyntaxError: cannot assign to None
    
        Vous ne pouvez pas attribuer une valeur √† `None`.
    Une exception de type `SyntaxError` se produit lorsque Python ne peut pas comprendre votre code.
    
    Python peut seulement comprendre le code du fichier
    'TESTS:\syntax\raise_syntax_error13.py'
    jusqu'√† l'endroit indiqu√© par --> et ^.
    
       1: """Should raise SyntaxError: cannot assign to None in Py 3.8
       2:    and can't assign to keyword before."""
       3: 
    -->4: None = 1
          ^

        `None` est une constante dans python; vous ne pouvez pas lui assigner une valeur.
        
        

Assignment to keyword (__debug__)
---------------------------------

.. code-block:: none


    Traceback (most recent call last):
      File "TESTS:\trb_syntax_common.py", line 42, in create_tracebacks
        mod = __import__(name)
      File "TESTS:\syntax\raise_syntax_error14.py", line 4
        __debug__ = 1
        ^
    SyntaxError: cannot assign to __debug__
    
        Vous ne pouvez pas attribuer une valeur √† `__debug__`.
    Une exception de type `SyntaxError` se produit lorsque Python ne peut pas comprendre votre code.
    
    Python peut seulement comprendre le code du fichier
    'TESTS:\syntax\raise_syntax_error14.py'
    jusqu'√† l'endroit indiqu√© par --> et ^.
    
       1: """Should raise SyntaxError: cannot assign to __debug__ in Py 3.8
       2:    and assignment to keyword before."""
       3: 
    -->4: __debug__ = 1
          ^

        `__debug__` est une constante dans python; vous ne pouvez pas lui assigner une valeur.
        
        

Unmatched closing parenthesis
-----------------------------

.. code-block:: none


    Traceback (most recent call last):
      File "TESTS:\trb_syntax_common.py", line 42, in create_tracebacks
        mod = __import__(name)
      File "TESTS:\syntax\raise_syntax_error15.py", line 6
        3, 4,))
              ^
    SyntaxError: unmatched ')'
    
    Une exception de type `SyntaxError` se produit lorsque Python ne peut pas comprendre votre code.
    
    Python peut seulement comprendre le code du fichier
    'TESTS:\syntax\raise_syntax_error15.py'
    jusqu'√† l'endroit indiqu√© par --> et ^.
    
       1: """Should raise SyntaxError: invalid syntax for Python < 3.8
       2:    otherwise, SyntaxError: unmatched ')'
       3: """
       4: a = (1,
       5:     2,
    -->6:     3, 4,))
                    ^

        Le symbole parenth√®se `)` √† la ligne 6 n'a pas de symbole ouvrant qui lui correspond.
        

Unclosed parenthesis - 1
------------------------

.. code-block:: none


    Traceback (most recent call last):
      File "TESTS:\trb_syntax_common.py", line 42, in create_tracebacks
        mod = __import__(name)
      File "TESTS:\syntax\raise_syntax_error16.py", line 3
        if x == 1:
                 ^
    SyntaxError: invalid syntax
    
    Une exception de type `SyntaxError` se produit lorsque Python ne peut pas comprendre votre code.
    
    Python peut seulement comprendre le code du fichier
    'TESTS:\syntax\raise_syntax_error16.py'
    jusqu'√† l'endroit indiqu√© par --> et ^.
    
       1: """Should raise SyntaxError: invalid syntax"""
       2: x = int('1'
    -->3: if x == 1:
                   ^
       4:     print('yes')

        Ci-dessous, je tente de deviner ce que a mal tourn√©, mais je pourrais me tromper.
        
        Le symbole parenth√®se `(` √† la ligne 2 n'est pas ferm√© par le symbole correspondant.
        
            2: x = int('1'
                      |
        

Unclosed parenthesis - 2
------------------------

.. code-block:: none


    Traceback (most recent call last):
      File "TESTS:\trb_syntax_common.py", line 42, in create_tracebacks
        mod = __import__(name)
      File "TESTS:\syntax\raise_syntax_error17.py", line 3
        d = a*a
        ^
    SyntaxError: invalid syntax
    
    Une exception de type `SyntaxError` se produit lorsque Python ne peut pas comprendre votre code.
    
    Python peut seulement comprendre le code du fichier
    'TESTS:\syntax\raise_syntax_error17.py'
    jusqu'√† l'endroit indiqu√© par --> et ^.
    
       1: """Should raise SyntaxError: invalid syntax"""
       2: a = (b+c
    -->3: d = a*a
          ^

        Ci-dessous, je tente de deviner ce que a mal tourn√©, mais je pourrais me tromper.
        
        Le symbole parenth√®se `(` √† la ligne 2 n'est pas ferm√© par le symbole correspondant.
        
            2: a = (b+c
                   |
        

Mismatched brackets - 1
-----------------------

.. code-block:: none


    Traceback (most recent call last):
      File "TESTS:\trb_syntax_common.py", line 42, in create_tracebacks
        mod = __import__(name)
      File "TESTS:\syntax\raise_syntax_error18.py", line 2
        x = (1, 2, 3]
                    ^
    SyntaxError: closing parenthesis ']' does not match opening parenthesis '('
    
    Une exception de type `SyntaxError` se produit lorsque Python ne peut pas comprendre votre code.
    
    Python peut seulement comprendre le code du fichier
    'TESTS:\syntax\raise_syntax_error18.py'
    jusqu'√† l'endroit indiqu√© par --> et ^.
    
       1: """Should raise SyntaxError: invalid syntax"""
    -->2: x = (1, 2, 3]
                      ^

        Python nous dit que la parenth√®se de droite `]` ne correspond pas
        √† la parenth√®se de gauche `(`.
        
        Je vais essayer de donner un peu plus d'informations.
        
        
        Le symbole crochet `]` √† la ligne 2 ne correspond pas au symbole parenth√®se `(` √† la ligne 2.
        
            2: x = (1, 2, 3]
                   ^       ^
        

Mismatched brackets - 2
-----------------------

.. code-block:: none


    Traceback (most recent call last):
      File "TESTS:\trb_syntax_common.py", line 42, in create_tracebacks
        mod = __import__(name)
      File "TESTS:\syntax\raise_syntax_error19.py", line 4
        3]
         ^
    SyntaxError: closing parenthesis ']' does not match opening parenthesis '(' on line 2
    
    Une exception de type `SyntaxError` se produit lorsque Python ne peut pas comprendre votre code.
    
    Python peut seulement comprendre le code du fichier
    'TESTS:\syntax\raise_syntax_error19.py'
    jusqu'√† l'endroit indiqu√© par --> et ^.
    
       1: """Should raise SyntaxError: invalid syntax"""
       2: x = (1,
       3:      2,
    -->4:      3]
                ^

        Python nous dit que la parenth√®se de droite `]` sur la derni√®re ligne
        ne correspond pas √† la parenth√®se de gauche `(` sur la ligne 2.
        
        Je vais essayer de donner un peu plus d'informations.
        
        
        Le symbole crochet `]` √† la ligne 4 ne correspond pas au symbole parenth√®se `(` √† la ligne 2.
        
            2: x = (1,
                   ^
            4:      3]
                     ^
        

print is a function
-------------------

.. code-block:: none


    Traceback (most recent call last):
      File "TESTS:\trb_syntax_common.py", line 42, in create_tracebacks
        mod = __import__(name)
      File "TESTS:\syntax\raise_syntax_error20.py", line 2
        print 'hello'
              ^
    SyntaxError: Missing parentheses in call to 'print'. Did you mean print('hello')?
    
    Une exception de type `SyntaxError` se produit lorsque Python ne peut pas comprendre votre code.
    
    Python peut seulement comprendre le code du fichier
    'TESTS:\syntax\raise_syntax_error20.py'
    jusqu'√† l'endroit indiqu√© par --> et ^.
    
       1: """Should raise SyntaxError: Missing parentheses in call to 'print' ..."""
    -->2: print 'hello'
                ^

        Peut-√™tre que vous avez besoin d'√©crire
        
             print('hello')
        
        Dans l'ancienne version de Python, `print` √©tait un mot cl√©.
        Maintenant, `print` est une fonction; vous devez utiliser des parenth√®ses pour l'invoquer.
        

Python keyword as function name
-------------------------------

.. code-block:: none


    Traceback (most recent call last):
      File "TESTS:\trb_syntax_common.py", line 42, in create_tracebacks
        mod = __import__(name)
      File "TESTS:\syntax\raise_syntax_error21.py", line 3
        def pass():
            ^
    SyntaxError: invalid syntax
    
    Une exception de type `SyntaxError` se produit lorsque Python ne peut pas comprendre votre code.
    
    Python peut seulement comprendre le code du fichier
    'TESTS:\syntax\raise_syntax_error21.py'
    jusqu'√† l'endroit indiqu√© par --> et ^.
    
       1: """Should raise SyntaxError: invalid syntax"""
       2: 
    -->3: def pass():
              ^

        Ci-dessous, je tente de deviner ce que a mal tourn√©, mais je pourrais me tromper.
        
        Vous avez tent√© d'utiliser le mot cl√© Python `pass` comme nom de fonction.
        Ceci n‚Äôest pas permis.
        
        

break outside loop
------------------

.. code-block:: none


    Traceback (most recent call last):
      File "TESTS:\trb_syntax_common.py", line 42, in create_tracebacks
        mod = __import__(name)
      File "TESTS:\syntax\raise_syntax_error22.py", line 4
        break
        ^
    SyntaxError: 'break' outside loop
    
    Une exception de type `SyntaxError` se produit lorsque Python ne peut pas comprendre votre code.
    
    Python peut seulement comprendre le code du fichier
    'TESTS:\syntax\raise_syntax_error22.py'
    jusqu'√† l'endroit indiqu√© par --> et ^.
    
       1: """Should raise SyntaxError: 'break' outside loop"""
       2: 
       3: if True:
    -->4:     break
              ^

        Le mot-cl√© Python `break` ne peut √™tre utilis√© qu'√† l'int√©rieur d'une boucle `for` ou √† l'int√©rieur d'une boucle `while`.
        

continue outside loop
---------------------

.. code-block:: none


    Traceback (most recent call last):
      File "TESTS:\trb_syntax_common.py", line 42, in create_tracebacks
        mod = __import__(name)
      File "TESTS:\syntax\raise_syntax_error23.py", line 4
        continue
        ^
    SyntaxError: 'continue' not properly in loop
    
    Une exception de type `SyntaxError` se produit lorsque Python ne peut pas comprendre votre code.
    
    Python peut seulement comprendre le code du fichier
    'TESTS:\syntax\raise_syntax_error23.py'
    jusqu'√† l'endroit indiqu√© par --> et ^.
    
       1: """Should raise SyntaxError: 'continue' outside loop"""
       2: 
       3: if True:
    -->4:     continue
              ^

        Le mot-cl√© Python `continue` ne peut √™tre utilis√© qu'√† l'int√©rieur d'une boucle `for` ou √† l'int√©rieur d'une boucle `while`.
        

Quote inside a string
---------------------

.. code-block:: none


    Traceback (most recent call last):
      File "TESTS:\trb_syntax_common.py", line 42, in create_tracebacks
        mod = __import__(name)
      File "TESTS:\syntax\raise_syntax_error24.py", line 3
        message = 'don't'
                       ^
    SyntaxError: invalid syntax
    
        Vous avez peut-√™tre un guillemet √©crit au mauvais endroit.
        
    Une exception de type `SyntaxError` se produit lorsque Python ne peut pas comprendre votre code.
    
    Python peut seulement comprendre le code du fichier
    'TESTS:\syntax\raise_syntax_error24.py'
    jusqu'√† l'endroit indiqu√© par --> et ^.
    
       1: """Should raise SyntaxError: invalid syntax"""
       2: 
    -->3: message = 'don't'
                         ^

        Il semble y avoir un identificateur Python (nom de variable)
        imm√©diatement apr√®s une cha√Æne.
        Je soup√ßonne que vous essayiez d'utiliser un apostrophe ou un guillemet
        √† l'int√©rieur d'une cha√Æne qui √©tait d√©limit√©e par ces m√™mes caract√®res.
        

Missing comma in a dict
-----------------------

.. code-block:: none


    Traceback (most recent call last):
      File "TESTS:\trb_syntax_common.py", line 42, in create_tracebacks
        mod = __import__(name)
      File "TESTS:\syntax\raise_syntax_error25.py", line 5
        'c': 3,
        ^
    SyntaxError: invalid syntax
    
    Une exception de type `SyntaxError` se produit lorsque Python ne peut pas comprendre votre code.
    
    Python peut seulement comprendre le code du fichier
    'TESTS:\syntax\raise_syntax_error25.py'
    jusqu'√† l'endroit indiqu√© par --> et ^.
    
       2: 
       3: a = {'a': 1,
       4:      'b': 2
    -->5:      'c': 3,
               ^
       6:      }

        Ci-dessous, je tente de deviner ce que a mal tourn√©, mais je pourrais me tromper.
        
        Le symbole accolade `{` √† la ligne 3 n'est pas ferm√© par le symbole correspondant.
        
            3: a = {'a': 1,
                   |
        Il est √©galement possible que vous ayez oubli√© une virgule entre les √©l√©ments d'un ensemble (set)
        ou un dict avant la position indiqu√©e par --> et ^.
        

Missing comma in a set
----------------------

.. code-block:: none


    Traceback (most recent call last):
      File "TESTS:\trb_syntax_common.py", line 42, in create_tracebacks
        mod = __import__(name)
      File "TESTS:\syntax\raise_syntax_error26.py", line 3
        a = {1, 2  3}
                   ^
    SyntaxError: invalid syntax
    
        Avez-vous oubli√© quelque chose entre `2` et `3`¬†?
        
    Une exception de type `SyntaxError` se produit lorsque Python ne peut pas comprendre votre code.
    
    Python peut seulement comprendre le code du fichier
    'TESTS:\syntax\raise_syntax_error26.py'
    jusqu'√† l'endroit indiqu√© par --> et ^.
    
       1: """Should raise SyntaxError: invalid syntax"""
       2: 
    -->3: a = {1, 2  3}
                     ^

        Ci-dessous, je tente de deviner ce que a mal tourn√©, mais je pourrais me tromper.
        
        Python indique que l‚Äôerreur est caus√©e par `3` √©crit tout juste apr√®s `2`.
        Peut-√™tre que vous vouliez ins√©rer un op√©rateur comme `+, -, *, ","`
        entre `2` et `3`.
        Les lignes de code suivantes ne causeraient pas des `SyntaxError¬†:
        
            a = {1, 2 +  3}
            a = {1, 2 -  3}
            a = {1, 2 *  3}
            a = {1, 2,  3}
        N.B. : ce ne sont l√† que quelques-uns des choix possibles.
        

Missing comma in a list
-----------------------

.. code-block:: none


    Traceback (most recent call last):
      File "TESTS:\trb_syntax_common.py", line 42, in create_tracebacks
        mod = __import__(name)
      File "TESTS:\syntax\raise_syntax_error27.py", line 3
        a = [1, 2  3]
                   ^
    SyntaxError: invalid syntax
    
        Avez-vous oubli√© quelque chose entre `2` et `3`¬†?
        
    Une exception de type `SyntaxError` se produit lorsque Python ne peut pas comprendre votre code.
    
    Python peut seulement comprendre le code du fichier
    'TESTS:\syntax\raise_syntax_error27.py'
    jusqu'√† l'endroit indiqu√© par --> et ^.
    
       1: """Should raise SyntaxError: invalid syntax"""
       2: 
    -->3: a = [1, 2  3]
                     ^

        Ci-dessous, je tente de deviner ce que a mal tourn√©, mais je pourrais me tromper.
        
        Python indique que l‚Äôerreur est caus√©e par `3` √©crit tout juste apr√®s `2`.
        Peut-√™tre que vous vouliez ins√©rer un op√©rateur comme `+, -, *, ","`
        entre `2` et `3`.
        Les lignes de code suivantes ne causeraient pas des `SyntaxError¬†:
        
            a = [1, 2 +  3]
            a = [1, 2 -  3]
            a = [1, 2 *  3]
            a = [1, 2,  3]
        N.B. : ce ne sont l√† que quelques-uns des choix possibles.
        

Missing comma in a tuple
------------------------

.. code-block:: none


    Traceback (most recent call last):
      File "TESTS:\trb_syntax_common.py", line 42, in create_tracebacks
        mod = __import__(name)
      File "TESTS:\syntax\raise_syntax_error28.py", line 3
        a = (1, 2  3)
                   ^
    SyntaxError: invalid syntax
    
        Avez-vous oubli√© quelque chose entre `2` et `3`¬†?
        
    Une exception de type `SyntaxError` se produit lorsque Python ne peut pas comprendre votre code.
    
    Python peut seulement comprendre le code du fichier
    'TESTS:\syntax\raise_syntax_error28.py'
    jusqu'√† l'endroit indiqu√© par --> et ^.
    
       1: """Should raise SyntaxError: invalid syntax"""
       2: 
    -->3: a = (1, 2  3)
                     ^

        Ci-dessous, je tente de deviner ce que a mal tourn√©, mais je pourrais me tromper.
        
        Python indique que l‚Äôerreur est caus√©e par `3` √©crit tout juste apr√®s `2`.
        Peut-√™tre que vous vouliez ins√©rer un op√©rateur comme `+, -, *, ","`
        entre `2` et `3`.
        Les lignes de code suivantes ne causeraient pas des `SyntaxError¬†:
        
            a = (1, 2 +  3)
            a = (1, 2 -  3)
            a = (1, 2 *  3)
            a = (1, 2,  3)
        N.B. : ce ne sont l√† que quelques-uns des choix possibles.
        

Missing comma between function args
-----------------------------------

.. code-block:: none


    Traceback (most recent call last):
      File "TESTS:\trb_syntax_common.py", line 42, in create_tracebacks
        mod = __import__(name)
      File "TESTS:\syntax\raise_syntax_error29.py", line 4
        def a(b, c d):
                   ^
    SyntaxError: invalid syntax
    
        Vouliez-vous dire `def a(b, c, d):`¬†?
        
    Une exception de type `SyntaxError` se produit lorsque Python ne peut pas comprendre votre code.
    
    Python peut seulement comprendre le code du fichier
    'TESTS:\syntax\raise_syntax_error29.py'
    jusqu'√† l'endroit indiqu√© par --> et ^.
    
       1: """Should raise SyntaxError: invalid syntax"""
       2: 
       3: 
    -->4: def a(b, c d):
                     ^

        Ci-dessous, je tente de deviner ce que a mal tourn√©, mais je pourrais me tromper.
        
        Python indique que l‚Äôerreur est caus√©e par `d` √©crit tout juste apr√®s `c`.
        Peut-√™tre que vous vouliez √©crire `,` entre
        `c` et `d`¬†:
        
            def a(b, c, d):
        ce qui ne causerait pas de `SyntaxError`.
        

Cannot assign to function call - 1
----------------------------------

.. code-block:: none


    Traceback (most recent call last):
      File "TESTS:\trb_syntax_common.py", line 42, in create_tracebacks
        mod = __import__(name)
      File "TESTS:\syntax\raise_syntax_error30.py", line 6
        len('a') = 3
        ^
    SyntaxError: cannot assign to function call
    
    Une exception de type `SyntaxError` se produit lorsque Python ne peut pas comprendre votre code.
    
    Python peut seulement comprendre le code du fichier
    'TESTS:\syntax\raise_syntax_error30.py'
    jusqu'√† l'endroit indiqu√© par --> et ^.
    
       1: """Should raise SyntaxError: can't assign to function call
       2: 
       3: Python 3.8: SyntaxError: cannot assign to function call
       4: """
       5: 
    -->6: len('a') = 3
          ^

        Vous avez √©crit une expression comme
        
            len('a') = 3
        
        o√π `len('a')`, √† la gauche du signe d'√©galit√© est soit l'invocation
        d'une fonction, ou inclus une telle invocation,
        et n'est pas simplement le nom d'une variable.
        

Cannot assign to function call - 2
----------------------------------

.. code-block:: none


    Traceback (most recent call last):
      File "TESTS:\trb_syntax_common.py", line 42, in create_tracebacks
        mod = __import__(name)
      File "TESTS:\syntax\raise_syntax_error31.py", line 6
        func(a, b=3) = 4
        ^
    SyntaxError: cannot assign to function call
    
    Une exception de type `SyntaxError` se produit lorsque Python ne peut pas comprendre votre code.
    
    Python peut seulement comprendre le code du fichier
    'TESTS:\syntax\raise_syntax_error31.py'
    jusqu'√† l'endroit indiqu√© par --> et ^.
    
       1: """Should raise SyntaxError: can't assign to function call
       2: 
       3: Python 3.8: SyntaxError: cannot assign to function call
       4: """
       5: 
    -->6: func(a, b=3) = 4
          ^

        Vous avez √©crit une expression comme
        
            func(...) = une certaine valeur
        
        o√π `func(...)`, du c√¥t√© gauche du signe d'√©galit√©
        est une fonction et non le nom d‚Äôune variable.
        

Used equal sign instead of colon
--------------------------------

.. code-block:: none


    Traceback (most recent call last):
      File "TESTS:\trb_syntax_common.py", line 42, in create_tracebacks
        mod = __import__(name)
      File "TESTS:\syntax\raise_syntax_error32.py", line 4
        ages = {'Alice'=22, 'Bob'=24}
                       ^
    SyntaxError: invalid syntax
    
    Une exception de type `SyntaxError` se produit lorsque Python ne peut pas comprendre votre code.
    
    Python peut seulement comprendre le code du fichier
    'TESTS:\syntax\raise_syntax_error32.py'
    jusqu'√† l'endroit indiqu√© par --> et ^.
    
       1: """Should raise SyntaxError: invalid syntax
       2: """
       3: 
    -->4: ages = {'Alice'=22, 'Bob'=24}
                         ^

        Ci-dessous, je tente de deviner ce que a mal tourn√©, mais je pourrais me tromper.
        
        Il est possible que vous ayez utilis√© un signe d'√©galit√© `=` au lieu de deux points `:`
        pour attribuer des valeurs √† une cl√© d'un dictionnaire
        avant ou exactement √† la position indiqu√©e par --> et ^.
        

Non-default argument follows default argument
---------------------------------------------

.. code-block:: none


    Traceback (most recent call last):
      File "TESTS:\trb_syntax_common.py", line 42, in create_tracebacks
        mod = __import__(name)
      File "TESTS:\syntax\raise_syntax_error33.py", line 5
        def test(a=1, b):
                 ^
    SyntaxError: non-default argument follows default argument
    
    Une exception de type `SyntaxError` se produit lorsque Python ne peut pas comprendre votre code.
    
    Python peut seulement comprendre le code du fichier
    'TESTS:\syntax\raise_syntax_error33.py'
    jusqu'√† l'endroit indiqu√© par --> et ^.
    
       1: """Should raise SyntaxError: non-default argument follows default argument
       2: """
       3: 
       4: 
    -->5: def test(a=1, b):
                   ^

        Dans Python, vous pouvez d√©finir les fonctions avec seulement des arguments de position
        
            def test(a, b, c): ...
        
        ou seulement des arguments nomm√©s
        
            def test(a=1, b=2, c=3): ...
        
        ou une combinaison des deux
        
            def test(a, b, c=3): ...
        
        mais avec les arguments nomm√©s apparaissant apr√®s tous les arguments positionnels.
        Selon Python, vous avez utilis√© des arguments positionnels apr√®s des arguments nomm√©s.
        

Positional argument follows keyword argument
--------------------------------------------

.. code-block:: none


    Traceback (most recent call last):
      File "TESTS:\trb_syntax_common.py", line 42, in create_tracebacks
        mod = __import__(name)
      File "TESTS:\syntax\raise_syntax_error34.py", line 5
        test(a=1, b)
                  ^
    SyntaxError: positional argument follows keyword argument
    
    Une exception de type `SyntaxError` se produit lorsque Python ne peut pas comprendre votre code.
    
    Python peut seulement comprendre le code du fichier
    'TESTS:\syntax\raise_syntax_error34.py'
    jusqu'√† l'endroit indiqu√© par --> et ^.
    
       1: """Should raise SyntaxError: positional argument follows keyword argument
       2: """
       3: 
       4: 
    -->5: test(a=1, b)
                    ^

        Dans Python, vous pouvez invoquer les fonctions avec seulement des arguments de position
        
            test(1, 2, 3)
        
        ou seulement des arguments nomm√©s
        
            test (a=1, b=2, c=3)
        
        ou une combinaison des deux
        
            test(1, 2, c=3)
        
        mais avec les arguments nomm√©s apparaissant apr√®s tous les arguments positionnels.
        Selon Python, vous avez utilis√© des arguments positionnels apr√®s des arguments nomm√©s.
        

f-string: unterminated string
-----------------------------

.. code-block:: none


    Traceback (most recent call last):
      File "TESTS:\trb_syntax_common.py", line 42, in create_tracebacks
        mod = __import__(name)
      File "TESTS:\syntax\raise_syntax_error35.py", line 4
        print(f"Bob is {age['Bob]} years old.")
              ^
    SyntaxError: f-string: unterminated string
    
        Avez-vous oubli√© d‚Äôajouter un guillemet¬†?
        
    Une exception de type `SyntaxError` se produit lorsque Python ne peut pas comprendre votre code.
    
    Python peut seulement comprendre le code du fichier
    'TESTS:\syntax\raise_syntax_error35.py'
    jusqu'√† l'endroit indiqu√© par --> et ^.
    
       1: """Should raise SyntaxError: f-string: unterminated string
       2: """
       3: 
    -->4: print(f"Bob is {age['Bob]} years old.")
                ^

        √Ä l'int√©rieur de la cha√Æne `f"Bob is {age['Bob]} years old."`, qui est une cha√Æne de caract√®res pr√©fix√©e de la lettre f,
        vous avez une autre cha√Æne de caract√®re qui d√©bute soit avec un apostrophe (')
        ou des guillemets ("), mais n'est pas termin√© par un autre caract√®re semblable.
        

Unclosed bracket
----------------

.. code-block:: none


    Traceback (most recent call last):
      File "TESTS:\trb_syntax_common.py", line 42, in create_tracebacks
        mod = __import__(name)
      File "TESTS:\syntax\raise_syntax_error36.py", line 7
        print(foo())
        ^
    SyntaxError: invalid syntax
    
    Une exception de type `SyntaxError` se produit lorsque Python ne peut pas comprendre votre code.
    
    Python peut seulement comprendre le code du fichier
    'TESTS:\syntax\raise_syntax_error36.py'
    jusqu'√† l'endroit indiqu√© par --> et ^.
    
        3: 
        4: def foo():
        5:     return [1, 2, 3
        6: 
    --> 7: print(foo())
           ^

        Ci-dessous, je tente de deviner ce que a mal tourn√©, mais je pourrais me tromper.
        
        Le symbole crochet `[` √† la ligne 5 n'est pas ferm√© par le symbole correspondant.
        
            5:     return [1, 2, 3
                          |
        

Unexpected EOF while parsing
----------------------------

.. code-block:: none


    Traceback (most recent call last):
      File "TESTS:\trb_syntax_common.py", line 42, in create_tracebacks
        mod = __import__(name)
      File "TESTS:\syntax\raise_syntax_error37.py", line 8
    SyntaxError: unexpected EOF while parsing
    
    Une exception de type `SyntaxError` se produit lorsque Python ne peut pas comprendre votre code.
    
    Python peut seulement comprendre le code du fichier
    'TESTS:\syntax\raise_syntax_error37.py'
    jusqu'√† l'endroit indiqu√© par --> et ^.
    
        3: 
        4: def foo():
        5:     return [1, 2, 3,
        6: 
        7: print(foo())
    --> 8: 
           ^

        Python nous dit qu'il a atteint la fin du fichier
        et s'attendait √† plus de contenu.
        
        Je vais essayer de donner un peu plus d'informations.
        
        
        Le symbole crochet `[` √† la ligne 5 n'est pas ferm√© par le symbole correspondant.
        
            5:     return [1, 2, 3,
                          |
        

Name is parameter and global
----------------------------

.. code-block:: none


    Traceback (most recent call last):
      File "TESTS:\trb_syntax_common.py", line 42, in create_tracebacks
        mod = __import__(name)
      File "TESTS:\syntax\raise_syntax_error38.py", line 6
        global x
        ^
    SyntaxError: name 'x' is parameter and global
    
    Une exception de type `SyntaxError` se produit lorsque Python ne peut pas comprendre votre code.
    
    Python peut seulement comprendre le code du fichier
    'TESTS:\syntax\raise_syntax_error38.py'
    jusqu'√† l'endroit indiqu√© par --> et ^.
    
       1: """Should raise SyntaxError: name 'x' is parameter and global
       2: """
       3: 
       4: 
       5: def f(x):
    -->6:     global x
              ^

        Vous avec inclus l'√©nonc√©
        
                global x
        
        
        indiquant que `x` est une variable d√©finie en dehors d'une fonction.
        Vous utilisez √©galement le m√™me `x` comme un argument pour cette
        fonction; un argument de fonction est une variable locale connue seulement
        √† l'int√©rieur de cette fonction, ce qui est le contraire de ce que `global` sous-entendait.
        

Keyword as attribute
--------------------

.. code-block:: none


    Traceback (most recent call last):
      File "TESTS:\trb_syntax_common.py", line 42, in create_tracebacks
        mod = __import__(name)
      File "TESTS:\syntax\raise_syntax_error39.py", line 12
        a.pass = 2
          ^
    SyntaxError: invalid syntax
    
        `pass` ne peut pas √™tre utilis√© comme n attribut.
        
        
    Une exception de type `SyntaxError` se produit lorsque Python ne peut pas comprendre votre code.
    
    Python peut seulement comprendre le code du fichier
    'TESTS:\syntax\raise_syntax_error39.py'
    jusqu'√† l'endroit indiqu√© par --> et ^.
    
        8: 
        9: a = A()
       10: 
       11: a.x = 1
    -->12: a.pass = 2
             ^

        Vous avez tent√© d'utiliser le mot cl√© Python `pass` comme attribut.
        Ceci n‚Äôest pas permis.
        
        

Content passed continuation line character
------------------------------------------

.. code-block:: none


    Traceback (most recent call last):
      File "TESTS:\trb_syntax_common.py", line 42, in create_tracebacks
        mod = __import__(name)
      File "TESTS:\syntax\raise_syntax_error40.py", line 5
        print(\t)
                 ^
    SyntaxError: unexpected character after line continuation character
    
    Une exception de type `SyntaxError` se produit lorsque Python ne peut pas comprendre votre code.
    
    Python peut seulement comprendre le code du fichier
    'TESTS:\syntax\raise_syntax_error40.py'
    jusqu'√† l'endroit indiqu√© par --> et ^.
    
       1: """Should raise
       2: SyntaxError: unexpected character after line continuation character
       3: """
       4: 
    -->5: print(\t)
                   ^

        Vous utilisez le caract√®re de continuation `\` en dehors d'une cha√Æne de caract√®res,
        et il est suivi par au moins un autre caract√®re.
        Je suppose que vous avez oubli√© de terminer la cha√Æne par un guillemet
        ou un apostrophe.
        
        

Keyword can't be an expression
------------------------------

.. code-block:: none


    Traceback (most recent call last):
      File "TESTS:\trb_syntax_common.py", line 42, in create_tracebacks
        mod = __import__(name)
      File "TESTS:\syntax\raise_syntax_error41.py", line 7
        a = dict('key'=1)
                 ^
    SyntaxError: expression cannot contain assignment, perhaps you meant "=="?
    
    Une exception de type `SyntaxError` se produit lorsque Python ne peut pas comprendre votre code.
    
    Python peut seulement comprendre le code du fichier
    'TESTS:\syntax\raise_syntax_error41.py'
    jusqu'√† l'endroit indiqu√© par --> et ^.
    
       1: """Should raise
       2: Python < 3.8: SyntaxError: keyword can't be an expression
       3: Python 3.8:  expression cannot contain assignment, perhaps you meant "=="?
       4: """
       5: 
       6: 
    -->7: a = dict('key'=1)
                   ^

        L'une des deux possibilit√©s suivantes pourrait √™tre la cause:
        1. Vous vouliez faire une comparaison avec `==` et vous avez √©crit `=` √† sa place.
        2. Vous avez invoqu√© une fonction avec un argument nomm√©:
        
                une_fonction (invalide=quelque_chose)
        
        o√π `invalide` n'est pas un nom de variable valide dans Python
        soit parce qu'il commence par un nombre, soit qu'il est une cha√Æne,
        ou contient un point, etc.
        
        

Invalid character in identifier
-------------------------------

.. code-block:: none


    Traceback (most recent call last):
      File "TESTS:\trb_syntax_common.py", line 42, in create_tracebacks
        mod = __import__(name)
      File "TESTS:\syntax\raise_syntax_error42.py", line 6
        ü§ñ = 'Reeborg'
        ^
    SyntaxError: invalid character in identifier
    
    Une exception de type `SyntaxError` se produit lorsque Python ne peut pas comprendre votre code.
    
    Python peut seulement comprendre le code du fichier
    'TESTS:\syntax\raise_syntax_error42.py'
    jusqu'√† l'endroit indiqu√© par --> et ^.
    
       1: """Should raise SyntaxError: invalid character in identifier
       2: """
       3: 
       4: # Robot-face character below
       5: 
    -->6: ü§ñ = 'Reeborg'
          ^

        Python indique que vous avez utilis√© le caract√®re unicode `ü§ñ`
        ce qui n‚Äôest pas permis.
        

Keyword cannot be argument in def - 1
-------------------------------------

.. code-block:: none


    Traceback (most recent call last):
      File "TESTS:\trb_syntax_common.py", line 42, in create_tracebacks
        mod = __import__(name)
      File "TESTS:\syntax\raise_syntax_error43.py", line 5
        def f(None=1):
              ^
    SyntaxError: invalid syntax
    
    Une exception de type `SyntaxError` se produit lorsque Python ne peut pas comprendre votre code.
    
    Python peut seulement comprendre le code du fichier
    'TESTS:\syntax\raise_syntax_error43.py'
    jusqu'√† l'endroit indiqu√© par --> et ^.
    
       1: """Should raise SyntaxError: invalid syntax
       2: """
       3: 
       4: 
    -->5: def f(None=1):
                ^

        Ci-dessous, je tente de deviner ce que a mal tourn√©, mais je pourrais me tromper.
        
        Vous avez tent√© d'utiliser le mot cl√© Python `None` comme argument
        dans la d√©finition d'une fonction.
        Ceci n‚Äôest pas permis.
        
        

Keyword cannot be argument in def - 2
-------------------------------------

.. code-block:: none


    Traceback (most recent call last):
      File "TESTS:\trb_syntax_common.py", line 42, in create_tracebacks
        mod = __import__(name)
      File "TESTS:\syntax\raise_syntax_error44.py", line 5
        def f(x, True):
                 ^
    SyntaxError: invalid syntax
    
    Une exception de type `SyntaxError` se produit lorsque Python ne peut pas comprendre votre code.
    
    Python peut seulement comprendre le code du fichier
    'TESTS:\syntax\raise_syntax_error44.py'
    jusqu'√† l'endroit indiqu√© par --> et ^.
    
       1: """Should raise SyntaxError: invalid syntax
       2: """
       3: 
       4: 
    -->5: def f(x, True):
                   ^

        Ci-dessous, je tente de deviner ce que a mal tourn√©, mais je pourrais me tromper.
        
        Vous avez tent√© d'utiliser le mot cl√© Python `True` comme argument
        dans la d√©finition d'une fonction.
        Ceci n‚Äôest pas permis.
        
        

Keyword cannot be argument in def - 3
-------------------------------------

.. code-block:: none


    Traceback (most recent call last):
      File "TESTS:\trb_syntax_common.py", line 42, in create_tracebacks
        mod = __import__(name)
      File "TESTS:\syntax\raise_syntax_error45.py", line 5
        def f(*None):
               ^
    SyntaxError: invalid syntax
    
    Une exception de type `SyntaxError` se produit lorsque Python ne peut pas comprendre votre code.
    
    Python peut seulement comprendre le code du fichier
    'TESTS:\syntax\raise_syntax_error45.py'
    jusqu'√† l'endroit indiqu√© par --> et ^.
    
       1: """Should raise SyntaxError: invalid syntax
       2: """
       3: 
       4: 
    -->5: def f(*None):
                 ^

        Ci-dessous, je tente de deviner ce que a mal tourn√©, mais je pourrais me tromper.
        
        Vous avez tent√© d'utiliser le mot cl√© Python `None` comme argument
        dans la d√©finition d'une fonction.
        Ceci n‚Äôest pas permis.
        
        

Keyword cannot be argument in def - 4
-------------------------------------

.. code-block:: none


    Traceback (most recent call last):
      File "TESTS:\trb_syntax_common.py", line 42, in create_tracebacks
        mod = __import__(name)
      File "TESTS:\syntax\raise_syntax_error46.py", line 5
        def f(**None):
                ^
    SyntaxError: invalid syntax
    
    Une exception de type `SyntaxError` se produit lorsque Python ne peut pas comprendre votre code.
    
    Python peut seulement comprendre le code du fichier
    'TESTS:\syntax\raise_syntax_error46.py'
    jusqu'√† l'endroit indiqu√© par --> et ^.
    
       1: """Should raise SyntaxError: invalid syntax
       2: """
       3: 
       4: 
    -->5: def f(**None):
                  ^

        Ci-dessous, je tente de deviner ce que a mal tourn√©, mais je pourrais me tromper.
        
        Vous avez tent√© d'utiliser le mot cl√© Python `None` comme argument
        dans la d√©finition d'une fonction.
        Ceci n‚Äôest pas permis.
        
        

Delete function call
--------------------

.. code-block:: none


    Traceback (most recent call last):
      File "TESTS:\trb_syntax_common.py", line 42, in create_tracebacks
        mod = __import__(name)
      File "TESTS:\syntax\raise_syntax_error47.py", line 5
        del f(a)
            ^
    SyntaxError: cannot delete function call
    
    Une exception de type `SyntaxError` se produit lorsque Python ne peut pas comprendre votre code.
    
    Python peut seulement comprendre le code du fichier
    'TESTS:\syntax\raise_syntax_error47.py'
    jusqu'√† l'endroit indiqu√© par --> et ^.
    
       1: """Should raise SyntaxError: can't or cannot delete function call
       2: """
       3: 
       4: 
    -->5: del f(a)
              ^

        Vous avez tent√© de supprimer un appel de fonction
        
            del f(a)
        au lieu de supprimer le nom de la fonction
        
            del f
        

Name assigned prior to global declaration
-----------------------------------------

.. code-block:: none


    Traceback (most recent call last):
      File "TESTS:\trb_syntax_common.py", line 42, in create_tracebacks
        mod = __import__(name)
      File "TESTS:\syntax\raise_syntax_error48.py", line 7
        global p
        ^
    SyntaxError: name 'p' is assigned to before global declaration
    
    Une exception de type `SyntaxError` se produit lorsque Python ne peut pas comprendre votre code.
    
    Python peut seulement comprendre le code du fichier
    'TESTS:\syntax\raise_syntax_error48.py'
    jusqu'√† l'endroit indiqu√© par --> et ^.
    
       3: 
       4: 
       5: def fn():
       6:     p = 1
    -->7:     global p
              ^

        Vous avez attribu√© une valeur √† la variable `p`
        avant de la d√©clarer comme une variable globale.
        

Name used prior to global declaration
-------------------------------------

.. code-block:: none


    Traceback (most recent call last):
      File "TESTS:\trb_syntax_common.py", line 42, in create_tracebacks
        mod = __import__(name)
      File "TESTS:\syntax\raise_syntax_error49.py", line 7
        global r
        ^
    SyntaxError: name 'r' is used prior to global declaration
    
    Une exception de type `SyntaxError` se produit lorsque Python ne peut pas comprendre votre code.
    
    Python peut seulement comprendre le code du fichier
    'TESTS:\syntax\raise_syntax_error49.py'
    jusqu'√† l'endroit indiqu√© par --> et ^.
    
       3: 
       4: 
       5: def fn():
       6:     print(r)
    -->7:     global r
              ^

        Vous avez utilis√© la variable `r`
        avant de la d√©clarer comme une variable globale.
        

Name used prior to nonlocal declaration
---------------------------------------

.. code-block:: none


    Traceback (most recent call last):
      File "TESTS:\trb_syntax_common.py", line 42, in create_tracebacks
        mod = __import__(name)
      File "TESTS:\syntax\raise_syntax_error50.py", line 9
        nonlocal q
        ^
    SyntaxError: name 'q' is used prior to nonlocal declaration
    
        Avez-vous oubli√© d‚Äôajouter `nonlocal` en premier¬†?
        
    Une exception de type `SyntaxError` se produit lorsque Python ne peut pas comprendre votre code.
    
    Python peut seulement comprendre le code du fichier
    'TESTS:\syntax\raise_syntax_error50.py'
    jusqu'√† l'endroit indiqu√© par --> et ^.
    
        5:     q = 1
        6: 
        7:     def g():
        8:         print(q)
    --> 9:         nonlocal q
                   ^

        Vous avez utilis√© la variable `q`
        avant de la d√©clarer comme variable non locale.
        

Name assigned prior to nonlocal declaration
-------------------------------------------

.. code-block:: none


    Traceback (most recent call last):
      File "TESTS:\trb_syntax_common.py", line 42, in create_tracebacks
        mod = __import__(name)
      File "TESTS:\syntax\raise_syntax_error51.py", line 9
        nonlocal s
        ^
    SyntaxError: name 's' is assigned to before nonlocal declaration
    
        Avez-vous oubli√© d‚Äôajouter `nonlocal`¬†?
        
    Une exception de type `SyntaxError` se produit lorsque Python ne peut pas comprendre votre code.
    
    Python peut seulement comprendre le code du fichier
    'TESTS:\syntax\raise_syntax_error51.py'
    jusqu'√† l'endroit indiqu√© par --> et ^.
    
        5:     s = 1
        6: 
        7:     def g():
        8:         s = 2
    --> 9:         nonlocal s
                   ^

        Vous avez attribu√© une valeur √† la variable `s`
        avant de la d√©clarer comme variable non locale.
        

Cannot assign to literal - 3
----------------------------

.. code-block:: none


    Traceback (most recent call last):
      File "TESTS:\trb_syntax_common.py", line 42, in create_tracebacks
        mod = __import__(name)
      File "TESTS:\syntax\raise_syntax_error52.py", line 7
        {1, 2, 3} = 4
        ^
    SyntaxError: cannot assign to set display
    
    Une exception de type `SyntaxError` se produit lorsque Python ne peut pas comprendre votre code.
    
    Python peut seulement comprendre le code du fichier
    'TESTS:\syntax\raise_syntax_error52.py'
    jusqu'√† l'endroit indiqu√© par --> et ^.
    
       1: """Should raise SyntaxError:
       2: Python 3.8: cannot assign to set display
       3: Python 3.6, 3.7: can't assign to literal
       4: 
       5:  """
       6: 
    -->7: {1, 2, 3} = 4
          ^

        Vous avez √©crit une expression comme
        
            {1, 2, 3} = 4
        o√π `{1, 2, 3}`, du c√¥t√© gauche du signe d'√©galit√©
        est ou inclut un objet de type `set`
        et n'est pas simplement le nom d'une variable.
        
        

Cannot assign to literal - 4
----------------------------

.. code-block:: none


    Traceback (most recent call last):
      File "TESTS:\trb_syntax_common.py", line 42, in create_tracebacks
        mod = __import__(name)
      File "TESTS:\syntax\raise_syntax_error53.py", line 7
        {1 : 2, 2 : 4} = 5
        ^
    SyntaxError: cannot assign to dict display
    
    Une exception de type `SyntaxError` se produit lorsque Python ne peut pas comprendre votre code.
    
    Python peut seulement comprendre le code du fichier
    'TESTS:\syntax\raise_syntax_error53.py'
    jusqu'√† l'endroit indiqu√© par --> et ^.
    
       1: """Should raise SyntaxError:
       2: Python 3.8: cannot assign to dict display
       3: Python 3.6, 3.7: can't assign to literal
       4: 
       5:  """
       6: 
    -->7: {1 : 2, 2 : 4} = 5
          ^

        Vous avez √©crit une expression comme
        
            {1 : 2, 2 : 4} = 5
        o√π `{1 : 2, 2 : 4}`, du c√¥t√© gauche du signe d'√©galit√©
        est ou inclut un objet de type `dict`
        et n'est pas simplement le nom d'une variable.
        
        

Cannot assign to literal - 5
----------------------------

.. code-block:: none


    Traceback (most recent call last):
      File "TESTS:\trb_syntax_common.py", line 42, in create_tracebacks
        mod = __import__(name)
      File "TESTS:\syntax\raise_syntax_error54.py", line 4
        1 = a = b
        ^
    SyntaxError: cannot assign to literal
    
    Une exception de type `SyntaxError` se produit lorsque Python ne peut pas comprendre votre code.
    
    Python peut seulement comprendre le code du fichier
    'TESTS:\syntax\raise_syntax_error54.py'
    jusqu'√† l'endroit indiqu√© par --> et ^.
    
       1: """Should raise SyntaxError: can't assign to literal
       2: or (Python 3.8) cannot assign to literal"""
       3: 
    -->4: 1 = a = b
          ^

        Vous avez √©crit une expression comme
        
            ... = nom_de_variable
        o√π `...`, du c√¥t√© gauche du signe d'√©galit√©
        est ou inclut un objet 
        et n'est pas simplement le nom d'une variable.
        
        

Walrus/Named assignment depending on Python version
---------------------------------------------------

.. code-block:: none


    Traceback (most recent call last):
      File "TESTS:\trb_syntax_common.py", line 42, in create_tracebacks
        mod = __import__(name)
      File "TESTS:\syntax\raise_syntax_error55.py", line 4
        (True := 1)
         ^
    SyntaxError: cannot use assignment expressions with True
    
        Vous ne pouvez pas attribuer une valeur √† `True`.
    Une exception de type `SyntaxError` se produit lorsque Python ne peut pas comprendre votre code.
    
    Python peut seulement comprendre le code du fichier
    'TESTS:\syntax\raise_syntax_error55.py'
    jusqu'√† l'endroit indiqu√© par --> et ^.
    
       1: """Should raise SyntaxError: invalid syntax
       2: or (Python 3.8) cannot use named assignment with True"""
       3: 
    -->4: (True := 1)
           ^

        `True` est une constante dans python; vous ne pouvez pas lui assigner une valeur.
        
        

Named assignment with Python constant
-------------------------------------

.. code-block:: none


    Traceback (most recent call last):
      File "TESTS:\trb_syntax_common.py", line 42, in create_tracebacks
        mod = __import__(name)
      File "TESTS:\syntax\raise_syntax_error56.py", line 4
        a + 1 = 2
        ^
    SyntaxError: cannot assign to operator
    
    Une exception de type `SyntaxError` se produit lorsque Python ne peut pas comprendre votre code.
    
    Python peut seulement comprendre le code du fichier
    'TESTS:\syntax\raise_syntax_error56.py'
    jusqu'√† l'endroit indiqu√© par --> et ^.
    
       1: """Should raise SyntaxError: can't assign to operator
       2: or (Python 3.8) cannot assign to operator"""
       3: 
    -->4: a + 1 = 2
          ^

        Vous avez √©crit une expression qui inclut des op√©rations math√©matiques
        du c√¥t√© gauche du signe d'√©galit√©; ceci devrait √™tre
        utilis√© uniquement pour attribuer une valeur √† une variable.
        

Using the backquote character
-----------------------------

.. code-block:: none


    Traceback (most recent call last):
      File "TESTS:\trb_syntax_common.py", line 42, in create_tracebacks
        mod = __import__(name)
      File "TESTS:\syntax\raise_syntax_error57.py", line 3
        a = `1`
            ^
    SyntaxError: invalid syntax
    
        Vous ne devez pas utiliser le caract√®re accent grave.
        
    Une exception de type `SyntaxError` se produit lorsque Python ne peut pas comprendre votre code.
    
    Python peut seulement comprendre le code du fichier
    'TESTS:\syntax\raise_syntax_error57.py'
    jusqu'√† l'endroit indiqu√© par --> et ^.
    
       1: """Should raise SyntaxError: invalid syntax"""
       2: 
    -->3: a = `1`
              ^

        Vous utilisez le charact√®re d'accent grave.
        Soit que vous vouliez utiliser un apostrophe, ',
        ou que vous avez copi√© du code de Python 2;
        dans ce dernier cas, utilisez la fonction `repr(x)`.

Assign to generator expression
------------------------------

.. code-block:: none


    Traceback (most recent call last):
      File "TESTS:\trb_syntax_common.py", line 42, in create_tracebacks
        mod = __import__(name)
      File "TESTS:\syntax\raise_syntax_error58.py", line 3
        (x for x in x) = 1
        ^
    SyntaxError: cannot assign to generator expression
    
    Une exception de type `SyntaxError` se produit lorsque Python ne peut pas comprendre votre code.
    
    Python peut seulement comprendre le code du fichier
    'TESTS:\syntax\raise_syntax_error58.py'
    jusqu'√† l'endroit indiqu√© par --> et ^.
    
       1: """Should raise SyntaxError: can't [cannot] assign to generator expression"""
       2: 
    -->3: (x for x in x) = 1
          ^

        Du c√¥t√© gauche d'un signe d'√©galit√©, vous avez une
        expression g√©n√©ratrice au lieu du nom d'une variable.
        

Assign to conditional expression
--------------------------------

.. code-block:: none


    Traceback (most recent call last):
      File "TESTS:\trb_syntax_common.py", line 42, in create_tracebacks
        mod = __import__(name)
      File "TESTS:\syntax\raise_syntax_error59.py", line 3
        a if 1 else b = 1
        ^
    SyntaxError: cannot assign to conditional expression
    
    Une exception de type `SyntaxError` se produit lorsque Python ne peut pas comprendre votre code.
    
    Python peut seulement comprendre le code du fichier
    'TESTS:\syntax\raise_syntax_error59.py'
    jusqu'√† l'endroit indiqu√© par --> et ^.
    
       1: """Should raise SyntaxError: can't [cannot] assign to conditional expression"""
       2: 
    -->3: a if 1 else b = 1
          ^

        Du c√¥t√© gauche d'un signe d'√©galit√©, vous avez une
        expression conditionnelle au lieu du nom d'une variable.
        Une expression conditionnelle doit avoir la forme suivante:
        
            variable = objet if condition else autre_objet

Name is parameter and nonlocal
------------------------------

.. code-block:: none


    Traceback (most recent call last):
      File "TESTS:\trb_syntax_common.py", line 42, in create_tracebacks
        mod = __import__(name)
      File "TESTS:\syntax\raise_syntax_error60.py", line 5
        nonlocal x
        ^
    SyntaxError: name 'x' is parameter and nonlocal
    
    Une exception de type `SyntaxError` se produit lorsque Python ne peut pas comprendre votre code.
    
    Python peut seulement comprendre le code du fichier
    'TESTS:\syntax\raise_syntax_error60.py'
    jusqu'√† l'endroit indiqu√© par --> et ^.
    
       1: """Should raise SyntaxError: name 'x' is parameter and nonlocal"""
       2: 
       3: 
       4: def f(x):
    -->5:     nonlocal x
              ^

        Vous avez utilis√© `x` comme param√®tre pour une fonction
        avant de la d√©clarer √©galement comme une variable non locale :
        `x` ne peut pas √™tre les deux en m√™me temps.
        

Name is global and nonlocal
---------------------------

.. code-block:: none


    Traceback (most recent call last):
      File "TESTS:\trb_syntax_common.py", line 42, in create_tracebacks
        mod = __import__(name)
      File "TESTS:\syntax\raise_syntax_error61.py", line 7
        global xy
        ^
    SyntaxError: name 'xy' is nonlocal and global
    
    Une exception de type `SyntaxError` se produit lorsque Python ne peut pas comprendre votre code.
    
    Python peut seulement comprendre le code du fichier
    'TESTS:\syntax\raise_syntax_error61.py'
    jusqu'√† l'endroit indiqu√© par --> et ^.
    
       3: xy = 1
       4: 
       5: 
       6: def f():
    -->7:     global xy
              ^

        Vous avez utilis√© `xy` comme √©tant une variable non locale et globale.
        Une variable peut √™tre d'un seul type √† la fois: soit globale, soit non locale, ou soit locale.
        

nonlocal variable not found
---------------------------

.. code-block:: none


    Traceback (most recent call last):
      File "TESTS:\trb_syntax_common.py", line 42, in create_tracebacks
        mod = __import__(name)
      File "TESTS:\syntax\raise_syntax_error62.py", line 5
        nonlocal ab
        ^
    SyntaxError: no binding for nonlocal 'ab' found
    
    Une exception de type `SyntaxError` se produit lorsque Python ne peut pas comprendre votre code.
    
    Python peut seulement comprendre le code du fichier
    'TESTS:\syntax\raise_syntax_error62.py'
    jusqu'√† l'endroit indiqu√© par --> et ^.
    
       1: """Should raise SyntaxError: no binding for nonlocal 'ab' found"""
       2: 
       3: 
       4: def f():
    -->5:     nonlocal ab
              ^

        Vous avez d√©clar√© la variable `ab` comme non locale
        mais elle n'existe pas ailleurs.
        

nonlocal variable not found at module level
-------------------------------------------

.. code-block:: none


    Traceback (most recent call last):
      File "TESTS:\trb_syntax_common.py", line 42, in create_tracebacks
        mod = __import__(name)
      File "TESTS:\syntax\raise_syntax_error63.py", line 4
        nonlocal cd
        ^
    SyntaxError: nonlocal declaration not allowed at module level
    
    Une exception de type `SyntaxError` se produit lorsque Python ne peut pas comprendre votre code.
    
    Python peut seulement comprendre le code du fichier
    'TESTS:\syntax\raise_syntax_error63.py'
    jusqu'√† l'endroit indiqu√© par --> et ^.
    
       1: """Should raise SyntaxError:  nonlocal declaration not allowed at module level"""
       2: 
       3: 
    -->4: nonlocal cd
          ^

        Vous avez utilis√© le mot cl√© nonlocal au niveau d'un module.
        Le mot cl√© nonlocal fait r√©f√©rence √† une variable √† l'int√©rieur d'une fonction
        qui a une valeur attribu√©e √† l'ext√©rieur de cette fonction.

Keyword arg only once in function definition
--------------------------------------------

.. code-block:: none


    Traceback (most recent call last):
      File "TESTS:\trb_syntax_common.py", line 42, in create_tracebacks
        mod = __import__(name)
      File "TESTS:\syntax\raise_syntax_error64.py", line 4
        def f(aa=1, aa=2):
        ^
    SyntaxError: duplicate argument 'aa' in function definition
    
    Une exception de type `SyntaxError` se produit lorsque Python ne peut pas comprendre votre code.
    
    Python peut seulement comprendre le code du fichier
    'TESTS:\syntax\raise_syntax_error64.py'
    jusqu'√† l'endroit indiqu√© par --> et ^.
    
       1: """Should raise SyntaxError: duplicate argument 'aa' in function definition"""
       2: 
       3: 
    -->4: def f(aa=1, aa=2):
          ^

        Vous avez d√©fini une fonction r√©p√©tant l'argument nomm√©
        
            aa
        deux fois; chaque argument nomm√© ne doit appara√Ætre qu'une seule fois dans une d√©finition de fonction.
        

Keyword arg only once in function call
--------------------------------------

.. code-block:: none


    Traceback (most recent call last):
      File "TESTS:\trb_syntax_common.py", line 42, in create_tracebacks
        mod = __import__(name)
      File "TESTS:\syntax\raise_syntax_error65.py", line 4
        f(ad=1, ad=2)
                ^
    SyntaxError: keyword argument repeated
    
    Une exception de type `SyntaxError` se produit lorsque Python ne peut pas comprendre votre code.
    
    Python peut seulement comprendre le code du fichier
    'TESTS:\syntax\raise_syntax_error65.py'
    jusqu'√† l'endroit indiqu√© par --> et ^.
    
       1: """Should raise SyntaxError:  keyword argument repeated"""
       2: 
       3: 
    -->4: f(ad=1, ad=2)
                  ^

        Vous avez invoqu√© une fonction en r√©p√©tant le m√™me argument nomm√© (`ad`).
        Chaque argument de ce type ne peut appara√Ætre qu'une seule fois.
        

IndentationError/SyntaxError depending on version
-------------------------------------------------

.. code-block:: none


    Traceback (most recent call last):
      File "TESTS:\trb_syntax_common.py", line 42, in create_tracebacks
        mod = __import__(name)
      File "TESTS:\syntax\raise_syntax_error66.py", line 4
    SyntaxError: unexpected EOF while parsing
    
    Une exception de type `SyntaxError` se produit lorsque Python ne peut pas comprendre votre code.
    
    Python peut seulement comprendre le code du fichier
    'TESTS:\syntax\raise_syntax_error66.py'
    jusqu'√† l'endroit indiqu√© par --> et ^.
    
       1: '''Should raise SyntaxError: unexpected EOF while parsing'''
       2: 
       3: for i in range(10):
    -->4: 
          ^

        Python nous dit qu'il a atteint la fin du fichier
        et s'attendait √† plus de contenu.
        
        

print is a function 2
---------------------

.. code-block:: none


    Traceback (most recent call last):
      File "TESTS:\trb_syntax_common.py", line 42, in create_tracebacks
        mod = __import__(name)
      File "TESTS:\syntax\raise_syntax_error67.py", line 2
        print len('hello')
              ^
    SyntaxError: invalid syntax
    
    Une exception de type `SyntaxError` se produit lorsque Python ne peut pas comprendre votre code.
    
    Python peut seulement comprendre le code du fichier
    'TESTS:\syntax\raise_syntax_error67.py'
    jusqu'√† l'endroit indiqu√© par --> et ^.
    
       1: """Should raise SyntaxError: invalid syntax"""
    -->2: print len('hello')
                ^

        Dans l'ancienne version de Python, `print` √©tait un mot cl√©.
        Maintenant, `print` est une fonction; vous devez utiliser des parenth√®ses pour l'invoquer.
        

Copy/paste from interpreter
---------------------------

.. code-block:: none


    Traceback (most recent call last):
      File "TESTS:\trb_syntax_common.py", line 42, in create_tracebacks
        mod = __import__(name)
      File "TESTS:\syntax\raise_syntax_error68.py", line 2
        >>> print("Hello World!")
        ^
    SyntaxError: invalid syntax
    
        Avez-vous utilis√© le copier-coller¬†?
        
    Une exception de type `SyntaxError` se produit lorsque Python ne peut pas comprendre votre code.
    
    Python peut seulement comprendre le code du fichier
    'TESTS:\syntax\raise_syntax_error68.py'
    jusqu'√† l'endroit indiqu√© par --> et ^.
    
       1: """Should raise SyntaxError: invalid syntax"""
    -->2: >>> print("Hello World!")
          ^

        On dirait que vous avez copi√©-coll√© le code d‚Äôun interpr√®te interactif.
        L‚Äôinvite Python, `>>>`, ne doit pas √™tre incluse dans votre code.
        

Using pip from interpreter
--------------------------

.. code-block:: none


    Traceback (most recent call last):
      File "TESTS:\trb_syntax_common.py", line 42, in create_tracebacks
        mod = __import__(name)
      File "TESTS:\syntax\raise_syntax_error69.py", line 2
        pip install friendly
            ^
    SyntaxError: invalid syntax
    
        Pip ne peut pas √™tre utilis√© dans un interpr√®te Python.
        
    Une exception de type `SyntaxError` se produit lorsque Python ne peut pas comprendre votre code.
    
    Python peut seulement comprendre le code du fichier
    'TESTS:\syntax\raise_syntax_error69.py'
    jusqu'√† l'endroit indiqu√© par --> et ^.
    
       1: """Should raise SyntaxError: invalid syntax"""
    -->2: pip install friendly
              ^

        Il semble que vous essayez d‚Äôutiliser pip pour installer un module.
        `pip` est une commande qui doit √™tre invoqu√©e dans un terminal,
        pas dans un interpr√®te Python.
        

Using pip from interpreter 2
----------------------------

.. code-block:: none


    Traceback (most recent call last):
      File "TESTS:\trb_syntax_common.py", line 42, in create_tracebacks
        mod = __import__(name)
      File "TESTS:\syntax\raise_syntax_error70.py", line 2
        python -m pip install friendly
                  ^
    SyntaxError: invalid syntax
    
        Pip ne peut pas √™tre utilis√© dans un interpr√®te Python.
        
    Une exception de type `SyntaxError` se produit lorsque Python ne peut pas comprendre votre code.
    
    Python peut seulement comprendre le code du fichier
    'TESTS:\syntax\raise_syntax_error70.py'
    jusqu'√† l'endroit indiqu√© par --> et ^.
    
       1: """Should raise SyntaxError: invalid syntax"""
    -->2: python -m pip install friendly
                    ^

        Il semble que vous essayez d‚Äôutiliser pip pour installer un module.
        `pip` est une commande qui doit √™tre invoqu√©e dans un terminal,
        pas dans un interpr√®te Python.
        

Dot followed by parenthesis
---------------------------

.. code-block:: none


    Traceback (most recent call last):
      File "TESTS:\trb_syntax_common.py", line 42, in create_tracebacks
        mod = __import__(name)
      File "TESTS:\syntax\raise_syntax_error71.py", line 2
        print(len.('hello'))
                  ^
    SyntaxError: invalid syntax
    
    Une exception de type `SyntaxError` se produit lorsque Python ne peut pas comprendre votre code.
    
    Python peut seulement comprendre le code du fichier
    'TESTS:\syntax\raise_syntax_error71.py'
    jusqu'√† l'endroit indiqu√© par --> et ^.
    
       1: """Should raise SyntaxError: invalid syntax"""
    -->2: print(len.('hello'))
                    ^

        Vous ne pouvez pas avoir un point `.` suivi de `(`.
        Peut-√™tre que vous devez remplacer le point par une virgule.
        

Cannot assign to f-string
-------------------------

.. code-block:: none


    Traceback (most recent call last):
      File "TESTS:\trb_syntax_common.py", line 42, in create_tracebacks
        mod = __import__(name)
      File "TESTS:\syntax\raise_syntax_error72.py", line 6
        f'{x}' = 42
        ^
    SyntaxError: cannot assign to f-string expression
    
    Une exception de type `SyntaxError` se produit lorsque Python ne peut pas comprendre votre code.
    
    Python peut seulement comprendre le code du fichier
    'TESTS:\syntax\raise_syntax_error72.py'
    jusqu'√† l'endroit indiqu√© par --> et ^.
    
       1: """Should raise
       2: Python < 3.8: SyntaxError: can't assign to literal
       3: Python >= 3.8: SyntaxError: cannot assign to f-string expression
       4: """
       5: 
    -->6: f'{x}' = 42
          ^

        Vous avez √©crit une expression qui a la chaine de
        caract√®res format√©s `f'{x}'`
        du c√¥t√© gauche du signe d'√©galit√©.
        Une telle cha√Æne ne doit appara√Ætre que du c√¥t√© droit d'un signe d‚Äô√©galit√©.
        

Raising multiple exceptions
---------------------------

.. code-block:: none


    Traceback (most recent call last):
      File "TESTS:\trb_syntax_common.py", line 42, in create_tracebacks
        mod = __import__(name)
      File "TESTS:\syntax\raise_syntax_error73.py", line 2
        raise X, Y
               ^
    SyntaxError: invalid syntax
    
    Une exception de type `SyntaxError` se produit lorsque Python ne peut pas comprendre votre code.
    
    Python peut seulement comprendre le code du fichier
    'TESTS:\syntax\raise_syntax_error73.py'
    jusqu'√† l'endroit indiqu√© par --> et ^.
    
       1: """Should raise SyntaxError: invalid syntax"""
    -->2: raise X, Y
                 ^

        Je crois que vous essayez de lever une exception en utilisant la syntaxe de Python 2.
        

Parenthesis around generator expression
---------------------------------------

.. code-block:: none


    Traceback (most recent call last):
      File "TESTS:\trb_syntax_common.py", line 42, in create_tracebacks
        mod = __import__(name)
      File "TESTS:\syntax\raise_syntax_error74.py", line 6
        f(x for x in L, 1)
          ^
    SyntaxError: Generator expression must be parenthesized
    
    Une exception de type `SyntaxError` se produit lorsque Python ne peut pas comprendre votre code.
    
    Python peut seulement comprendre le code du fichier
    'TESTS:\syntax\raise_syntax_error74.py'
    jusqu'√† l'endroit indiqu√© par --> et ^.
    
       2: def f(it, *varargs, **kwargs):
       3:     return list(it)
       4: 
       5: L = range(10)
    -->6: f(x for x in L, 1)
            ^

        Vous utilisez une expression de g√©n√©rateur, quelque chose de la forme
            `x for x in objet`
        Vous devez ajouter des parenth√®ses qui entourent cette expression.
        

Invalid character (bad quote)
-----------------------------

.. code-block:: none


    Traceback (most recent call last):
      File "TESTS:\trb_syntax_common.py", line 42, in create_tracebacks
        mod = __import__(name)
      File "TESTS:\syntax\raise_syntax_error75.py", line 3
        a = ¬´ hello ¬ª
            ^
    SyntaxError: invalid character in identifier
    
        Vouliez vous utiliser un guillemet normal, `'` ou `"`¬†?
        
    Une exception de type `SyntaxError` se produit lorsque Python ne peut pas comprendre votre code.
    
    Python peut seulement comprendre le code du fichier
    'TESTS:\syntax\raise_syntax_error75.py'
    jusqu'√† l'endroit indiqu√© par --> et ^.
    
       1: """Should raise SyntaxError: invalid character in identifier for Python <=3.8
       2:    and  SyntaxError: invalid character '¬´' (U+00AB) in Python 3.9"""
    -->3: a = ¬´ hello ¬ª
              ^

        Avez-vous utilis√© le copier-coller¬†?
        Python indique que vous avez utilis√© le caract√®re unicode `¬´`
        ce qui n‚Äôest pas permis.
        Je soup√ßonne que vous avez utilis√© un guillemet unicode
        au lieu d'un guillemet normal (simple ou double) pour une cha√Æne de caract√®res.
        

Single = instead of double == with if
-------------------------------------

.. code-block:: none


    Traceback (most recent call last):
      File "TESTS:\trb_syntax_common.py", line 42, in create_tracebacks
        mod = __import__(name)
      File "TESTS:\syntax\raise_syntax_error76.py", line 3
        if i % 2 = 0:
                 ^
    SyntaxError: invalid syntax
    
        Peut-√™tre que vous aviez besoin de `==` ou `:=` au lieu de `=`.
        
    Une exception de type `SyntaxError` se produit lorsque Python ne peut pas comprendre votre code.
    
    Python peut seulement comprendre le code du fichier
    'TESTS:\syntax\raise_syntax_error76.py'
    jusqu'√† l'endroit indiqu√© par --> et ^.
    
       1: """Should raise SyntaxError: invalid syntax"""
       2: for i in range(101):
    -->3:     if i % 2 = 0:
                       ^

        Vous avez utilis√© un op√©rateur d‚Äôaffectation `=`; vous vouliez peut-√™tre utiliser 
        un op√©rateur d'√©galit√©, `==`, ou l'op√©rateur `:=`.
        

Single = instead of double == with elif
---------------------------------------

.. code-block:: none


    Traceback (most recent call last):
      File "TESTS:\trb_syntax_common.py", line 42, in create_tracebacks
        mod = __import__(name)
      File "TESTS:\syntax\raise_syntax_error77.py", line 5
        elif i % 2 = 0:
                   ^
    SyntaxError: invalid syntax
    
        Peut-√™tre que vous aviez besoin de `==` ou `:=` au lieu de `=`.
        
    Une exception de type `SyntaxError` se produit lorsque Python ne peut pas comprendre votre code.
    
    Python peut seulement comprendre le code du fichier
    'TESTS:\syntax\raise_syntax_error77.py'
    jusqu'√† l'endroit indiqu√© par --> et ^.
    
       1: """Should raise SyntaxError: invalid syntax"""
       2: for i in range(101):
       3:     if False:
       4:         pass
    -->5:     elif i % 2 = 0:
                         ^

        Vous avez utilis√© un op√©rateur d‚Äôaffectation `=`; vous vouliez peut-√™tre utiliser 
        un op√©rateur d'√©galit√©, `==`, ou l'op√©rateur `:=`.
        

Single = instead of double == with while
----------------------------------------

.. code-block:: none


    Traceback (most recent call last):
      File "TESTS:\trb_syntax_common.py", line 42, in create_tracebacks
        mod = __import__(name)
      File "TESTS:\syntax\raise_syntax_error78.py", line 4
        while a = 1:
                ^
    SyntaxError: invalid syntax
    
        Peut-√™tre que vous aviez besoin de `==` ou `:=` au lieu de `=`.
        
    Une exception de type `SyntaxError` se produit lorsque Python ne peut pas comprendre votre code.
    
    Python peut seulement comprendre le code du fichier
    'TESTS:\syntax\raise_syntax_error78.py'
    jusqu'√† l'endroit indiqu√© par --> et ^.
    
       1: """Should raise SyntaxError: invalid syntax"""
       2: a = 1
       3: 
    -->4: while a = 1:
                  ^

        Vous avez utilis√© un op√©rateur d‚Äôaffectation `=`; vous vouliez peut-√™tre utiliser 
        un op√©rateur d'√©galit√©, `==`, ou l'op√©rateur `:=`.
        

Forgot an operator in an f-string
---------------------------------

.. code-block:: none


    Traceback (most recent call last):
      File "TESTS:\trb_syntax_common.py", line 42, in create_tracebacks
        mod = __import__(name)
      File "<fstring>", line 1
        (x y)
           ^
    SyntaxError: invalid syntax
    
        Avez-vous oubli√© quelque chose entre `x` et `y`¬†?
        
    Une exception de type `SyntaxError` se produit lorsque Python ne peut pas comprendre votre code.
    
    Python peut seulement comprendre le code du fichier
    '<fstring>'
    jusqu'√† l'endroit indiqu√© par --> et ^.
    
    -->1: (x y)
             ^

        Ci-dessous, je tente de deviner ce que a mal tourn√©, mais je pourrais me tromper.
        
        Python indique que l‚Äôerreur est caus√©e par `y` √©crit tout juste apr√®s `x`.
        Peut-√™tre que vous vouliez ins√©rer un op√©rateur comme `+, -, *, ","`
        entre `x` et `y`.
        Les lignes de code suivantes ne causeraient pas des `SyntaxError¬†:
        
            (x + y)
            (x - y)
            (x * y)
            (x, y)
        N.B. : ce ne sont l√† que quelques-uns des choix possibles.
        

Valid names cannot begin with a number
--------------------------------------

.. code-block:: none


    Traceback (most recent call last):
      File "TESTS:\trb_syntax_common.py", line 42, in create_tracebacks
        mod = __import__(name)
      File "TESTS:\syntax\raise_syntax_error80.py", line 3
        36abc = 3
          ^
    SyntaxError: invalid syntax
    
        Les noms valides ne peuvent pas commencer par un chiffre.
        
    Une exception de type `SyntaxError` se produit lorsque Python ne peut pas comprendre votre code.
    
    Python peut seulement comprendre le code du fichier
    'TESTS:\syntax\raise_syntax_error80.py'
    jusqu'√† l'endroit indiqu√© par --> et ^.
    
       1: """Should raise SyntaxError: invalid syntax"""
       2: 
    -->3: 36abc = 3
            ^

        Ci-dessous, je tente de deviner ce que a mal tourn√©, mais je pourrais me tromper.
        
        Les noms valides ne peuvent pas commencer par un chiffre.
        

Unclosed parenthesis - 3
------------------------

.. code-block:: none


    Traceback (most recent call last):
      File "TESTS:\trb_syntax_common.py", line 42, in create_tracebacks
        mod = __import__(name)
      File "TESTS:\syntax\raise_syntax_error81.py", line 7
        if 2:
            ^
    SyntaxError: invalid syntax
    
    Une exception de type `SyntaxError` se produit lorsque Python ne peut pas comprendre votre code.
    
    Python peut seulement comprendre le code du fichier
    'TESTS:\syntax\raise_syntax_error81.py'
    jusqu'√† l'endroit indiqu√© par --> et ^.
    
       4:     if 1:
       5:         print(((123))
       6: 
    -->7: if 2:
              ^
       8:     print(123))

        Ci-dessous, je tente de deviner ce que a mal tourn√©, mais je pourrais me tromper.
        
        Le symbole parenth√®se `(` √† la ligne 5 n'est pas ferm√© par le symbole correspondant.
        
            5:         print(((123))
                            |
        

Forgot a multiplication operator
--------------------------------

.. code-block:: none


    Traceback (most recent call last):
      File "TESTS:\trb_syntax_common.py", line 42, in create_tracebacks
        mod = __import__(name)
      File "TESTS:\syntax\raise_syntax_error82.py", line 3
        tau = 2pi
               ^
    SyntaxError: invalid syntax
    
        Peut-√™tre avez-vous oubli√© un op√©rateur de multiplication, `2 * pi`.
        
    Une exception de type `SyntaxError` se produit lorsque Python ne peut pas comprendre votre code.
    
    Python peut seulement comprendre le code du fichier
    'TESTS:\syntax\raise_syntax_error82.py'
    jusqu'√† l'endroit indiqu√© par --> et ^.
    
       1: """Should raise SyntaxError: invalid syntax"""
       2: 
    -->3: tau = 2pi
                 ^

        Ci-dessous, je tente de deviner ce que a mal tourn√©, mais je pourrais me tromper.
        
        Les noms valides ne peuvent pas commencer par un chiffre.
        Peut-√™tre avez-vous oubli√© un op√©rateur de multiplication, `2 * pi`.
        

Space between names
-------------------

.. code-block:: none


    Traceback (most recent call last):
      File "TESTS:\trb_syntax_common.py", line 42, in create_tracebacks
        mod = __import__(name)
      File "TESTS:\syntax\raise_syntax_error83.py", line 4
        a-b = 2
        ^
    SyntaxError: cannot assign to operator
    
        Vouliez-vous dire `a_b`¬†?
        
    Une exception de type `SyntaxError` se produit lorsque Python ne peut pas comprendre votre code.
    
    Python peut seulement comprendre le code du fichier
    'TESTS:\syntax\raise_syntax_error83.py'
    jusqu'√† l'endroit indiqu√© par --> et ^.
    
       1: """Should raise SyntaxError: can't assign to operator
       2: or (Python 3.8) cannot assign to operator"""
       3: 
    -->4: a-b = 2
          ^

        Vous avez √©crit une expression qui inclut des op√©rations math√©matiques
        du c√¥t√© gauche du signe d'√©galit√©; ceci devrait √™tre
        utilis√© uniquement pour attribuer une valeur √† une variable.
        Peut-√™tre que vous vouliez plut√¥t √©crire `a_b` au lieu de `a-b`.
        

Cannot use star operator
------------------------

.. code-block:: none


    Traceback (most recent call last):
      File "TESTS:\trb_syntax_common.py", line 42, in create_tracebacks
        mod = __import__(name)
      File "TESTS:\syntax\raise_syntax_error84.py", line 3
        *a
        ^
    SyntaxError: can't use starred expression here
    
    Une exception de type `SyntaxError` se produit lorsque Python ne peut pas comprendre votre code.
    
    Python peut seulement comprendre le code du fichier
    'TESTS:\syntax\raise_syntax_error84.py'
    jusqu'√† l'endroit indiqu√© par --> et ^.
    
       1: """Should raise SyntaxError: can't use starred expression here"""
       2: 
    -->3: *a
          ^

        L‚Äôop√©rateur ast√©risque `*` est interpr√©t√© comme signifiant que
        le d√©ballage it√©rable doit √™tre utilis√© pour attribuer un nom
        √† chaque √©l√©ment d‚Äôun it√©rable, ce qui n‚Äôa pas de sens ici.
        

Cannot use double star operator
-------------------------------

.. code-block:: none


    Traceback (most recent call last):
      File "TESTS:\trb_syntax_common.py", line 42, in create_tracebacks
        mod = __import__(name)
      File "<fstring>", line 1
        (**k)
         ^
    SyntaxError: invalid syntax
    
    Une exception de type `SyntaxError` se produit lorsque Python ne peut pas comprendre votre code.
    
    Python peut seulement comprendre le code du fichier
    '<fstring>'
    jusqu'√† l'endroit indiqu√© par --> et ^.
    
    -->1: (**k)
           ^

        L‚Äôop√©rateur double ast√©risque, `**` est probablement interpr√©t√© comme signifiant
        qu'un d√©ballage de `dict` doit √™tre utilis√© ce qui n‚Äôa pas de sens ici.
        

Cannot use return outside function
----------------------------------

.. code-block:: none


    Traceback (most recent call last):
      File "TESTS:\trb_syntax_common.py", line 42, in create_tracebacks
        mod = __import__(name)
      File "TESTS:\syntax\raise_syntax_error86.py", line 3
        return
        ^
    SyntaxError: 'return' outside function
    
    Une exception de type `SyntaxError` se produit lorsque Python ne peut pas comprendre votre code.
    
    Python peut seulement comprendre le code du fichier
    'TESTS:\syntax\raise_syntax_error86.py'
    jusqu'√† l'endroit indiqu√© par --> et ^.
    
       1: """Should raise SyntaxError: 'return' outside function"""
       2: 
    -->3: return
          ^

        Vous ne pouvez utiliser un √©nonc√© `return` qu'√† l‚Äôint√©rieur d‚Äôune fonction ou d‚Äôune m√©thode.
        

Too many nested blocks
----------------------

.. code-block:: none


    Traceback (most recent call last):
      File "TESTS:\trb_syntax_common.py", line 42, in create_tracebacks
        mod = __import__(name)
      File "None", line None
    SyntaxError: too many statically nested blocks
    
        S√©rieusement¬†?
        
    Une exception de type `SyntaxError` se produit lorsque Python ne peut pas comprendre votre code.
    
        Vous n'√™tes pas s√©rieux¬†!
        
        Dans le cas o√π il s‚Äôagit d‚Äôune erreur dans un vrai programme, s‚Äôil vous pla√Æt
        songez √† r√©duire le nombre de blocs de code imbriqu√©s.
        

Named arguments must follow bare *
----------------------------------

.. code-block:: none


    Traceback (most recent call last):
      File "TESTS:\trb_syntax_common.py", line 42, in create_tracebacks
        mod = __import__(name)
      File "TESTS:\syntax\raise_syntax_error88.py", line 4
        def f(*):
              ^
    SyntaxError: named arguments must follow bare *
    
        Avez-vous oubli√© d‚Äôajouter quelque chose apr√®s `*`¬†?
        
    Une exception de type `SyntaxError` se produit lorsque Python ne peut pas comprendre votre code.
    
    Python peut seulement comprendre le code du fichier
    'TESTS:\syntax\raise_syntax_error88.py'
    jusqu'√† l'endroit indiqu√© par --> et ^.
    
       1: # SyntaxError: named arguments must follow bare *
       2: 
       3: 
    -->4: def f(*):
                ^

        En supposant que vous d√©finissiez une fonction, vous avez besoin
        de remplacer `*` soit par `*arguments` ou
        par `*, argument=valeur`.
        

use j instead of i
------------------

.. code-block:: none


    Traceback (most recent call last):
      File "TESTS:\trb_syntax_common.py", line 42, in create_tracebacks
        mod = __import__(name)
      File "TESTS:\syntax\raise_syntax_error89.py", line 3
        a = 3.0i
               ^
    SyntaxError: invalid syntax
    
        Vouliez-vous dire `3.0j`¬†?
        
    Une exception de type `SyntaxError` se produit lorsque Python ne peut pas comprendre votre code.
    
    Python peut seulement comprendre le code du fichier
    'TESTS:\syntax\raise_syntax_error89.py'
    jusqu'√† l'endroit indiqu√© par --> et ^.
    
       1: # SyntaxError: invalid syntax
       2: 
    -->3: a = 3.0i
                 ^

        Ci-dessous, je tente de deviner ce que a mal tourn√©, mais je pourrais me tromper.
        
        Les noms valides ne peuvent pas commencer par un chiffre.
        Peut-√™tre pensiez-vous que `i` pouvait √™tre utilis√© pour repr√©senter
        la racine carr√©e de -1. Dans Python, `j` (ou `1j`) est utilis√© pour ceci
        et peut-√™tre que vous vouliez √©crire `3.0j`.
        

Do not import * from __future__
-------------------------------

.. code-block:: none


    Traceback (most recent call last):
      File "TESTS:\trb_syntax_common.py", line 42, in create_tracebacks
        mod = __import__(name)
      File "TESTS:\syntax\raise_syntax_error90.py", line 1
        from __future__ import *
        ^
    SyntaxError: future feature * is not defined
    
    Une exception de type `SyntaxError` se produit lorsque Python ne peut pas comprendre votre code.
    
    Python peut seulement comprendre le code du fichier
    'TESTS:\syntax\raise_syntax_error90.py'
    jusqu'√† l'endroit indiqu√© par --> et ^.
    
    -->1: from __future__ import *
          ^

        Lors de l‚Äôutilisation d‚Äôun √©nonc√© `from __future__ import`,
        vous devez importer des noms sp√©cifiques.
        
        Les valeurs disponibles sont `nested_scopes, generators, division, absolute_import, with_statement, print_function, unicode_literals, barry_as_FLUFL, generator_stop, annotations`.
        

Typo in __future__
------------------

.. code-block:: none


    Traceback (most recent call last):
      File "TESTS:\trb_syntax_common.py", line 42, in create_tracebacks
        mod = __import__(name)
      File "TESTS:\syntax\raise_syntax_error91.py", line 1
        from __future__ import divisio
        ^
    SyntaxError: future feature divisio is not defined
    
        Vouliez-vous dire `division`¬†?
        
    Une exception de type `SyntaxError` se produit lorsque Python ne peut pas comprendre votre code.
    
    Python peut seulement comprendre le code du fichier
    'TESTS:\syntax\raise_syntax_error91.py'
    jusqu'√† l'endroit indiqu√© par --> et ^.
    
    -->1: from __future__ import divisio
          ^

        Au lieu de `divisio`, peut-√™tre que vous vouliez plut√¥t importer `division`.
        

Unkown feature in __future__
----------------------------

.. code-block:: none


    Traceback (most recent call last):
      File "TESTS:\trb_syntax_common.py", line 42, in create_tracebacks
        mod = __import__(name)
      File "TESTS:\syntax\raise_syntax_error92.py", line 1
        from __future__ import something
        ^
    SyntaxError: future feature something is not defined
    
    Une exception de type `SyntaxError` se produit lorsque Python ne peut pas comprendre votre code.
    
    Python peut seulement comprendre le code du fichier
    'TESTS:\syntax\raise_syntax_error92.py'
    jusqu'√† l'endroit indiqu√© par --> et ^.
    
    -->1: from __future__ import something
          ^

        `something` n‚Äôest pas un attribut valide du module `__future__`.
        
        Les valeurs disponibles sont `nested_scopes, generators, division, absolute_import, with_statement, print_function, unicode_literals, barry_as_FLUFL, generator_stop, annotations`.
        

Not a chance!
-------------

.. code-block:: none


    Traceback (most recent call last):
      File "TESTS:\trb_syntax_common.py", line 42, in create_tracebacks
        mod = __import__(name)
      File "TESTS:\syntax\raise_syntax_error93.py", line 1
        from __future__ import braces
        ^
    SyntaxError: not a chance
    
    Une exception de type `SyntaxError` se produit lorsque Python ne peut pas comprendre votre code.
    
    Python peut seulement comprendre le code du fichier
    'TESTS:\syntax\raise_syntax_error93.py'
    jusqu'√† l'endroit indiqu√© par --> et ^.
    
    -->1: from __future__ import braces
          ^

        Je soup√ßonne que vous avez √©crit `from __future__ import braces`
        suivant une suggestion de quelqu‚Äôun d‚Äôautre. √áa ne marchera jamais.
        
        Contrairement √† d‚Äôautres langages de programmation, les blocs de code Python sont d√©finis par
        leur niveau d‚Äôindentation, et non pas en utilisant des accolades, comme `{...}`.
        

__future__ at beginning
-----------------------

.. code-block:: none


    Traceback (most recent call last):
      File "TESTS:\trb_syntax_common.py", line 42, in create_tracebacks
        mod = __import__(name)
      File "TESTS:\syntax\raise_syntax_error94.py", line 3
        from __future__ import generators
        ^
    SyntaxError: from __future__ imports must occur at the beginning of the file
    
    Une exception de type `SyntaxError` se produit lorsque Python ne peut pas comprendre votre code.
    
    Python peut seulement comprendre le code du fichier
    'TESTS:\syntax\raise_syntax_error94.py'
    jusqu'√† l'endroit indiqu√© par --> et ^.
    
       1: 
       2: def fn():
    -->3:     from __future__ import generators
              ^

        Une instruction `from __future__ import` change la fa√ßon dont Python
        interpr√®te le code dans un fichier.
        Une telle instruction doit appara√Ætre au d√©but du fichier.
