
# Syntax errors - markdown_docs format

<div class="admonition note">
<p class="admonition-title">Note</p>
<p>The content of this page is generated by running
trb_syntax_markdown.py located in the <code class="docutils literal notranslate"><span class="pre">tests/</span></code> directory.
This needs to be done explicitly, independently of updating the
documentation using Sphinx.
</p>
</div>

Friendly-traceback version: 0.2.14a
Python version: 3.8.4



---

## IndentationError: expected an indented block


```pytb
Traceback (most recent call last):
  File "TESTS:\trb_syntax_common.py", line 42, in create_tracebacks
    mod = __import__(name)
  File "TESTS:\syntax\raise_indentation_error1.py", line 4
    pass
    ^
IndentationError: expected an indented block

```

An `IndentationError` occurs when a given line of code is
not indented (aligned vertically with other lines) as expected.


Python could not understand the code in the file
'TESTS:\syntax\raise_indentation_error1.py'
beyond the location indicated by --> and ^.


```python
       1: '''Should raise IndentationError'''
       2: 
       3: if True:
    -->4: pass
          ^

```

In this case, the line identified above
was expected to begin a new indented block.

---

## IndentationError: unexpected indent


```pytb
Traceback (most recent call last):
  File "TESTS:\trb_syntax_common.py", line 42, in create_tracebacks
    mod = __import__(name)
  File "TESTS:\syntax\raise_indentation_error2.py", line 4
    pass
   ^
IndentationError: unexpected indent

```

An `IndentationError` occurs when a given line of code is
not indented (aligned vertically with other lines) as expected.


Python could not understand the code in the file
'TESTS:\syntax\raise_indentation_error2.py'
beyond the location indicated by --> and ^.


```python
       1: '''Should raise IndentationError'''
       2: if True:
       3:     pass
    -->4:       pass
               ^

```

In this case, the line identified above
is more indented than expected and 
does not match the indentation of the previous line.

---

## IndentationError: unindent does not match ...


```pytb
Traceback (most recent call last):
  File "TESTS:\trb_syntax_common.py", line 42, in create_tracebacks
    mod = __import__(name)
  File "TESTS:\syntax\raise_indentation_error3.py", line 4
    pass
        ^
IndentationError: unindent does not match any outer indentation level

```

An `IndentationError` occurs when a given line of code is
not indented (aligned vertically with other lines) as expected.


Python could not understand the code in the file
'TESTS:\syntax\raise_indentation_error3.py'
beyond the location indicated by --> and ^.


```python
       1: '''Should raise IndentationError'''
       2: if True:
       3:       pass
    -->4:     pass
                  ^

```

In this case, the line identified above is
less indented than the preceding one,
and is not aligned vertically with another block of code.

---

## TabError


```pytb
Traceback (most recent call last):
  File "TESTS:\trb_syntax_common.py", line 42, in create_tracebacks
    mod = __import__(name)
  File "TESTS:\syntax\raise_tab_error.py", line 7
    pass
        ^
TabError: inconsistent use of tabs and spaces in indentation

```

A `TabError` indicates that you have used both spaces
and tab characters to indent your code.
This is not allowed in Python.
Indenting your code means to have block of codes aligned vertically
by inserting either spaces or tab characters at the beginning of lines.
Python's recommendation is to always use spaces to indent your code.


Python could not understand the code in the file
'TESTS:\syntax\raise_tab_error.py'
beyond the location indicated by --> and ^.


```python
        4: 
        5: def test_tab_error():
        6:     if True:
    --> 7: 	pass
                ^

```

---

## Assign to keyword


```pytb
Traceback (most recent call last):
  File "TESTS:\trb_syntax_common.py", line 42, in create_tracebacks
    mod = __import__(name)
  File "TESTS:\syntax\raise_syntax_error1.py", line 3
    def = 2
        ^
SyntaxError: invalid syntax

```

A `SyntaxError` occurs when Python cannot understand your code.


Python could not understand the code in the file
'TESTS:\syntax\raise_syntax_error1.py'
beyond the location indicated by --> and ^.


```python
       1: """ Should raise SyntaxError"""
       2: 
    -->3: def = 2
              ^

```

I make an effort below to guess what caused the problem
but I might guess incorrectly.

You were trying to assign a value to the Python keyword `def`.
This is not allowed.


---

## Missing colon - if


```pytb
Traceback (most recent call last):
  File "TESTS:\trb_syntax_common.py", line 42, in create_tracebacks
    mod = __import__(name)
  File "TESTS:\syntax\raise_syntax_error2.py", line 3
    if True
           ^
SyntaxError: invalid syntax

```

Perhaps you forgot a colon `:`.



A `SyntaxError` occurs when Python cannot understand your code.


Python could not understand the code in the file
'TESTS:\syntax\raise_syntax_error2.py'
beyond the location indicated by --> and ^.


```python
       1: """Should raise SyntaxError"""
       2: 
    -->3: if True
                 ^
       4:     pass

```

I make an effort below to guess what caused the problem
but I might guess incorrectly.

You wrote a statement beginning with
`if` but forgot to add a colon `:` at the end


---

## Missing colon - while


```pytb
Traceback (most recent call last):
  File "TESTS:\trb_syntax_common.py", line 42, in create_tracebacks
    mod = __import__(name)
  File "TESTS:\syntax\raise_syntax_error3.py", line 3
    while True  # a comment
                ^
SyntaxError: invalid syntax

```

Perhaps you forgot a colon `:`.



A `SyntaxError` occurs when Python cannot understand your code.


Python could not understand the code in the file
'TESTS:\syntax\raise_syntax_error3.py'
beyond the location indicated by --> and ^.


```python
       1: """Should raise SyntaxError"""
       2: 
    -->3: while True  # a comment
                      ^
       4:     pass

```

I make an effort below to guess what caused the problem
but I might guess incorrectly.

You wrote a `while` loop but
forgot to add a colon `:` at the end


---

## Write elif, not else if


```pytb
Traceback (most recent call last):
  File "TESTS:\trb_syntax_common.py", line 42, in create_tracebacks
    mod = __import__(name)
  File "TESTS:\syntax\raise_syntax_error4.py", line 5
    else if True:
         ^
SyntaxError: invalid syntax

```

Perhaps you meant to write `elif`.



A `SyntaxError` occurs when Python cannot understand your code.


Python could not understand the code in the file
'TESTS:\syntax\raise_syntax_error4.py'
beyond the location indicated by --> and ^.


```python
       2: 
       3: if False:
       4:     pass
    -->5: else if True:
               ^
       6:     print('ok')

```

I make an effort below to guess what caused the problem
but I might guess incorrectly.

You likely meant to use Python's `elif` keyword
but wrote `else if` instead


---

## Write elif, not elseif


```pytb
Traceback (most recent call last):
  File "TESTS:\trb_syntax_common.py", line 42, in create_tracebacks
    mod = __import__(name)
  File "TESTS:\syntax\raise_syntax_error5.py", line 5
    elseif True:
           ^
SyntaxError: invalid syntax

```

Perhaps you meant to write `elif`.



A `SyntaxError` occurs when Python cannot understand your code.


Python could not understand the code in the file
'TESTS:\syntax\raise_syntax_error5.py'
beyond the location indicated by --> and ^.


```python
       2: 
       3: if False:
       4:     pass
    -->5: elseif True:
                 ^
       6:     print('ok')

```

I make an effort below to guess what caused the problem
but I might guess incorrectly.

You likely meant to use Python's `elif` keyword
but wrote `elseif` instead


---

## Malformed def statment - 1


```pytb
Traceback (most recent call last):
  File "TESTS:\trb_syntax_common.py", line 42, in create_tracebacks
    mod = __import__(name)
  File "TESTS:\syntax\raise_syntax_error6.py", line 3
    def :
        ^
SyntaxError: invalid syntax

```

A `SyntaxError` occurs when Python cannot understand your code.


Python could not understand the code in the file
'TESTS:\syntax\raise_syntax_error6.py'
beyond the location indicated by --> and ^.


```python
       1: """Should raise SyntaxError"""
       2: 
    -->3: def :
              ^
       4:     pass

```

I make an effort below to guess what caused the problem
but I might guess incorrectly.

You tried to define a function or method and did not use the correct syntax.
The correct syntax is:

    def name ( optional_arguments ):

---

## Malformed def statment - 2


```pytb
Traceback (most recent call last):
  File "TESTS:\trb_syntax_common.py", line 42, in create_tracebacks
    mod = __import__(name)
  File "TESTS:\syntax\raise_syntax_error7.py", line 3
    def name  :
              ^
SyntaxError: invalid syntax

```

Perhaps you forgot parentheses.



A `SyntaxError` occurs when Python cannot understand your code.


Python could not understand the code in the file
'TESTS:\syntax\raise_syntax_error7.py'
beyond the location indicated by --> and ^.


```python
       1: """Should raise SyntaxError"""
       2: 
    -->3: def name  :
                    ^
       4:     pass

```

I make an effort below to guess what caused the problem
but I might guess incorrectly.

You tried to define a function or method and did not use the correct syntax.
The correct syntax is:

    def name ( optional_arguments ):

---

## Malformed def statment - 3


```pytb
Traceback (most recent call last):
  File "TESTS:\trb_syntax_common.py", line 42, in create_tracebacks
    mod = __import__(name)
  File "TESTS:\syntax\raise_syntax_error8.py", line 3
    def ( arg )  :
        ^
SyntaxError: invalid syntax

```

A `SyntaxError` occurs when Python cannot understand your code.


Python could not understand the code in the file
'TESTS:\syntax\raise_syntax_error8.py'
beyond the location indicated by --> and ^.


```python
       1: """Should raise SyntaxError"""
       2: 
    -->3: def ( arg )  :
              ^
       4:     pass

```

I make an effort below to guess what caused the problem
but I might guess incorrectly.

You tried to define a function or method and did not use the correct syntax.
The correct syntax is:

    def name ( optional_arguments ):

---

## Cannot assign to literal - 1


```pytb
Traceback (most recent call last):
  File "TESTS:\trb_syntax_common.py", line 42, in create_tracebacks
    mod = __import__(name)
  File "TESTS:\syntax\raise_syntax_error9.py", line 3
    1 = a
    ^
SyntaxError: cannot assign to literal

```

Perhaps you meant to write `a = 1`


A `SyntaxError` occurs when Python cannot understand your code.


Python could not understand the code in the file
'TESTS:\syntax\raise_syntax_error9.py'
beyond the location indicated by --> and ^.


```python
       1: """Should raise SyntaxError: can't assign to literal"""
       2: 
    -->3: 1 = a
          ^

```

You wrote an expression like

    1 = a
where `1`, on the left-hand side of the equal sign,
is or includes an actual object of type `int`
and is not simply the name of a variable.
Perhaps you meant to write:

    a = 1


---

## Cannot assign to literal - 2


```pytb
Traceback (most recent call last):
  File "TESTS:\trb_syntax_common.py", line 42, in create_tracebacks
    mod = __import__(name)
  File "TESTS:\syntax\raise_syntax_error10.py", line 3
    1 = 2
    ^
SyntaxError: cannot assign to literal

```

A `SyntaxError` occurs when Python cannot understand your code.


Python could not understand the code in the file
'TESTS:\syntax\raise_syntax_error10.py'
beyond the location indicated by --> and ^.


```python
       1: """Should raise SyntaxError: can't assign to literal"""
       2: 
    -->3: 1 = 2
          ^

```

You wrote an expression like

    1 = 2
where `1`, on the left-hand side of the equal sign,
is or includes an actual object of type `int`
and is not simply the name of a variable.


---

## Inversion: import X from Y


```pytb
Traceback (most recent call last):
  File "TESTS:\trb_syntax_common.py", line 42, in create_tracebacks
    mod = __import__(name)
  File "TESTS:\syntax\raise_syntax_error11.py", line 3
    import pen from turtle
               ^
SyntaxError: invalid syntax

```

Did you mean `from turtle import pen`?



A `SyntaxError` occurs when Python cannot understand your code.


Python could not understand the code in the file
'TESTS:\syntax\raise_syntax_error11.py'
beyond the location indicated by --> and ^.


```python
       1: """Should raise SyntaxError: invalid syntax"""
       2: 
    -->3: import pen from turtle
                     ^

```

I make an effort below to guess what caused the problem
but I might guess incorrectly.

You wrote something like

    import pen from turtle
instead of

    from turtle import pen



---

## EOL while scanning string literal


```pytb
Traceback (most recent call last):
  File "TESTS:\trb_syntax_common.py", line 42, in create_tracebacks
    mod = __import__(name)
  File "TESTS:\syntax\raise_syntax_error12.py", line 3
    alphabet = 'abc
                   ^
SyntaxError: EOL while scanning string literal

```

Did you forget a closing quote?



A `SyntaxError` occurs when Python cannot understand your code.


Python could not understand the code in the file
'TESTS:\syntax\raise_syntax_error12.py'
beyond the location indicated by --> and ^.


```python
       1: """Should raise SyntaxError: EOL while scanning string literal"""
       2: 
    -->3: alphabet = 'abc
                         ^

```

You starting writing a string with a single or double quote
but never ended the string with another quote on that line.

---

## Assignment to keyword (None)


```pytb
Traceback (most recent call last):
  File "TESTS:\trb_syntax_common.py", line 42, in create_tracebacks
    mod = __import__(name)
  File "TESTS:\syntax\raise_syntax_error13.py", line 4
    None = 1
    ^
SyntaxError: cannot assign to None

```

You cannot assign a value to `None`.


A `SyntaxError` occurs when Python cannot understand your code.


Python could not understand the code in the file
'TESTS:\syntax\raise_syntax_error13.py'
beyond the location indicated by --> and ^.


```python
       1: """Should raise SyntaxError: cannot assign to None in Py 3.8
       2:    and can't assign to keyword before."""
       3: 
    -->4: None = 1
          ^

```

`None` is a constant in Python; you cannot assign it a value.


---

## Assignment to keyword (__debug__)


```pytb
Traceback (most recent call last):
  File "TESTS:\trb_syntax_common.py", line 42, in create_tracebacks
    mod = __import__(name)
  File "TESTS:\syntax\raise_syntax_error14.py", line 4
    __debug__ = 1
    ^
SyntaxError: cannot assign to __debug__

```

You cannot assign a value to `__debug__`.


A `SyntaxError` occurs when Python cannot understand your code.


Python could not understand the code in the file
'TESTS:\syntax\raise_syntax_error14.py'
beyond the location indicated by --> and ^.


```python
       1: """Should raise SyntaxError: cannot assign to __debug__ in Py 3.8
       2:    and assignment to keyword before."""
       3: 
    -->4: __debug__ = 1
          ^

```

`__debug__` is a constant in Python; you cannot assign it a value.


---

## Unmatched closing parenthesis


```pytb
Traceback (most recent call last):
  File "TESTS:\trb_syntax_common.py", line 42, in create_tracebacks
    mod = __import__(name)
  File "TESTS:\syntax\raise_syntax_error15.py", line 6
    3, 4,))
          ^
SyntaxError: unmatched ')'

```

A `SyntaxError` occurs when Python cannot understand your code.


Python could not understand the code in the file
'TESTS:\syntax\raise_syntax_error15.py'
beyond the location indicated by --> and ^.


```python
       3: """
       4: a = (1,
       5:     2,
    -->6:     3, 4,))
                    ^
       7: b = 3

```

The closing parenthesis `)` on line 6 does not match anything.

---

## Unclosed parenthesis - 1


```pytb
Traceback (most recent call last):
  File "TESTS:\trb_syntax_common.py", line 42, in create_tracebacks
    mod = __import__(name)
  File "TESTS:\syntax\raise_syntax_error16.py", line 3
    if x == 1:
             ^
SyntaxError: invalid syntax

```

A `SyntaxError` occurs when Python cannot understand your code.


Python could not understand the code in the file
'TESTS:\syntax\raise_syntax_error16.py'
beyond the location indicated by --> and ^.


```python
       1: """Should raise SyntaxError: invalid syntax"""
       2: x = int('1'
    -->3: if x == 1:
                   ^
       4:     print('yes')

```

I make an effort below to guess what caused the problem
but I might guess incorrectly.

The opening parenthesis `(` on line 2 is not closed.

    2: x = int('1'
              |

---

## Unclosed parenthesis - 2


```pytb
Traceback (most recent call last):
  File "TESTS:\trb_syntax_common.py", line 42, in create_tracebacks
    mod = __import__(name)
  File "TESTS:\syntax\raise_syntax_error17.py", line 3
    d = a*a
    ^
SyntaxError: invalid syntax

```

A `SyntaxError` occurs when Python cannot understand your code.


Python could not understand the code in the file
'TESTS:\syntax\raise_syntax_error17.py'
beyond the location indicated by --> and ^.


```python
       1: """Should raise SyntaxError: invalid syntax"""
       2: a = (b+c
    -->3: d = a*a
          ^

```

I make an effort below to guess what caused the problem
but I might guess incorrectly.

The opening parenthesis `(` on line 2 is not closed.

    2: a = (b+c
           |

---

## Mismatched brackets - 1


```pytb
Traceback (most recent call last):
  File "TESTS:\trb_syntax_common.py", line 42, in create_tracebacks
    mod = __import__(name)
  File "TESTS:\syntax\raise_syntax_error18.py", line 2
    x = (1, 2, 3]
                ^
SyntaxError: closing parenthesis ']' does not match opening parenthesis '('

```

A `SyntaxError` occurs when Python cannot understand your code.


Python could not understand the code in the file
'TESTS:\syntax\raise_syntax_error18.py'
beyond the location indicated by --> and ^.


```python
       1: """Should raise SyntaxError: invalid syntax"""
    -->2: x = (1, 2, 3]
                      ^

```

Python tells us that the closing `]` on the last line shown
does not match the opening `(`.

I will attempt to be give a bit more information.

The closing square bracket `]` on line 2 does not match the opening parenthesis `(` on line 2.

    2: x = (1, 2, 3]
           ^       ^

---

## Mismatched brackets - 2


```pytb
Traceback (most recent call last):
  File "TESTS:\trb_syntax_common.py", line 42, in create_tracebacks
    mod = __import__(name)
  File "TESTS:\syntax\raise_syntax_error19.py", line 4
    3]
     ^
SyntaxError: closing parenthesis ']' does not match opening parenthesis '(' on line 2

```

A `SyntaxError` occurs when Python cannot understand your code.


Python could not understand the code in the file
'TESTS:\syntax\raise_syntax_error19.py'
beyond the location indicated by --> and ^.


```python
       1: """Should raise SyntaxError: invalid syntax"""
       2: x = (1,
       3:      2,
    -->4:      3]
                ^

```

Python tells us that the closing `]` on the last line shown
does not match the opening `(` on line 2.

I will attempt to be give a bit more information.

The closing square bracket `]` on line 4 does not match the opening parenthesis `(` on line 2.

    2: x = (1,
           ^
    4:      3]
             ^

---

## print is a function


```pytb
Traceback (most recent call last):
  File "TESTS:\trb_syntax_common.py", line 42, in create_tracebacks
    mod = __import__(name)
  File "TESTS:\syntax\raise_syntax_error20.py", line 2
    print 'hello'
          ^
SyntaxError: Missing parentheses in call to 'print'. Did you mean print('hello')?

```

A `SyntaxError` occurs when Python cannot understand your code.


Python could not understand the code in the file
'TESTS:\syntax\raise_syntax_error20.py'
beyond the location indicated by --> and ^.


```python
       1: """Should raise SyntaxError: Missing parentheses in call to 'print' ..."""
    -->2: print 'hello'
                ^

```

Perhaps you need to type

     print('hello')

In older version of Python, `print` was a keyword.
Now, `print` is a function; you need to use parentheses to call it.

---

## Python keyword as function name


```pytb
Traceback (most recent call last):
  File "TESTS:\trb_syntax_common.py", line 42, in create_tracebacks
    mod = __import__(name)
  File "TESTS:\syntax\raise_syntax_error21.py", line 3
    def pass():
        ^
SyntaxError: invalid syntax

```

A `SyntaxError` occurs when Python cannot understand your code.


Python could not understand the code in the file
'TESTS:\syntax\raise_syntax_error21.py'
beyond the location indicated by --> and ^.


```python
       1: """Should raise SyntaxError: invalid syntax"""
       2: 
    -->3: def pass():
              ^
       4:     print("keyword as function name!")

```

I make an effort below to guess what caused the problem
but I might guess incorrectly.

You tried to use the Python keyword `pass` as a function name.

---

## break outside loop


```pytb
Traceback (most recent call last):
  File "TESTS:\trb_syntax_common.py", line 42, in create_tracebacks
    mod = __import__(name)
  File "TESTS:\syntax\raise_syntax_error22.py", line 4
    break
    ^
SyntaxError: 'break' outside loop

```

A `SyntaxError` occurs when Python cannot understand your code.


Python could not understand the code in the file
'TESTS:\syntax\raise_syntax_error22.py'
beyond the location indicated by --> and ^.


```python
       1: """Should raise SyntaxError: 'break' outside loop"""
       2: 
       3: if True:
    -->4:     break
              ^

```

The Python keyword `break` can only be used inside a for loop or inside a while loop.

---

## continue outside loop


```pytb
Traceback (most recent call last):
  File "TESTS:\trb_syntax_common.py", line 42, in create_tracebacks
    mod = __import__(name)
  File "TESTS:\syntax\raise_syntax_error23.py", line 4
    continue
    ^
SyntaxError: 'continue' not properly in loop

```

A `SyntaxError` occurs when Python cannot understand your code.


Python could not understand the code in the file
'TESTS:\syntax\raise_syntax_error23.py'
beyond the location indicated by --> and ^.


```python
       1: """Should raise SyntaxError: 'continue' outside loop"""
       2: 
       3: if True:
    -->4:     continue
              ^

```

The Python keyword `continue` can only be used inside a for loop or inside a while loop.

---

## Quote inside a string


```pytb
Traceback (most recent call last):
  File "TESTS:\trb_syntax_common.py", line 42, in create_tracebacks
    mod = __import__(name)
  File "TESTS:\syntax\raise_syntax_error24.py", line 3
    message = 'don't'
                   ^
SyntaxError: invalid syntax

```

Perhaps you misplaced a quote.



A `SyntaxError` occurs when Python cannot understand your code.


Python could not understand the code in the file
'TESTS:\syntax\raise_syntax_error24.py'
beyond the location indicated by --> and ^.


```python
       1: """Should raise SyntaxError: invalid syntax"""
       2: 
    -->3: message = 'don't'
                         ^

```

I make an effort below to guess what caused the problem
but I might guess incorrectly.

There appears to be a Python identifier (variable name)
immediately following a string.
I suspect that you were trying to use a quote inside a string
that was enclosed in quotes of the same kind.

---

## Missing comma in a dict


```pytb
Traceback (most recent call last):
  File "TESTS:\trb_syntax_common.py", line 42, in create_tracebacks
    mod = __import__(name)
  File "TESTS:\syntax\raise_syntax_error25.py", line 5
    'c': 3,
    ^
SyntaxError: invalid syntax

```

A `SyntaxError` occurs when Python cannot understand your code.


Python could not understand the code in the file
'TESTS:\syntax\raise_syntax_error25.py'
beyond the location indicated by --> and ^.


```python
       2: 
       3: a = {'a': 1,
       4:      'b': 2
    -->5:      'c': 3,
               ^
       6:      }

```

I make an effort below to guess what caused the problem
but I might guess incorrectly.

The opening curly bracket `{` on line 3 is not closed.

    3: a = {'a': 1,
           |
It is also possible that you forgot a comma between items in a set or dict
before the position indicated by --> and ^.

---

## Missing comma in a set


```pytb
Traceback (most recent call last):
  File "TESTS:\trb_syntax_common.py", line 42, in create_tracebacks
    mod = __import__(name)
  File "TESTS:\syntax\raise_syntax_error26.py", line 3
    a = {1, 2  3}
               ^
SyntaxError: invalid syntax

```

Did you forget something between `2` and `3`?



A `SyntaxError` occurs when Python cannot understand your code.


Python could not understand the code in the file
'TESTS:\syntax\raise_syntax_error26.py'
beyond the location indicated by --> and ^.


```python
       1: """Should raise SyntaxError: invalid syntax"""
       2: 
    -->3: a = {1, 2  3}
                     ^

```

I make an effort below to guess what caused the problem
but I might guess incorrectly.

Python indicates that the error is caused by `3` written just after `2`.
Perhaps you forgot a comma or an operator, like `+`, `*`, `in`, etc., between `2` and `3`.

---

## Missing comma in a list


```pytb
Traceback (most recent call last):
  File "TESTS:\trb_syntax_common.py", line 42, in create_tracebacks
    mod = __import__(name)
  File "TESTS:\syntax\raise_syntax_error27.py", line 3
    a = [1, 2  3]
               ^
SyntaxError: invalid syntax

```

Did you forget something between `2` and `3`?



A `SyntaxError` occurs when Python cannot understand your code.


Python could not understand the code in the file
'TESTS:\syntax\raise_syntax_error27.py'
beyond the location indicated by --> and ^.


```python
       1: """Should raise SyntaxError: invalid syntax"""
       2: 
    -->3: a = [1, 2  3]
                     ^

```

I make an effort below to guess what caused the problem
but I might guess incorrectly.

Python indicates that the error is caused by `3` written just after `2`.
Perhaps you forgot a comma or an operator, like `+`, `*`, `in`, etc., between `2` and `3`.

---

## Missing comma in a tuple


```pytb
Traceback (most recent call last):
  File "TESTS:\trb_syntax_common.py", line 42, in create_tracebacks
    mod = __import__(name)
  File "TESTS:\syntax\raise_syntax_error28.py", line 3
    a = (1, 2  3)
               ^
SyntaxError: invalid syntax

```

Did you forget something between `2` and `3`?



A `SyntaxError` occurs when Python cannot understand your code.


Python could not understand the code in the file
'TESTS:\syntax\raise_syntax_error28.py'
beyond the location indicated by --> and ^.


```python
       1: """Should raise SyntaxError: invalid syntax"""
       2: 
    -->3: a = (1, 2  3)
                     ^

```

I make an effort below to guess what caused the problem
but I might guess incorrectly.

Python indicates that the error is caused by `3` written just after `2`.
Perhaps you forgot a comma or an operator, like `+`, `*`, `in`, etc., between `2` and `3`.

---

## Missing comma between function args


```pytb
Traceback (most recent call last):
  File "TESTS:\trb_syntax_common.py", line 42, in create_tracebacks
    mod = __import__(name)
  File "TESTS:\syntax\raise_syntax_error29.py", line 4
    def a(b, c d):
               ^
SyntaxError: invalid syntax

```

Did you forget something between `c` and `d`?



A `SyntaxError` occurs when Python cannot understand your code.


Python could not understand the code in the file
'TESTS:\syntax\raise_syntax_error29.py'
beyond the location indicated by --> and ^.


```python
       1: """Should raise SyntaxError: invalid syntax"""
       2: 
       3: 
    -->4: def a(b, c d):
                     ^
       5:     pass

```

I make an effort below to guess what caused the problem
but I might guess incorrectly.

Python indicates that the error is caused by `d` written just after `c`.
Perhaps you forgot a comma or an operator, like `+`, `*`, `in`, etc., between `c` and `d`.

---

## Cannot assign to function call - 1


```pytb
Traceback (most recent call last):
  File "TESTS:\trb_syntax_common.py", line 42, in create_tracebacks
    mod = __import__(name)
  File "TESTS:\syntax\raise_syntax_error30.py", line 6
    len('a') = 3
    ^
SyntaxError: cannot assign to function call

```

A `SyntaxError` occurs when Python cannot understand your code.


Python could not understand the code in the file
'TESTS:\syntax\raise_syntax_error30.py'
beyond the location indicated by --> and ^.


```python
       3: Python 3.8: SyntaxError: cannot assign to function call
       4: """
       5: 
    -->6: len('a') = 3
          ^

```

You wrote the expression

    len('a') = 3

where `len('a')`, on the left-hand side of the equal sign, either is
or includes a function call and is not simply the name of a variable.

---

## Cannot assign to function call - 2


```pytb
Traceback (most recent call last):
  File "TESTS:\trb_syntax_common.py", line 42, in create_tracebacks
    mod = __import__(name)
  File "TESTS:\syntax\raise_syntax_error31.py", line 6
    func(a, b=3) = 4
    ^
SyntaxError: cannot assign to function call

```

A `SyntaxError` occurs when Python cannot understand your code.


Python could not understand the code in the file
'TESTS:\syntax\raise_syntax_error31.py'
beyond the location indicated by --> and ^.


```python
       3: Python 3.8: SyntaxError: cannot assign to function call
       4: """
       5: 
    -->6: func(a, b=3) = 4
          ^

```

You wrote an expression like

    my_function(...) = some value

where `my_function(...)`, on the left-hand side of the equal sign, is
a function call and not the name of a variable.

---

## Used equal sign instead of colon


```pytb
Traceback (most recent call last):
  File "TESTS:\trb_syntax_common.py", line 42, in create_tracebacks
    mod = __import__(name)
  File "TESTS:\syntax\raise_syntax_error32.py", line 4
    ages = {'Alice'=22, 'Bob'=24}
                   ^
SyntaxError: invalid syntax

```

A `SyntaxError` occurs when Python cannot understand your code.


Python could not understand the code in the file
'TESTS:\syntax\raise_syntax_error32.py'
beyond the location indicated by --> and ^.


```python
       1: """Should raise SyntaxError: invalid syntax
       2: """
       3: 
    -->4: ages = {'Alice'=22, 'Bob'=24}
                         ^

```

I make an effort below to guess what caused the problem
but I might guess incorrectly.

It is possible that you used an equal sign `=` instead of a colon `:`
to assign values to keys in a dict
before or at the position indicated by --> and ^.

---

## Non-default argument follows default argument


```pytb
Traceback (most recent call last):
  File "TESTS:\trb_syntax_common.py", line 42, in create_tracebacks
    mod = __import__(name)
  File "TESTS:\syntax\raise_syntax_error33.py", line 5
    def test(a=1, b):
             ^
SyntaxError: non-default argument follows default argument

```

A `SyntaxError` occurs when Python cannot understand your code.


Python could not understand the code in the file
'TESTS:\syntax\raise_syntax_error33.py'
beyond the location indicated by --> and ^.


```python
       2: """
       3: 
       4: 
    -->5: def test(a=1, b):
                   ^
       6:     return a + b

```

In Python, you can define functions with only positional arguments

    def test(a, b, c): ...

or only keyword arguments

    def test(a=1, b=2, c=3): ...

or a combination of the two

    def test(a, b, c=3): ...

but with the keyword arguments appearing after all the positional ones.
According to Python, you used positional arguments after keyword ones.

---

## Positional argument follows keyword argument


```pytb
Traceback (most recent call last):
  File "TESTS:\trb_syntax_common.py", line 42, in create_tracebacks
    mod = __import__(name)
  File "TESTS:\syntax\raise_syntax_error34.py", line 5
    test(a=1, b)
              ^
SyntaxError: positional argument follows keyword argument

```

A `SyntaxError` occurs when Python cannot understand your code.


Python could not understand the code in the file
'TESTS:\syntax\raise_syntax_error34.py'
beyond the location indicated by --> and ^.


```python
       2: """
       3: 
       4: 
    -->5: test(a=1, b)
                    ^

```

In Python, you can call functions with only positional arguments

    test(1, 2, 3)

or only keyword arguments

    test(a=1, b=2, c=3)

or a combination of the two

    test(1, 2, c=3)

but with the keyword arguments appearing after all the positional ones.
According to Python, you used positional arguments after keyword ones.

---

## f-string: unterminated string


```pytb
Traceback (most recent call last):
  File "TESTS:\trb_syntax_common.py", line 42, in create_tracebacks
    mod = __import__(name)
  File "TESTS:\syntax\raise_syntax_error35.py", line 4
    print(f"Bob is {age['Bob]} years old.")
          ^
SyntaxError: f-string: unterminated string

```

Perhaps you forgot a closing quote.



A `SyntaxError` occurs when Python cannot understand your code.


Python could not understand the code in the file
'TESTS:\syntax\raise_syntax_error35.py'
beyond the location indicated by --> and ^.


```python
       1: """Should raise SyntaxError: f-string: unterminated string
       2: """
       3: 
    -->4: print(f"Bob is {age['Bob]} years old.")
                ^

```

Inside an f-string, which is a string prefixed by the letter f, 
you have another string, which starts with either a
single quote (') or double quote ("), without a matching closing one.

---

## Unclosed bracket


```pytb
Traceback (most recent call last):
  File "TESTS:\trb_syntax_common.py", line 42, in create_tracebacks
    mod = __import__(name)
  File "TESTS:\syntax\raise_syntax_error36.py", line 7
    print(foo())
    ^
SyntaxError: invalid syntax

```

A `SyntaxError` occurs when Python cannot understand your code.


Python could not understand the code in the file
'TESTS:\syntax\raise_syntax_error36.py'
beyond the location indicated by --> and ^.


```python
        4: def foo():
        5:     return [1, 2, 3
        6: 
    --> 7: print(foo())
           ^

```

I make an effort below to guess what caused the problem
but I might guess incorrectly.

The opening square bracket `[` on line 5 is not closed.

    5:     return [1, 2, 3
                  |

---

## Unexpected EOF while parsing


```pytb
Traceback (most recent call last):
  File "TESTS:\trb_syntax_common.py", line 42, in create_tracebacks
    mod = __import__(name)
  File "TESTS:\syntax\raise_syntax_error37.py", line 8
SyntaxError: unexpected EOF while parsing

```

A `SyntaxError` occurs when Python cannot understand your code.


Python could not understand the code in the file
'TESTS:\syntax\raise_syntax_error37.py'
beyond the location indicated by --> and ^.


```python
        5:     return [1, 2, 3,
        6: 
        7: print(foo())
    --> 8: 
           ^

```

Python tells us that it reached the end of the file
and expected more content.

I will attempt to be give a bit more information.

The opening square bracket `[` on line 5 is not closed.

    5:     return [1, 2, 3,
                  |

---

## Name is parameter and global


```pytb
Traceback (most recent call last):
  File "TESTS:\trb_syntax_common.py", line 42, in create_tracebacks
    mod = __import__(name)
  File "TESTS:\syntax\raise_syntax_error38.py", line 6
    global x
    ^
SyntaxError: name 'x' is parameter and global

```

A `SyntaxError` occurs when Python cannot understand your code.


Python could not understand the code in the file
'TESTS:\syntax\raise_syntax_error38.py'
beyond the location indicated by --> and ^.


```python
       3: 
       4: 
       5: def f(x):
    -->6:     global x
              ^

```

You are including the statement

    `    global x`

indicating that `x` is a variable defined outside a function.
You are also using the same `x` as an argument for that
function, thus indicating that it should be variable known only
inside that function, which is the contrary of what `global` implied.

---

## Keyword as attribute


```pytb
Traceback (most recent call last):
  File "TESTS:\trb_syntax_common.py", line 42, in create_tracebacks
    mod = __import__(name)
  File "TESTS:\syntax\raise_syntax_error39.py", line 12
    a.pass = 2
      ^
SyntaxError: invalid syntax

```

A `SyntaxError` occurs when Python cannot understand your code.


Python could not understand the code in the file
'TESTS:\syntax\raise_syntax_error39.py'
beyond the location indicated by --> and ^.


```python
        9: a = A()
       10: 
       11: a.x = 1
    -->12: a.pass = 2
             ^

```

I make an effort below to guess what caused the problem
but I might guess incorrectly.

You cannot use the Python keyword `pass` as an attribute.


---

## Content passed continuation line character


```pytb
Traceback (most recent call last):
  File "TESTS:\trb_syntax_common.py", line 42, in create_tracebacks
    mod = __import__(name)
  File "TESTS:\syntax\raise_syntax_error40.py", line 5
    print(\t)
             ^
SyntaxError: unexpected character after line continuation character

```

A `SyntaxError` occurs when Python cannot understand your code.


Python could not understand the code in the file
'TESTS:\syntax\raise_syntax_error40.py'
beyond the location indicated by --> and ^.


```python
       2: SyntaxError: unexpected character after line continuation character
       3: """
       4: 
    -->5: print(\t)
                   ^

```

You are using the continuation character `\` outside of a string,
and it is followed by some other character(s).
I am guessing that you forgot to enclose some content in a string.


---

## Keyword can't be an expression


```pytb
Traceback (most recent call last):
  File "TESTS:\trb_syntax_common.py", line 42, in create_tracebacks
    mod = __import__(name)
  File "TESTS:\syntax\raise_syntax_error41.py", line 7
    a = dict('key'=1)
             ^
SyntaxError: expression cannot contain assignment, perhaps you meant "=="?

```

A `SyntaxError` occurs when Python cannot understand your code.


Python could not understand the code in the file
'TESTS:\syntax\raise_syntax_error41.py'
beyond the location indicated by --> and ^.


```python
        4: """
        5: 
        6: 
    --> 7: a = dict('key'=1)
                    ^

```

One of the following two possibilities could be the cause:
1. You meant to do a comparison with == and wrote = instead.
2. You called a function with a named argument:

       a_function(invalid=something)

where `invalid` is not a valid variable name in Python
either because it starts with a number, or is a string,
or contains a period, etc.


---

## Invalid character in identifier


```pytb
Traceback (most recent call last):
  File "TESTS:\trb_syntax_common.py", line 42, in create_tracebacks
    mod = __import__(name)
  File "TESTS:\syntax\raise_syntax_error42.py", line 6
    ðŸ¤– = 'Reeborg'
    ^
SyntaxError: invalid character in identifier

```

A `SyntaxError` occurs when Python cannot understand your code.


Python could not understand the code in the file
'TESTS:\syntax\raise_syntax_error42.py'
beyond the location indicated by --> and ^.


```python
       3: 
       4: # Robot-face character below
       5: 
    -->6: ðŸ¤– = 'Reeborg'
          ^

```

You likely used some unicode character that is not allowed
as part of a variable name in Python.
This includes many emojis.


---

## Keyword cannot be argument in def - 1


```pytb
Traceback (most recent call last):
  File "TESTS:\trb_syntax_common.py", line 42, in create_tracebacks
    mod = __import__(name)
  File "TESTS:\syntax\raise_syntax_error43.py", line 5
    def f(None=1):
          ^
SyntaxError: invalid syntax

```

A `SyntaxError` occurs when Python cannot understand your code.


Python could not understand the code in the file
'TESTS:\syntax\raise_syntax_error43.py'
beyond the location indicated by --> and ^.


```python
       2: """
       3: 
       4: 
    -->5: def f(None=1):
                ^
       6:     pass

```

I make an effort below to guess what caused the problem
but I might guess incorrectly.

I am guessing that you tried to use the Python keyword
`None` as an argument in the definition of a function.

---

## Keyword cannot be argument in def - 2


```pytb
Traceback (most recent call last):
  File "TESTS:\trb_syntax_common.py", line 42, in create_tracebacks
    mod = __import__(name)
  File "TESTS:\syntax\raise_syntax_error44.py", line 5
    def f(x, True):
             ^
SyntaxError: invalid syntax

```

A `SyntaxError` occurs when Python cannot understand your code.


Python could not understand the code in the file
'TESTS:\syntax\raise_syntax_error44.py'
beyond the location indicated by --> and ^.


```python
       2: """
       3: 
       4: 
    -->5: def f(x, True):
                   ^
       6:     pass

```

I make an effort below to guess what caused the problem
but I might guess incorrectly.

I am guessing that you tried to use the Python keyword
`True` as an argument in the definition of a function.

---

## Keyword cannot be argument in def - 3


```pytb
Traceback (most recent call last):
  File "TESTS:\trb_syntax_common.py", line 42, in create_tracebacks
    mod = __import__(name)
  File "TESTS:\syntax\raise_syntax_error45.py", line 5
    def f(*None):
           ^
SyntaxError: invalid syntax

```

A `SyntaxError` occurs when Python cannot understand your code.


Python could not understand the code in the file
'TESTS:\syntax\raise_syntax_error45.py'
beyond the location indicated by --> and ^.


```python
       2: """
       3: 
       4: 
    -->5: def f(*None):
                 ^
       6:     pass

```

I make an effort below to guess what caused the problem
but I might guess incorrectly.

I am guessing that you tried to use the Python keyword
`None` as an argument in the definition of a function.

---

## Keyword cannot be argument in def - 4


```pytb
Traceback (most recent call last):
  File "TESTS:\trb_syntax_common.py", line 42, in create_tracebacks
    mod = __import__(name)
  File "TESTS:\syntax\raise_syntax_error46.py", line 5
    def f(**None):
            ^
SyntaxError: invalid syntax

```

A `SyntaxError` occurs when Python cannot understand your code.


Python could not understand the code in the file
'TESTS:\syntax\raise_syntax_error46.py'
beyond the location indicated by --> and ^.


```python
       2: """
       3: 
       4: 
    -->5: def f(**None):
                  ^
       6:     pass

```

I make an effort below to guess what caused the problem
but I might guess incorrectly.

I am guessing that you tried to use the Python keyword
`None` as an argument in the definition of a function.

---

## Delete function call


```pytb
Traceback (most recent call last):
  File "TESTS:\trb_syntax_common.py", line 42, in create_tracebacks
    mod = __import__(name)
  File "TESTS:\syntax\raise_syntax_error47.py", line 5
    del f(a)
        ^
SyntaxError: cannot delete function call

```

A `SyntaxError` occurs when Python cannot understand your code.


Python could not understand the code in the file
'TESTS:\syntax\raise_syntax_error47.py'
beyond the location indicated by --> and ^.


```python
       2: """
       3: 
       4: 
    -->5: del f(a)
              ^

```

You attempted to delete a function call

    del f(a)
instead of deleting the function's name

    del f

---

## Name assigned prior to global declaration


```pytb
Traceback (most recent call last):
  File "TESTS:\trb_syntax_common.py", line 42, in create_tracebacks
    mod = __import__(name)
  File "TESTS:\syntax\raise_syntax_error48.py", line 7
    global p
    ^
SyntaxError: name 'p' is assigned to before global declaration

```

A `SyntaxError` occurs when Python cannot understand your code.


Python could not understand the code in the file
'TESTS:\syntax\raise_syntax_error48.py'
beyond the location indicated by --> and ^.


```python
        4: 
        5: def fn():
        6:     p = 1
    --> 7:     global p
               ^

```

You assigned a value to the variable `p`
before declaring it as a global variable.

---

## Name used prior to global declaration


```pytb
Traceback (most recent call last):
  File "TESTS:\trb_syntax_common.py", line 42, in create_tracebacks
    mod = __import__(name)
  File "TESTS:\syntax\raise_syntax_error49.py", line 7
    global r
    ^
SyntaxError: name 'r' is used prior to global declaration

```

A `SyntaxError` occurs when Python cannot understand your code.


Python could not understand the code in the file
'TESTS:\syntax\raise_syntax_error49.py'
beyond the location indicated by --> and ^.


```python
        4: 
        5: def fn():
        6:     print(r)
    --> 7:     global r
               ^

```

You used the variable `r`
before declaring it as a global variable.

---

## Name used prior to nonlocal declaration


```pytb
Traceback (most recent call last):
  File "TESTS:\trb_syntax_common.py", line 42, in create_tracebacks
    mod = __import__(name)
  File "TESTS:\syntax\raise_syntax_error50.py", line 9
    nonlocal q
    ^
SyntaxError: name 'q' is used prior to nonlocal declaration

```

Did you forget to write `nonlocal` first?



A `SyntaxError` occurs when Python cannot understand your code.


Python could not understand the code in the file
'TESTS:\syntax\raise_syntax_error50.py'
beyond the location indicated by --> and ^.


```python
        6: 
        7:     def g():
        8:         print(q)
    --> 9:         nonlocal q
                   ^

```

You used the variable `q`
before declaring it as a nonlocal variable.

---

## Name assigned prior to nonlocal declaration


```pytb
Traceback (most recent call last):
  File "TESTS:\trb_syntax_common.py", line 42, in create_tracebacks
    mod = __import__(name)
  File "TESTS:\syntax\raise_syntax_error51.py", line 9
    nonlocal s
    ^
SyntaxError: name 's' is assigned to before nonlocal declaration

```

Did you forget to add `nonlocal`?



A `SyntaxError` occurs when Python cannot understand your code.


Python could not understand the code in the file
'TESTS:\syntax\raise_syntax_error51.py'
beyond the location indicated by --> and ^.


```python
        6: 
        7:     def g():
        8:         s = 2
    --> 9:         nonlocal s
                   ^

```

You assigned a value to the variable `s`
before declaring it as a nonlocal variable.

---

## Cannot assign to literal - 3


```pytb
Traceback (most recent call last):
  File "TESTS:\trb_syntax_common.py", line 42, in create_tracebacks
    mod = __import__(name)
  File "TESTS:\syntax\raise_syntax_error52.py", line 7
    {1, 2, 3} = 4
    ^
SyntaxError: cannot assign to set display

```

A `SyntaxError` occurs when Python cannot understand your code.


Python could not understand the code in the file
'TESTS:\syntax\raise_syntax_error52.py'
beyond the location indicated by --> and ^.


```python
        4: 
        5:  """
        6: 
    --> 7: {1, 2, 3} = 4
           ^

```

You wrote an expression like

    {1, 2, 3} = 4
where `{1, 2, 3}`, on the left-hand side of the equal sign,
is or includes an actual object of type `set`
and is not simply the name of a variable.


---

## Cannot assign to literal - 4


```pytb
Traceback (most recent call last):
  File "TESTS:\trb_syntax_common.py", line 42, in create_tracebacks
    mod = __import__(name)
  File "TESTS:\syntax\raise_syntax_error53.py", line 7
    {1 : 2, 2 : 4} = 5
    ^
SyntaxError: cannot assign to dict display

```

A `SyntaxError` occurs when Python cannot understand your code.


Python could not understand the code in the file
'TESTS:\syntax\raise_syntax_error53.py'
beyond the location indicated by --> and ^.


```python
        4: 
        5:  """
        6: 
    --> 7: {1 : 2, 2 : 4} = 5
           ^

```

You wrote an expression like

    {1 : 2, 2 : 4} = 5
where `{1 : 2, 2 : 4}`, on the left-hand side of the equal sign,
is or includes an actual object of type `dict`
and is not simply the name of a variable.


---

## Cannot assign to literal - 5


```pytb
Traceback (most recent call last):
  File "TESTS:\trb_syntax_common.py", line 42, in create_tracebacks
    mod = __import__(name)
  File "TESTS:\syntax\raise_syntax_error54.py", line 4
    1 = a = b
    ^
SyntaxError: cannot assign to literal

```

A `SyntaxError` occurs when Python cannot understand your code.


Python could not understand the code in the file
'TESTS:\syntax\raise_syntax_error54.py'
beyond the location indicated by --> and ^.


```python
       1: """Should raise SyntaxError: can't assign to literal
       2: or (Python 3.8) cannot assign to literal"""
       3: 
    -->4: 1 = a = b
          ^

```

You wrote an expression like

    ... = variable_name
where `...`, on the left-hand side of the equal sign,
is or includes an actual object 
and is not simply the name of a variable.


---

## Walrus/Named assignment depending on Python version


```pytb
Traceback (most recent call last):
  File "TESTS:\trb_syntax_common.py", line 42, in create_tracebacks
    mod = __import__(name)
  File "TESTS:\syntax\raise_syntax_error55.py", line 4
    (True := 1)
     ^
SyntaxError: cannot use assignment expressions with True

```

You cannot assign a value to `True`.


A `SyntaxError` occurs when Python cannot understand your code.


Python could not understand the code in the file
'TESTS:\syntax\raise_syntax_error55.py'
beyond the location indicated by --> and ^.


```python
       1: """Should raise SyntaxError: invalid syntax
       2: or (Python 3.8) cannot use named assignment with True"""
       3: 
    -->4: (True := 1)
           ^

```

`True` is a constant in Python; you cannot assign it a value.


---

## Named assignment with Python constant


```pytb
Traceback (most recent call last):
  File "TESTS:\trb_syntax_common.py", line 42, in create_tracebacks
    mod = __import__(name)
  File "TESTS:\syntax\raise_syntax_error56.py", line 4
    a + 1 = 2
    ^
SyntaxError: cannot assign to operator

```

A `SyntaxError` occurs when Python cannot understand your code.


Python could not understand the code in the file
'TESTS:\syntax\raise_syntax_error56.py'
beyond the location indicated by --> and ^.


```python
       1: """Should raise SyntaxError: can't assign to operator
       2: or (Python 3.8) cannot assign to operator"""
       3: 
    -->4: a + 1 = 2
          ^

```

You wrote an expression that includes some mathematical operations
on the left-hand side of the equal sign which should be
only used to assign a value to a variable.

---

## Using the backquote character


```pytb
Traceback (most recent call last):
  File "TESTS:\trb_syntax_common.py", line 42, in create_tracebacks
    mod = __import__(name)
  File "TESTS:\syntax\raise_syntax_error57.py", line 3
    a = `1`
        ^
SyntaxError: invalid syntax

```

You should not use the backquote character.



A `SyntaxError` occurs when Python cannot understand your code.


Python could not understand the code in the file
'TESTS:\syntax\raise_syntax_error57.py'
beyond the location indicated by --> and ^.


```python
       1: """Should raise SyntaxError: invalid syntax"""
       2: 
    -->3: a = `1`
              ^

```

I make an effort below to guess what caused the problem
but I might guess incorrectly.

You are using the backquote character.
Either you meant to write a single quote, ', or copied Python 2 code;
in this latter case, use the function `repr(x)`.

---

## Assign to generator expression


```pytb
Traceback (most recent call last):
  File "TESTS:\trb_syntax_common.py", line 42, in create_tracebacks
    mod = __import__(name)
  File "TESTS:\syntax\raise_syntax_error58.py", line 3
    (x for x in x) = 1
    ^
SyntaxError: cannot assign to generator expression

```

A `SyntaxError` occurs when Python cannot understand your code.


Python could not understand the code in the file
'TESTS:\syntax\raise_syntax_error58.py'
beyond the location indicated by --> and ^.


```python
       1: """Should raise SyntaxError: can't [cannot] assign to generator expression"""
       2: 
    -->3: (x for x in x) = 1
          ^

```

On the left-hand side of an equal sign, you have a
generator expression instead of the name of a variable.

---

## Assign to conditional expression


```pytb
Traceback (most recent call last):
  File "TESTS:\trb_syntax_common.py", line 42, in create_tracebacks
    mod = __import__(name)
  File "TESTS:\syntax\raise_syntax_error59.py", line 3
    a if 1 else b = 1
    ^
SyntaxError: cannot assign to conditional expression

```

A `SyntaxError` occurs when Python cannot understand your code.


Python could not understand the code in the file
'TESTS:\syntax\raise_syntax_error59.py'
beyond the location indicated by --> and ^.


```python
       1: """Should raise SyntaxError: can't [cannot] assign to conditional expression"""
       2: 
    -->3: a if 1 else b = 1
          ^

```

On the left-hand side of an equal sign, you have a
conditional expression instead of the name of a variable.
A conditional expression has the following form:

    variable = object if condition else other_object

---

## Name is parameter and nonlocal


```pytb
Traceback (most recent call last):
  File "TESTS:\trb_syntax_common.py", line 42, in create_tracebacks
    mod = __import__(name)
  File "TESTS:\syntax\raise_syntax_error60.py", line 5
    nonlocal x
    ^
SyntaxError: name 'x' is parameter and nonlocal

```

A `SyntaxError` occurs when Python cannot understand your code.


Python could not understand the code in the file
'TESTS:\syntax\raise_syntax_error60.py'
beyond the location indicated by --> and ^.


```python
       2: 
       3: 
       4: def f(x):
    -->5:     nonlocal x
              ^

```

You used `x` as a parameter for a function
before declaring it also as a nonlocal variable:
`x` cannot be both at the same time.

---

## Name is global and nonlocal


```pytb
Traceback (most recent call last):
  File "TESTS:\trb_syntax_common.py", line 42, in create_tracebacks
    mod = __import__(name)
  File "TESTS:\syntax\raise_syntax_error61.py", line 7
    global xy
    ^
SyntaxError: name 'xy' is nonlocal and global

```

A `SyntaxError` occurs when Python cannot understand your code.


Python could not understand the code in the file
'TESTS:\syntax\raise_syntax_error61.py'
beyond the location indicated by --> and ^.


```python
        4: 
        5: 
        6: def f():
    --> 7:     global xy
               ^
        8:     nonlocal xy

```

You declared `xy` as being both a global and nonlocal variable.
A variable can be global, or nonlocal, but not both at the same time.

---

## nonlocal variable not found


```pytb
Traceback (most recent call last):
  File "TESTS:\trb_syntax_common.py", line 42, in create_tracebacks
    mod = __import__(name)
  File "TESTS:\syntax\raise_syntax_error62.py", line 5
    nonlocal ab
    ^
SyntaxError: no binding for nonlocal 'ab' found

```

A `SyntaxError` occurs when Python cannot understand your code.


Python could not understand the code in the file
'TESTS:\syntax\raise_syntax_error62.py'
beyond the location indicated by --> and ^.


```python
       2: 
       3: 
       4: def f():
    -->5:     nonlocal ab
              ^

```

You declared the variable `ab` as being a
nonlocal variable but it cannot be found.

---

## nonlocal variable not found at module level


```pytb
Traceback (most recent call last):
  File "TESTS:\trb_syntax_common.py", line 42, in create_tracebacks
    mod = __import__(name)
  File "TESTS:\syntax\raise_syntax_error63.py", line 4
    nonlocal cd
    ^
SyntaxError: nonlocal declaration not allowed at module level

```

A `SyntaxError` occurs when Python cannot understand your code.


Python could not understand the code in the file
'TESTS:\syntax\raise_syntax_error63.py'
beyond the location indicated by --> and ^.


```python
       1: """Should raise SyntaxError:  nonlocal declaration not allowed at module level"""
       2: 
       3: 
    -->4: nonlocal cd
          ^

```

You used the nonlocal keyword at a module level.
The nonlocal keyword refers to a variable inside a function
given a value outside that function.

---

## Keyword arg only once in function definition


```pytb
Traceback (most recent call last):
  File "TESTS:\trb_syntax_common.py", line 42, in create_tracebacks
    mod = __import__(name)
  File "TESTS:\syntax\raise_syntax_error64.py", line 4
    def f(aa=1, aa=2):
    ^
SyntaxError: duplicate argument 'aa' in function definition

```

A `SyntaxError` occurs when Python cannot understand your code.


Python could not understand the code in the file
'TESTS:\syntax\raise_syntax_error64.py'
beyond the location indicated by --> and ^.


```python
       1: """Should raise SyntaxError: duplicate argument 'aa' in function definition"""
       2: 
       3: 
    -->4: def f(aa=1, aa=2):
          ^
       5:     pass

```

You have defined a function repeating the keyword argument

    aa
twice; each keyword argument should appear only once in a function definition.

---

## Keyword arg only once in function call


```pytb
Traceback (most recent call last):
  File "TESTS:\trb_syntax_common.py", line 42, in create_tracebacks
    mod = __import__(name)
  File "TESTS:\syntax\raise_syntax_error65.py", line 4
    f(ad=1, ad=2)
            ^
SyntaxError: keyword argument repeated

```

A `SyntaxError` occurs when Python cannot understand your code.


Python could not understand the code in the file
'TESTS:\syntax\raise_syntax_error65.py'
beyond the location indicated by --> and ^.


```python
       1: """Should raise SyntaxError:  keyword argument repeated"""
       2: 
       3: 
    -->4: f(ad=1, ad=2)
                  ^

```

You have called a function repeating the same keyword argument.
Each keyword argument should appear only once in a function call.

---

## IndentationError/SyntaxError depending on version


```pytb
Traceback (most recent call last):
  File "TESTS:\trb_syntax_common.py", line 42, in create_tracebacks
    mod = __import__(name)
  File "TESTS:\syntax\raise_syntax_error66.py", line 4
SyntaxError: unexpected EOF while parsing

```

A `SyntaxError` occurs when Python cannot understand your code.


Python could not understand the code in the file
'TESTS:\syntax\raise_syntax_error66.py'
beyond the location indicated by --> and ^.


```python
       1: '''Should raise SyntaxError: unexpected EOF while parsing'''
       2: 
       3: for i in range(10):
    -->4: 
          ^

```

Python tells us that it reached the end of the file
and expected more content.


---

## print is a function 2


```pytb
Traceback (most recent call last):
  File "TESTS:\trb_syntax_common.py", line 42, in create_tracebacks
    mod = __import__(name)
  File "TESTS:\syntax\raise_syntax_error67.py", line 2
    print len('hello')
          ^
SyntaxError: invalid syntax

```

A `SyntaxError` occurs when Python cannot understand your code.


Python could not understand the code in the file
'TESTS:\syntax\raise_syntax_error67.py'
beyond the location indicated by --> and ^.


```python
       1: """Should raise SyntaxError: invalid syntax"""
    -->2: print len('hello')
                ^

```

I make an effort below to guess what caused the problem
but I might guess incorrectly.

In older version of Python, `print` was a keyword.
Now, `print` is a function; you need to use parentheses to call it.

---

## Copy/paste from interpreter


```pytb
Traceback (most recent call last):
  File "TESTS:\trb_syntax_common.py", line 42, in create_tracebacks
    mod = __import__(name)
  File "TESTS:\syntax\raise_syntax_error68.py", line 2
    >>> print("Hello World!")
    ^
SyntaxError: invalid syntax

```

Did you use copy-paste?



A `SyntaxError` occurs when Python cannot understand your code.


Python could not understand the code in the file
'TESTS:\syntax\raise_syntax_error68.py'
beyond the location indicated by --> and ^.


```python
       1: """Should raise SyntaxError: invalid syntax"""
    -->2: >>> print("Hello World!")
          ^

```

I make an effort below to guess what caused the problem
but I might guess incorrectly.

It looks like you copy-pasted code from an interactive interpreter.
The Python prompt, `>>>`, should not be included in your code.

---

## Using pip from interpreter


```pytb
Traceback (most recent call last):
  File "TESTS:\trb_syntax_common.py", line 42, in create_tracebacks
    mod = __import__(name)
  File "TESTS:\syntax\raise_syntax_error69.py", line 2
    pip install friendly
        ^
SyntaxError: invalid syntax

```

Pip cannot be used in a Python interpreter.



A `SyntaxError` occurs when Python cannot understand your code.


Python could not understand the code in the file
'TESTS:\syntax\raise_syntax_error69.py'
beyond the location indicated by --> and ^.


```python
       1: """Should raise SyntaxError: invalid syntax"""
    -->2: pip install friendly
              ^

```

I make an effort below to guess what caused the problem
but I might guess incorrectly.

It looks as if you are attempting to use pip to install a module.
`pip` is a command that needs to run in a terminal,
not from a Python interpreter.

---

## Using pip from interpreter 2


```pytb
Traceback (most recent call last):
  File "TESTS:\trb_syntax_common.py", line 42, in create_tracebacks
    mod = __import__(name)
  File "TESTS:\syntax\raise_syntax_error70.py", line 2
    python -m pip install friendly
              ^
SyntaxError: invalid syntax

```

Pip cannot be used in a Python interpreter.



A `SyntaxError` occurs when Python cannot understand your code.


Python could not understand the code in the file
'TESTS:\syntax\raise_syntax_error70.py'
beyond the location indicated by --> and ^.


```python
       1: """Should raise SyntaxError: invalid syntax"""
    -->2: python -m pip install friendly
                    ^

```

I make an effort below to guess what caused the problem
but I might guess incorrectly.

It looks as if you are attempting to use pip to install a module.
`pip` is a command that needs to run in a terminal,
not from a Python interpreter.

---

## Dot followed by parenthesis


```pytb
Traceback (most recent call last):
  File "TESTS:\trb_syntax_common.py", line 42, in create_tracebacks
    mod = __import__(name)
  File "TESTS:\syntax\raise_syntax_error71.py", line 2
    print(len.('hello'))
              ^
SyntaxError: invalid syntax

```

A `SyntaxError` occurs when Python cannot understand your code.


Python could not understand the code in the file
'TESTS:\syntax\raise_syntax_error71.py'
beyond the location indicated by --> and ^.


```python
       1: """Should raise SyntaxError: invalid syntax"""
    -->2: print(len.('hello'))
                    ^

```

I make an effort below to guess what caused the problem
but I might guess incorrectly.

You cannot have a dot `.` followed by `(`.

---

## Cannot assign to f-string


```pytb
Traceback (most recent call last):
  File "TESTS:\trb_syntax_common.py", line 42, in create_tracebacks
    mod = __import__(name)
  File "TESTS:\syntax\raise_syntax_error72.py", line 6
    f'{x}' = 42
    ^
SyntaxError: cannot assign to f-string expression

```

A `SyntaxError` occurs when Python cannot understand your code.


Python could not understand the code in the file
'TESTS:\syntax\raise_syntax_error72.py'
beyond the location indicated by --> and ^.


```python
       3: Python >= 3.8: SyntaxError: cannot assign to f-string expression
       4: """
       5: 
    -->6: f'{x}' = 42
          ^

```

You wrote an expression that has an f-string
on the left-hand side of the equal sign.
An f-string should only appear on the right-hand side of the equal sign.

---

## Raising multiple exceptions


```pytb
Traceback (most recent call last):
  File "TESTS:\trb_syntax_common.py", line 42, in create_tracebacks
    mod = __import__(name)
  File "TESTS:\syntax\raise_syntax_error73.py", line 2
    raise X, Y
           ^
SyntaxError: invalid syntax

```

A `SyntaxError` occurs when Python cannot understand your code.


Python could not understand the code in the file
'TESTS:\syntax\raise_syntax_error73.py'
beyond the location indicated by --> and ^.


```python
       1: """Should raise SyntaxError: invalid syntax"""
    -->2: raise X, Y
                 ^

```

I make an effort below to guess what caused the problem
but I might guess incorrectly.

It looks like you are trying to raise an exception using Python 2 syntax.

---

## Parenthesis around generator expression


```pytb
Traceback (most recent call last):
  File "TESTS:\trb_syntax_common.py", line 42, in create_tracebacks
    mod = __import__(name)
  File "TESTS:\syntax\raise_syntax_error74.py", line 6
    f(x for x in L, 1)
      ^
SyntaxError: Generator expression must be parenthesized

```

A `SyntaxError` occurs when Python cannot understand your code.


Python could not understand the code in the file
'TESTS:\syntax\raise_syntax_error74.py'
beyond the location indicated by --> and ^.


```python
       3:     return list(it)
       4: 
       5: L = range(10)
    -->6: f(x for x in L, 1)
            ^

```

You are using a generator expression, something of the form
    `x for x in thing`
You must add parentheses enclosing that expression.

---

## Invalid character (bad quote)


```pytb
Traceback (most recent call last):
  File "TESTS:\trb_syntax_common.py", line 42, in create_tracebacks
    mod = __import__(name)
  File "TESTS:\syntax\raise_syntax_error75.py", line 3
    a = Â« hello Â»
        ^
SyntaxError: invalid character in identifier

```

Did you mean to use a normal quote character, `'` or `"`?



A `SyntaxError` occurs when Python cannot understand your code.


Python could not understand the code in the file
'TESTS:\syntax\raise_syntax_error75.py'
beyond the location indicated by --> and ^.


```python
       1: """Should raise SyntaxError: invalid character in identifier for Python <=3.8
       2:    and  SyntaxError: invalid character 'Â«' (U+00AB) in Python 3.9"""
    -->3: a = Â« hello Â»
              ^

```

Python indicates that you used some unicode characters not allowed
as part of a variable name; this includes many emojis.
However, I suspect that you used a fancy unicode quotation mark
instead of a normal single or double quote for a string.
This can happen if you copy-pasted code.


---

## Single = instead of double == with if


```pytb
Traceback (most recent call last):
  File "TESTS:\trb_syntax_common.py", line 42, in create_tracebacks
    mod = __import__(name)
  File "TESTS:\syntax\raise_syntax_error76.py", line 3
    if i % 2 = 0:
             ^
SyntaxError: invalid syntax

```

Perhaps you needed `==` instead of `=`.



A `SyntaxError` occurs when Python cannot understand your code.


Python could not understand the code in the file
'TESTS:\syntax\raise_syntax_error76.py'
beyond the location indicated by --> and ^.


```python
       1: """Should raise SyntaxError: invalid syntax"""
       2: for i in range(101):
    -->3:     if i % 2 = 0:
                       ^
       4:         print(i)

```

I make an effort below to guess what caused the problem
but I might guess incorrectly.

You used an assignment operator `=` instead of an equality operator `==` 
with an `if` statement.

---

## Single = instead of double == with elif


```pytb
Traceback (most recent call last):
  File "TESTS:\trb_syntax_common.py", line 42, in create_tracebacks
    mod = __import__(name)
  File "TESTS:\syntax\raise_syntax_error77.py", line 5
    elif i % 2 = 0:
               ^
SyntaxError: invalid syntax

```

Perhaps you needed `==` instead of `=`.



A `SyntaxError` occurs when Python cannot understand your code.


Python could not understand the code in the file
'TESTS:\syntax\raise_syntax_error77.py'
beyond the location indicated by --> and ^.


```python
       2: for i in range(101):
       3:     if False:
       4:         pass
    -->5:     elif i % 2 = 0:
                         ^
       6:         print(i)

```

I make an effort below to guess what caused the problem
but I might guess incorrectly.

You used an assignment operator `=` instead of an equality operator `==` 
with an `elif` statement.

---

## Single = instead of double == with while


```pytb
Traceback (most recent call last):
  File "TESTS:\trb_syntax_common.py", line 42, in create_tracebacks
    mod = __import__(name)
  File "TESTS:\syntax\raise_syntax_error78.py", line 4
    while a = 1:
            ^
SyntaxError: invalid syntax

```

Perhaps you needed `==` or `:=` instead of `=`.



A `SyntaxError` occurs when Python cannot understand your code.


Python could not understand the code in the file
'TESTS:\syntax\raise_syntax_error78.py'
beyond the location indicated by --> and ^.


```python
       1: """Should raise SyntaxError: invalid syntax"""
       2: a = 1
       3: 
    -->4: while a = 1:
                  ^
       5:     a = 2

```

I make an effort below to guess what caused the problem
but I might guess incorrectly.

You used an assignment operator `=`; perhaps you meant to use 
an equality operator, `==`, or the walrus operator `:=`.

---

## Forgot a comma in an f-string


```pytb
Traceback (most recent call last):
  File "TESTS:\trb_syntax_common.py", line 42, in create_tracebacks
    mod = __import__(name)
  File "<fstring>", line 1
    (x y)
       ^
SyntaxError: invalid syntax

```

Did you forget something between `x` and `y`?



A `SyntaxError` occurs when Python cannot understand your code.


Python could not understand the code in the file
'<fstring>'
beyond the location indicated by --> and ^.


```python
    -->1: (x y)
             ^

```

I make an effort below to guess what caused the problem
but I might guess incorrectly.

Python indicates that the error is caused by `y` written just after `x`.
Perhaps you forgot a comma or an operator, like `+`, `*`, `in`, etc., between `x` and `y`.

---

## Valid names cannot begin with a number


```pytb
Traceback (most recent call last):
  File "TESTS:\trb_syntax_common.py", line 42, in create_tracebacks
    mod = __import__(name)
  File "TESTS:\syntax\raise_syntax_error80.py", line 3
    36abc = 3
      ^
SyntaxError: invalid syntax

```

Valid names cannot begin with a number.



A `SyntaxError` occurs when Python cannot understand your code.


Python could not understand the code in the file
'TESTS:\syntax\raise_syntax_error80.py'
beyond the location indicated by --> and ^.


```python
       1: """Should raise SyntaxError: invalid syntax"""
       2: 
    -->3: 36abc = 3
            ^

```

I make an effort below to guess what caused the problem
but I might guess incorrectly.

Valid names cannot begin with a number.

---

## Unclosed parenthesis - 3


```pytb
Traceback (most recent call last):
  File "TESTS:\trb_syntax_common.py", line 42, in create_tracebacks
    mod = __import__(name)
  File "TESTS:\syntax\raise_syntax_error81.py", line 7
    if 2:
        ^
SyntaxError: invalid syntax

```

A `SyntaxError` occurs when Python cannot understand your code.


Python could not understand the code in the file
'TESTS:\syntax\raise_syntax_error81.py'
beyond the location indicated by --> and ^.


```python
        4:     if 1:
        5:         print(((123))
        6: 
    --> 7: if 2:
               ^
        8:     print(123))

```

I make an effort below to guess what caused the problem
but I might guess incorrectly.

The opening parenthesis `(` on line 5 is not closed.

    5:         print(((123))
                    |

---

## Forgot a multiplication operator


```pytb
Traceback (most recent call last):
  File "TESTS:\trb_syntax_common.py", line 42, in create_tracebacks
    mod = __import__(name)
  File "TESTS:\syntax\raise_syntax_error82.py", line 3
    tau = 2pi
           ^
SyntaxError: invalid syntax

```

Perhaps you forgot a multiplication operator, `2 * pi`.



A `SyntaxError` occurs when Python cannot understand your code.


Python could not understand the code in the file
'TESTS:\syntax\raise_syntax_error82.py'
beyond the location indicated by --> and ^.


```python
       1: """Should raise SyntaxError: invalid syntax"""
       2: 
    -->3: tau = 2pi
                 ^

```

I make an effort below to guess what caused the problem
but I might guess incorrectly.

Valid names cannot begin with a number.
Perhaps you forgot a multiplication operator, `2 * pi`.

---

## Space between names


```pytb
Traceback (most recent call last):
  File "TESTS:\trb_syntax_common.py", line 42, in create_tracebacks
    mod = __import__(name)
  File "TESTS:\syntax\raise_syntax_error83.py", line 4
    a-b = 2
    ^
SyntaxError: cannot assign to operator

```

Did you mean `a_b`?



A `SyntaxError` occurs when Python cannot understand your code.


Python could not understand the code in the file
'TESTS:\syntax\raise_syntax_error83.py'
beyond the location indicated by --> and ^.


```python
       1: """Should raise SyntaxError: can't assign to operator
       2: or (Python 3.8) cannot assign to operator"""
       3: 
    -->4: a-b = 2
          ^

```

You wrote an expression that includes some mathematical operations
on the left-hand side of the equal sign which should be
only used to assign a value to a variable.
Perhaps you meant to write `a_b` instead of `a-b`

---

## Cannot use star operator


```pytb
Traceback (most recent call last):
  File "TESTS:\trb_syntax_common.py", line 42, in create_tracebacks
    mod = __import__(name)
  File "TESTS:\syntax\raise_syntax_error84.py", line 3
    *a
    ^
SyntaxError: can't use starred expression here

```

A `SyntaxError` occurs when Python cannot understand your code.


Python could not understand the code in the file
'TESTS:\syntax\raise_syntax_error84.py'
beyond the location indicated by --> and ^.


```python
       1: """Should raise SyntaxError: can't use starred expression here"""
       2: 
    -->3: *a
          ^

```

The star operator `*` is interpreted to mean that
iterable unpacking is to be used to assign a name
to each item of an iterable, which does not make sense here.

---

## Cannot use double star operator


```pytb
Traceback (most recent call last):
  File "TESTS:\trb_syntax_common.py", line 42, in create_tracebacks
    mod = __import__(name)
  File "<fstring>", line 1
    (**k)
     ^
SyntaxError: invalid syntax

```

A `SyntaxError` occurs when Python cannot understand your code.


Python could not understand the code in the file
'<fstring>'
beyond the location indicated by --> and ^.


```python
    -->1: (**k)
           ^

```

I make an effort below to guess what caused the problem
but I might guess incorrectly.

The double star operator `**` is likely interpreted to mean that
dict unpacking is to be used which does not make sense here.

---

## Cannot use return outside function


```pytb
Traceback (most recent call last):
  File "TESTS:\trb_syntax_common.py", line 42, in create_tracebacks
    mod = __import__(name)
  File "TESTS:\syntax\raise_syntax_error86.py", line 3
    return
    ^
SyntaxError: 'return' outside function

```

A `SyntaxError` occurs when Python cannot understand your code.


Python could not understand the code in the file
'TESTS:\syntax\raise_syntax_error86.py'
beyond the location indicated by --> and ^.


```python
       1: """Should raise SyntaxError: 'return' outside function"""
       2: 
    -->3: return
          ^

```

You can only use a `return` statement inside a function or method.

---

## Too many nested blocks


```pytb
Traceback (most recent call last):
  File "TESTS:\trb_syntax_common.py", line 42, in create_tracebacks
    mod = __import__(name)
  File "None", line None
SyntaxError: too many statically nested blocks

```

Seriously?



A `SyntaxError` occurs when Python cannot understand your code.


You cannot be serious!

In case this is a mistake in a real program, please
consider reducing the number of nested code blocks.

---

## Named arguments must follow bare *


```pytb
Traceback (most recent call last):
  File "TESTS:\trb_syntax_common.py", line 42, in create_tracebacks
    mod = __import__(name)
  File "TESTS:\syntax\raise_syntax_error88.py", line 4
    def f(*):
          ^
SyntaxError: named arguments must follow bare *

```

Did you forget something after `*`?



A `SyntaxError` occurs when Python cannot understand your code.


Python could not understand the code in the file
'TESTS:\syntax\raise_syntax_error88.py'
beyond the location indicated by --> and ^.


```python
       1: # SyntaxError: named arguments must follow bare *
       2: 
       3: 
    -->4: def f(*):
                ^
       5:     pass

```

Assuming you were defining a function, you need
to replace `*` by either `*arguments` or
by `*, named_argument=value`.

---

## use j instead of i


```pytb
Traceback (most recent call last):
  File "TESTS:\trb_syntax_common.py", line 42, in create_tracebacks
    mod = __import__(name)
  File "TESTS:\syntax\raise_syntax_error89.py", line 3
    a = 3.0i
           ^
SyntaxError: invalid syntax

```

Did you mean `3.0j`?



A `SyntaxError` occurs when Python cannot understand your code.


Python could not understand the code in the file
'TESTS:\syntax\raise_syntax_error89.py'
beyond the location indicated by --> and ^.


```python
       1: # SyntaxError: invalid syntax
       2: 
    -->3: a = 3.0i
                 ^

```

I make an effort below to guess what caused the problem
but I might guess incorrectly.

Valid names cannot begin with a number.
Perhaps you thought that `i` could be used to represent
the square root of -1. In Python, `j` (or `1j`) is used for this
and perhaps you meant to write `3.0j`.

---

## Do not import * from __future__


```pytb
Traceback (most recent call last):
  File "TESTS:\trb_syntax_common.py", line 42, in create_tracebacks
    mod = __import__(name)
  File "TESTS:\syntax\raise_syntax_error90.py", line 1
    from __future__ import *
    ^
SyntaxError: future feature * is not defined

```

A `SyntaxError` occurs when Python cannot understand your code.


Python could not understand the code in the file
'TESTS:\syntax\raise_syntax_error90.py'
beyond the location indicated by --> and ^.


```python
    -->1: from __future__ import *
          ^

```

When using a `from __future__ import` statement,
you must import specific named features.

The available features are `nested_scopes, generators, division, absolute_import, with_statement, print_function, unicode_literals, barry_as_FLUFL, generator_stop, annotations`.

---

## Typo in __future__


```pytb
Traceback (most recent call last):
  File "TESTS:\trb_syntax_common.py", line 42, in create_tracebacks
    mod = __import__(name)
  File "TESTS:\syntax\raise_syntax_error91.py", line 1
    from __future__ import divisio
    ^
SyntaxError: future feature divisio is not defined

```

Did you mean `division`?



A `SyntaxError` occurs when Python cannot understand your code.


Python could not understand the code in the file
'TESTS:\syntax\raise_syntax_error91.py'
beyond the location indicated by --> and ^.


```python
    -->1: from __future__ import divisio
          ^

```

Instead of `divisio`, perhaps you meant to import `division`.

---

## Unkown feature in __future__


```pytb
Traceback (most recent call last):
  File "TESTS:\trb_syntax_common.py", line 42, in create_tracebacks
    mod = __import__(name)
  File "TESTS:\syntax\raise_syntax_error92.py", line 1
    from __future__ import something
    ^
SyntaxError: future feature something is not defined

```

A `SyntaxError` occurs when Python cannot understand your code.


Python could not understand the code in the file
'TESTS:\syntax\raise_syntax_error92.py'
beyond the location indicated by --> and ^.


```python
    -->1: from __future__ import something
          ^

```

`something` is not a valid feature of module `__future__`.

The available features are `nested_scopes, generators, division, absolute_import, with_statement, print_function, unicode_literals, barry_as_FLUFL, generator_stop, annotations`.

---

## Not a chance!


```pytb
Traceback (most recent call last):
  File "TESTS:\trb_syntax_common.py", line 42, in create_tracebacks
    mod = __import__(name)
  File "TESTS:\syntax\raise_syntax_error93.py", line 1
    from __future__ import braces
    ^
SyntaxError: not a chance

```

A `SyntaxError` occurs when Python cannot understand your code.


Python could not understand the code in the file
'TESTS:\syntax\raise_syntax_error93.py'
beyond the location indicated by --> and ^.


```python
    -->1: from __future__ import braces
          ^

```

I suspect you wrote `from __future__ import braces` following
someone else's suggestion. This will never work.

Unlike other programming languages, Python's code block are defined by
their indentation level, and not by using some curly braces, like `{...}`.

---

## __future__ at beginning


```pytb
Traceback (most recent call last):
  File "TESTS:\trb_syntax_common.py", line 42, in create_tracebacks
    mod = __import__(name)
  File "TESTS:\syntax\raise_syntax_error94.py", line 3
    from __future__ import generators
    ^
SyntaxError: from __future__ imports must occur at the beginning of the file

```

A `SyntaxError` occurs when Python cannot understand your code.


Python could not understand the code in the file
'TESTS:\syntax\raise_syntax_error94.py'
beyond the location indicated by --> and ^.


```python
       1: 
       2: def fn():
    -->3:     from __future__ import generators
              ^

```

A `from __future__ import` statement changes the way Python
interprets the code in a file.
It must appear at the beginning of the file.
