

<!DOCTYPE html>
<html class="writer-html5" lang="en" >
<head>
  <meta charset="utf-8">
  
  <meta name="viewport" content="width=device-width, initial-scale=1.0">
  
  <title>Friendly SyntaxError tracebacks - en Français &mdash; Friendly tracebacks 0.2.14a documentation</title>
  

  
  <link rel="stylesheet" href="_static/css/theme.css" type="text/css" />
  <link rel="stylesheet" href="_static/pygments.css" type="text/css" />
  <link rel="stylesheet" href="_static/custom.css" type="text/css" />

  
  
  
  

  
  <!--[if lt IE 9]>
    <script src="_static/js/html5shiv.min.js"></script>
  <![endif]-->
  
    
      <script type="text/javascript" id="documentation_options" data-url_root="./" src="_static/documentation_options.js"></script>
        <script src="_static/jquery.js"></script>
        <script src="_static/underscore.js"></script>
        <script src="_static/doctools.js"></script>
        <script src="_static/language_data.js"></script>
    
    <script type="text/javascript" src="_static/js/theme.js"></script>

    
    <link rel="index" title="Index" href="genindex.html" />
    <link rel="search" title="Search" href="search.html" />
    <link rel="prev" title="Friendly tracebacks - en Français" href="tracebacks_fr.html" /> 
</head>

<body class="wy-body-for-nav">

   
  <div class="wy-grid-for-nav">
    
    <nav data-toggle="wy-nav-shift" class="wy-nav-side">
      <div class="wy-side-scroll">
        <div class="wy-side-nav-search" >
          

          
            <a href="index.html" class="icon icon-home" alt="Documentation Home"> Friendly tracebacks
          

          
          </a>

          
            
            
              <div class="version">
                0.2.14a
              </div>
            
          

          
<div role="search">
  <form id="rtd-search-form" class="wy-form" action="search.html" method="get">
    <input type="text" name="q" placeholder="Search docs" />
    <input type="hidden" name="check_keywords" value="yes" />
    <input type="hidden" name="area" value="default" />
  </form>
</div>

          
        </div>

        
        <div class="wy-menu wy-menu-vertical" data-spy="affix" role="navigation" aria-label="main navigation">
          
            
            
              
            
            
              <p class="caption"><span class="caption-text">Begin here</span></p>
<ul>
<li class="toctree-l1"><a class="reference internal" href="usage.html">Installation and basic usage</a></li>
<li class="toctree-l1"><a class="reference internal" href="repl.html">Console basics</a></li>
<li class="toctree-l1"><a class="reference internal" href="editor.html">Using with an editor or IDE</a></li>
<li class="toctree-l1"><a class="reference internal" href="mu.html">Using with Mu</a></li>
<li class="toctree-l1"><a class="reference internal" href="thonny.html">Using with Thonny</a></li>
<li class="toctree-l1"><a class="reference internal" href="ipython.html">IPython and Jupyter notebooks</a></li>
<li class="toctree-l1"><a class="reference internal" href="tracebacks.html">Multiple tracebacks</a></li>
</ul>
<p class="caption"><span class="caption-text">Thoughts on design</span></p>
<ul>
<li class="toctree-l1"><a class="reference internal" href="design.html">Some thoughts on the design of Friendly-traceback</a></li>
<li class="toctree-l1"><a class="reference internal" href="themes.html">Themes and colours</a></li>
</ul>
<p class="caption"><span class="caption-text">Use in your project</span></p>
<ul>
<li class="toctree-l1"><a class="reference internal" href="lies.html">Learn to lie</a></li>
<li class="toctree-l1"><a class="reference internal" href="api.html">Public API</a></li>
<li class="toctree-l1"><a class="reference internal" href="formatter.html">Custom formatter</a></li>
<li class="toctree-l1"><a class="reference internal" href="usage_adv.html">Other details for advanced users</a></li>
<li class="toctree-l1"><a class="reference internal" href="plugins.html">Editor plugins</a></li>
</ul>
<p class="caption"><span class="caption-text">Contribute</span></p>
<ul>
<li class="toctree-l1"><a class="reference internal" href="suggest.html">Suggest an addition</a></li>
<li class="toctree-l1"><a class="reference internal" href="adding_exception.html">Developer: Add a new Exception case</a></li>
<li class="toctree-l1"><a class="reference internal" href="syntax_error.html">Developer: Add a new SyntaxError case</a></li>
<li class="toctree-l1"><a class="reference internal" href="translation_notes.html">Notes on translations - using gettext</a></li>
</ul>
<p class="caption"><span class="caption-text">All the tracebacks!</span></p>
<ul>
<li class="toctree-l1"><a class="reference internal" href="known.html">Generic information about various exceptions</a></li>
<li class="toctree-l1"><a class="reference internal" href="tracebacks_en_3.6.html">Friendly tracebacks - Python 3.6 in English</a></li>
<li class="toctree-l1"><a class="reference internal" href="syntax_tracebacks_en_3.6.html">SyntaxError - Python 3.6 in English</a></li>
<li class="toctree-l1"><a class="reference internal" href="tracebacks_en_3.7.html">Friendly tracebacks - Python 3.7 in English</a></li>
<li class="toctree-l1"><a class="reference internal" href="syntax_tracebacks_en_3.7.html">SyntaxError - Python 3.7 in English</a></li>
<li class="toctree-l1"><a class="reference internal" href="tracebacks_en_3.8.html">Friendly tracebacks - Python 3.8 in English</a></li>
<li class="toctree-l1"><a class="reference internal" href="syntax_tracebacks_en_3.8.html">SyntaxError - Python 3.8 in English</a></li>
<li class="toctree-l1"><a class="reference internal" href="tracebacks_en_3.9.html">Friendly tracebacks - Python 3.9 in English</a></li>
<li class="toctree-l1"><a class="reference internal" href="syntax_tracebacks_en_3.9.html">SyntaxError - Python 3.9 in English</a></li>
<li class="toctree-l1"><a class="reference internal" href="tracebacks_en_3.10.html">Friendly tracebacks - Python 3.10 in English</a></li>
<li class="toctree-l1"><a class="reference internal" href="syntax_tracebacks_en_3.10.html">SyntaxError - Python 3.10 in English</a></li>
<li class="toctree-l1"><a class="reference internal" href="compare_exceptions.html">Comparing Exception messages between Python versions</a></li>
<li class="toctree-l1"><a class="reference internal" href="compare.html">Comparison between Python versions: SyntaxErrors</a></li>
</ul>
<p class="caption"><span class="caption-text">Markdown examples</span></p>
<ul>
<li class="toctree-l1"><a class="reference internal" href="tracebacks_markdown.html">Friendly tracebacks - markdown_docs format</a></li>
<li class="toctree-l1"><a class="reference internal" href="tracebacks_syntax_markdown.html">Syntax errors - markdown_docs format</a></li>
</ul>
<p class="caption"><span class="caption-text">En français</span></p>
<ul class="current">
<li class="toctree-l1"><a class="reference internal" href="tracebacks_fr.html"> Friendly tracebacks - en Français</a></li>
<li class="toctree-l1 current"><a class="current reference internal" href="#"> Friendly SyntaxError tracebacks - en Français</a><ul>
<li class="toctree-l2"><a class="reference internal" href="#indentationerror-expected-an-indented-block">IndentationError: expected an indented block</a></li>
<li class="toctree-l2"><a class="reference internal" href="#indentationerror-unexpected-indent">IndentationError: unexpected indent</a></li>
<li class="toctree-l2"><a class="reference internal" href="#indentationerror-unindent-does-not-match">IndentationError: unindent does not match …</a></li>
<li class="toctree-l2"><a class="reference internal" href="#taberror">TabError</a></li>
<li class="toctree-l2"><a class="reference internal" href="#assign-to-keyword">Assign to keyword</a></li>
<li class="toctree-l2"><a class="reference internal" href="#missing-colon-if">Missing colon - if</a></li>
<li class="toctree-l2"><a class="reference internal" href="#missing-colon-while">Missing colon - while</a></li>
<li class="toctree-l2"><a class="reference internal" href="#write-elif-not-else-if">Write elif, not else if</a></li>
<li class="toctree-l2"><a class="reference internal" href="#write-elif-not-elseif">Write elif, not elseif</a></li>
<li class="toctree-l2"><a class="reference internal" href="#malformed-def-statment-1">Malformed def statment - 1</a></li>
<li class="toctree-l2"><a class="reference internal" href="#malformed-def-statment-2">Malformed def statment - 2</a></li>
<li class="toctree-l2"><a class="reference internal" href="#malformed-def-statment-3">Malformed def statment - 3</a></li>
<li class="toctree-l2"><a class="reference internal" href="#cannot-assign-to-literal-1">Cannot assign to literal - 1</a></li>
<li class="toctree-l2"><a class="reference internal" href="#cannot-assign-to-literal-2">Cannot assign to literal - 2</a></li>
<li class="toctree-l2"><a class="reference internal" href="#inversion-import-x-from-y">Inversion: import X from Y</a></li>
<li class="toctree-l2"><a class="reference internal" href="#eol-while-scanning-string-literal">EOL while scanning string literal</a></li>
<li class="toctree-l2"><a class="reference internal" href="#assignment-to-keyword-none">Assignment to keyword (None)</a></li>
<li class="toctree-l2"><a class="reference internal" href="#assignment-to-keyword-debug">Assignment to keyword (__debug__)</a></li>
<li class="toctree-l2"><a class="reference internal" href="#unmatched-closing-parenthesis">Unmatched closing parenthesis</a></li>
<li class="toctree-l2"><a class="reference internal" href="#unclosed-parenthesis-1">Unclosed parenthesis - 1</a></li>
<li class="toctree-l2"><a class="reference internal" href="#unclosed-parenthesis-2">Unclosed parenthesis - 2</a></li>
<li class="toctree-l2"><a class="reference internal" href="#mismatched-brackets-1">Mismatched brackets - 1</a></li>
<li class="toctree-l2"><a class="reference internal" href="#mismatched-brackets-2">Mismatched brackets - 2</a></li>
<li class="toctree-l2"><a class="reference internal" href="#print-is-a-function">print is a function</a></li>
<li class="toctree-l2"><a class="reference internal" href="#python-keyword-as-function-name">Python keyword as function name</a></li>
<li class="toctree-l2"><a class="reference internal" href="#break-outside-loop">break outside loop</a></li>
<li class="toctree-l2"><a class="reference internal" href="#continue-outside-loop">continue outside loop</a></li>
<li class="toctree-l2"><a class="reference internal" href="#quote-inside-a-string">Quote inside a string</a></li>
<li class="toctree-l2"><a class="reference internal" href="#missing-comma-in-a-dict">Missing comma in a dict</a></li>
<li class="toctree-l2"><a class="reference internal" href="#missing-comma-in-a-set">Missing comma in a set</a></li>
<li class="toctree-l2"><a class="reference internal" href="#missing-comma-in-a-list">Missing comma in a list</a></li>
<li class="toctree-l2"><a class="reference internal" href="#missing-comma-in-a-tuple">Missing comma in a tuple</a></li>
<li class="toctree-l2"><a class="reference internal" href="#missing-comma-between-function-args">Missing comma between function args</a></li>
<li class="toctree-l2"><a class="reference internal" href="#cannot-assign-to-function-call-1">Cannot assign to function call - 1</a></li>
<li class="toctree-l2"><a class="reference internal" href="#cannot-assign-to-function-call-2">Cannot assign to function call - 2</a></li>
<li class="toctree-l2"><a class="reference internal" href="#used-equal-sign-instead-of-colon">Used equal sign instead of colon</a></li>
<li class="toctree-l2"><a class="reference internal" href="#non-default-argument-follows-default-argument">Non-default argument follows default argument</a></li>
<li class="toctree-l2"><a class="reference internal" href="#positional-argument-follows-keyword-argument">Positional argument follows keyword argument</a></li>
<li class="toctree-l2"><a class="reference internal" href="#f-string-unterminated-string">f-string: unterminated string</a></li>
<li class="toctree-l2"><a class="reference internal" href="#unclosed-bracket">Unclosed bracket</a></li>
<li class="toctree-l2"><a class="reference internal" href="#unexpected-eof-while-parsing">Unexpected EOF while parsing</a></li>
<li class="toctree-l2"><a class="reference internal" href="#name-is-parameter-and-global">Name is parameter and global</a></li>
<li class="toctree-l2"><a class="reference internal" href="#keyword-as-attribute">Keyword as attribute</a></li>
<li class="toctree-l2"><a class="reference internal" href="#content-passed-continuation-line-character">Content passed continuation line character</a></li>
<li class="toctree-l2"><a class="reference internal" href="#keyword-can-t-be-an-expression">Keyword can’t be an expression</a></li>
<li class="toctree-l2"><a class="reference internal" href="#invalid-character-in-identifier">Invalid character in identifier</a></li>
<li class="toctree-l2"><a class="reference internal" href="#keyword-cannot-be-argument-in-def-1">Keyword cannot be argument in def - 1</a></li>
<li class="toctree-l2"><a class="reference internal" href="#keyword-cannot-be-argument-in-def-2">Keyword cannot be argument in def - 2</a></li>
<li class="toctree-l2"><a class="reference internal" href="#keyword-cannot-be-argument-in-def-3">Keyword cannot be argument in def - 3</a></li>
<li class="toctree-l2"><a class="reference internal" href="#keyword-cannot-be-argument-in-def-4">Keyword cannot be argument in def - 4</a></li>
<li class="toctree-l2"><a class="reference internal" href="#delete-function-call">Delete function call</a></li>
<li class="toctree-l2"><a class="reference internal" href="#name-assigned-prior-to-global-declaration">Name assigned prior to global declaration</a></li>
<li class="toctree-l2"><a class="reference internal" href="#name-used-prior-to-global-declaration">Name used prior to global declaration</a></li>
<li class="toctree-l2"><a class="reference internal" href="#name-used-prior-to-nonlocal-declaration">Name used prior to nonlocal declaration</a></li>
<li class="toctree-l2"><a class="reference internal" href="#name-assigned-prior-to-nonlocal-declaration">Name assigned prior to nonlocal declaration</a></li>
<li class="toctree-l2"><a class="reference internal" href="#cannot-assign-to-literal-3">Cannot assign to literal - 3</a></li>
<li class="toctree-l2"><a class="reference internal" href="#cannot-assign-to-literal-4">Cannot assign to literal - 4</a></li>
<li class="toctree-l2"><a class="reference internal" href="#cannot-assign-to-literal-5">Cannot assign to literal - 5</a></li>
<li class="toctree-l2"><a class="reference internal" href="#walrus-named-assignment-depending-on-python-version">Walrus/Named assignment depending on Python version</a></li>
<li class="toctree-l2"><a class="reference internal" href="#named-assignment-with-python-constant">Named assignment with Python constant</a></li>
<li class="toctree-l2"><a class="reference internal" href="#using-the-backquote-character">Using the backquote character</a></li>
<li class="toctree-l2"><a class="reference internal" href="#assign-to-generator-expression">Assign to generator expression</a></li>
<li class="toctree-l2"><a class="reference internal" href="#assign-to-conditional-expression">Assign to conditional expression</a></li>
<li class="toctree-l2"><a class="reference internal" href="#name-is-parameter-and-nonlocal">Name is parameter and nonlocal</a></li>
<li class="toctree-l2"><a class="reference internal" href="#name-is-global-and-nonlocal">Name is global and nonlocal</a></li>
<li class="toctree-l2"><a class="reference internal" href="#nonlocal-variable-not-found">nonlocal variable not found</a></li>
<li class="toctree-l2"><a class="reference internal" href="#nonlocal-variable-not-found-at-module-level">nonlocal variable not found at module level</a></li>
<li class="toctree-l2"><a class="reference internal" href="#keyword-arg-only-once-in-function-definition">Keyword arg only once in function definition</a></li>
<li class="toctree-l2"><a class="reference internal" href="#keyword-arg-only-once-in-function-call">Keyword arg only once in function call</a></li>
<li class="toctree-l2"><a class="reference internal" href="#indentationerror-syntaxerror-depending-on-version">IndentationError/SyntaxError depending on version</a></li>
<li class="toctree-l2"><a class="reference internal" href="#print-is-a-function-2">print is a function 2</a></li>
<li class="toctree-l2"><a class="reference internal" href="#copy-paste-from-interpreter">Copy/paste from interpreter</a></li>
<li class="toctree-l2"><a class="reference internal" href="#using-pip-from-interpreter">Using pip from interpreter</a></li>
<li class="toctree-l2"><a class="reference internal" href="#using-pip-from-interpreter-2">Using pip from interpreter 2</a></li>
<li class="toctree-l2"><a class="reference internal" href="#dot-followed-by-parenthesis">Dot followed by parenthesis</a></li>
<li class="toctree-l2"><a class="reference internal" href="#cannot-assign-to-f-string">Cannot assign to f-string</a></li>
<li class="toctree-l2"><a class="reference internal" href="#raising-multiple-exceptions">Raising multiple exceptions</a></li>
<li class="toctree-l2"><a class="reference internal" href="#parenthesis-around-generator-expression">Parenthesis around generator expression</a></li>
<li class="toctree-l2"><a class="reference internal" href="#invalid-character-bad-quote">Invalid character (bad quote)</a></li>
<li class="toctree-l2"><a class="reference internal" href="#single-instead-of-double-with-if">Single = instead of double == with if</a></li>
<li class="toctree-l2"><a class="reference internal" href="#single-instead-of-double-with-elif">Single = instead of double == with elif</a></li>
<li class="toctree-l2"><a class="reference internal" href="#single-instead-of-double-with-while">Single = instead of double == with while</a></li>
<li class="toctree-l2"><a class="reference internal" href="#forgot-an-operator-in-an-f-string">Forgot an operator in an f-string</a></li>
<li class="toctree-l2"><a class="reference internal" href="#valid-names-cannot-begin-with-a-number">Valid names cannot begin with a number</a></li>
<li class="toctree-l2"><a class="reference internal" href="#unclosed-parenthesis-3">Unclosed parenthesis - 3</a></li>
<li class="toctree-l2"><a class="reference internal" href="#forgot-a-multiplication-operator">Forgot a multiplication operator</a></li>
<li class="toctree-l2"><a class="reference internal" href="#space-between-names">Space between names</a></li>
<li class="toctree-l2"><a class="reference internal" href="#cannot-use-star-operator">Cannot use star operator</a></li>
<li class="toctree-l2"><a class="reference internal" href="#cannot-use-double-star-operator">Cannot use double star operator</a></li>
<li class="toctree-l2"><a class="reference internal" href="#cannot-use-return-outside-function">Cannot use return outside function</a></li>
<li class="toctree-l2"><a class="reference internal" href="#too-many-nested-blocks">Too many nested blocks</a></li>
<li class="toctree-l2"><a class="reference internal" href="#named-arguments-must-follow-bare">Named arguments must follow bare *</a></li>
<li class="toctree-l2"><a class="reference internal" href="#use-j-instead-of-i">use j instead of i</a></li>
<li class="toctree-l2"><a class="reference internal" href="#do-not-import-from-future">Do not import * from __future__</a></li>
<li class="toctree-l2"><a class="reference internal" href="#typo-in-future">Typo in __future__</a></li>
<li class="toctree-l2"><a class="reference internal" href="#unkown-feature-in-future">Unkown feature in __future__</a></li>
<li class="toctree-l2"><a class="reference internal" href="#not-a-chance">Not a chance!</a></li>
<li class="toctree-l2"><a class="reference internal" href="#future-at-beginning">__future__ at beginning</a></li>
</ul>
</li>
</ul>

            
          
        </div>
        
      </div>
    </nav>

    <section data-toggle="wy-nav-shift" class="wy-nav-content-wrap">

      
      <nav class="wy-nav-top" aria-label="top navigation">
        
          <i data-toggle="wy-nav-top" class="fa fa-bars"></i>
          <a href="index.html">Friendly tracebacks</a>
        
      </nav>


      <div class="wy-nav-content">
        
        <div class="rst-content style-external-links">
        
          















<div role="navigation" aria-label="breadcrumbs navigation">

  <ul class="wy-breadcrumbs">
    
      <li><a href="index.html" class="icon icon-home"></a> &raquo;</li>
        
      <li> Friendly SyntaxError tracebacks - en Français</li>
    
    
      <li class="wy-breadcrumbs-aside">
        
            
            <a href="_sources/syntax_tracebacks_fr.rst.txt" rel="nofollow"> View page source</a>
          
        
      </li>
    
  </ul>

  
  <div class="rst-breadcrumbs-buttons" role="navigation" aria-label="breadcrumb navigation">
      
      
        <a href="tracebacks_fr.html" class="btn btn-neutral float-left" title="Friendly tracebacks - en Français" accesskey="p"><span class="fa fa-arrow-circle-left"></span> Previous</a>
      
  </div>
  
  <hr/>
</div>
          <div role="main" class="document" itemscope="itemscope" itemtype="http://schema.org/Article">
           <div itemprop="articleBody">
            
  <div class="section" id="france-friendly-syntaxerror-tracebacks-en-francais">
<h1><img alt="france" src="_images/france.png" /> Friendly SyntaxError tracebacks - en Français<a class="headerlink" href="#france-friendly-syntaxerror-tracebacks-en-francais" title="Permalink to this headline">¶</a></h1>
<p>Le but principal de friendly-traceback est de fournir des rétroactions plus
conviviales que les fameux <strong>tracebacks</strong> de Python lorsqu’une exception survient.
Ci-dessous, on peut voir quelques exemples, uniquement pour les
exceptions de type SyntaxError et des classes dérivées;
les autres sont couvertes dans une autre page.
Le but est de documenter ici tous les exemples possibles
tels qu’interprétés par friendly-traceback.</p>
<div class="admonition note">
<p class="admonition-title">Note</p>
<p>Le contenu de cette page a été généré par l’exécution de
trb_syntax_french.py situé dans le répertoire <code class="docutils literal notranslate"><span class="pre">tests/</span></code>.
Ceci a besoin d’être fait de manière explicite lorsqu’on veut
faire des corrections ou des ajouts, avant de faire la mise
à jour du reste de la documentation avec Sphinx.
Sous Windows, si Sphinx est installé sur votre ordinateur, il est
plutôt suggéré d’exécuter make_trb.bat qui est au premier niveau
du répertoire de fichier. Si vous faites ceci, la documentation pour
toutes les langues sera automatiquement mise à jour.</p>
</div>
<p>Friendly-traceback version: 0.2.14a
Python version: 3.8.4</p>
<div class="section" id="indentationerror-expected-an-indented-block">
<h2>IndentationError: expected an indented block<a class="headerlink" href="#indentationerror-expected-an-indented-block" title="Permalink to this headline">¶</a></h2>
<div class="highlight-none notranslate"><div class="highlight"><pre><span></span>Traceback (most recent call last):
  File &quot;TESTS:\trb_syntax_common.py&quot;, line 42, in create_tracebacks
    mod = __import__(name)
  File &quot;TESTS:\syntax\raise_indentation_error1.py&quot;, line 4
    pass
    ^
IndentationError: expected an indented block

Une exception de type `IndentationError` se produit lorsqu&#39;une ligne de code
n&#39;est pas indentée (c&#39;est-à-dire alignée verticalement avec les autres lignes)
de la façon attendue.

Python peut seulement comprendre le code du fichier
&#39;TESTS:\syntax\raise_indentation_error1.py&#39;
jusqu&#39;à l&#39;endroit indiqué par --&gt; et ^.

   1: &#39;&#39;&#39;Should raise IndentationError&#39;&#39;&#39;
   2:
   3: if True:
--&gt;4: pass
      ^

    Dans ce cas-ci, la ligne indiquée ci-dessus par --&gt; devrait
    normalement commencer un nouveau bloc de code indenté.
</pre></div>
</div>
</div>
<div class="section" id="indentationerror-unexpected-indent">
<h2>IndentationError: unexpected indent<a class="headerlink" href="#indentationerror-unexpected-indent" title="Permalink to this headline">¶</a></h2>
<div class="highlight-none notranslate"><div class="highlight"><pre><span></span>Traceback (most recent call last):
  File &quot;TESTS:\trb_syntax_common.py&quot;, line 42, in create_tracebacks
    mod = __import__(name)
  File &quot;TESTS:\syntax\raise_indentation_error2.py&quot;, line 4
    pass
   ^
IndentationError: unexpected indent

Une exception de type `IndentationError` se produit lorsqu&#39;une ligne de code
n&#39;est pas indentée (c&#39;est-à-dire alignée verticalement avec les autres lignes)
de la façon attendue.

Python peut seulement comprendre le code du fichier
&#39;TESTS:\syntax\raise_indentation_error2.py&#39;
jusqu&#39;à l&#39;endroit indiqué par --&gt; et ^.

   1: &#39;&#39;&#39;Should raise IndentationError&#39;&#39;&#39;
   2: if True:
   3:     pass
--&gt;4:       pass
           ^

    Dans ce cas-ci, la ligne indiquée ci-dessus par --&gt;
    est plus indentée que ce qui était attendu et ne
    correspond pas à l&#39;indentation de la ligne précédente.
</pre></div>
</div>
</div>
<div class="section" id="indentationerror-unindent-does-not-match">
<h2>IndentationError: unindent does not match …<a class="headerlink" href="#indentationerror-unindent-does-not-match" title="Permalink to this headline">¶</a></h2>
<div class="highlight-none notranslate"><div class="highlight"><pre><span></span>Traceback (most recent call last):
  File &quot;TESTS:\trb_syntax_common.py&quot;, line 42, in create_tracebacks
    mod = __import__(name)
  File &quot;TESTS:\syntax\raise_indentation_error3.py&quot;, line 4
    pass
        ^
IndentationError: unindent does not match any outer indentation level

Une exception de type `IndentationError` se produit lorsqu&#39;une ligne de code
n&#39;est pas indentée (c&#39;est-à-dire alignée verticalement avec les autres lignes)
de la façon attendue.

Python peut seulement comprendre le code du fichier
&#39;TESTS:\syntax\raise_indentation_error3.py&#39;
jusqu&#39;à l&#39;endroit indiqué par --&gt; et ^.

   1: &#39;&#39;&#39;Should raise IndentationError&#39;&#39;&#39;
   2: if True:
   3:       pass
--&gt;4:     pass
              ^

    Dans ce cas-ci, la ligne indiquée ci-dessus par --&gt;
    est moins indentée que la ligne précédente
    et n’est pas alignée verticalement avec un autre bloc de code.
</pre></div>
</div>
</div>
<div class="section" id="taberror">
<h2>TabError<a class="headerlink" href="#taberror" title="Permalink to this headline">¶</a></h2>
<div class="highlight-none notranslate"><div class="highlight"><pre><span></span>Traceback (most recent call last):
  File &quot;TESTS:\trb_syntax_common.py&quot;, line 42, in create_tracebacks
    mod = __import__(name)
  File &quot;TESTS:\syntax\raise_tab_error.py&quot;, line 7
    pass
        ^
TabError: inconsistent use of tabs and spaces in indentation

Une exception de type `TabError` indique que vous avez utilisé des espaces
ainsi que des caractères de tabulation pour indenter votre code.
Cela n’est pas autorisé dans Python.
L’indentation de votre code signifie que le bloc de codes est aligné
verticalement en insérant des espaces ou des tabulations au début des lignes.
La recommandation de Python est de toujours utiliser des espaces
pour indenter votre code.

Python peut seulement comprendre le code du fichier
&#39;TESTS:\syntax\raise_tab_error.py&#39;
jusqu&#39;à l&#39;endroit indiqué par --&gt; et ^.

    4:
    5: def test_tab_error():
    6:     if True:
--&gt; 7:      pass
            ^
</pre></div>
</div>
</div>
<div class="section" id="assign-to-keyword">
<h2>Assign to keyword<a class="headerlink" href="#assign-to-keyword" title="Permalink to this headline">¶</a></h2>
<div class="highlight-none notranslate"><div class="highlight"><pre><span></span>Traceback (most recent call last):
  File &quot;TESTS:\trb_syntax_common.py&quot;, line 42, in create_tracebacks
    mod = __import__(name)
  File &quot;TESTS:\syntax\raise_syntax_error1.py&quot;, line 3
    def = 2
        ^
SyntaxError: invalid syntax

Une exception de type `SyntaxError` se produit lorsque Python ne peut pas comprendre votre code.

Python peut seulement comprendre le code du fichier
&#39;TESTS:\syntax\raise_syntax_error1.py&#39;
jusqu&#39;à l&#39;endroit indiqué par --&gt; et ^.

   1: &quot;&quot;&quot; Should raise SyntaxError&quot;&quot;&quot;
   2:
--&gt;3: def = 2
          ^

    Ci-dessous, je tente de deviner ce que a mal tourné, mais je pourrais me tromper.

    Vous essayiez d’assigner une valeur au mot clé Python `def`.
    Ceci n’est pas permis.
</pre></div>
</div>
</div>
<div class="section" id="missing-colon-if">
<h2>Missing colon - if<a class="headerlink" href="#missing-colon-if" title="Permalink to this headline">¶</a></h2>
<div class="highlight-none notranslate"><div class="highlight"><pre><span></span>Traceback (most recent call last):
  File &quot;TESTS:\trb_syntax_common.py&quot;, line 42, in create_tracebacks
    mod = __import__(name)
  File &quot;TESTS:\syntax\raise_syntax_error2.py&quot;, line 3
    if True
           ^
SyntaxError: invalid syntax

    Vous avez peut-être oublié les deux points, `:`.

Une exception de type `SyntaxError` se produit lorsque Python ne peut pas comprendre votre code.

Python peut seulement comprendre le code du fichier
&#39;TESTS:\syntax\raise_syntax_error2.py&#39;
jusqu&#39;à l&#39;endroit indiqué par --&gt; et ^.

   1: &quot;&quot;&quot;Should raise SyntaxError&quot;&quot;&quot;
   2:
--&gt;3: if True
             ^
   4:     pass

    Ci-dessous, je tente de deviner ce que a mal tourné, mais je pourrais me tromper.

    Vous avez écrit un énoncé débutant avec
    `if` mais vous avez oublié d’ajouter deux points `:` à la fin.
</pre></div>
</div>
</div>
<div class="section" id="missing-colon-while">
<h2>Missing colon - while<a class="headerlink" href="#missing-colon-while" title="Permalink to this headline">¶</a></h2>
<div class="highlight-none notranslate"><div class="highlight"><pre><span></span>Traceback (most recent call last):
  File &quot;TESTS:\trb_syntax_common.py&quot;, line 42, in create_tracebacks
    mod = __import__(name)
  File &quot;TESTS:\syntax\raise_syntax_error3.py&quot;, line 3
    while True  # a comment
                ^
SyntaxError: invalid syntax

    Vous avez peut-être oublié les deux points, `:`.

Une exception de type `SyntaxError` se produit lorsque Python ne peut pas comprendre votre code.

Python peut seulement comprendre le code du fichier
&#39;TESTS:\syntax\raise_syntax_error3.py&#39;
jusqu&#39;à l&#39;endroit indiqué par --&gt; et ^.

   1: &quot;&quot;&quot;Should raise SyntaxError&quot;&quot;&quot;
   2:
--&gt;3: while True  # a comment
                  ^
   4:     pass

    Ci-dessous, je tente de deviner ce que a mal tourné, mais je pourrais me tromper.

    Vous vouliez débuter une boucle `while`
    mais vous avez oublié d’ajouter deux points `:` à la fin.
</pre></div>
</div>
</div>
<div class="section" id="write-elif-not-else-if">
<h2>Write elif, not else if<a class="headerlink" href="#write-elif-not-else-if" title="Permalink to this headline">¶</a></h2>
<div class="highlight-none notranslate"><div class="highlight"><pre><span></span>Traceback (most recent call last):
  File &quot;TESTS:\trb_syntax_common.py&quot;, line 42, in create_tracebacks
    mod = __import__(name)
  File &quot;TESTS:\syntax\raise_syntax_error4.py&quot;, line 5
    else if True:
         ^
SyntaxError: invalid syntax

    Peut-être que vous vouliez plutôt `elif`.

Une exception de type `SyntaxError` se produit lorsque Python ne peut pas comprendre votre code.

Python peut seulement comprendre le code du fichier
&#39;TESTS:\syntax\raise_syntax_error4.py&#39;
jusqu&#39;à l&#39;endroit indiqué par --&gt; et ^.

   2:
   3: if False:
   4:     pass
--&gt;5: else if True:
           ^
   6:     print(&#39;ok&#39;)

    Ci-dessous, je tente de deviner ce que a mal tourné, mais je pourrais me tromper.

    Vous avez écrit `else if`
    au lieu d&#39;utiliser le mot-clé `elif`.
</pre></div>
</div>
</div>
<div class="section" id="write-elif-not-elseif">
<h2>Write elif, not elseif<a class="headerlink" href="#write-elif-not-elseif" title="Permalink to this headline">¶</a></h2>
<div class="highlight-none notranslate"><div class="highlight"><pre><span></span>Traceback (most recent call last):
  File &quot;TESTS:\trb_syntax_common.py&quot;, line 42, in create_tracebacks
    mod = __import__(name)
  File &quot;TESTS:\syntax\raise_syntax_error5.py&quot;, line 5
    elseif True:
           ^
SyntaxError: invalid syntax

    Peut-être que vous vouliez plutôt `elif`.

Une exception de type `SyntaxError` se produit lorsque Python ne peut pas comprendre votre code.

Python peut seulement comprendre le code du fichier
&#39;TESTS:\syntax\raise_syntax_error5.py&#39;
jusqu&#39;à l&#39;endroit indiqué par --&gt; et ^.

   2:
   3: if False:
   4:     pass
--&gt;5: elseif True:
             ^
   6:     print(&#39;ok&#39;)

    Ci-dessous, je tente de deviner ce que a mal tourné, mais je pourrais me tromper.

    Vous avez écrit `elseif`
    au lieu d&#39;utiliser le mot-clé `elif`.
</pre></div>
</div>
</div>
<div class="section" id="malformed-def-statment-1">
<h2>Malformed def statment - 1<a class="headerlink" href="#malformed-def-statment-1" title="Permalink to this headline">¶</a></h2>
<div class="highlight-none notranslate"><div class="highlight"><pre><span></span>Traceback (most recent call last):
  File &quot;TESTS:\trb_syntax_common.py&quot;, line 42, in create_tracebacks
    mod = __import__(name)
  File &quot;TESTS:\syntax\raise_syntax_error6.py&quot;, line 3
    def :
        ^
SyntaxError: invalid syntax

Une exception de type `SyntaxError` se produit lorsque Python ne peut pas comprendre votre code.

Python peut seulement comprendre le code du fichier
&#39;TESTS:\syntax\raise_syntax_error6.py&#39;
jusqu&#39;à l&#39;endroit indiqué par --&gt; et ^.

   1: &quot;&quot;&quot;Should raise SyntaxError&quot;&quot;&quot;
   2:
--&gt;3: def :
          ^
   4:     pass

    Ci-dessous, je tente de deviner ce que a mal tourné, mais je pourrais me tromper.

    Vous vouliez définir une fonction ou une méthode,
    mais vous avez fait des erreurs de syntaxe.
    La syntaxe correcte est:

        def nom ( arguments_optionnels ):
</pre></div>
</div>
</div>
<div class="section" id="malformed-def-statment-2">
<h2>Malformed def statment - 2<a class="headerlink" href="#malformed-def-statment-2" title="Permalink to this headline">¶</a></h2>
<div class="highlight-none notranslate"><div class="highlight"><pre><span></span>Traceback (most recent call last):
  File &quot;TESTS:\trb_syntax_common.py&quot;, line 42, in create_tracebacks
    mod = __import__(name)
  File &quot;TESTS:\syntax\raise_syntax_error7.py&quot;, line 3
    def name  :
              ^
SyntaxError: invalid syntax

    Vous avez peut-être oublié d&#39;écrire des parenthèses.

Une exception de type `SyntaxError` se produit lorsque Python ne peut pas comprendre votre code.

Python peut seulement comprendre le code du fichier
&#39;TESTS:\syntax\raise_syntax_error7.py&#39;
jusqu&#39;à l&#39;endroit indiqué par --&gt; et ^.

   1: &quot;&quot;&quot;Should raise SyntaxError&quot;&quot;&quot;
   2:
--&gt;3: def name  :
                ^
   4:     pass

    Ci-dessous, je tente de deviner ce que a mal tourné, mais je pourrais me tromper.

    Vous vouliez définir une fonction ou une méthode,
    mais vous avez fait des erreurs de syntaxe.
    La syntaxe correcte est:

        def nom ( arguments_optionnels ):
</pre></div>
</div>
</div>
<div class="section" id="malformed-def-statment-3">
<h2>Malformed def statment - 3<a class="headerlink" href="#malformed-def-statment-3" title="Permalink to this headline">¶</a></h2>
<div class="highlight-none notranslate"><div class="highlight"><pre><span></span>Traceback (most recent call last):
  File &quot;TESTS:\trb_syntax_common.py&quot;, line 42, in create_tracebacks
    mod = __import__(name)
  File &quot;TESTS:\syntax\raise_syntax_error8.py&quot;, line 3
    def ( arg )  :
        ^
SyntaxError: invalid syntax

Une exception de type `SyntaxError` se produit lorsque Python ne peut pas comprendre votre code.

Python peut seulement comprendre le code du fichier
&#39;TESTS:\syntax\raise_syntax_error8.py&#39;
jusqu&#39;à l&#39;endroit indiqué par --&gt; et ^.

   1: &quot;&quot;&quot;Should raise SyntaxError&quot;&quot;&quot;
   2:
--&gt;3: def ( arg )  :
          ^
   4:     pass

    Ci-dessous, je tente de deviner ce que a mal tourné, mais je pourrais me tromper.

    Vous vouliez définir une fonction ou une méthode,
    mais vous avez fait des erreurs de syntaxe.
    La syntaxe correcte est:

        def nom ( arguments_optionnels ):
</pre></div>
</div>
</div>
<div class="section" id="cannot-assign-to-literal-1">
<h2>Cannot assign to literal - 1<a class="headerlink" href="#cannot-assign-to-literal-1" title="Permalink to this headline">¶</a></h2>
<div class="highlight-none notranslate"><div class="highlight"><pre><span></span>Traceback (most recent call last):
  File &quot;TESTS:\trb_syntax_common.py&quot;, line 42, in create_tracebacks
    mod = __import__(name)
  File &quot;TESTS:\syntax\raise_syntax_error9.py&quot;, line 3
    1 = a
    ^
SyntaxError: cannot assign to literal

    Peut-être que vous vouliez plutôt écrire : `a = 1`
Une exception de type `SyntaxError` se produit lorsque Python ne peut pas comprendre votre code.

Python peut seulement comprendre le code du fichier
&#39;TESTS:\syntax\raise_syntax_error9.py&#39;
jusqu&#39;à l&#39;endroit indiqué par --&gt; et ^.

   1: &quot;&quot;&quot;Should raise SyntaxError: can&#39;t assign to literal&quot;&quot;&quot;
   2:
--&gt;3: 1 = a
      ^

    Vous avez écrit une expression comme

        1 = a
    où `1`, du côté gauche du signe d&#39;égalité
    est ou inclut un objet de type `int`
    et n&#39;est pas simplement le nom d&#39;une variable.
    Peut-être que vous vouliez plutôt écrire :

        a = 1
</pre></div>
</div>
</div>
<div class="section" id="cannot-assign-to-literal-2">
<h2>Cannot assign to literal - 2<a class="headerlink" href="#cannot-assign-to-literal-2" title="Permalink to this headline">¶</a></h2>
<div class="highlight-none notranslate"><div class="highlight"><pre><span></span>Traceback (most recent call last):
  File &quot;TESTS:\trb_syntax_common.py&quot;, line 42, in create_tracebacks
    mod = __import__(name)
  File &quot;TESTS:\syntax\raise_syntax_error10.py&quot;, line 3
    1 = 2
    ^
SyntaxError: cannot assign to literal

Une exception de type `SyntaxError` se produit lorsque Python ne peut pas comprendre votre code.

Python peut seulement comprendre le code du fichier
&#39;TESTS:\syntax\raise_syntax_error10.py&#39;
jusqu&#39;à l&#39;endroit indiqué par --&gt; et ^.

   1: &quot;&quot;&quot;Should raise SyntaxError: can&#39;t assign to literal&quot;&quot;&quot;
   2:
--&gt;3: 1 = 2
      ^

    Vous avez écrit une expression comme

        1 = 2
    où `1`, du côté gauche du signe d&#39;égalité
    est ou inclut un objet de type `int`
    et n&#39;est pas simplement le nom d&#39;une variable.
</pre></div>
</div>
</div>
<div class="section" id="inversion-import-x-from-y">
<h2>Inversion: import X from Y<a class="headerlink" href="#inversion-import-x-from-y" title="Permalink to this headline">¶</a></h2>
<div class="highlight-none notranslate"><div class="highlight"><pre><span></span>Traceback (most recent call last):
  File &quot;TESTS:\trb_syntax_common.py&quot;, line 42, in create_tracebacks
    mod = __import__(name)
  File &quot;TESTS:\syntax\raise_syntax_error11.py&quot;, line 3
    import pen from turtle
               ^
SyntaxError: invalid syntax

    Vouliez-vous dire `from turtle import pen` ?

Une exception de type `SyntaxError` se produit lorsque Python ne peut pas comprendre votre code.

Python peut seulement comprendre le code du fichier
&#39;TESTS:\syntax\raise_syntax_error11.py&#39;
jusqu&#39;à l&#39;endroit indiqué par --&gt; et ^.

   1: &quot;&quot;&quot;Should raise SyntaxError: invalid syntax&quot;&quot;&quot;
   2:
--&gt;3: import pen from turtle
                 ^

    Ci-dessous, je tente de deviner ce que a mal tourné, mais je pourrais me tromper.

    Vous avez écrit quelque chose comme
        import pen from turtle
    au lieu de
        from turtle import pen
</pre></div>
</div>
</div>
<div class="section" id="eol-while-scanning-string-literal">
<h2>EOL while scanning string literal<a class="headerlink" href="#eol-while-scanning-string-literal" title="Permalink to this headline">¶</a></h2>
<div class="highlight-none notranslate"><div class="highlight"><pre><span></span>Traceback (most recent call last):
  File &quot;TESTS:\trb_syntax_common.py&quot;, line 42, in create_tracebacks
    mod = __import__(name)
  File &quot;TESTS:\syntax\raise_syntax_error12.py&quot;, line 3
    alphabet = &#39;abc
                   ^
SyntaxError: EOL while scanning string literal

    Avez-vous oublié d’ajouter un guillemet ?

Une exception de type `SyntaxError` se produit lorsque Python ne peut pas comprendre votre code.

Python peut seulement comprendre le code du fichier
&#39;TESTS:\syntax\raise_syntax_error12.py&#39;
jusqu&#39;à l&#39;endroit indiqué par --&gt; et ^.

   1: &quot;&quot;&quot;Should raise SyntaxError: EOL while scanning string literal&quot;&quot;&quot;
   2:
--&gt;3: alphabet = &#39;abc
                     ^

    Vous aviez commencé à écrire une chaîne de caractères
    avec un guillemet simple ou double, mais n&#39;avez jamais
    terminé la chaîne avec un autre guillemet sur cette ligne.
</pre></div>
</div>
</div>
<div class="section" id="assignment-to-keyword-none">
<h2>Assignment to keyword (None)<a class="headerlink" href="#assignment-to-keyword-none" title="Permalink to this headline">¶</a></h2>
<div class="highlight-none notranslate"><div class="highlight"><pre><span></span>Traceback (most recent call last):
  File &quot;TESTS:\trb_syntax_common.py&quot;, line 42, in create_tracebacks
    mod = __import__(name)
  File &quot;TESTS:\syntax\raise_syntax_error13.py&quot;, line 4
    None = 1
    ^
SyntaxError: cannot assign to None

    Vous ne pouvez pas attribuer une valeur à `None`.
Une exception de type `SyntaxError` se produit lorsque Python ne peut pas comprendre votre code.

Python peut seulement comprendre le code du fichier
&#39;TESTS:\syntax\raise_syntax_error13.py&#39;
jusqu&#39;à l&#39;endroit indiqué par --&gt; et ^.

   1: &quot;&quot;&quot;Should raise SyntaxError: cannot assign to None in Py 3.8
   2:    and can&#39;t assign to keyword before.&quot;&quot;&quot;
   3:
--&gt;4: None = 1
      ^

    `None` est une constante dans python; vous ne pouvez pas lui assigner une valeur.
</pre></div>
</div>
</div>
<div class="section" id="assignment-to-keyword-debug">
<h2>Assignment to keyword (__debug__)<a class="headerlink" href="#assignment-to-keyword-debug" title="Permalink to this headline">¶</a></h2>
<div class="highlight-none notranslate"><div class="highlight"><pre><span></span>Traceback (most recent call last):
  File &quot;TESTS:\trb_syntax_common.py&quot;, line 42, in create_tracebacks
    mod = __import__(name)
  File &quot;TESTS:\syntax\raise_syntax_error14.py&quot;, line 4
    __debug__ = 1
    ^
SyntaxError: cannot assign to __debug__

    Vous ne pouvez pas attribuer une valeur à `__debug__`.
Une exception de type `SyntaxError` se produit lorsque Python ne peut pas comprendre votre code.

Python peut seulement comprendre le code du fichier
&#39;TESTS:\syntax\raise_syntax_error14.py&#39;
jusqu&#39;à l&#39;endroit indiqué par --&gt; et ^.

   1: &quot;&quot;&quot;Should raise SyntaxError: cannot assign to __debug__ in Py 3.8
   2:    and assignment to keyword before.&quot;&quot;&quot;
   3:
--&gt;4: __debug__ = 1
      ^

    `__debug__` est une constante dans python; vous ne pouvez pas lui assigner une valeur.
</pre></div>
</div>
</div>
<div class="section" id="unmatched-closing-parenthesis">
<h2>Unmatched closing parenthesis<a class="headerlink" href="#unmatched-closing-parenthesis" title="Permalink to this headline">¶</a></h2>
<div class="highlight-none notranslate"><div class="highlight"><pre><span></span>Traceback (most recent call last):
  File &quot;TESTS:\trb_syntax_common.py&quot;, line 42, in create_tracebacks
    mod = __import__(name)
  File &quot;TESTS:\syntax\raise_syntax_error15.py&quot;, line 6
    3, 4,))
          ^
SyntaxError: unmatched &#39;)&#39;

Une exception de type `SyntaxError` se produit lorsque Python ne peut pas comprendre votre code.

Python peut seulement comprendre le code du fichier
&#39;TESTS:\syntax\raise_syntax_error15.py&#39;
jusqu&#39;à l&#39;endroit indiqué par --&gt; et ^.

   3: &quot;&quot;&quot;
   4: a = (1,
   5:     2,
--&gt;6:     3, 4,))
                ^
   7: b = 3

    Le symbole parenthèse `)` à la ligne 6 n&#39;a pas de symbole ouvrant qui lui correspond.
</pre></div>
</div>
</div>
<div class="section" id="unclosed-parenthesis-1">
<h2>Unclosed parenthesis - 1<a class="headerlink" href="#unclosed-parenthesis-1" title="Permalink to this headline">¶</a></h2>
<div class="highlight-none notranslate"><div class="highlight"><pre><span></span>Traceback (most recent call last):
  File &quot;TESTS:\trb_syntax_common.py&quot;, line 42, in create_tracebacks
    mod = __import__(name)
  File &quot;TESTS:\syntax\raise_syntax_error16.py&quot;, line 3
    if x == 1:
             ^
SyntaxError: invalid syntax

Une exception de type `SyntaxError` se produit lorsque Python ne peut pas comprendre votre code.

Python peut seulement comprendre le code du fichier
&#39;TESTS:\syntax\raise_syntax_error16.py&#39;
jusqu&#39;à l&#39;endroit indiqué par --&gt; et ^.

   1: &quot;&quot;&quot;Should raise SyntaxError: invalid syntax&quot;&quot;&quot;
   2: x = int(&#39;1&#39;
--&gt;3: if x == 1:
               ^
   4:     print(&#39;yes&#39;)

    Ci-dessous, je tente de deviner ce que a mal tourné, mais je pourrais me tromper.

    Le symbole parenthèse `(` à la ligne 2 n&#39;est pas fermé par le symbole correspondant.

        2: x = int(&#39;1&#39;
                  |
</pre></div>
</div>
</div>
<div class="section" id="unclosed-parenthesis-2">
<h2>Unclosed parenthesis - 2<a class="headerlink" href="#unclosed-parenthesis-2" title="Permalink to this headline">¶</a></h2>
<div class="highlight-none notranslate"><div class="highlight"><pre><span></span>Traceback (most recent call last):
  File &quot;TESTS:\trb_syntax_common.py&quot;, line 42, in create_tracebacks
    mod = __import__(name)
  File &quot;TESTS:\syntax\raise_syntax_error17.py&quot;, line 3
    d = a*a
    ^
SyntaxError: invalid syntax

Une exception de type `SyntaxError` se produit lorsque Python ne peut pas comprendre votre code.

Python peut seulement comprendre le code du fichier
&#39;TESTS:\syntax\raise_syntax_error17.py&#39;
jusqu&#39;à l&#39;endroit indiqué par --&gt; et ^.

   1: &quot;&quot;&quot;Should raise SyntaxError: invalid syntax&quot;&quot;&quot;
   2: a = (b+c
--&gt;3: d = a*a
      ^

    Ci-dessous, je tente de deviner ce que a mal tourné, mais je pourrais me tromper.

    Le symbole parenthèse `(` à la ligne 2 n&#39;est pas fermé par le symbole correspondant.

        2: a = (b+c
               |
</pre></div>
</div>
</div>
<div class="section" id="mismatched-brackets-1">
<h2>Mismatched brackets - 1<a class="headerlink" href="#mismatched-brackets-1" title="Permalink to this headline">¶</a></h2>
<div class="highlight-none notranslate"><div class="highlight"><pre><span></span>Traceback (most recent call last):
  File &quot;TESTS:\trb_syntax_common.py&quot;, line 42, in create_tracebacks
    mod = __import__(name)
  File &quot;TESTS:\syntax\raise_syntax_error18.py&quot;, line 2
    x = (1, 2, 3]
                ^
SyntaxError: closing parenthesis &#39;]&#39; does not match opening parenthesis &#39;(&#39;

Une exception de type `SyntaxError` se produit lorsque Python ne peut pas comprendre votre code.

Python peut seulement comprendre le code du fichier
&#39;TESTS:\syntax\raise_syntax_error18.py&#39;
jusqu&#39;à l&#39;endroit indiqué par --&gt; et ^.

   1: &quot;&quot;&quot;Should raise SyntaxError: invalid syntax&quot;&quot;&quot;
--&gt;2: x = (1, 2, 3]
                  ^

    Python nous dit que la parenthèse de droite `]` ne correspond pas
    à la parenthèse de gauche `(`.

    Je vais essayer de donner un peu plus d&#39;informations.


    Le symbole crochet `]` à la ligne 2 ne correspond pas au symbole parenthèse `(` à la ligne 2.

        2: x = (1, 2, 3]
               ^       ^
</pre></div>
</div>
</div>
<div class="section" id="mismatched-brackets-2">
<h2>Mismatched brackets - 2<a class="headerlink" href="#mismatched-brackets-2" title="Permalink to this headline">¶</a></h2>
<div class="highlight-none notranslate"><div class="highlight"><pre><span></span>Traceback (most recent call last):
  File &quot;TESTS:\trb_syntax_common.py&quot;, line 42, in create_tracebacks
    mod = __import__(name)
  File &quot;TESTS:\syntax\raise_syntax_error19.py&quot;, line 4
    3]
     ^
SyntaxError: closing parenthesis &#39;]&#39; does not match opening parenthesis &#39;(&#39; on line 2

Une exception de type `SyntaxError` se produit lorsque Python ne peut pas comprendre votre code.

Python peut seulement comprendre le code du fichier
&#39;TESTS:\syntax\raise_syntax_error19.py&#39;
jusqu&#39;à l&#39;endroit indiqué par --&gt; et ^.

   1: &quot;&quot;&quot;Should raise SyntaxError: invalid syntax&quot;&quot;&quot;
   2: x = (1,
   3:      2,
--&gt;4:      3]
            ^

    Python nous dit que la parenthèse de droite `]` sur la dernière ligne
    ne correspond pas à la parenthèse de gauche `(` sur la ligne 2.

    Je vais essayer de donner un peu plus d&#39;informations.


    Le symbole crochet `]` à la ligne 4 ne correspond pas au symbole parenthèse `(` à la ligne 2.

        2: x = (1,
               ^
        4:      3]
                 ^
</pre></div>
</div>
</div>
<div class="section" id="print-is-a-function">
<h2>print is a function<a class="headerlink" href="#print-is-a-function" title="Permalink to this headline">¶</a></h2>
<div class="highlight-none notranslate"><div class="highlight"><pre><span></span>Traceback (most recent call last):
  File &quot;TESTS:\trb_syntax_common.py&quot;, line 42, in create_tracebacks
    mod = __import__(name)
  File &quot;TESTS:\syntax\raise_syntax_error20.py&quot;, line 2
    print &#39;hello&#39;
          ^
SyntaxError: Missing parentheses in call to &#39;print&#39;. Did you mean print(&#39;hello&#39;)?

Une exception de type `SyntaxError` se produit lorsque Python ne peut pas comprendre votre code.

Python peut seulement comprendre le code du fichier
&#39;TESTS:\syntax\raise_syntax_error20.py&#39;
jusqu&#39;à l&#39;endroit indiqué par --&gt; et ^.

   1: &quot;&quot;&quot;Should raise SyntaxError: Missing parentheses in call to &#39;print&#39; ...&quot;&quot;&quot;
--&gt;2: print &#39;hello&#39;
            ^

    Peut-être que vous avez besoin d&#39;écrire

         print(&#39;hello&#39;)

    Dans l&#39;ancienne version de Python, `print` était un mot clé.
    Maintenant, `print` est une fonction; vous devez utiliser des parenthèses pour l&#39;invoquer.
</pre></div>
</div>
</div>
<div class="section" id="python-keyword-as-function-name">
<h2>Python keyword as function name<a class="headerlink" href="#python-keyword-as-function-name" title="Permalink to this headline">¶</a></h2>
<div class="highlight-none notranslate"><div class="highlight"><pre><span></span>Traceback (most recent call last):
  File &quot;TESTS:\trb_syntax_common.py&quot;, line 42, in create_tracebacks
    mod = __import__(name)
  File &quot;TESTS:\syntax\raise_syntax_error21.py&quot;, line 3
    def pass():
        ^
SyntaxError: invalid syntax

Une exception de type `SyntaxError` se produit lorsque Python ne peut pas comprendre votre code.

Python peut seulement comprendre le code du fichier
&#39;TESTS:\syntax\raise_syntax_error21.py&#39;
jusqu&#39;à l&#39;endroit indiqué par --&gt; et ^.

   1: &quot;&quot;&quot;Should raise SyntaxError: invalid syntax&quot;&quot;&quot;
   2:
--&gt;3: def pass():
          ^
   4:     print(&quot;keyword as function name!&quot;)

    Ci-dessous, je tente de deviner ce que a mal tourné, mais je pourrais me tromper.

    Vous avez tenté d&#39;utiliser le mot clé Python `pass` comme nom de fonction.
    Ceci n’est pas permis.
</pre></div>
</div>
</div>
<div class="section" id="break-outside-loop">
<h2>break outside loop<a class="headerlink" href="#break-outside-loop" title="Permalink to this headline">¶</a></h2>
<div class="highlight-none notranslate"><div class="highlight"><pre><span></span>Traceback (most recent call last):
  File &quot;TESTS:\trb_syntax_common.py&quot;, line 42, in create_tracebacks
    mod = __import__(name)
  File &quot;TESTS:\syntax\raise_syntax_error22.py&quot;, line 4
    break
    ^
SyntaxError: &#39;break&#39; outside loop

Une exception de type `SyntaxError` se produit lorsque Python ne peut pas comprendre votre code.

Python peut seulement comprendre le code du fichier
&#39;TESTS:\syntax\raise_syntax_error22.py&#39;
jusqu&#39;à l&#39;endroit indiqué par --&gt; et ^.

   1: &quot;&quot;&quot;Should raise SyntaxError: &#39;break&#39; outside loop&quot;&quot;&quot;
   2:
   3: if True:
--&gt;4:     break
          ^

    Le mot-clé Python `break` ne peut être utilisé qu&#39;à l&#39;intérieur d&#39;une boucle `for` ou à l&#39;intérieur d&#39;une boucle `while`.
</pre></div>
</div>
</div>
<div class="section" id="continue-outside-loop">
<h2>continue outside loop<a class="headerlink" href="#continue-outside-loop" title="Permalink to this headline">¶</a></h2>
<div class="highlight-none notranslate"><div class="highlight"><pre><span></span>Traceback (most recent call last):
  File &quot;TESTS:\trb_syntax_common.py&quot;, line 42, in create_tracebacks
    mod = __import__(name)
  File &quot;TESTS:\syntax\raise_syntax_error23.py&quot;, line 4
    continue
    ^
SyntaxError: &#39;continue&#39; not properly in loop

Une exception de type `SyntaxError` se produit lorsque Python ne peut pas comprendre votre code.

Python peut seulement comprendre le code du fichier
&#39;TESTS:\syntax\raise_syntax_error23.py&#39;
jusqu&#39;à l&#39;endroit indiqué par --&gt; et ^.

   1: &quot;&quot;&quot;Should raise SyntaxError: &#39;continue&#39; outside loop&quot;&quot;&quot;
   2:
   3: if True:
--&gt;4:     continue
          ^

    Le mot-clé Python `continue` ne peut être utilisé qu&#39;à l&#39;intérieur d&#39;une boucle `for` ou à l&#39;intérieur d&#39;une boucle `while`.
</pre></div>
</div>
</div>
<div class="section" id="quote-inside-a-string">
<h2>Quote inside a string<a class="headerlink" href="#quote-inside-a-string" title="Permalink to this headline">¶</a></h2>
<div class="highlight-none notranslate"><div class="highlight"><pre><span></span>Traceback (most recent call last):
  File &quot;TESTS:\trb_syntax_common.py&quot;, line 42, in create_tracebacks
    mod = __import__(name)
  File &quot;TESTS:\syntax\raise_syntax_error24.py&quot;, line 3
    message = &#39;don&#39;t&#39;
                   ^
SyntaxError: invalid syntax

    Vous avez peut-être un guillemet écrit au mauvais endroit.

Une exception de type `SyntaxError` se produit lorsque Python ne peut pas comprendre votre code.

Python peut seulement comprendre le code du fichier
&#39;TESTS:\syntax\raise_syntax_error24.py&#39;
jusqu&#39;à l&#39;endroit indiqué par --&gt; et ^.

   1: &quot;&quot;&quot;Should raise SyntaxError: invalid syntax&quot;&quot;&quot;
   2:
--&gt;3: message = &#39;don&#39;t&#39;
                     ^

    Ci-dessous, je tente de deviner ce que a mal tourné, mais je pourrais me tromper.

    Il semble y avoir un identificateur Python (nom de variable)
    immédiatement après une chaîne.
    Je soupçonne que vous essayiez d&#39;utiliser un apostrophe ou un guillemet
    à l&#39;intérieur d&#39;une chaîne qui était délimitée par ces mêmes caractères.
</pre></div>
</div>
</div>
<div class="section" id="missing-comma-in-a-dict">
<h2>Missing comma in a dict<a class="headerlink" href="#missing-comma-in-a-dict" title="Permalink to this headline">¶</a></h2>
<div class="highlight-none notranslate"><div class="highlight"><pre><span></span>Traceback (most recent call last):
  File &quot;TESTS:\trb_syntax_common.py&quot;, line 42, in create_tracebacks
    mod = __import__(name)
  File &quot;TESTS:\syntax\raise_syntax_error25.py&quot;, line 5
    &#39;c&#39;: 3,
    ^
SyntaxError: invalid syntax

Une exception de type `SyntaxError` se produit lorsque Python ne peut pas comprendre votre code.

Python peut seulement comprendre le code du fichier
&#39;TESTS:\syntax\raise_syntax_error25.py&#39;
jusqu&#39;à l&#39;endroit indiqué par --&gt; et ^.

   2:
   3: a = {&#39;a&#39;: 1,
   4:      &#39;b&#39;: 2
--&gt;5:      &#39;c&#39;: 3,
           ^
   6:      }

    Ci-dessous, je tente de deviner ce que a mal tourné, mais je pourrais me tromper.

    Le symbole accolade `{` à la ligne 3 n&#39;est pas fermé par le symbole correspondant.

        3: a = {&#39;a&#39;: 1,
               |
    Il est également possible que vous ayez oublié une virgule entre les éléments d&#39;un ensemble (set)
    ou un dict avant la position indiquée par --&gt; et ^.
</pre></div>
</div>
</div>
<div class="section" id="missing-comma-in-a-set">
<h2>Missing comma in a set<a class="headerlink" href="#missing-comma-in-a-set" title="Permalink to this headline">¶</a></h2>
<div class="highlight-none notranslate"><div class="highlight"><pre><span></span>Traceback (most recent call last):
  File &quot;TESTS:\trb_syntax_common.py&quot;, line 42, in create_tracebacks
    mod = __import__(name)
  File &quot;TESTS:\syntax\raise_syntax_error26.py&quot;, line 3
    a = {1, 2  3}
               ^
SyntaxError: invalid syntax

    Avez-vous oublié quelque chose entre `2` et `3` ?

Une exception de type `SyntaxError` se produit lorsque Python ne peut pas comprendre votre code.

Python peut seulement comprendre le code du fichier
&#39;TESTS:\syntax\raise_syntax_error26.py&#39;
jusqu&#39;à l&#39;endroit indiqué par --&gt; et ^.

   1: &quot;&quot;&quot;Should raise SyntaxError: invalid syntax&quot;&quot;&quot;
   2:
--&gt;3: a = {1, 2  3}
                 ^

    Ci-dessous, je tente de deviner ce que a mal tourné, mais je pourrais me tromper.

    Python indique que l’erreur est causée par `3` écrit tout juste après `2`.
    Peut-être que vous vouliez insérer un opérateur comme `+, -, *, &quot;,&quot;`
    entre `2` et `3`.
    Les lignes de code suivantes ne causeraient pas des `SyntaxError :

        a = {1, 2 +  3}
        a = {1, 2 -  3}
        a = {1, 2 *  3}
        a = {1, 2,  3}
    N.B. : ce ne sont là que quelques-uns des choix possibles.
</pre></div>
</div>
</div>
<div class="section" id="missing-comma-in-a-list">
<h2>Missing comma in a list<a class="headerlink" href="#missing-comma-in-a-list" title="Permalink to this headline">¶</a></h2>
<div class="highlight-none notranslate"><div class="highlight"><pre><span></span>Traceback (most recent call last):
  File &quot;TESTS:\trb_syntax_common.py&quot;, line 42, in create_tracebacks
    mod = __import__(name)
  File &quot;TESTS:\syntax\raise_syntax_error27.py&quot;, line 3
    a = [1, 2  3]
               ^
SyntaxError: invalid syntax

    Avez-vous oublié quelque chose entre `2` et `3` ?

Une exception de type `SyntaxError` se produit lorsque Python ne peut pas comprendre votre code.

Python peut seulement comprendre le code du fichier
&#39;TESTS:\syntax\raise_syntax_error27.py&#39;
jusqu&#39;à l&#39;endroit indiqué par --&gt; et ^.

   1: &quot;&quot;&quot;Should raise SyntaxError: invalid syntax&quot;&quot;&quot;
   2:
--&gt;3: a = [1, 2  3]
                 ^

    Ci-dessous, je tente de deviner ce que a mal tourné, mais je pourrais me tromper.

    Python indique que l’erreur est causée par `3` écrit tout juste après `2`.
    Peut-être que vous vouliez insérer un opérateur comme `+, -, *, &quot;,&quot;`
    entre `2` et `3`.
    Les lignes de code suivantes ne causeraient pas des `SyntaxError :

        a = [1, 2 +  3]
        a = [1, 2 -  3]
        a = [1, 2 *  3]
        a = [1, 2,  3]
    N.B. : ce ne sont là que quelques-uns des choix possibles.
</pre></div>
</div>
</div>
<div class="section" id="missing-comma-in-a-tuple">
<h2>Missing comma in a tuple<a class="headerlink" href="#missing-comma-in-a-tuple" title="Permalink to this headline">¶</a></h2>
<div class="highlight-none notranslate"><div class="highlight"><pre><span></span>Traceback (most recent call last):
  File &quot;TESTS:\trb_syntax_common.py&quot;, line 42, in create_tracebacks
    mod = __import__(name)
  File &quot;TESTS:\syntax\raise_syntax_error28.py&quot;, line 3
    a = (1, 2  3)
               ^
SyntaxError: invalid syntax

    Avez-vous oublié quelque chose entre `2` et `3` ?

Une exception de type `SyntaxError` se produit lorsque Python ne peut pas comprendre votre code.

Python peut seulement comprendre le code du fichier
&#39;TESTS:\syntax\raise_syntax_error28.py&#39;
jusqu&#39;à l&#39;endroit indiqué par --&gt; et ^.

   1: &quot;&quot;&quot;Should raise SyntaxError: invalid syntax&quot;&quot;&quot;
   2:
--&gt;3: a = (1, 2  3)
                 ^

    Ci-dessous, je tente de deviner ce que a mal tourné, mais je pourrais me tromper.

    Python indique que l’erreur est causée par `3` écrit tout juste après `2`.
    Peut-être que vous vouliez insérer un opérateur comme `+, -, *, &quot;,&quot;`
    entre `2` et `3`.
    Les lignes de code suivantes ne causeraient pas des `SyntaxError :

        a = (1, 2 +  3)
        a = (1, 2 -  3)
        a = (1, 2 *  3)
        a = (1, 2,  3)
    N.B. : ce ne sont là que quelques-uns des choix possibles.
</pre></div>
</div>
</div>
<div class="section" id="missing-comma-between-function-args">
<h2>Missing comma between function args<a class="headerlink" href="#missing-comma-between-function-args" title="Permalink to this headline">¶</a></h2>
<div class="highlight-none notranslate"><div class="highlight"><pre><span></span>Traceback (most recent call last):
  File &quot;TESTS:\trb_syntax_common.py&quot;, line 42, in create_tracebacks
    mod = __import__(name)
  File &quot;TESTS:\syntax\raise_syntax_error29.py&quot;, line 4
    def a(b, c d):
               ^
SyntaxError: invalid syntax

    Vouliez-vous dire `def a(b, c, d):` ?

Une exception de type `SyntaxError` se produit lorsque Python ne peut pas comprendre votre code.

Python peut seulement comprendre le code du fichier
&#39;TESTS:\syntax\raise_syntax_error29.py&#39;
jusqu&#39;à l&#39;endroit indiqué par --&gt; et ^.

   1: &quot;&quot;&quot;Should raise SyntaxError: invalid syntax&quot;&quot;&quot;
   2:
   3:
--&gt;4: def a(b, c d):
                 ^
   5:     pass

    Ci-dessous, je tente de deviner ce que a mal tourné, mais je pourrais me tromper.

    Python indique que l’erreur est causée par `d` écrit tout juste après `c`.
    Peut-être que vous vouliez écrire `,` entre
    `c` et `d` :

        def a(b, c, d):
    ce qui ne causerait pas de `SyntaxError`.
</pre></div>
</div>
</div>
<div class="section" id="cannot-assign-to-function-call-1">
<h2>Cannot assign to function call - 1<a class="headerlink" href="#cannot-assign-to-function-call-1" title="Permalink to this headline">¶</a></h2>
<div class="highlight-none notranslate"><div class="highlight"><pre><span></span>Traceback (most recent call last):
  File &quot;TESTS:\trb_syntax_common.py&quot;, line 42, in create_tracebacks
    mod = __import__(name)
  File &quot;TESTS:\syntax\raise_syntax_error30.py&quot;, line 6
    len(&#39;a&#39;) = 3
    ^
SyntaxError: cannot assign to function call

Une exception de type `SyntaxError` se produit lorsque Python ne peut pas comprendre votre code.

Python peut seulement comprendre le code du fichier
&#39;TESTS:\syntax\raise_syntax_error30.py&#39;
jusqu&#39;à l&#39;endroit indiqué par --&gt; et ^.

   3: Python 3.8: SyntaxError: cannot assign to function call
   4: &quot;&quot;&quot;
   5:
--&gt;6: len(&#39;a&#39;) = 3
      ^

    Vous avez écrit une expression comme

        len(&#39;a&#39;) = 3

    où `len(&#39;a&#39;)`, à la gauche du signe d&#39;égalité est soit l&#39;invocation
    d&#39;une fonction, ou inclus une telle invocation,
    et n&#39;est pas simplement le nom d&#39;une variable.
</pre></div>
</div>
</div>
<div class="section" id="cannot-assign-to-function-call-2">
<h2>Cannot assign to function call - 2<a class="headerlink" href="#cannot-assign-to-function-call-2" title="Permalink to this headline">¶</a></h2>
<div class="highlight-none notranslate"><div class="highlight"><pre><span></span>Traceback (most recent call last):
  File &quot;TESTS:\trb_syntax_common.py&quot;, line 42, in create_tracebacks
    mod = __import__(name)
  File &quot;TESTS:\syntax\raise_syntax_error31.py&quot;, line 6
    func(a, b=3) = 4
    ^
SyntaxError: cannot assign to function call

Une exception de type `SyntaxError` se produit lorsque Python ne peut pas comprendre votre code.

Python peut seulement comprendre le code du fichier
&#39;TESTS:\syntax\raise_syntax_error31.py&#39;
jusqu&#39;à l&#39;endroit indiqué par --&gt; et ^.

   3: Python 3.8: SyntaxError: cannot assign to function call
   4: &quot;&quot;&quot;
   5:
--&gt;6: func(a, b=3) = 4
      ^

    Vous avez écrit une expression comme

        ma_fonction(…) = une certaine valeur

    où `ma_fonction(…)`, du côté gauche du signe d&#39;égalité
    est une fonction et non le nom d’une variable.
</pre></div>
</div>
</div>
<div class="section" id="used-equal-sign-instead-of-colon">
<h2>Used equal sign instead of colon<a class="headerlink" href="#used-equal-sign-instead-of-colon" title="Permalink to this headline">¶</a></h2>
<div class="highlight-none notranslate"><div class="highlight"><pre><span></span>Traceback (most recent call last):
  File &quot;TESTS:\trb_syntax_common.py&quot;, line 42, in create_tracebacks
    mod = __import__(name)
  File &quot;TESTS:\syntax\raise_syntax_error32.py&quot;, line 4
    ages = {&#39;Alice&#39;=22, &#39;Bob&#39;=24}
                   ^
SyntaxError: invalid syntax

Une exception de type `SyntaxError` se produit lorsque Python ne peut pas comprendre votre code.

Python peut seulement comprendre le code du fichier
&#39;TESTS:\syntax\raise_syntax_error32.py&#39;
jusqu&#39;à l&#39;endroit indiqué par --&gt; et ^.

   1: &quot;&quot;&quot;Should raise SyntaxError: invalid syntax
   2: &quot;&quot;&quot;
   3:
--&gt;4: ages = {&#39;Alice&#39;=22, &#39;Bob&#39;=24}
                     ^

    Ci-dessous, je tente de deviner ce que a mal tourné, mais je pourrais me tromper.

    Il est possible que vous ayez utilisé un signe d&#39;égalité `=` au lieu de deux points `:`
    pour attribuer des valeurs à une clé d&#39;un dictionnaire
    avant ou exactement à la position indiquée par --&gt; et ^.
</pre></div>
</div>
</div>
<div class="section" id="non-default-argument-follows-default-argument">
<h2>Non-default argument follows default argument<a class="headerlink" href="#non-default-argument-follows-default-argument" title="Permalink to this headline">¶</a></h2>
<div class="highlight-none notranslate"><div class="highlight"><pre><span></span>Traceback (most recent call last):
  File &quot;TESTS:\trb_syntax_common.py&quot;, line 42, in create_tracebacks
    mod = __import__(name)
  File &quot;TESTS:\syntax\raise_syntax_error33.py&quot;, line 5
    def test(a=1, b):
             ^
SyntaxError: non-default argument follows default argument

Une exception de type `SyntaxError` se produit lorsque Python ne peut pas comprendre votre code.

Python peut seulement comprendre le code du fichier
&#39;TESTS:\syntax\raise_syntax_error33.py&#39;
jusqu&#39;à l&#39;endroit indiqué par --&gt; et ^.

   2: &quot;&quot;&quot;
   3:
   4:
--&gt;5: def test(a=1, b):
               ^
   6:     return a + b

    Dans Python, vous pouvez définir les fonctions avec seulement des arguments de position

        def test(a, b, c): ...

    ou seulement des arguments nommés

        def test(a=1, b=2, c=3): ...

    ou une combinaison des deux

        def test(a, b, c=3): ...

    mais avec les arguments nommés apparaissant après tous les arguments positionnels.
    Selon Python, vous avez utilisé des arguments positionnels après des arguments nommés.
</pre></div>
</div>
</div>
<div class="section" id="positional-argument-follows-keyword-argument">
<h2>Positional argument follows keyword argument<a class="headerlink" href="#positional-argument-follows-keyword-argument" title="Permalink to this headline">¶</a></h2>
<div class="highlight-none notranslate"><div class="highlight"><pre><span></span>Traceback (most recent call last):
  File &quot;TESTS:\trb_syntax_common.py&quot;, line 42, in create_tracebacks
    mod = __import__(name)
  File &quot;TESTS:\syntax\raise_syntax_error34.py&quot;, line 5
    test(a=1, b)
              ^
SyntaxError: positional argument follows keyword argument

Une exception de type `SyntaxError` se produit lorsque Python ne peut pas comprendre votre code.

Python peut seulement comprendre le code du fichier
&#39;TESTS:\syntax\raise_syntax_error34.py&#39;
jusqu&#39;à l&#39;endroit indiqué par --&gt; et ^.

   2: &quot;&quot;&quot;
   3:
   4:
--&gt;5: test(a=1, b)
                ^

    Dans Python, vous pouvez invoquer les fonctions avec seulement des arguments de position

        test(1, 2, 3)

    ou seulement des arguments nommés

        test (a=1, b=2, c=3)

    ou une combinaison des deux

        test(1, 2, c=3)

    mais avec les arguments nommés apparaissant après tous les arguments positionnels.
    Selon Python, vous avez utilisé des arguments positionnels après des arguments nommés.
</pre></div>
</div>
</div>
<div class="section" id="f-string-unterminated-string">
<h2>f-string: unterminated string<a class="headerlink" href="#f-string-unterminated-string" title="Permalink to this headline">¶</a></h2>
<div class="highlight-none notranslate"><div class="highlight"><pre><span></span>Traceback (most recent call last):
  File &quot;TESTS:\trb_syntax_common.py&quot;, line 42, in create_tracebacks
    mod = __import__(name)
  File &quot;TESTS:\syntax\raise_syntax_error35.py&quot;, line 4
    print(f&quot;Bob is {age[&#39;Bob]} years old.&quot;)
          ^
SyntaxError: f-string: unterminated string

    Avez-vous oublié d’ajouter un guillemet ?

Une exception de type `SyntaxError` se produit lorsque Python ne peut pas comprendre votre code.

Python peut seulement comprendre le code du fichier
&#39;TESTS:\syntax\raise_syntax_error35.py&#39;
jusqu&#39;à l&#39;endroit indiqué par --&gt; et ^.

   1: &quot;&quot;&quot;Should raise SyntaxError: f-string: unterminated string
   2: &quot;&quot;&quot;
   3:
--&gt;4: print(f&quot;Bob is {age[&#39;Bob]} years old.&quot;)
            ^

    À l&#39;intérieur d&#39;une &quot;f-string&quot;, qui est une chaîne de caractères préfixée de la lettre f,
    vous avez une autre chaîne de caractère qui débute soit avec un apostrophe (&#39;)
    ou des guillemets (&quot;), mais n&#39;est pas terminé par un autre caractère semblable.
</pre></div>
</div>
</div>
<div class="section" id="unclosed-bracket">
<h2>Unclosed bracket<a class="headerlink" href="#unclosed-bracket" title="Permalink to this headline">¶</a></h2>
<div class="highlight-none notranslate"><div class="highlight"><pre><span></span>Traceback (most recent call last):
  File &quot;TESTS:\trb_syntax_common.py&quot;, line 42, in create_tracebacks
    mod = __import__(name)
  File &quot;TESTS:\syntax\raise_syntax_error36.py&quot;, line 7
    print(foo())
    ^
SyntaxError: invalid syntax

Une exception de type `SyntaxError` se produit lorsque Python ne peut pas comprendre votre code.

Python peut seulement comprendre le code du fichier
&#39;TESTS:\syntax\raise_syntax_error36.py&#39;
jusqu&#39;à l&#39;endroit indiqué par --&gt; et ^.

    4: def foo():
    5:     return [1, 2, 3
    6:
--&gt; 7: print(foo())
       ^

    Ci-dessous, je tente de deviner ce que a mal tourné, mais je pourrais me tromper.

    Le symbole crochet `[` à la ligne 5 n&#39;est pas fermé par le symbole correspondant.

        5:     return [1, 2, 3
                      |
</pre></div>
</div>
</div>
<div class="section" id="unexpected-eof-while-parsing">
<h2>Unexpected EOF while parsing<a class="headerlink" href="#unexpected-eof-while-parsing" title="Permalink to this headline">¶</a></h2>
<div class="highlight-none notranslate"><div class="highlight"><pre><span></span>Traceback (most recent call last):
  File &quot;TESTS:\trb_syntax_common.py&quot;, line 42, in create_tracebacks
    mod = __import__(name)
  File &quot;TESTS:\syntax\raise_syntax_error37.py&quot;, line 8
SyntaxError: unexpected EOF while parsing

Une exception de type `SyntaxError` se produit lorsque Python ne peut pas comprendre votre code.

Python peut seulement comprendre le code du fichier
&#39;TESTS:\syntax\raise_syntax_error37.py&#39;
jusqu&#39;à l&#39;endroit indiqué par --&gt; et ^.

    5:     return [1, 2, 3,
    6:
    7: print(foo())
--&gt; 8:
       ^

    Python nous dit qu&#39;il a atteint la fin du fichier
    et s&#39;attendait à plus de contenu.

    Je vais essayer de donner un peu plus d&#39;informations.


    Le symbole crochet `[` à la ligne 5 n&#39;est pas fermé par le symbole correspondant.

        5:     return [1, 2, 3,
                      |
</pre></div>
</div>
</div>
<div class="section" id="name-is-parameter-and-global">
<h2>Name is parameter and global<a class="headerlink" href="#name-is-parameter-and-global" title="Permalink to this headline">¶</a></h2>
<div class="highlight-none notranslate"><div class="highlight"><pre><span></span>Traceback (most recent call last):
  File &quot;TESTS:\trb_syntax_common.py&quot;, line 42, in create_tracebacks
    mod = __import__(name)
  File &quot;TESTS:\syntax\raise_syntax_error38.py&quot;, line 6
    global x
    ^
SyntaxError: name &#39;x&#39; is parameter and global

Une exception de type `SyntaxError` se produit lorsque Python ne peut pas comprendre votre code.

Python peut seulement comprendre le code du fichier
&#39;TESTS:\syntax\raise_syntax_error38.py&#39;
jusqu&#39;à l&#39;endroit indiqué par --&gt; et ^.

   3:
   4:
   5: def f(x):
--&gt;6:     global x
          ^

    Vous avec inclus l&#39;énoncé

        `    global x`

    indiquant que `x` est une variable définie en dehors d&#39;une fonction.
    Vous utilisez également le même `x` comme un argument pour cette
    fonction; un argument de fonction est une variable locale connue seulement
    à l&#39;intérieur de cette fonction, ce qui est le contraire de ce que `global` sous-entendait.
</pre></div>
</div>
</div>
<div class="section" id="keyword-as-attribute">
<h2>Keyword as attribute<a class="headerlink" href="#keyword-as-attribute" title="Permalink to this headline">¶</a></h2>
<div class="highlight-none notranslate"><div class="highlight"><pre><span></span>Traceback (most recent call last):
  File &quot;TESTS:\trb_syntax_common.py&quot;, line 42, in create_tracebacks
    mod = __import__(name)
  File &quot;TESTS:\syntax\raise_syntax_error39.py&quot;, line 12
    a.pass = 2
      ^
SyntaxError: invalid syntax

Une exception de type `SyntaxError` se produit lorsque Python ne peut pas comprendre votre code.

Python peut seulement comprendre le code du fichier
&#39;TESTS:\syntax\raise_syntax_error39.py&#39;
jusqu&#39;à l&#39;endroit indiqué par --&gt; et ^.

    9: a = A()
   10:
   11: a.x = 1
--&gt;12: a.pass = 2
         ^

    Ci-dessous, je tente de deviner ce que a mal tourné, mais je pourrais me tromper.

    Vous avez tenté d&#39;utiliser le mot clé Python `pass` comme attribut.
    Ceci n’est pas permis.
</pre></div>
</div>
</div>
<div class="section" id="content-passed-continuation-line-character">
<h2>Content passed continuation line character<a class="headerlink" href="#content-passed-continuation-line-character" title="Permalink to this headline">¶</a></h2>
<div class="highlight-none notranslate"><div class="highlight"><pre><span></span>Traceback (most recent call last):
  File &quot;TESTS:\trb_syntax_common.py&quot;, line 42, in create_tracebacks
    mod = __import__(name)
  File &quot;TESTS:\syntax\raise_syntax_error40.py&quot;, line 5
    print(\t)
             ^
SyntaxError: unexpected character after line continuation character

Une exception de type `SyntaxError` se produit lorsque Python ne peut pas comprendre votre code.

Python peut seulement comprendre le code du fichier
&#39;TESTS:\syntax\raise_syntax_error40.py&#39;
jusqu&#39;à l&#39;endroit indiqué par --&gt; et ^.

   2: SyntaxError: unexpected character after line continuation character
   3: &quot;&quot;&quot;
   4:
--&gt;5: print(\t)
               ^

    Vous utilisez le caractère de continuation `\` en dehors d&#39;une chaîne de caractères,
    et il est suivi par au moins un autre caractère.
    Je suppose que vous avez oublié de terminer la chaîne par un guillemet
    ou un apostrophe.
</pre></div>
</div>
</div>
<div class="section" id="keyword-can-t-be-an-expression">
<h2>Keyword can’t be an expression<a class="headerlink" href="#keyword-can-t-be-an-expression" title="Permalink to this headline">¶</a></h2>
<div class="highlight-none notranslate"><div class="highlight"><pre><span></span>Traceback (most recent call last):
  File &quot;TESTS:\trb_syntax_common.py&quot;, line 42, in create_tracebacks
    mod = __import__(name)
  File &quot;TESTS:\syntax\raise_syntax_error41.py&quot;, line 7
    a = dict(&#39;key&#39;=1)
             ^
SyntaxError: expression cannot contain assignment, perhaps you meant &quot;==&quot;?

Une exception de type `SyntaxError` se produit lorsque Python ne peut pas comprendre votre code.

Python peut seulement comprendre le code du fichier
&#39;TESTS:\syntax\raise_syntax_error41.py&#39;
jusqu&#39;à l&#39;endroit indiqué par --&gt; et ^.

    4: &quot;&quot;&quot;
    5:
    6:
--&gt; 7: a = dict(&#39;key&#39;=1)
                ^

    L&#39;une des deux possibilités suivantes pourrait être la cause:
    1. Vous vouliez faire une comparaison avec `==` et vous avez écrit `=` à sa place.
    2. Vous avez invoqué une fonction avec un argument nommé:

            une_fonction (invalide=quelque_chose)

    où `invalide` n&#39;est pas un nom de variable valide dans Python
    soit parce qu&#39;il commence par un nombre, soit qu&#39;il est une chaîne,
    ou contient un point, etc.
</pre></div>
</div>
</div>
<div class="section" id="invalid-character-in-identifier">
<h2>Invalid character in identifier<a class="headerlink" href="#invalid-character-in-identifier" title="Permalink to this headline">¶</a></h2>
<div class="highlight-none notranslate"><div class="highlight"><pre><span></span>Traceback (most recent call last):
  File &quot;TESTS:\trb_syntax_common.py&quot;, line 42, in create_tracebacks
    mod = __import__(name)
  File &quot;TESTS:\syntax\raise_syntax_error42.py&quot;, line 6
    🤖 = &#39;Reeborg&#39;
    ^
SyntaxError: invalid character in identifier

Une exception de type `SyntaxError` se produit lorsque Python ne peut pas comprendre votre code.

Python peut seulement comprendre le code du fichier
&#39;TESTS:\syntax\raise_syntax_error42.py&#39;
jusqu&#39;à l&#39;endroit indiqué par --&gt; et ^.

   3:
   4: # Robot-face character below
   5:
--&gt;6: 🤖 = &#39;Reeborg&#39;
      ^

    Vous avez probablement utilisé un caractère unicode qui n&#39;est pas autorisé
    dans le nom d&#39;une variable dans Python.
    Cela comprend de nombreux emojis.
</pre></div>
</div>
</div>
<div class="section" id="keyword-cannot-be-argument-in-def-1">
<h2>Keyword cannot be argument in def - 1<a class="headerlink" href="#keyword-cannot-be-argument-in-def-1" title="Permalink to this headline">¶</a></h2>
<div class="highlight-none notranslate"><div class="highlight"><pre><span></span>Traceback (most recent call last):
  File &quot;TESTS:\trb_syntax_common.py&quot;, line 42, in create_tracebacks
    mod = __import__(name)
  File &quot;TESTS:\syntax\raise_syntax_error43.py&quot;, line 5
    def f(None=1):
          ^
SyntaxError: invalid syntax

Une exception de type `SyntaxError` se produit lorsque Python ne peut pas comprendre votre code.

Python peut seulement comprendre le code du fichier
&#39;TESTS:\syntax\raise_syntax_error43.py&#39;
jusqu&#39;à l&#39;endroit indiqué par --&gt; et ^.

   2: &quot;&quot;&quot;
   3:
   4:
--&gt;5: def f(None=1):
            ^
   6:     pass

    Ci-dessous, je tente de deviner ce que a mal tourné, mais je pourrais me tromper.

    Vous avez tenté d&#39;utiliser le mot clé Python `None` comme argument
    dans la définition d&#39;une fonction.
    Ceci n’est pas permis.
</pre></div>
</div>
</div>
<div class="section" id="keyword-cannot-be-argument-in-def-2">
<h2>Keyword cannot be argument in def - 2<a class="headerlink" href="#keyword-cannot-be-argument-in-def-2" title="Permalink to this headline">¶</a></h2>
<div class="highlight-none notranslate"><div class="highlight"><pre><span></span>Traceback (most recent call last):
  File &quot;TESTS:\trb_syntax_common.py&quot;, line 42, in create_tracebacks
    mod = __import__(name)
  File &quot;TESTS:\syntax\raise_syntax_error44.py&quot;, line 5
    def f(x, True):
             ^
SyntaxError: invalid syntax

Une exception de type `SyntaxError` se produit lorsque Python ne peut pas comprendre votre code.

Python peut seulement comprendre le code du fichier
&#39;TESTS:\syntax\raise_syntax_error44.py&#39;
jusqu&#39;à l&#39;endroit indiqué par --&gt; et ^.

   2: &quot;&quot;&quot;
   3:
   4:
--&gt;5: def f(x, True):
               ^
   6:     pass

    Ci-dessous, je tente de deviner ce que a mal tourné, mais je pourrais me tromper.

    Vous avez tenté d&#39;utiliser le mot clé Python `True` comme argument
    dans la définition d&#39;une fonction.
    Ceci n’est pas permis.
</pre></div>
</div>
</div>
<div class="section" id="keyword-cannot-be-argument-in-def-3">
<h2>Keyword cannot be argument in def - 3<a class="headerlink" href="#keyword-cannot-be-argument-in-def-3" title="Permalink to this headline">¶</a></h2>
<div class="highlight-none notranslate"><div class="highlight"><pre><span></span>Traceback (most recent call last):
  File &quot;TESTS:\trb_syntax_common.py&quot;, line 42, in create_tracebacks
    mod = __import__(name)
  File &quot;TESTS:\syntax\raise_syntax_error45.py&quot;, line 5
    def f(*None):
           ^
SyntaxError: invalid syntax

Une exception de type `SyntaxError` se produit lorsque Python ne peut pas comprendre votre code.

Python peut seulement comprendre le code du fichier
&#39;TESTS:\syntax\raise_syntax_error45.py&#39;
jusqu&#39;à l&#39;endroit indiqué par --&gt; et ^.

   2: &quot;&quot;&quot;
   3:
   4:
--&gt;5: def f(*None):
             ^
   6:     pass

    Ci-dessous, je tente de deviner ce que a mal tourné, mais je pourrais me tromper.

    Vous avez tenté d&#39;utiliser le mot clé Python `None` comme argument
    dans la définition d&#39;une fonction.
    Ceci n’est pas permis.
</pre></div>
</div>
</div>
<div class="section" id="keyword-cannot-be-argument-in-def-4">
<h2>Keyword cannot be argument in def - 4<a class="headerlink" href="#keyword-cannot-be-argument-in-def-4" title="Permalink to this headline">¶</a></h2>
<div class="highlight-none notranslate"><div class="highlight"><pre><span></span>Traceback (most recent call last):
  File &quot;TESTS:\trb_syntax_common.py&quot;, line 42, in create_tracebacks
    mod = __import__(name)
  File &quot;TESTS:\syntax\raise_syntax_error46.py&quot;, line 5
    def f(**None):
            ^
SyntaxError: invalid syntax

Une exception de type `SyntaxError` se produit lorsque Python ne peut pas comprendre votre code.

Python peut seulement comprendre le code du fichier
&#39;TESTS:\syntax\raise_syntax_error46.py&#39;
jusqu&#39;à l&#39;endroit indiqué par --&gt; et ^.

   2: &quot;&quot;&quot;
   3:
   4:
--&gt;5: def f(**None):
              ^
   6:     pass

    Ci-dessous, je tente de deviner ce que a mal tourné, mais je pourrais me tromper.

    Vous avez tenté d&#39;utiliser le mot clé Python `None` comme argument
    dans la définition d&#39;une fonction.
    Ceci n’est pas permis.
</pre></div>
</div>
</div>
<div class="section" id="delete-function-call">
<h2>Delete function call<a class="headerlink" href="#delete-function-call" title="Permalink to this headline">¶</a></h2>
<div class="highlight-none notranslate"><div class="highlight"><pre><span></span>Traceback (most recent call last):
  File &quot;TESTS:\trb_syntax_common.py&quot;, line 42, in create_tracebacks
    mod = __import__(name)
  File &quot;TESTS:\syntax\raise_syntax_error47.py&quot;, line 5
    del f(a)
        ^
SyntaxError: cannot delete function call

Une exception de type `SyntaxError` se produit lorsque Python ne peut pas comprendre votre code.

Python peut seulement comprendre le code du fichier
&#39;TESTS:\syntax\raise_syntax_error47.py&#39;
jusqu&#39;à l&#39;endroit indiqué par --&gt; et ^.

   2: &quot;&quot;&quot;
   3:
   4:
--&gt;5: del f(a)
          ^

    Vous avez tenté de supprimer un appel de fonction

        del f(a)
    au lieu de supprimer le nom de la fonction

        del f
</pre></div>
</div>
</div>
<div class="section" id="name-assigned-prior-to-global-declaration">
<h2>Name assigned prior to global declaration<a class="headerlink" href="#name-assigned-prior-to-global-declaration" title="Permalink to this headline">¶</a></h2>
<div class="highlight-none notranslate"><div class="highlight"><pre><span></span>Traceback (most recent call last):
  File &quot;TESTS:\trb_syntax_common.py&quot;, line 42, in create_tracebacks
    mod = __import__(name)
  File &quot;TESTS:\syntax\raise_syntax_error48.py&quot;, line 7
    global p
    ^
SyntaxError: name &#39;p&#39; is assigned to before global declaration

Une exception de type `SyntaxError` se produit lorsque Python ne peut pas comprendre votre code.

Python peut seulement comprendre le code du fichier
&#39;TESTS:\syntax\raise_syntax_error48.py&#39;
jusqu&#39;à l&#39;endroit indiqué par --&gt; et ^.

    4:
    5: def fn():
    6:     p = 1
--&gt; 7:     global p
           ^

    Vous avez attribué une valeur à la variable `p`
    avant de la déclarer comme une variable globale.
</pre></div>
</div>
</div>
<div class="section" id="name-used-prior-to-global-declaration">
<h2>Name used prior to global declaration<a class="headerlink" href="#name-used-prior-to-global-declaration" title="Permalink to this headline">¶</a></h2>
<div class="highlight-none notranslate"><div class="highlight"><pre><span></span>Traceback (most recent call last):
  File &quot;TESTS:\trb_syntax_common.py&quot;, line 42, in create_tracebacks
    mod = __import__(name)
  File &quot;TESTS:\syntax\raise_syntax_error49.py&quot;, line 7
    global r
    ^
SyntaxError: name &#39;r&#39; is used prior to global declaration

Une exception de type `SyntaxError` se produit lorsque Python ne peut pas comprendre votre code.

Python peut seulement comprendre le code du fichier
&#39;TESTS:\syntax\raise_syntax_error49.py&#39;
jusqu&#39;à l&#39;endroit indiqué par --&gt; et ^.

    4:
    5: def fn():
    6:     print(r)
--&gt; 7:     global r
           ^

    Vous avez utilisé la variable `r`
    avant de la déclarer comme une variable globale.
</pre></div>
</div>
</div>
<div class="section" id="name-used-prior-to-nonlocal-declaration">
<h2>Name used prior to nonlocal declaration<a class="headerlink" href="#name-used-prior-to-nonlocal-declaration" title="Permalink to this headline">¶</a></h2>
<div class="highlight-none notranslate"><div class="highlight"><pre><span></span>Traceback (most recent call last):
  File &quot;TESTS:\trb_syntax_common.py&quot;, line 42, in create_tracebacks
    mod = __import__(name)
  File &quot;TESTS:\syntax\raise_syntax_error50.py&quot;, line 9
    nonlocal q
    ^
SyntaxError: name &#39;q&#39; is used prior to nonlocal declaration

    Avez-vous oublié d’ajouter `nonlocal` en premier ?

Une exception de type `SyntaxError` se produit lorsque Python ne peut pas comprendre votre code.

Python peut seulement comprendre le code du fichier
&#39;TESTS:\syntax\raise_syntax_error50.py&#39;
jusqu&#39;à l&#39;endroit indiqué par --&gt; et ^.

    6:
    7:     def g():
    8:         print(q)
--&gt; 9:         nonlocal q
               ^

    Vous avez utilisé la variable `q`
    avant de la déclarer comme variable non locale.
</pre></div>
</div>
</div>
<div class="section" id="name-assigned-prior-to-nonlocal-declaration">
<h2>Name assigned prior to nonlocal declaration<a class="headerlink" href="#name-assigned-prior-to-nonlocal-declaration" title="Permalink to this headline">¶</a></h2>
<div class="highlight-none notranslate"><div class="highlight"><pre><span></span>Traceback (most recent call last):
  File &quot;TESTS:\trb_syntax_common.py&quot;, line 42, in create_tracebacks
    mod = __import__(name)
  File &quot;TESTS:\syntax\raise_syntax_error51.py&quot;, line 9
    nonlocal s
    ^
SyntaxError: name &#39;s&#39; is assigned to before nonlocal declaration

    Avez-vous oublié d’ajouter `nonlocal` ?

Une exception de type `SyntaxError` se produit lorsque Python ne peut pas comprendre votre code.

Python peut seulement comprendre le code du fichier
&#39;TESTS:\syntax\raise_syntax_error51.py&#39;
jusqu&#39;à l&#39;endroit indiqué par --&gt; et ^.

    6:
    7:     def g():
    8:         s = 2
--&gt; 9:         nonlocal s
               ^

    Vous avez attribué une valeur à la variable `s`
    avant de la déclarer comme variable non locale.
</pre></div>
</div>
</div>
<div class="section" id="cannot-assign-to-literal-3">
<h2>Cannot assign to literal - 3<a class="headerlink" href="#cannot-assign-to-literal-3" title="Permalink to this headline">¶</a></h2>
<div class="highlight-none notranslate"><div class="highlight"><pre><span></span>Traceback (most recent call last):
  File &quot;TESTS:\trb_syntax_common.py&quot;, line 42, in create_tracebacks
    mod = __import__(name)
  File &quot;TESTS:\syntax\raise_syntax_error52.py&quot;, line 7
    {1, 2, 3} = 4
    ^
SyntaxError: cannot assign to set display

Une exception de type `SyntaxError` se produit lorsque Python ne peut pas comprendre votre code.

Python peut seulement comprendre le code du fichier
&#39;TESTS:\syntax\raise_syntax_error52.py&#39;
jusqu&#39;à l&#39;endroit indiqué par --&gt; et ^.

    4:
    5:  &quot;&quot;&quot;
    6:
--&gt; 7: {1, 2, 3} = 4
       ^

    Vous avez écrit une expression comme

        {1, 2, 3} = 4
    où `{1, 2, 3}`, du côté gauche du signe d&#39;égalité
    est ou inclut un objet de type `set`
    et n&#39;est pas simplement le nom d&#39;une variable.
</pre></div>
</div>
</div>
<div class="section" id="cannot-assign-to-literal-4">
<h2>Cannot assign to literal - 4<a class="headerlink" href="#cannot-assign-to-literal-4" title="Permalink to this headline">¶</a></h2>
<div class="highlight-none notranslate"><div class="highlight"><pre><span></span>Traceback (most recent call last):
  File &quot;TESTS:\trb_syntax_common.py&quot;, line 42, in create_tracebacks
    mod = __import__(name)
  File &quot;TESTS:\syntax\raise_syntax_error53.py&quot;, line 7
    {1 : 2, 2 : 4} = 5
    ^
SyntaxError: cannot assign to dict display

Une exception de type `SyntaxError` se produit lorsque Python ne peut pas comprendre votre code.

Python peut seulement comprendre le code du fichier
&#39;TESTS:\syntax\raise_syntax_error53.py&#39;
jusqu&#39;à l&#39;endroit indiqué par --&gt; et ^.

    4:
    5:  &quot;&quot;&quot;
    6:
--&gt; 7: {1 : 2, 2 : 4} = 5
       ^

    Vous avez écrit une expression comme

        {1 : 2, 2 : 4} = 5
    où `{1 : 2, 2 : 4}`, du côté gauche du signe d&#39;égalité
    est ou inclut un objet de type `dict`
    et n&#39;est pas simplement le nom d&#39;une variable.
</pre></div>
</div>
</div>
<div class="section" id="cannot-assign-to-literal-5">
<h2>Cannot assign to literal - 5<a class="headerlink" href="#cannot-assign-to-literal-5" title="Permalink to this headline">¶</a></h2>
<div class="highlight-none notranslate"><div class="highlight"><pre><span></span>Traceback (most recent call last):
  File &quot;TESTS:\trb_syntax_common.py&quot;, line 42, in create_tracebacks
    mod = __import__(name)
  File &quot;TESTS:\syntax\raise_syntax_error54.py&quot;, line 4
    1 = a = b
    ^
SyntaxError: cannot assign to literal

Une exception de type `SyntaxError` se produit lorsque Python ne peut pas comprendre votre code.

Python peut seulement comprendre le code du fichier
&#39;TESTS:\syntax\raise_syntax_error54.py&#39;
jusqu&#39;à l&#39;endroit indiqué par --&gt; et ^.

   1: &quot;&quot;&quot;Should raise SyntaxError: can&#39;t assign to literal
   2: or (Python 3.8) cannot assign to literal&quot;&quot;&quot;
   3:
--&gt;4: 1 = a = b
      ^

    Vous avez écrit une expression comme

        ... = nom_de_variable
    où `...`, du côté gauche du signe d&#39;égalité
    est ou inclut un objet
    et n&#39;est pas simplement le nom d&#39;une variable.
</pre></div>
</div>
</div>
<div class="section" id="walrus-named-assignment-depending-on-python-version">
<h2>Walrus/Named assignment depending on Python version<a class="headerlink" href="#walrus-named-assignment-depending-on-python-version" title="Permalink to this headline">¶</a></h2>
<div class="highlight-none notranslate"><div class="highlight"><pre><span></span>Traceback (most recent call last):
  File &quot;TESTS:\trb_syntax_common.py&quot;, line 42, in create_tracebacks
    mod = __import__(name)
  File &quot;TESTS:\syntax\raise_syntax_error55.py&quot;, line 4
    (True := 1)
     ^
SyntaxError: cannot use assignment expressions with True

    Vous ne pouvez pas attribuer une valeur à `True`.
Une exception de type `SyntaxError` se produit lorsque Python ne peut pas comprendre votre code.

Python peut seulement comprendre le code du fichier
&#39;TESTS:\syntax\raise_syntax_error55.py&#39;
jusqu&#39;à l&#39;endroit indiqué par --&gt; et ^.

   1: &quot;&quot;&quot;Should raise SyntaxError: invalid syntax
   2: or (Python 3.8) cannot use named assignment with True&quot;&quot;&quot;
   3:
--&gt;4: (True := 1)
       ^

    `True` est une constante dans python; vous ne pouvez pas lui assigner une valeur.
</pre></div>
</div>
</div>
<div class="section" id="named-assignment-with-python-constant">
<h2>Named assignment with Python constant<a class="headerlink" href="#named-assignment-with-python-constant" title="Permalink to this headline">¶</a></h2>
<div class="highlight-none notranslate"><div class="highlight"><pre><span></span>Traceback (most recent call last):
  File &quot;TESTS:\trb_syntax_common.py&quot;, line 42, in create_tracebacks
    mod = __import__(name)
  File &quot;TESTS:\syntax\raise_syntax_error56.py&quot;, line 4
    a + 1 = 2
    ^
SyntaxError: cannot assign to operator

Une exception de type `SyntaxError` se produit lorsque Python ne peut pas comprendre votre code.

Python peut seulement comprendre le code du fichier
&#39;TESTS:\syntax\raise_syntax_error56.py&#39;
jusqu&#39;à l&#39;endroit indiqué par --&gt; et ^.

   1: &quot;&quot;&quot;Should raise SyntaxError: can&#39;t assign to operator
   2: or (Python 3.8) cannot assign to operator&quot;&quot;&quot;
   3:
--&gt;4: a + 1 = 2
      ^

    Vous avez écrit une expression qui inclut des opérations mathématiques
    du côté gauche du signe d&#39;égalité; ceci devrait être
    utilisé uniquement pour attribuer une valeur à une variable.
</pre></div>
</div>
</div>
<div class="section" id="using-the-backquote-character">
<h2>Using the backquote character<a class="headerlink" href="#using-the-backquote-character" title="Permalink to this headline">¶</a></h2>
<div class="highlight-none notranslate"><div class="highlight"><pre><span></span>Traceback (most recent call last):
  File &quot;TESTS:\trb_syntax_common.py&quot;, line 42, in create_tracebacks
    mod = __import__(name)
  File &quot;TESTS:\syntax\raise_syntax_error57.py&quot;, line 3
    a = `1`
        ^
SyntaxError: invalid syntax

    Vous ne devez pas utiliser le caractère accent grave.

Une exception de type `SyntaxError` se produit lorsque Python ne peut pas comprendre votre code.

Python peut seulement comprendre le code du fichier
&#39;TESTS:\syntax\raise_syntax_error57.py&#39;
jusqu&#39;à l&#39;endroit indiqué par --&gt; et ^.

   1: &quot;&quot;&quot;Should raise SyntaxError: invalid syntax&quot;&quot;&quot;
   2:
--&gt;3: a = `1`
          ^

    Ci-dessous, je tente de deviner ce que a mal tourné, mais je pourrais me tromper.

    Vous utilisez le charactère d&#39;accent grave.
    Soit que vous vouliez utiliser un apostrophe, &#39;,
    ou que vous avez copié du code de Python 2;
    dans ce dernier cas, utilisez la fonction `repr(x)`.
</pre></div>
</div>
</div>
<div class="section" id="assign-to-generator-expression">
<h2>Assign to generator expression<a class="headerlink" href="#assign-to-generator-expression" title="Permalink to this headline">¶</a></h2>
<div class="highlight-none notranslate"><div class="highlight"><pre><span></span>Traceback (most recent call last):
  File &quot;TESTS:\trb_syntax_common.py&quot;, line 42, in create_tracebacks
    mod = __import__(name)
  File &quot;TESTS:\syntax\raise_syntax_error58.py&quot;, line 3
    (x for x in x) = 1
    ^
SyntaxError: cannot assign to generator expression

Une exception de type `SyntaxError` se produit lorsque Python ne peut pas comprendre votre code.

Python peut seulement comprendre le code du fichier
&#39;TESTS:\syntax\raise_syntax_error58.py&#39;
jusqu&#39;à l&#39;endroit indiqué par --&gt; et ^.

   1: &quot;&quot;&quot;Should raise SyntaxError: can&#39;t [cannot] assign to generator expression&quot;&quot;&quot;
   2:
--&gt;3: (x for x in x) = 1
      ^

    Du côté gauche d&#39;un signe d&#39;égalité, vous avez une
    expression génératrice au lieu du nom d&#39;une variable.
</pre></div>
</div>
</div>
<div class="section" id="assign-to-conditional-expression">
<h2>Assign to conditional expression<a class="headerlink" href="#assign-to-conditional-expression" title="Permalink to this headline">¶</a></h2>
<div class="highlight-none notranslate"><div class="highlight"><pre><span></span>Traceback (most recent call last):
  File &quot;TESTS:\trb_syntax_common.py&quot;, line 42, in create_tracebacks
    mod = __import__(name)
  File &quot;TESTS:\syntax\raise_syntax_error59.py&quot;, line 3
    a if 1 else b = 1
    ^
SyntaxError: cannot assign to conditional expression

Une exception de type `SyntaxError` se produit lorsque Python ne peut pas comprendre votre code.

Python peut seulement comprendre le code du fichier
&#39;TESTS:\syntax\raise_syntax_error59.py&#39;
jusqu&#39;à l&#39;endroit indiqué par --&gt; et ^.

   1: &quot;&quot;&quot;Should raise SyntaxError: can&#39;t [cannot] assign to conditional expression&quot;&quot;&quot;
   2:
--&gt;3: a if 1 else b = 1
      ^

    Du côté gauche d&#39;un signe d&#39;égalité, vous avez une
    expression conditionnelle au lieu du nom d&#39;une variable.
    Une expression conditionnelle doit avoir la forme suivante:

        variable = objet if condition else autre_objet
</pre></div>
</div>
</div>
<div class="section" id="name-is-parameter-and-nonlocal">
<h2>Name is parameter and nonlocal<a class="headerlink" href="#name-is-parameter-and-nonlocal" title="Permalink to this headline">¶</a></h2>
<div class="highlight-none notranslate"><div class="highlight"><pre><span></span>Traceback (most recent call last):
  File &quot;TESTS:\trb_syntax_common.py&quot;, line 42, in create_tracebacks
    mod = __import__(name)
  File &quot;TESTS:\syntax\raise_syntax_error60.py&quot;, line 5
    nonlocal x
    ^
SyntaxError: name &#39;x&#39; is parameter and nonlocal

Une exception de type `SyntaxError` se produit lorsque Python ne peut pas comprendre votre code.

Python peut seulement comprendre le code du fichier
&#39;TESTS:\syntax\raise_syntax_error60.py&#39;
jusqu&#39;à l&#39;endroit indiqué par --&gt; et ^.

   2:
   3:
   4: def f(x):
--&gt;5:     nonlocal x
          ^

    Vous avez utilisé `x` comme paramètre pour une fonction
    avant de la déclarer également comme une variable non locale :
    `x` ne peut pas être les deux en même temps.
</pre></div>
</div>
</div>
<div class="section" id="name-is-global-and-nonlocal">
<h2>Name is global and nonlocal<a class="headerlink" href="#name-is-global-and-nonlocal" title="Permalink to this headline">¶</a></h2>
<div class="highlight-none notranslate"><div class="highlight"><pre><span></span>Traceback (most recent call last):
  File &quot;TESTS:\trb_syntax_common.py&quot;, line 42, in create_tracebacks
    mod = __import__(name)
  File &quot;TESTS:\syntax\raise_syntax_error61.py&quot;, line 7
    global xy
    ^
SyntaxError: name &#39;xy&#39; is nonlocal and global

Une exception de type `SyntaxError` se produit lorsque Python ne peut pas comprendre votre code.

Python peut seulement comprendre le code du fichier
&#39;TESTS:\syntax\raise_syntax_error61.py&#39;
jusqu&#39;à l&#39;endroit indiqué par --&gt; et ^.

    4:
    5:
    6: def f():
--&gt; 7:     global xy
           ^
    8:     nonlocal xy

    Vous avez utilisé `xy` comme étant une variable non locale et globale.
    Une variable peut être d&#39;un seul type à la fois: soit globale, soit non locale, ou soit locale.
</pre></div>
</div>
</div>
<div class="section" id="nonlocal-variable-not-found">
<h2>nonlocal variable not found<a class="headerlink" href="#nonlocal-variable-not-found" title="Permalink to this headline">¶</a></h2>
<div class="highlight-none notranslate"><div class="highlight"><pre><span></span>Traceback (most recent call last):
  File &quot;TESTS:\trb_syntax_common.py&quot;, line 42, in create_tracebacks
    mod = __import__(name)
  File &quot;TESTS:\syntax\raise_syntax_error62.py&quot;, line 5
    nonlocal ab
    ^
SyntaxError: no binding for nonlocal &#39;ab&#39; found

Une exception de type `SyntaxError` se produit lorsque Python ne peut pas comprendre votre code.

Python peut seulement comprendre le code du fichier
&#39;TESTS:\syntax\raise_syntax_error62.py&#39;
jusqu&#39;à l&#39;endroit indiqué par --&gt; et ^.

   2:
   3:
   4: def f():
--&gt;5:     nonlocal ab
          ^

    Vous avez déclaré la variable `ab` comme non locale
    mais elle n&#39;existe pas ailleurs.
</pre></div>
</div>
</div>
<div class="section" id="nonlocal-variable-not-found-at-module-level">
<h2>nonlocal variable not found at module level<a class="headerlink" href="#nonlocal-variable-not-found-at-module-level" title="Permalink to this headline">¶</a></h2>
<div class="highlight-none notranslate"><div class="highlight"><pre><span></span>Traceback (most recent call last):
  File &quot;TESTS:\trb_syntax_common.py&quot;, line 42, in create_tracebacks
    mod = __import__(name)
  File &quot;TESTS:\syntax\raise_syntax_error63.py&quot;, line 4
    nonlocal cd
    ^
SyntaxError: nonlocal declaration not allowed at module level

Une exception de type `SyntaxError` se produit lorsque Python ne peut pas comprendre votre code.

Python peut seulement comprendre le code du fichier
&#39;TESTS:\syntax\raise_syntax_error63.py&#39;
jusqu&#39;à l&#39;endroit indiqué par --&gt; et ^.

   1: &quot;&quot;&quot;Should raise SyntaxError:  nonlocal declaration not allowed at module level&quot;&quot;&quot;
   2:
   3:
--&gt;4: nonlocal cd
      ^

    Vous avez utilisé le mot clé nonlocal au niveau d&#39;un module.
    Le mot clé nonlocal fait référence à une variable à l&#39;intérieur d&#39;une fonction
    qui a une valeur attribuée à l&#39;extérieur de cette fonction.
</pre></div>
</div>
</div>
<div class="section" id="keyword-arg-only-once-in-function-definition">
<h2>Keyword arg only once in function definition<a class="headerlink" href="#keyword-arg-only-once-in-function-definition" title="Permalink to this headline">¶</a></h2>
<div class="highlight-none notranslate"><div class="highlight"><pre><span></span>Traceback (most recent call last):
  File &quot;TESTS:\trb_syntax_common.py&quot;, line 42, in create_tracebacks
    mod = __import__(name)
  File &quot;TESTS:\syntax\raise_syntax_error64.py&quot;, line 4
    def f(aa=1, aa=2):
    ^
SyntaxError: duplicate argument &#39;aa&#39; in function definition

Une exception de type `SyntaxError` se produit lorsque Python ne peut pas comprendre votre code.

Python peut seulement comprendre le code du fichier
&#39;TESTS:\syntax\raise_syntax_error64.py&#39;
jusqu&#39;à l&#39;endroit indiqué par --&gt; et ^.

   1: &quot;&quot;&quot;Should raise SyntaxError: duplicate argument &#39;aa&#39; in function definition&quot;&quot;&quot;
   2:
   3:
--&gt;4: def f(aa=1, aa=2):
      ^
   5:     pass

    Vous avez défini une fonction répétant l&#39;argument nommé

        aa
    deux fois; chaque argument nommé ne doit apparaître qu&#39;une seule fois dans une définition de fonction.
</pre></div>
</div>
</div>
<div class="section" id="keyword-arg-only-once-in-function-call">
<h2>Keyword arg only once in function call<a class="headerlink" href="#keyword-arg-only-once-in-function-call" title="Permalink to this headline">¶</a></h2>
<div class="highlight-none notranslate"><div class="highlight"><pre><span></span>Traceback (most recent call last):
  File &quot;TESTS:\trb_syntax_common.py&quot;, line 42, in create_tracebacks
    mod = __import__(name)
  File &quot;TESTS:\syntax\raise_syntax_error65.py&quot;, line 4
    f(ad=1, ad=2)
            ^
SyntaxError: keyword argument repeated

Une exception de type `SyntaxError` se produit lorsque Python ne peut pas comprendre votre code.

Python peut seulement comprendre le code du fichier
&#39;TESTS:\syntax\raise_syntax_error65.py&#39;
jusqu&#39;à l&#39;endroit indiqué par --&gt; et ^.

   1: &quot;&quot;&quot;Should raise SyntaxError:  keyword argument repeated&quot;&quot;&quot;
   2:
   3:
--&gt;4: f(ad=1, ad=2)
              ^

    Vous avez invoqué une fonction en répétant le même argument nommé.
    Chaque argument de ce type ne peut apparaître qu&#39;une seule fois.
</pre></div>
</div>
</div>
<div class="section" id="indentationerror-syntaxerror-depending-on-version">
<h2>IndentationError/SyntaxError depending on version<a class="headerlink" href="#indentationerror-syntaxerror-depending-on-version" title="Permalink to this headline">¶</a></h2>
<div class="highlight-none notranslate"><div class="highlight"><pre><span></span>Traceback (most recent call last):
  File &quot;TESTS:\trb_syntax_common.py&quot;, line 42, in create_tracebacks
    mod = __import__(name)
  File &quot;TESTS:\syntax\raise_syntax_error66.py&quot;, line 4
SyntaxError: unexpected EOF while parsing

Une exception de type `SyntaxError` se produit lorsque Python ne peut pas comprendre votre code.

Python peut seulement comprendre le code du fichier
&#39;TESTS:\syntax\raise_syntax_error66.py&#39;
jusqu&#39;à l&#39;endroit indiqué par --&gt; et ^.

   1: &#39;&#39;&#39;Should raise SyntaxError: unexpected EOF while parsing&#39;&#39;&#39;
   2:
   3: for i in range(10):
--&gt;4:
      ^

    Python nous dit qu&#39;il a atteint la fin du fichier
    et s&#39;attendait à plus de contenu.
</pre></div>
</div>
</div>
<div class="section" id="print-is-a-function-2">
<h2>print is a function 2<a class="headerlink" href="#print-is-a-function-2" title="Permalink to this headline">¶</a></h2>
<div class="highlight-none notranslate"><div class="highlight"><pre><span></span>Traceback (most recent call last):
  File &quot;TESTS:\trb_syntax_common.py&quot;, line 42, in create_tracebacks
    mod = __import__(name)
  File &quot;TESTS:\syntax\raise_syntax_error67.py&quot;, line 2
    print len(&#39;hello&#39;)
          ^
SyntaxError: invalid syntax

Une exception de type `SyntaxError` se produit lorsque Python ne peut pas comprendre votre code.

Python peut seulement comprendre le code du fichier
&#39;TESTS:\syntax\raise_syntax_error67.py&#39;
jusqu&#39;à l&#39;endroit indiqué par --&gt; et ^.

   1: &quot;&quot;&quot;Should raise SyntaxError: invalid syntax&quot;&quot;&quot;
--&gt;2: print len(&#39;hello&#39;)
            ^

    Ci-dessous, je tente de deviner ce que a mal tourné, mais je pourrais me tromper.

    Dans l&#39;ancienne version de Python, `print` était un mot clé.
    Maintenant, `print` est une fonction; vous devez utiliser des parenthèses pour l&#39;invoquer.
</pre></div>
</div>
</div>
<div class="section" id="copy-paste-from-interpreter">
<h2>Copy/paste from interpreter<a class="headerlink" href="#copy-paste-from-interpreter" title="Permalink to this headline">¶</a></h2>
<div class="highlight-none notranslate"><div class="highlight"><pre><span></span>Traceback (most recent call last):
  File &quot;TESTS:\trb_syntax_common.py&quot;, line 42, in create_tracebacks
    mod = __import__(name)
  File &quot;TESTS:\syntax\raise_syntax_error68.py&quot;, line 2
    &gt;&gt;&gt; print(&quot;Hello World!&quot;)
    ^
SyntaxError: invalid syntax

    Avez-vous utilisé copier-coller ?

Une exception de type `SyntaxError` se produit lorsque Python ne peut pas comprendre votre code.

Python peut seulement comprendre le code du fichier
&#39;TESTS:\syntax\raise_syntax_error68.py&#39;
jusqu&#39;à l&#39;endroit indiqué par --&gt; et ^.

   1: &quot;&quot;&quot;Should raise SyntaxError: invalid syntax&quot;&quot;&quot;
--&gt;2: &gt;&gt;&gt; print(&quot;Hello World!&quot;)
      ^

    Ci-dessous, je tente de deviner ce que a mal tourné, mais je pourrais me tromper.

    On dirait que vous avez copié-collé le code d’un interprète interactif.
    L’invite Python, `&gt;&gt;&gt;`, ne doit pas être incluse dans votre code.
</pre></div>
</div>
</div>
<div class="section" id="using-pip-from-interpreter">
<h2>Using pip from interpreter<a class="headerlink" href="#using-pip-from-interpreter" title="Permalink to this headline">¶</a></h2>
<div class="highlight-none notranslate"><div class="highlight"><pre><span></span>Traceback (most recent call last):
  File &quot;TESTS:\trb_syntax_common.py&quot;, line 42, in create_tracebacks
    mod = __import__(name)
  File &quot;TESTS:\syntax\raise_syntax_error69.py&quot;, line 2
    pip install friendly
        ^
SyntaxError: invalid syntax

    Pip ne peut pas être utilisé dans un interprète Python.

Une exception de type `SyntaxError` se produit lorsque Python ne peut pas comprendre votre code.

Python peut seulement comprendre le code du fichier
&#39;TESTS:\syntax\raise_syntax_error69.py&#39;
jusqu&#39;à l&#39;endroit indiqué par --&gt; et ^.

   1: &quot;&quot;&quot;Should raise SyntaxError: invalid syntax&quot;&quot;&quot;
--&gt;2: pip install friendly
          ^

    Ci-dessous, je tente de deviner ce que a mal tourné, mais je pourrais me tromper.

    Il semble que vous essayez d’utiliser pip pour installer un module.
    `pip` est une commande qui doit être invoquée dans un terminal,
    pas dans un interprète Python.
</pre></div>
</div>
</div>
<div class="section" id="using-pip-from-interpreter-2">
<h2>Using pip from interpreter 2<a class="headerlink" href="#using-pip-from-interpreter-2" title="Permalink to this headline">¶</a></h2>
<div class="highlight-none notranslate"><div class="highlight"><pre><span></span>Traceback (most recent call last):
  File &quot;TESTS:\trb_syntax_common.py&quot;, line 42, in create_tracebacks
    mod = __import__(name)
  File &quot;TESTS:\syntax\raise_syntax_error70.py&quot;, line 2
    python -m pip install friendly
              ^
SyntaxError: invalid syntax

    Pip ne peut pas être utilisé dans un interprète Python.

Une exception de type `SyntaxError` se produit lorsque Python ne peut pas comprendre votre code.

Python peut seulement comprendre le code du fichier
&#39;TESTS:\syntax\raise_syntax_error70.py&#39;
jusqu&#39;à l&#39;endroit indiqué par --&gt; et ^.

   1: &quot;&quot;&quot;Should raise SyntaxError: invalid syntax&quot;&quot;&quot;
--&gt;2: python -m pip install friendly
                ^

    Ci-dessous, je tente de deviner ce que a mal tourné, mais je pourrais me tromper.

    Il semble que vous essayez d’utiliser pip pour installer un module.
    `pip` est une commande qui doit être invoquée dans un terminal,
    pas dans un interprète Python.
</pre></div>
</div>
</div>
<div class="section" id="dot-followed-by-parenthesis">
<h2>Dot followed by parenthesis<a class="headerlink" href="#dot-followed-by-parenthesis" title="Permalink to this headline">¶</a></h2>
<div class="highlight-none notranslate"><div class="highlight"><pre><span></span>Traceback (most recent call last):
  File &quot;TESTS:\trb_syntax_common.py&quot;, line 42, in create_tracebacks
    mod = __import__(name)
  File &quot;TESTS:\syntax\raise_syntax_error71.py&quot;, line 2
    print(len.(&#39;hello&#39;))
              ^
SyntaxError: invalid syntax

Une exception de type `SyntaxError` se produit lorsque Python ne peut pas comprendre votre code.

Python peut seulement comprendre le code du fichier
&#39;TESTS:\syntax\raise_syntax_error71.py&#39;
jusqu&#39;à l&#39;endroit indiqué par --&gt; et ^.

   1: &quot;&quot;&quot;Should raise SyntaxError: invalid syntax&quot;&quot;&quot;
--&gt;2: print(len.(&#39;hello&#39;))
                ^

    Ci-dessous, je tente de deviner ce que a mal tourné, mais je pourrais me tromper.

    Vous ne pouvez pas avoir un point `.` suivi de `(`.
</pre></div>
</div>
</div>
<div class="section" id="cannot-assign-to-f-string">
<h2>Cannot assign to f-string<a class="headerlink" href="#cannot-assign-to-f-string" title="Permalink to this headline">¶</a></h2>
<div class="highlight-none notranslate"><div class="highlight"><pre><span></span>Traceback (most recent call last):
  File &quot;TESTS:\trb_syntax_common.py&quot;, line 42, in create_tracebacks
    mod = __import__(name)
  File &quot;TESTS:\syntax\raise_syntax_error72.py&quot;, line 6
    f&#39;{x}&#39; = 42
    ^
SyntaxError: cannot assign to f-string expression

Une exception de type `SyntaxError` se produit lorsque Python ne peut pas comprendre votre code.

Python peut seulement comprendre le code du fichier
&#39;TESTS:\syntax\raise_syntax_error72.py&#39;
jusqu&#39;à l&#39;endroit indiqué par --&gt; et ^.

   3: Python &gt;= 3.8: SyntaxError: cannot assign to f-string expression
   4: &quot;&quot;&quot;
   5:
--&gt;6: f&#39;{x}&#39; = 42
      ^

    Vous avez écrit une expression qui a une chaine de
    caractères formatés (aussi appelé f-string)
    sur le côté gauche du signe d&#39;égalité.
    Une f-string ne doit apparaître que sur le côté droit du signe d’égalité.
</pre></div>
</div>
</div>
<div class="section" id="raising-multiple-exceptions">
<h2>Raising multiple exceptions<a class="headerlink" href="#raising-multiple-exceptions" title="Permalink to this headline">¶</a></h2>
<div class="highlight-none notranslate"><div class="highlight"><pre><span></span>Traceback (most recent call last):
  File &quot;TESTS:\trb_syntax_common.py&quot;, line 42, in create_tracebacks
    mod = __import__(name)
  File &quot;TESTS:\syntax\raise_syntax_error73.py&quot;, line 2
    raise X, Y
           ^
SyntaxError: invalid syntax

Une exception de type `SyntaxError` se produit lorsque Python ne peut pas comprendre votre code.

Python peut seulement comprendre le code du fichier
&#39;TESTS:\syntax\raise_syntax_error73.py&#39;
jusqu&#39;à l&#39;endroit indiqué par --&gt; et ^.

   1: &quot;&quot;&quot;Should raise SyntaxError: invalid syntax&quot;&quot;&quot;
--&gt;2: raise X, Y
             ^

    Ci-dessous, je tente de deviner ce que a mal tourné, mais je pourrais me tromper.

    Je crois que vous essayez de lever une exception en utilisant la syntaxe de Python 2.
</pre></div>
</div>
</div>
<div class="section" id="parenthesis-around-generator-expression">
<h2>Parenthesis around generator expression<a class="headerlink" href="#parenthesis-around-generator-expression" title="Permalink to this headline">¶</a></h2>
<div class="highlight-none notranslate"><div class="highlight"><pre><span></span>Traceback (most recent call last):
  File &quot;TESTS:\trb_syntax_common.py&quot;, line 42, in create_tracebacks
    mod = __import__(name)
  File &quot;TESTS:\syntax\raise_syntax_error74.py&quot;, line 6
    f(x for x in L, 1)
      ^
SyntaxError: Generator expression must be parenthesized

Une exception de type `SyntaxError` se produit lorsque Python ne peut pas comprendre votre code.

Python peut seulement comprendre le code du fichier
&#39;TESTS:\syntax\raise_syntax_error74.py&#39;
jusqu&#39;à l&#39;endroit indiqué par --&gt; et ^.

   3:     return list(it)
   4:
   5: L = range(10)
--&gt;6: f(x for x in L, 1)
        ^

    Vous utilisez une expression de générateur, quelque chose de la forme
        `x for x in objet`
    Vous devez ajouter des parenthèses qui entourent cette expression.
</pre></div>
</div>
</div>
<div class="section" id="invalid-character-bad-quote">
<h2>Invalid character (bad quote)<a class="headerlink" href="#invalid-character-bad-quote" title="Permalink to this headline">¶</a></h2>
<div class="highlight-none notranslate"><div class="highlight"><pre><span></span>Traceback (most recent call last):
  File &quot;TESTS:\trb_syntax_common.py&quot;, line 42, in create_tracebacks
    mod = __import__(name)
  File &quot;TESTS:\syntax\raise_syntax_error75.py&quot;, line 3
    a = « hello »
        ^
SyntaxError: invalid character in identifier

    Vouliez vous utiliser un guillemet normal, `&#39;` ou `&quot;` ?

Une exception de type `SyntaxError` se produit lorsque Python ne peut pas comprendre votre code.

Python peut seulement comprendre le code du fichier
&#39;TESTS:\syntax\raise_syntax_error75.py&#39;
jusqu&#39;à l&#39;endroit indiqué par --&gt; et ^.

   1: &quot;&quot;&quot;Should raise SyntaxError: invalid character in identifier for Python &lt;=3.8
   2:    and  SyntaxError: invalid character &#39;«&#39; (U+00AB) in Python 3.9&quot;&quot;&quot;
--&gt;3: a = « hello »
          ^

    Python indique que vous avez utilisé des caractères unicode non permis
    comme étant partie d’un nom de variable; cela inclut de nombreux emojis.
    Cependant, je soupçonne que vous avez utilisé un guillemet unicode
    au lieu d’un guillemet normal (simple ou double) pour une chaîne de caractères.
    Cela peut se produire si vous utilisez du copier-coller.
</pre></div>
</div>
</div>
<div class="section" id="single-instead-of-double-with-if">
<h2>Single = instead of double == with if<a class="headerlink" href="#single-instead-of-double-with-if" title="Permalink to this headline">¶</a></h2>
<div class="highlight-none notranslate"><div class="highlight"><pre><span></span>Traceback (most recent call last):
  File &quot;TESTS:\trb_syntax_common.py&quot;, line 42, in create_tracebacks
    mod = __import__(name)
  File &quot;TESTS:\syntax\raise_syntax_error76.py&quot;, line 3
    if i % 2 = 0:
             ^
SyntaxError: invalid syntax

    Peut-être que vous aviez besoin de `==` au lieu de `=`.

Une exception de type `SyntaxError` se produit lorsque Python ne peut pas comprendre votre code.

Python peut seulement comprendre le code du fichier
&#39;TESTS:\syntax\raise_syntax_error76.py&#39;
jusqu&#39;à l&#39;endroit indiqué par --&gt; et ^.

   1: &quot;&quot;&quot;Should raise SyntaxError: invalid syntax&quot;&quot;&quot;
   2: for i in range(101):
--&gt;3:     if i % 2 = 0:
                   ^
   4:         print(i)

    Ci-dessous, je tente de deviner ce que a mal tourné, mais je pourrais me tromper.

    Vous avez utilisé un opérateur d’affectation `=` au lieu d’un opérateur d&#39;égalité `==`
    avec un énoncé `if`.
</pre></div>
</div>
</div>
<div class="section" id="single-instead-of-double-with-elif">
<h2>Single = instead of double == with elif<a class="headerlink" href="#single-instead-of-double-with-elif" title="Permalink to this headline">¶</a></h2>
<div class="highlight-none notranslate"><div class="highlight"><pre><span></span>Traceback (most recent call last):
  File &quot;TESTS:\trb_syntax_common.py&quot;, line 42, in create_tracebacks
    mod = __import__(name)
  File &quot;TESTS:\syntax\raise_syntax_error77.py&quot;, line 5
    elif i % 2 = 0:
               ^
SyntaxError: invalid syntax

    Peut-être que vous aviez besoin de `==` au lieu de `=`.

Une exception de type `SyntaxError` se produit lorsque Python ne peut pas comprendre votre code.

Python peut seulement comprendre le code du fichier
&#39;TESTS:\syntax\raise_syntax_error77.py&#39;
jusqu&#39;à l&#39;endroit indiqué par --&gt; et ^.

   2: for i in range(101):
   3:     if False:
   4:         pass
--&gt;5:     elif i % 2 = 0:
                     ^
   6:         print(i)

    Ci-dessous, je tente de deviner ce que a mal tourné, mais je pourrais me tromper.

    Vous avez utilisé un opérateur d’affectation `=` au lieu d’un opérateur d&#39;égalité `==`
    avec un énoncé `elif`.
</pre></div>
</div>
</div>
<div class="section" id="single-instead-of-double-with-while">
<h2>Single = instead of double == with while<a class="headerlink" href="#single-instead-of-double-with-while" title="Permalink to this headline">¶</a></h2>
<div class="highlight-none notranslate"><div class="highlight"><pre><span></span>Traceback (most recent call last):
  File &quot;TESTS:\trb_syntax_common.py&quot;, line 42, in create_tracebacks
    mod = __import__(name)
  File &quot;TESTS:\syntax\raise_syntax_error78.py&quot;, line 4
    while a = 1:
            ^
SyntaxError: invalid syntax

    Peut-être que vous aviez besoin de `==` ou `:=` au lieu de `=`.

Une exception de type `SyntaxError` se produit lorsque Python ne peut pas comprendre votre code.

Python peut seulement comprendre le code du fichier
&#39;TESTS:\syntax\raise_syntax_error78.py&#39;
jusqu&#39;à l&#39;endroit indiqué par --&gt; et ^.

   1: &quot;&quot;&quot;Should raise SyntaxError: invalid syntax&quot;&quot;&quot;
   2: a = 1
   3:
--&gt;4: while a = 1:
              ^
   5:     a = 2

    Ci-dessous, je tente de deviner ce que a mal tourné, mais je pourrais me tromper.

    Vous avez utilisé un opérateur d’affectation `=`; vous vouliez peut-être utiliser
    un opérateur d&#39;égalité, `==`, ou l&#39;opérateur `:=`.
</pre></div>
</div>
</div>
<div class="section" id="forgot-an-operator-in-an-f-string">
<h2>Forgot an operator in an f-string<a class="headerlink" href="#forgot-an-operator-in-an-f-string" title="Permalink to this headline">¶</a></h2>
<div class="highlight-none notranslate"><div class="highlight"><pre><span></span>Traceback (most recent call last):
  File &quot;TESTS:\trb_syntax_common.py&quot;, line 42, in create_tracebacks
    mod = __import__(name)
  File &quot;&lt;fstring&gt;&quot;, line 1
    (x y)
       ^
SyntaxError: invalid syntax

    Avez-vous oublié quelque chose entre `x` et `y` ?

Une exception de type `SyntaxError` se produit lorsque Python ne peut pas comprendre votre code.

Python peut seulement comprendre le code du fichier
&#39;&lt;fstring&gt;&#39;
jusqu&#39;à l&#39;endroit indiqué par --&gt; et ^.

--&gt;1: (x y)
         ^

    Ci-dessous, je tente de deviner ce que a mal tourné, mais je pourrais me tromper.

    Python indique que l’erreur est causée par `y` écrit tout juste après `x`.
    Peut-être que vous vouliez insérer un opérateur comme `+, -, *, &quot;,&quot;`
    entre `x` et `y`.
    Les lignes de code suivantes ne causeraient pas des `SyntaxError :

        (x + y)
        (x - y)
        (x * y)
        (x, y)
    N.B. : ce ne sont là que quelques-uns des choix possibles.
</pre></div>
</div>
</div>
<div class="section" id="valid-names-cannot-begin-with-a-number">
<h2>Valid names cannot begin with a number<a class="headerlink" href="#valid-names-cannot-begin-with-a-number" title="Permalink to this headline">¶</a></h2>
<div class="highlight-none notranslate"><div class="highlight"><pre><span></span>Traceback (most recent call last):
  File &quot;TESTS:\trb_syntax_common.py&quot;, line 42, in create_tracebacks
    mod = __import__(name)
  File &quot;TESTS:\syntax\raise_syntax_error80.py&quot;, line 3
    36abc = 3
      ^
SyntaxError: invalid syntax

    Les noms valides ne peuvent pas commencer par un chiffre.

Une exception de type `SyntaxError` se produit lorsque Python ne peut pas comprendre votre code.

Python peut seulement comprendre le code du fichier
&#39;TESTS:\syntax\raise_syntax_error80.py&#39;
jusqu&#39;à l&#39;endroit indiqué par --&gt; et ^.

   1: &quot;&quot;&quot;Should raise SyntaxError: invalid syntax&quot;&quot;&quot;
   2:
--&gt;3: 36abc = 3
        ^

    Ci-dessous, je tente de deviner ce que a mal tourné, mais je pourrais me tromper.

    Les noms valides ne peuvent pas commencer par un chiffre.
</pre></div>
</div>
</div>
<div class="section" id="unclosed-parenthesis-3">
<h2>Unclosed parenthesis - 3<a class="headerlink" href="#unclosed-parenthesis-3" title="Permalink to this headline">¶</a></h2>
<div class="highlight-none notranslate"><div class="highlight"><pre><span></span>Traceback (most recent call last):
  File &quot;TESTS:\trb_syntax_common.py&quot;, line 42, in create_tracebacks
    mod = __import__(name)
  File &quot;TESTS:\syntax\raise_syntax_error81.py&quot;, line 7
    if 2:
        ^
SyntaxError: invalid syntax

Une exception de type `SyntaxError` se produit lorsque Python ne peut pas comprendre votre code.

Python peut seulement comprendre le code du fichier
&#39;TESTS:\syntax\raise_syntax_error81.py&#39;
jusqu&#39;à l&#39;endroit indiqué par --&gt; et ^.

    4:     if 1:
    5:         print(((123))
    6:
--&gt; 7: if 2:
           ^
    8:     print(123))

    Ci-dessous, je tente de deviner ce que a mal tourné, mais je pourrais me tromper.

    Le symbole parenthèse `(` à la ligne 5 n&#39;est pas fermé par le symbole correspondant.

        5:         print(((123))
                        |
</pre></div>
</div>
</div>
<div class="section" id="forgot-a-multiplication-operator">
<h2>Forgot a multiplication operator<a class="headerlink" href="#forgot-a-multiplication-operator" title="Permalink to this headline">¶</a></h2>
<div class="highlight-none notranslate"><div class="highlight"><pre><span></span>Traceback (most recent call last):
  File &quot;TESTS:\trb_syntax_common.py&quot;, line 42, in create_tracebacks
    mod = __import__(name)
  File &quot;TESTS:\syntax\raise_syntax_error82.py&quot;, line 3
    tau = 2pi
           ^
SyntaxError: invalid syntax

    Peut-être avez-vous oublié un opérateur de multiplication, `2 * pi`.

Une exception de type `SyntaxError` se produit lorsque Python ne peut pas comprendre votre code.

Python peut seulement comprendre le code du fichier
&#39;TESTS:\syntax\raise_syntax_error82.py&#39;
jusqu&#39;à l&#39;endroit indiqué par --&gt; et ^.

   1: &quot;&quot;&quot;Should raise SyntaxError: invalid syntax&quot;&quot;&quot;
   2:
--&gt;3: tau = 2pi
             ^

    Ci-dessous, je tente de deviner ce que a mal tourné, mais je pourrais me tromper.

    Les noms valides ne peuvent pas commencer par un chiffre.
    Peut-être avez-vous oublié un opérateur de multiplication, `2 * pi`.
</pre></div>
</div>
</div>
<div class="section" id="space-between-names">
<h2>Space between names<a class="headerlink" href="#space-between-names" title="Permalink to this headline">¶</a></h2>
<div class="highlight-none notranslate"><div class="highlight"><pre><span></span>Traceback (most recent call last):
  File &quot;TESTS:\trb_syntax_common.py&quot;, line 42, in create_tracebacks
    mod = __import__(name)
  File &quot;TESTS:\syntax\raise_syntax_error83.py&quot;, line 4
    a-b = 2
    ^
SyntaxError: cannot assign to operator

    Vouliez-vous dire `a_b` ?

Une exception de type `SyntaxError` se produit lorsque Python ne peut pas comprendre votre code.

Python peut seulement comprendre le code du fichier
&#39;TESTS:\syntax\raise_syntax_error83.py&#39;
jusqu&#39;à l&#39;endroit indiqué par --&gt; et ^.

   1: &quot;&quot;&quot;Should raise SyntaxError: can&#39;t assign to operator
   2: or (Python 3.8) cannot assign to operator&quot;&quot;&quot;
   3:
--&gt;4: a-b = 2
      ^

    Vous avez écrit une expression qui inclut des opérations mathématiques
    du côté gauche du signe d&#39;égalité; ceci devrait être
    utilisé uniquement pour attribuer une valeur à une variable.
    Peut-être que vous vouliez plutôt écrire `a_b` au lieu de `a-b`.
</pre></div>
</div>
</div>
<div class="section" id="cannot-use-star-operator">
<h2>Cannot use star operator<a class="headerlink" href="#cannot-use-star-operator" title="Permalink to this headline">¶</a></h2>
<div class="highlight-none notranslate"><div class="highlight"><pre><span></span>Traceback (most recent call last):
  File &quot;TESTS:\trb_syntax_common.py&quot;, line 42, in create_tracebacks
    mod = __import__(name)
  File &quot;TESTS:\syntax\raise_syntax_error84.py&quot;, line 3
    *a
    ^
SyntaxError: can&#39;t use starred expression here

Une exception de type `SyntaxError` se produit lorsque Python ne peut pas comprendre votre code.

Python peut seulement comprendre le code du fichier
&#39;TESTS:\syntax\raise_syntax_error84.py&#39;
jusqu&#39;à l&#39;endroit indiqué par --&gt; et ^.

   1: &quot;&quot;&quot;Should raise SyntaxError: can&#39;t use starred expression here&quot;&quot;&quot;
   2:
--&gt;3: *a
      ^

    L’opérateur astérisque `*` est interprété comme signifiant que
    le déballage itérable doit être utilisé pour attribuer un nom
    à chaque élément d’un itérable, ce qui n’a pas de sens ici.
</pre></div>
</div>
</div>
<div class="section" id="cannot-use-double-star-operator">
<h2>Cannot use double star operator<a class="headerlink" href="#cannot-use-double-star-operator" title="Permalink to this headline">¶</a></h2>
<div class="highlight-none notranslate"><div class="highlight"><pre><span></span>Traceback (most recent call last):
  File &quot;TESTS:\trb_syntax_common.py&quot;, line 42, in create_tracebacks
    mod = __import__(name)
  File &quot;&lt;fstring&gt;&quot;, line 1
    (**k)
     ^
SyntaxError: invalid syntax

Une exception de type `SyntaxError` se produit lorsque Python ne peut pas comprendre votre code.

Python peut seulement comprendre le code du fichier
&#39;&lt;fstring&gt;&#39;
jusqu&#39;à l&#39;endroit indiqué par --&gt; et ^.

--&gt;1: (**k)
       ^

    Ci-dessous, je tente de deviner ce que a mal tourné, mais je pourrais me tromper.

    L’opérateur double astérisque, `**` est probablement interprété comme signifiant
    qu&#39;un déballage de `dict` doit être utilisé ce qui n’a pas de sens ici.
</pre></div>
</div>
</div>
<div class="section" id="cannot-use-return-outside-function">
<h2>Cannot use return outside function<a class="headerlink" href="#cannot-use-return-outside-function" title="Permalink to this headline">¶</a></h2>
<div class="highlight-none notranslate"><div class="highlight"><pre><span></span>Traceback (most recent call last):
  File &quot;TESTS:\trb_syntax_common.py&quot;, line 42, in create_tracebacks
    mod = __import__(name)
  File &quot;TESTS:\syntax\raise_syntax_error86.py&quot;, line 3
    return
    ^
SyntaxError: &#39;return&#39; outside function

Une exception de type `SyntaxError` se produit lorsque Python ne peut pas comprendre votre code.

Python peut seulement comprendre le code du fichier
&#39;TESTS:\syntax\raise_syntax_error86.py&#39;
jusqu&#39;à l&#39;endroit indiqué par --&gt; et ^.

   1: &quot;&quot;&quot;Should raise SyntaxError: &#39;return&#39; outside function&quot;&quot;&quot;
   2:
--&gt;3: return
      ^

    Vous ne pouvez utiliser un énoncé `return` qu&#39;à l’intérieur d’une fonction ou d’une méthode.
</pre></div>
</div>
</div>
<div class="section" id="too-many-nested-blocks">
<h2>Too many nested blocks<a class="headerlink" href="#too-many-nested-blocks" title="Permalink to this headline">¶</a></h2>
<div class="highlight-none notranslate"><div class="highlight"><pre><span></span>Traceback (most recent call last):
  File &quot;TESTS:\trb_syntax_common.py&quot;, line 42, in create_tracebacks
    mod = __import__(name)
  File &quot;None&quot;, line None
SyntaxError: too many statically nested blocks

    Sérieusement ?

Une exception de type `SyntaxError` se produit lorsque Python ne peut pas comprendre votre code.

    Vous n&#39;êtes pas sérieux !

    Dans le cas où il s’agit d’une erreur dans un vrai programme, s’il vous plaît
    songez à réduire le nombre de blocs de code imbriqués.
</pre></div>
</div>
</div>
<div class="section" id="named-arguments-must-follow-bare">
<h2>Named arguments must follow bare *<a class="headerlink" href="#named-arguments-must-follow-bare" title="Permalink to this headline">¶</a></h2>
<div class="highlight-none notranslate"><div class="highlight"><pre><span></span>Traceback (most recent call last):
  File &quot;TESTS:\trb_syntax_common.py&quot;, line 42, in create_tracebacks
    mod = __import__(name)
  File &quot;TESTS:\syntax\raise_syntax_error88.py&quot;, line 4
    def f(*):
          ^
SyntaxError: named arguments must follow bare *

    Avez-vous oublié d’ajouter quelque chose après `*` ?

Une exception de type `SyntaxError` se produit lorsque Python ne peut pas comprendre votre code.

Python peut seulement comprendre le code du fichier
&#39;TESTS:\syntax\raise_syntax_error88.py&#39;
jusqu&#39;à l&#39;endroit indiqué par --&gt; et ^.

   1: # SyntaxError: named arguments must follow bare *
   2:
   3:
--&gt;4: def f(*):
            ^
   5:     pass

    En supposant que vous définissiez une fonction, vous avez besoin
    de remplacer `*` soit par `*arguments` ou
    par `*, argument=valeur`.
</pre></div>
</div>
</div>
<div class="section" id="use-j-instead-of-i">
<h2>use j instead of i<a class="headerlink" href="#use-j-instead-of-i" title="Permalink to this headline">¶</a></h2>
<div class="highlight-none notranslate"><div class="highlight"><pre><span></span>Traceback (most recent call last):
  File &quot;TESTS:\trb_syntax_common.py&quot;, line 42, in create_tracebacks
    mod = __import__(name)
  File &quot;TESTS:\syntax\raise_syntax_error89.py&quot;, line 3
    a = 3.0i
           ^
SyntaxError: invalid syntax

    Vouliez-vous dire `3.0j` ?

Une exception de type `SyntaxError` se produit lorsque Python ne peut pas comprendre votre code.

Python peut seulement comprendre le code du fichier
&#39;TESTS:\syntax\raise_syntax_error89.py&#39;
jusqu&#39;à l&#39;endroit indiqué par --&gt; et ^.

   1: # SyntaxError: invalid syntax
   2:
--&gt;3: a = 3.0i
             ^

    Ci-dessous, je tente de deviner ce que a mal tourné, mais je pourrais me tromper.

    Les noms valides ne peuvent pas commencer par un chiffre.
    Peut-être pensiez-vous que `i` pouvait être utilisé pour représenter
    la racine carrée de -1. Dans Python, `j` (ou `1j`) est utilisé pour ceci
    et peut-être que vous vouliez écrire `3.0j`.
</pre></div>
</div>
</div>
<div class="section" id="do-not-import-from-future">
<h2>Do not import * from __future__<a class="headerlink" href="#do-not-import-from-future" title="Permalink to this headline">¶</a></h2>
<div class="highlight-none notranslate"><div class="highlight"><pre><span></span>Traceback (most recent call last):
  File &quot;TESTS:\trb_syntax_common.py&quot;, line 42, in create_tracebacks
    mod = __import__(name)
  File &quot;TESTS:\syntax\raise_syntax_error90.py&quot;, line 1
    from __future__ import *
    ^
SyntaxError: future feature * is not defined

Une exception de type `SyntaxError` se produit lorsque Python ne peut pas comprendre votre code.

Python peut seulement comprendre le code du fichier
&#39;TESTS:\syntax\raise_syntax_error90.py&#39;
jusqu&#39;à l&#39;endroit indiqué par --&gt; et ^.

--&gt;1: from __future__ import *
      ^

    Lors de l’utilisation d’un énoncé `from __future__ import`,
    vous devez importer des noms spécifiques.

    Les valeurs disponibles sont `nested_scopes, generators, division, absolute_import, with_statement, print_function, unicode_literals, barry_as_FLUFL, generator_stop, annotations`.
</pre></div>
</div>
</div>
<div class="section" id="typo-in-future">
<h2>Typo in __future__<a class="headerlink" href="#typo-in-future" title="Permalink to this headline">¶</a></h2>
<div class="highlight-none notranslate"><div class="highlight"><pre><span></span>Traceback (most recent call last):
  File &quot;TESTS:\trb_syntax_common.py&quot;, line 42, in create_tracebacks
    mod = __import__(name)
  File &quot;TESTS:\syntax\raise_syntax_error91.py&quot;, line 1
    from __future__ import divisio
    ^
SyntaxError: future feature divisio is not defined

    Vouliez-vous dire `division` ?

Une exception de type `SyntaxError` se produit lorsque Python ne peut pas comprendre votre code.

Python peut seulement comprendre le code du fichier
&#39;TESTS:\syntax\raise_syntax_error91.py&#39;
jusqu&#39;à l&#39;endroit indiqué par --&gt; et ^.

--&gt;1: from __future__ import divisio
      ^

    Au lieu de `divisio`, peut-être que vous vouliez plutôt importer `division`.
</pre></div>
</div>
</div>
<div class="section" id="unkown-feature-in-future">
<h2>Unkown feature in __future__<a class="headerlink" href="#unkown-feature-in-future" title="Permalink to this headline">¶</a></h2>
<div class="highlight-none notranslate"><div class="highlight"><pre><span></span>Traceback (most recent call last):
  File &quot;TESTS:\trb_syntax_common.py&quot;, line 42, in create_tracebacks
    mod = __import__(name)
  File &quot;TESTS:\syntax\raise_syntax_error92.py&quot;, line 1
    from __future__ import something
    ^
SyntaxError: future feature something is not defined

Une exception de type `SyntaxError` se produit lorsque Python ne peut pas comprendre votre code.

Python peut seulement comprendre le code du fichier
&#39;TESTS:\syntax\raise_syntax_error92.py&#39;
jusqu&#39;à l&#39;endroit indiqué par --&gt; et ^.

--&gt;1: from __future__ import something
      ^

    `something` n’est pas un attribut valide du module `__future__`.

    Les valeurs disponibles sont `nested_scopes, generators, division, absolute_import, with_statement, print_function, unicode_literals, barry_as_FLUFL, generator_stop, annotations`.
</pre></div>
</div>
</div>
<div class="section" id="not-a-chance">
<h2>Not a chance!<a class="headerlink" href="#not-a-chance" title="Permalink to this headline">¶</a></h2>
<div class="highlight-none notranslate"><div class="highlight"><pre><span></span>Traceback (most recent call last):
  File &quot;TESTS:\trb_syntax_common.py&quot;, line 42, in create_tracebacks
    mod = __import__(name)
  File &quot;TESTS:\syntax\raise_syntax_error93.py&quot;, line 1
    from __future__ import braces
    ^
SyntaxError: not a chance

Une exception de type `SyntaxError` se produit lorsque Python ne peut pas comprendre votre code.

Python peut seulement comprendre le code du fichier
&#39;TESTS:\syntax\raise_syntax_error93.py&#39;
jusqu&#39;à l&#39;endroit indiqué par --&gt; et ^.

--&gt;1: from __future__ import braces
      ^

    Je soupçonne que vous avez écrit `from __future__ import braces`
    suivant une suggestion de quelqu’un d’autre. Ça ne marchera jamais.

    Contrairement à d’autres langages de programmation, les blocs de code Python sont définis par
    leur niveau d’indentation, et non pas en utilisant des accolades, comme `{...}`.
</pre></div>
</div>
</div>
<div class="section" id="future-at-beginning">
<h2>__future__ at beginning<a class="headerlink" href="#future-at-beginning" title="Permalink to this headline">¶</a></h2>
<div class="highlight-none notranslate"><div class="highlight"><pre><span></span>Traceback (most recent call last):
  File &quot;TESTS:\trb_syntax_common.py&quot;, line 42, in create_tracebacks
    mod = __import__(name)
  File &quot;TESTS:\syntax\raise_syntax_error94.py&quot;, line 3
    from __future__ import generators
    ^
SyntaxError: from __future__ imports must occur at the beginning of the file

Une exception de type `SyntaxError` se produit lorsque Python ne peut pas comprendre votre code.

Python peut seulement comprendre le code du fichier
&#39;TESTS:\syntax\raise_syntax_error94.py&#39;
jusqu&#39;à l&#39;endroit indiqué par --&gt; et ^.

   1:
   2: def fn():
--&gt;3:     from __future__ import generators
          ^

    Une instruction `from __future__ import` change la façon dont Python
    interprète le code dans un fichier.
    Une telle instruction doit apparaître au début du fichier.
</pre></div>
</div>
</div>
</div>


           </div>
           
          </div>
          <footer>
  
    <div class="rst-footer-buttons" role="navigation" aria-label="footer navigation">
      
      
        <a href="tracebacks_fr.html" class="btn btn-neutral float-left" title="Friendly tracebacks - en Français" accesskey="p" rel="prev"><span class="fa fa-arrow-circle-left"></span> Previous</a>
      
    </div>
  

  <hr/>

  <div role="contentinfo">
    <p>
        
        &copy; Copyright 2019, André Roberge

    </p>
  </div>
    
    
    
    Built with <a href="http://sphinx-doc.org/">Sphinx</a> using a
    
    <a href="https://github.com/rtfd/sphinx_rtd_theme">theme</a>
    
    provided by <a href="https://readthedocs.org">Read the Docs</a>. 

</footer>

        </div>
      </div>

    </section>

  </div>
  

  <script type="text/javascript">
      jQuery(function () {
          SphinxRtdTheme.Navigation.enable(true);
      });
  </script>

  
  
    
   

</body>
</html>