

<!DOCTYPE html>
<html class="writer-html5" lang="en" >
<head>
  <meta charset="utf-8" />
  
  <meta name="viewport" content="width=device-width, initial-scale=1.0" />
  
  <title>Friendly SyntaxError tracebacks - in English &mdash; Friendly 0.3.89 documentation</title>
  

  
  <link rel="stylesheet" href="_static/css/theme.css" type="text/css" />
  <link rel="stylesheet" href="_static/pygments.css" type="text/css" />
  <link rel="stylesheet" href="_static/custom.css" type="text/css" />

  
  

  
  

  

  
  <!--[if lt IE 9]>
    <script src="_static/js/html5shiv.min.js"></script>
  <![endif]-->
  
    
      <script type="text/javascript" id="documentation_options" data-url_root="./" src="_static/documentation_options.js"></script>
        <script src="_static/jquery.js"></script>
        <script src="_static/underscore.js"></script>
        <script src="_static/doctools.js"></script>
    
    <script type="text/javascript" src="_static/js/theme.js"></script>

    
    <link rel="index" title="Index" href="genindex.html" />
    <link rel="search" title="Search" href="search.html" />
    <link rel="next" title="Comparing Exception messages between Python versions" href="compare_exceptions.html" />
    <link rel="prev" title="Friendly tracebacks - in English" href="tracebacks_en_3.10.html" /> 
</head>

<body class="wy-body-for-nav">

   
  <div class="wy-grid-for-nav">
    
    <nav data-toggle="wy-nav-shift" class="wy-nav-side">
      <div class="wy-side-scroll">
        <div class="wy-side-nav-search" >
          

          
            <a href="index.html" class="icon icon-home"> Friendly
          

          
          </a>

          
            
            
              <div class="version">
                0.3.89
              </div>
            
          

          
<div role="search">
  <form id="rtd-search-form" class="wy-form" action="search.html" method="get">
    <input type="text" name="q" placeholder="Search docs" />
    <input type="hidden" name="check_keywords" value="yes" />
    <input type="hidden" name="area" value="default" />
  </form>
</div>

          
        </div>

        
        <div class="wy-menu wy-menu-vertical" data-spy="affix" role="navigation" aria-label="main navigation">
          
            
            
              
            
            
              <p class="caption"><span class="caption-text">Begin here</span></p>
<ul>
<li class="toctree-l1"><a class="reference internal" href="beginner.html">Useful information for beginners</a></li>
<li class="toctree-l1"><a class="reference internal" href="install.html">Installation</a></li>
<li class="toctree-l1"><a class="reference internal" href="usage.html">Basic usage</a></li>
</ul>
<p class="caption"><span class="caption-text">friendly console</span></p>
<ul>
<li class="toctree-l1"><a class="reference internal" href="repl.html">Console basics</a></li>
<li class="toctree-l1"><a class="reference internal" href="what.html">what()</a></li>
<li class="toctree-l1"><a class="reference internal" href="why.html">why()</a></li>
<li class="toctree-l1"><a class="reference internal" href="where.html">where()</a></li>
<li class="toctree-l1"><a class="reference internal" href="explain.html">explain()</a></li>
<li class="toctree-l1"><a class="reference internal" href="more.html">more()</a></li>
<li class="toctree-l1"><a class="reference internal" href="www.html">www()</a></li>
<li class="toctree-l1"><a class="reference internal" href="history.html">History</a></li>
<li class="toctree-l1"><a class="reference internal" href="multiple_tracebacks.html">Multiple tracebacks</a></li>
<li class="toctree-l1"><a class="reference internal" href="repl_more.html">Everything about the friendly console</a></li>
<li class="toctree-l1"><a class="reference internal" href="about_warnings.html">One last thing</a></li>
</ul>
<p class="caption"><span class="caption-text">IDLE</span></p>
<ul>
<li class="toctree-l1"><a class="reference internal" href="idle.html">About IDLE</a></li>
<li class="toctree-l1"><a class="reference internal" href="idle_repl.html">IDLE’s shell</a></li>
<li class="toctree-l1"><a class="reference internal" href="idle_run.html">IDLE: using the editor</a></li>
</ul>
<p class="caption"><span class="caption-text">Mu</span></p>
<ul>
<li class="toctree-l1"><a class="reference internal" href="mu_about.html">About Mu</a></li>
<li class="toctree-l1"><a class="reference internal" href="mu_install.html">Using with Mu: installation</a></li>
<li class="toctree-l1"><a class="reference internal" href="mu_repl.html">Mu’s REPL</a></li>
<li class="toctree-l1"><a class="reference internal" href="mu_run.html">Mu: executing a program</a></li>
</ul>
<p class="caption"><span class="caption-text">Other consoles</span></p>
<ul>
<li class="toctree-l1"><a class="reference internal" href="pyrepl.html">Using another REPL</a></li>
<li class="toctree-l1"><a class="reference internal" href="vs_code_repl.html">Visual Studio Code’s terminal</a></li>
<li class="toctree-l1"><a class="reference internal" href="ipython_repl.html">IPython’s console</a></li>
<li class="toctree-l1"><a class="reference internal" href="other_repl.html">Other repl</a></li>
</ul>
<p class="caption"><span class="caption-text">Editors and Notebooks</span></p>
<ul>
<li class="toctree-l1"><a class="reference internal" href="install_thonny.html">Information for Thonny</a></li>
<li class="toctree-l1"><a class="reference internal" href="editor.html">Using with an editor or IDE</a></li>
<li class="toctree-l1"><a class="reference internal" href="jupyter.html">Jupyter notebooks</a></li>
<li class="toctree-l1"><a class="reference internal" href="vs_code.html">Visual Studio Code</a></li>
<li class="toctree-l1"><a class="reference internal" href="colab.html">Google’s colab</a></li>
</ul>
<p class="caption"><span class="caption-text">Thoughts on design</span></p>
<ul>
<li class="toctree-l1"><a class="reference internal" href="design.html">Some thoughts on the design of friendly</a></li>
<li class="toctree-l1"><a class="reference internal" href="themes.html">Themes and colours</a></li>
</ul>
<p class="caption"><span class="caption-text">Use in your project</span></p>
<ul>
<li class="toctree-l1"><a class="reference internal" href="api.html">Public API</a></li>
<li class="toctree-l1"><a class="reference internal" href="formatter.html">Custom formatter</a></li>
<li class="toctree-l1"><a class="reference internal" href="usage_adv.html">Other details for advanced users</a></li>
<li class="toctree-l1"><a class="reference internal" href="plugins.html">Editor plugins</a></li>
</ul>
<p class="caption"><span class="caption-text">Contribute</span></p>
<ul>
<li class="toctree-l1"><a class="reference internal" href="suggest.html">Suggest an addition</a></li>
<li class="toctree-l1"><a class="reference internal" href="translation_notes.html">Notes on translations - using gettext</a></li>
</ul>
<p class="caption"><span class="caption-text">All the tracebacks!</span></p>
<ul class="current">
<li class="toctree-l1"><a class="reference internal" href="known.html">Generic information about various exceptions</a></li>
<li class="toctree-l1"><a class="reference internal" href="tracebacks_en_3.6.html">friendly tracebacks - Python 3.6 in English</a></li>
<li class="toctree-l1"><a class="reference internal" href="syntax_tracebacks_en_3.6.html">SyntaxError - Python 3.6 in English</a></li>
<li class="toctree-l1"><a class="reference internal" href="tracebacks_en_3.7.html">friendly tracebacks - Python 3.7 in English</a></li>
<li class="toctree-l1"><a class="reference internal" href="syntax_tracebacks_en_3.7.html">SyntaxError - Python 3.7 in English</a></li>
<li class="toctree-l1"><a class="reference internal" href="tracebacks_en_3.8.html">friendly tracebacks - Python 3.8 in English</a></li>
<li class="toctree-l1"><a class="reference internal" href="syntax_tracebacks_en_3.8.html">SyntaxError - Python 3.8 in English</a></li>
<li class="toctree-l1"><a class="reference internal" href="tracebacks_en_3.9.html">friendly tracebacks - Python 3.9 in English</a></li>
<li class="toctree-l1"><a class="reference internal" href="syntax_tracebacks_en_3.9.html">SyntaxError - Python 3.9 in English</a></li>
<li class="toctree-l1"><a class="reference internal" href="tracebacks_en_3.10.html">friendly tracebacks - Python 3.10 in English</a></li>
<li class="toctree-l1 current"><a class="current reference internal" href="#">SyntaxError - Python 3.10 in English</a><ul>
<li class="toctree-l2"><a class="reference internal" href="#using-and-in-import-statement">(1) Using ‘and’ in import statement</a></li>
<li class="toctree-l2"><a class="reference internal" href="#using-and-after-comma-in-import-statement">(2) Using ‘and’ after comma in import statement</a></li>
<li class="toctree-l2"><a class="reference internal" href="#annotated-name-cannot-be-global">(3) Annotated name cannot be global</a></li>
<li class="toctree-l2"><a class="reference internal" href="#incorrect-use-of-from-module-import-as">(4) Incorrect use of ‘from module import … as …</a></li>
<li class="toctree-l2"><a class="reference internal" href="#name-assigned-prior-to-global-declaration">(5) Name assigned prior to global declaration</a></li>
<li class="toctree-l2"><a class="reference internal" href="#name-used-prior-to-global-declaration">(6) Name used prior to global declaration</a></li>
<li class="toctree-l2"><a class="reference internal" href="#name-used-prior-to-nonlocal-declaration">(7) Name used prior to nonlocal declaration</a></li>
<li class="toctree-l2"><a class="reference internal" href="#name-assigned-prior-to-nonlocal-declaration">(8) Name assigned prior to nonlocal declaration</a></li>
<li class="toctree-l2"><a class="reference internal" href="#assign-to-conditional-expression">(9) Assign to conditional expression</a></li>
<li class="toctree-l2"><a class="reference internal" href="#assignment-to-keyword-debug">(10) Assignment to keyword (__debug__)</a></li>
<li class="toctree-l2"><a class="reference internal" href="#id1">(11) Assignment to keyword (__debug__)</a></li>
<li class="toctree-l2"><a class="reference internal" href="#assignment-to-ellipsis-symbol">(12) Assignment to Ellipsis symbol</a></li>
<li class="toctree-l2"><a class="reference internal" href="#cannot-assign-to-f-string">(13) Cannot assign to f-string</a></li>
<li class="toctree-l2"><a class="reference internal" href="#cannot-assign-to-function-call-single-sign">(14) Cannot assign to function call: single = sign</a></li>
<li class="toctree-l2"><a class="reference internal" href="#cannot-assign-to-function-call-two-signs">(15) Cannot assign to function call: two = signs</a></li>
<li class="toctree-l2"><a class="reference internal" href="#assign-to-generator-expression">(16) Assign to generator expression</a></li>
<li class="toctree-l2"><a class="reference internal" href="#cannot-assign-to-literal-4">(17) Cannot assign to literal - 4</a></li>
<li class="toctree-l2"><a class="reference internal" href="#cannot-assign-to-literal-int">(18) Cannot assign to literal int</a></li>
<li class="toctree-l2"><a class="reference internal" href="#cannot-assign-to-literal-int-2">(19) Cannot assign to literal int - 2</a></li>
<li class="toctree-l2"><a class="reference internal" href="#cannot-assign-to-literal-5">(20) Cannot assign to literal - 5</a></li>
<li class="toctree-l2"><a class="reference internal" href="#cannot-assign-to-literal-3">(21) Cannot assign to literal - 3</a></li>
<li class="toctree-l2"><a class="reference internal" href="#assign-to-keyword-def">(22) Assign to keyword def</a></li>
<li class="toctree-l2"><a class="reference internal" href="#assign-to-keyword-else">(23) Assign to keyword else</a></li>
<li class="toctree-l2"><a class="reference internal" href="#assignment-to-keyword-none">(24) Assignment to keyword (None)</a></li>
<li class="toctree-l2"><a class="reference internal" href="#assign-to-math-operation">(25) Assign to math operation</a></li>
<li class="toctree-l2"><a class="reference internal" href="#def-missing-parentheses">(26) def: missing parentheses</a></li>
<li class="toctree-l2"><a class="reference internal" href="#augmented-assignment-to-literal">(27) Augmented assignment to literal</a></li>
<li class="toctree-l2"><a class="reference internal" href="#walrus-named-assignment-depending-on-python-version">(28) Walrus/Named assignment depending on Python version</a></li>
<li class="toctree-l2"><a class="reference internal" href="#backslash-instead-of-slash">(29) Backslash instead of slash</a></li>
<li class="toctree-l2"><a class="reference internal" href="#break-outside-loop">(30) break outside loop</a></li>
<li class="toctree-l2"><a class="reference internal" href="#cannot-guess-the-cause">(31) Cannot guess the cause</a></li>
<li class="toctree-l2"><a class="reference internal" href="#cannot-use-star-operator">(32) Cannot use star operator</a></li>
<li class="toctree-l2"><a class="reference internal" href="#cannot-use-double-star-operator">(33) Cannot use double star operator</a></li>
<li class="toctree-l2"><a class="reference internal" href="#missing-class-name">(34) Missing class name</a></li>
<li class="toctree-l2"><a class="reference internal" href="#missing-for-tuples-in-comprehension">(35) Missing () for tuples in comprehension</a></li>
<li class="toctree-l2"><a class="reference internal" href="#comprehension-with-condition-no-else">(36) Comprehension with condition (no else)</a></li>
<li class="toctree-l2"><a class="reference internal" href="#comprehension-with-condition-with-else">(37) Comprehension with condition (with else)</a></li>
<li class="toctree-l2"><a class="reference internal" href="#continue-outside-loop">(38) continue outside loop</a></li>
<li class="toctree-l2"><a class="reference internal" href="#copy-paste-from-interpreter">(39) Copy/paste from interpreter</a></li>
<li class="toctree-l2"><a class="reference internal" href="#copy-paste-from-interpreter-2">(40) Copy/paste from interpreter - 2</a></li>
<li class="toctree-l2"><a class="reference internal" href="#def-positional-arg-after-kwargs">(41) def: positional arg after kwargs</a></li>
<li class="toctree-l2"><a class="reference internal" href="#def-named-arguments-must-follow-bare">(42) def: named arguments must follow bare *</a></li>
<li class="toctree-l2"><a class="reference internal" href="#def-misused-as-code-block">(43) def: misused as code block</a></li>
<li class="toctree-l2"><a class="reference internal" href="#def-misused-as-code-block-2">(44) def: misused as code block - 2</a></li>
<li class="toctree-l2"><a class="reference internal" href="#def-dict-as-argument">(45) def: dict as argument</a></li>
<li class="toctree-l2"><a class="reference internal" href="#def-keyword-arg-only-once-in-function-definition">(46) def: Keyword arg only once in function definition</a></li>
<li class="toctree-l2"><a class="reference internal" href="#def-semi-colon-after-colon">(47) def: semi-colon after colon</a></li>
<li class="toctree-l2"><a class="reference internal" href="#def-extra-comma">(48) def: extra comma</a></li>
<li class="toctree-l2"><a class="reference internal" href="#def-unspecified-keywords-before">(49) def: unspecified keywords before /</a></li>
<li class="toctree-l2"><a class="reference internal" href="#def-before-star">(50) def: / before star</a></li>
<li class="toctree-l2"><a class="reference internal" href="#def-before-star-arg">(51) def: / before star arg</a></li>
<li class="toctree-l2"><a class="reference internal" href="#def-used-twice">(52) def: / used twice</a></li>
<li class="toctree-l2"><a class="reference internal" href="#def-non-identifier-as-a-function-name">(53) def: non-identifier as a function name</a></li>
<li class="toctree-l2"><a class="reference internal" href="#def-using-a-string-as-a-function-name">(54) def: using a string as a function name</a></li>
<li class="toctree-l2"><a class="reference internal" href="#def-keyword-cannot-be-argument-in-def-1">(55) def: keyword cannot be argument in def - 1</a></li>
<li class="toctree-l2"><a class="reference internal" href="#def-keyword-cannot-be-argument-in-def-2">(56) def: keyword cannot be argument in def - 2</a></li>
<li class="toctree-l2"><a class="reference internal" href="#def-keyword-cannot-be-argument-in-def-3">(57) def: keyword cannot be argument in def - 3</a></li>
<li class="toctree-l2"><a class="reference internal" href="#def-keyword-cannot-be-argument-in-def-4">(58) def: keyword cannot be argument in def - 4</a></li>
<li class="toctree-l2"><a class="reference internal" href="#def-python-keyword-as-function-name">(59) def: Python keyword as function name</a></li>
<li class="toctree-l2"><a class="reference internal" href="#def-list-as-argument-1">(60) def: list as argument - 1</a></li>
<li class="toctree-l2"><a class="reference internal" href="#def-list-as-argument-2">(61) def: list as argument - 2</a></li>
<li class="toctree-l2"><a class="reference internal" href="#def-missing-colon">(62) def: missing colon</a></li>
<li class="toctree-l2"><a class="reference internal" href="#def-missing-comma-between-function-args">(63) def: missing comma between function args</a></li>
<li class="toctree-l2"><a class="reference internal" href="#id2">(64) def: missing parentheses</a></li>
<li class="toctree-l2"><a class="reference internal" href="#def-missing-parentheses-around-arguments">(65) def: missing parentheses around arguments</a></li>
<li class="toctree-l2"><a class="reference internal" href="#def-missing-function-name">(66) def: missing function name</a></li>
<li class="toctree-l2"><a class="reference internal" href="#def-name-is-parameter-and-global">(67) def: name is parameter and global</a></li>
<li class="toctree-l2"><a class="reference internal" href="#def-non-default-argument-follows-default-argument">(68) def: non-default argument follows default argument</a></li>
<li class="toctree-l2"><a class="reference internal" href="#single-number-used-as-arg-in-function-def">(69) Single number used as arg in function def</a></li>
<li class="toctree-l2"><a class="reference internal" href="#def-operator-instead-of-comma">(70) def: operator instead of comma</a></li>
<li class="toctree-l2"><a class="reference internal" href="#def-operator-instead-of-equal">(71) def: operator instead of equal</a></li>
<li class="toctree-l2"><a class="reference internal" href="#def-operator-instead-of-name">(72) def: operator instead of name</a></li>
<li class="toctree-l2"><a class="reference internal" href="#def-positional-argument-follows-keyword-argument">(73) def: positional argument follows keyword argument</a></li>
<li class="toctree-l2"><a class="reference internal" href="#def-semi-colon-instead-of-colon">(74) def: semi-colon instead of colon</a></li>
<li class="toctree-l2"><a class="reference internal" href="#def-set-as-argument">(75) def: set as argument</a></li>
<li class="toctree-l2"><a class="reference internal" href="#def-arg-before">(76) def: <code class="docutils literal notranslate"><span class="pre">*arg</span></code> before /</a></li>
<li class="toctree-l2"><a class="reference internal" href="#id3">(77) def: <code class="docutils literal notranslate"><span class="pre">*</span></code> used twice</a></li>
<li class="toctree-l2"><a class="reference internal" href="#single-string-used-as-arg-in-function-def">(78) Single string used as arg in function def</a></li>
<li class="toctree-l2"><a class="reference internal" href="#def-tuple-as-function-argument">(79) def: tuple as function argument</a></li>
<li class="toctree-l2"><a class="reference internal" href="#def-tuple-as-function-argument-2">(80) def: tuple as function argument - 2</a></li>
<li class="toctree-l2"><a class="reference internal" href="#deleting-constant-keyword">(81) Deleting constant/keyword</a></li>
<li class="toctree-l2"><a class="reference internal" href="#cannot-delete-function-call">(82) Cannot delete function call</a></li>
<li class="toctree-l2"><a class="reference internal" href="#deleting-string-literal">(83) Deleting string literal</a></li>
<li class="toctree-l2"><a class="reference internal" href="#different-operators-in-a-row">(84) Different operators in a row</a></li>
<li class="toctree-l2"><a class="reference internal" href="#dot-followed-by-parenthesis">(85) Dot followed by parenthesis</a></li>
<li class="toctree-l2"><a class="reference internal" href="#extra-token">(86) Extra token</a></li>
<li class="toctree-l2"><a class="reference internal" href="#write-elif-not-else-if">(87) Write elif, not else if</a></li>
<li class="toctree-l2"><a class="reference internal" href="#write-elif-not-elseif">(88) Write elif, not elseif</a></li>
<li class="toctree-l2"><a class="reference internal" href="#eol-while-scanning-string-literal">(89) EOL while scanning string literal</a></li>
<li class="toctree-l2"><a class="reference internal" href="#parens-around-multiple-exceptions">(90) Parens around multiple exceptions</a></li>
<li class="toctree-l2"><a class="reference internal" href="#id4">(91) Extra token</a></li>
<li class="toctree-l2"><a class="reference internal" href="#binary-f-string-not-allowed">(92) Binary f-string not allowed</a></li>
<li class="toctree-l2"><a class="reference internal" href="#f-string-unterminated-string">(93) f-string: unterminated string</a></li>
<li class="toctree-l2"><a class="reference internal" href="#f-string-with-backslash">(94) f-string with backslash</a></li>
<li class="toctree-l2"><a class="reference internal" href="#missing-terms-in-for-statement">(95) Missing terms in for statement</a></li>
<li class="toctree-l2"><a class="reference internal" href="#not-a-chance">(96) Not a chance!</a></li>
<li class="toctree-l2"><a class="reference internal" href="#do-not-import-from-future">(97) Do not import * from __future__</a></li>
<li class="toctree-l2"><a class="reference internal" href="#future-at-beginning">(98) __future__ at beginning</a></li>
<li class="toctree-l2"><a class="reference internal" href="#typo-in-future">(99) Typo in __future__</a></li>
<li class="toctree-l2"><a class="reference internal" href="#unknown-feature-in-future">(100) Unknown feature in __future__</a></li>
<li class="toctree-l2"><a class="reference internal" href="#parenthesis-around-generator-expression">(101) Parenthesis around generator expression</a></li>
<li class="toctree-l2"><a class="reference internal" href="#space-between-names">(102) Space between names</a></li>
<li class="toctree-l2"><a class="reference internal" href="#missing-condition-in-if-statement">(103) Missing condition in if statement</a></li>
<li class="toctree-l2"><a class="reference internal" href="#use-j-instead-of-i">(104) use j instead of i</a></li>
<li class="toctree-l2"><a class="reference internal" href="#import-inversion-import-x-from-y">(105) Import inversion: import X from Y</a></li>
<li class="toctree-l2"><a class="reference internal" href="#indentationerror-expected-an-indented-block">(106) IndentationError: expected an indented block</a></li>
<li class="toctree-l2"><a class="reference internal" href="#indentationerror-unexpected-indent">(107) IndentationError: unexpected indent</a></li>
<li class="toctree-l2"><a class="reference internal" href="#indentationerror-unindent-does-not-match">(108) IndentationError: unindent does not match …</a></li>
<li class="toctree-l2"><a class="reference internal" href="#indentationerror-missing-continuation-line">(109) IndentationError: missing continuation line</a></li>
<li class="toctree-l2"><a class="reference internal" href="#forgot-o-for-octal">(110) Forgot ‘o’ for octal</a></li>
<li class="toctree-l2"><a class="reference internal" href="#integer-with-leading-zeros">(111) Integer with leading zeros</a></li>
<li class="toctree-l2"><a class="reference internal" href="#invalid-character-in-identifier">(112) Invalid character in identifier</a></li>
<li class="toctree-l2"><a class="reference internal" href="#valid-names-cannot-begin-with-a-number">(113) Valid names cannot begin with a number</a></li>
<li class="toctree-l2"><a class="reference internal" href="#valid-names-cannot-begin-with-a-number-2">(114) Valid names cannot begin with a number - 2</a></li>
<li class="toctree-l2"><a class="reference internal" href="#valid-names-cannot-begin-with-a-number-3">(115) Valid names cannot begin with a number - 3</a></li>
<li class="toctree-l2"><a class="reference internal" href="#valid-names-cannot-begin-with-a-number-4">(116) Valid names cannot begin with a number - 4</a></li>
<li class="toctree-l2"><a class="reference internal" href="#valid-names-cannot-begin-with-a-number-5">(117) Valid names cannot begin with a number - 5</a></li>
<li class="toctree-l2"><a class="reference internal" href="#keyword-can-t-be-an-expression">(118) Keyword can’t be an expression</a></li>
<li class="toctree-l2"><a class="reference internal" href="#invalid-octal-number">(119) Invalid octal number</a></li>
<li class="toctree-l2"><a class="reference internal" href="#inverted-operators-1">(120) Inverted operators 1</a></li>
<li class="toctree-l2"><a class="reference internal" href="#inverted-operators-2">(121) Inverted operators 2</a></li>
<li class="toctree-l2"><a class="reference internal" href="#keyword-arg-only-once-in-function-call">(122) Keyword arg only once in function call</a></li>
<li class="toctree-l2"><a class="reference internal" href="#keyword-as-attribute">(123) Keyword as attribute</a></li>
<li class="toctree-l2"><a class="reference internal" href="#lambda-with-parentheses-around-arguments">(124) lambda with parentheses around arguments</a></li>
<li class="toctree-l2"><a class="reference internal" href="#lambda-with-tuple-as-argument">(125) lambda with tuple as argument</a></li>
<li class="toctree-l2"><a class="reference internal" href="#assign-to-literal-in-for-loop">(126) Assign to literal in for loop</a></li>
<li class="toctree-l2"><a class="reference internal" href="#indentationerror-syntaxerror-depending-on-version">(127) IndentationError/SyntaxError depending on version</a></li>
<li class="toctree-l2"><a class="reference internal" href="#missing-colon-if">(128) Missing colon - if</a></li>
<li class="toctree-l2"><a class="reference internal" href="#missing-colon-while">(129) Missing colon - while</a></li>
<li class="toctree-l2"><a class="reference internal" href="#missing-comma-in-a-dict">(130) Missing comma in a dict</a></li>
<li class="toctree-l2"><a class="reference internal" href="#missing-comma-between-strings-in-a-dict">(131) Missing comma between strings in a dict</a></li>
<li class="toctree-l2"><a class="reference internal" href="#for-loop-missing-in-operator">(132) For loop missing ‘in’ operator</a></li>
<li class="toctree-l2"><a class="reference internal" href="#missing-parenthesis-for-range">(133) Missing parenthesis for range</a></li>
<li class="toctree-l2"><a class="reference internal" href="#misspelled-python-keyword">(134) Misspelled Python keyword</a></li>
<li class="toctree-l2"><a class="reference internal" href="#name-is-global-and-nonlocal">(135) Name is global and nonlocal</a></li>
<li class="toctree-l2"><a class="reference internal" href="#name-is-parameter-and-nonlocal">(136) Name is parameter and nonlocal</a></li>
<li class="toctree-l2"><a class="reference internal" href="#nonlocal-variable-not-found">(137) nonlocal variable not found</a></li>
<li class="toctree-l2"><a class="reference internal" href="#nonlocal-variable-not-found-at-module-level">(138) nonlocal variable not found at module level</a></li>
<li class="toctree-l2"><a class="reference internal" href="#same-operator-twice-in-a-row">(139) Same operator twice in a row</a></li>
<li class="toctree-l2"><a class="reference internal" href="#using-pip-from-interpreter">(140) Using pip from interpreter</a></li>
<li class="toctree-l2"><a class="reference internal" href="#using-pip-from-interpreter-2">(141) Using pip from interpreter 2</a></li>
<li class="toctree-l2"><a class="reference internal" href="#print-is-a-function">(142) print is a function</a></li>
<li class="toctree-l2"><a class="reference internal" href="#print-is-a-function-2">(143) print is a function 2</a></li>
<li class="toctree-l2"><a class="reference internal" href="#print-is-a-function-3">(144) print is a function 3</a></li>
<li class="toctree-l2"><a class="reference internal" href="#print-is-a-function-4">(145) print is a function 4</a></li>
<li class="toctree-l2"><a class="reference internal" href="#print-is-a-function-5">(146) print is a function 5</a></li>
<li class="toctree-l2"><a class="reference internal" href="#calling-python-from-interpreter">(147) Calling python from interpreter</a></li>
<li class="toctree-l2"><a class="reference internal" href="#problem-with-assigning-a-variable-to-python">(148) problem with assigning a variable to Python</a></li>
<li class="toctree-l2"><a class="reference internal" href="#quote-inside-a-string">(149) Quote inside a string</a></li>
<li class="toctree-l2"><a class="reference internal" href="#raising-multiple-exceptions">(150) Raising multiple exceptions</a></li>
<li class="toctree-l2"><a class="reference internal" href="#cannot-use-return-outside-function">(151) Cannot use return outside function</a></li>
<li class="toctree-l2"><a class="reference internal" href="#semi-colon-instead-of-comma-1">(152) Semi-colon instead of comma - 1</a></li>
<li class="toctree-l2"><a class="reference internal" href="#semi-colon-instead-of-commas-2">(153) Semi-colon instead of commas - 2</a></li>
<li class="toctree-l2"><a class="reference internal" href="#semi-colon-instead-of-commas-3">(154) Semi-colon instead of commas - 3</a></li>
<li class="toctree-l2"><a class="reference internal" href="#space-between-operators-1">(155) Space between operators 1</a></li>
<li class="toctree-l2"><a class="reference internal" href="#space-between-operators-2">(156) Space between operators 2</a></li>
<li class="toctree-l2"><a class="reference internal" href="#space-in-variable-name">(157) Space in variable name</a></li>
<li class="toctree-l2"><a class="reference internal" href="#too-many-nested-blocks">(158) Too many nested blocks</a></li>
<li class="toctree-l2"><a class="reference internal" href="#triple-equal-sign">(159) Triple-equal sign</a></li>
<li class="toctree-l2"><a class="reference internal" href="#unclosed-bracket">(160) Unclosed bracket</a></li>
<li class="toctree-l2"><a class="reference internal" href="#unclosed-parenthesis-1">(161) Unclosed parenthesis - 1</a></li>
<li class="toctree-l2"><a class="reference internal" href="#unclosed-parenthesis-2">(162) Unclosed parenthesis - 2</a></li>
<li class="toctree-l2"><a class="reference internal" href="#unclosed-parenthesis-3">(163) Unclosed parenthesis - 3</a></li>
<li class="toctree-l2"><a class="reference internal" href="#unclosed-parenthesis-4">(164) Unclosed parenthesis - 4</a></li>
<li class="toctree-l2"><a class="reference internal" href="#content-passed-continuation-line-character">(165) Content passed continuation line character</a></li>
<li class="toctree-l2"><a class="reference internal" href="#unexpected-eof-while-parsing">(166) Unexpected EOF while parsing</a></li>
<li class="toctree-l2"><a class="reference internal" href="#invalid-character-unicode-quote">(167) Invalid character (unicode quote)</a></li>
<li class="toctree-l2"><a class="reference internal" href="#unmatched-closing-curly-bracket">(168) Unmatched closing curly bracket</a></li>
<li class="toctree-l2"><a class="reference internal" href="#unmatched-closing-parenthesis">(169) Unmatched closing parenthesis</a></li>
<li class="toctree-l2"><a class="reference internal" href="#mismatched-brackets-1">(170) Mismatched brackets - 1</a></li>
<li class="toctree-l2"><a class="reference internal" href="#mismatched-brackets-2">(171) Mismatched brackets - 2</a></li>
<li class="toctree-l2"><a class="reference internal" href="#unmatched-brackets-3">(172) Unmatched brackets - 3</a></li>
<li class="toctree-l2"><a class="reference internal" href="#unterminated-triple-quoted-string">(173) Unterminated triple quoted string</a></li>
<li class="toctree-l2"><a class="reference internal" href="#taberror">(174) TabError</a></li>
<li class="toctree-l2"><a class="reference internal" href="#eol-unescaped-backslash">(175) EOL unescaped backslash</a></li>
<li class="toctree-l2"><a class="reference internal" href="#using-the-backquote-character">(176) Using the backquote character</a></li>
<li class="toctree-l2"><a class="reference internal" href="#walrus-instead-of-equal">(177) Walrus instead of equal</a></li>
<li class="toctree-l2"><a class="reference internal" href="#missing-condition-in-while-statement">(178) Missing condition in while statement</a></li>
</ul>
</li>
<li class="toctree-l1"><a class="reference internal" href="compare_exceptions.html">Comparing Exception messages between Python versions</a></li>
<li class="toctree-l1"><a class="reference internal" href="compare.html">Comparison between Python versions: SyntaxErrors</a></li>
</ul>
<p class="caption"><span class="caption-text">Markdown examples</span></p>
<ul>
<li class="toctree-l1"><a class="reference internal" href="tracebacks_markdown.html">Friendly tracebacks - markdown_docs format</a></li>
<li class="toctree-l1"><a class="reference internal" href="tracebacks_syntax_markdown.html">Syntax errors - markdown_docs format</a></li>
</ul>
<p class="caption"><span class="caption-text">En français</span></p>
<ul>
<li class="toctree-l1"><a class="reference internal" href="tracebacks_fr.html"> Friendly tracebacks - en Français</a></li>
<li class="toctree-l1"><a class="reference internal" href="syntax_tracebacks_fr.html"> Friendly SyntaxError tracebacks - en Français</a></li>
</ul>

            
          
        </div>
        
      </div>
    </nav>

    <section data-toggle="wy-nav-shift" class="wy-nav-content-wrap">

      
      <nav class="wy-nav-top" aria-label="top navigation">
        
          <i data-toggle="wy-nav-top" class="fa fa-bars"></i>
          <a href="index.html">Friendly</a>
        
      </nav>


      <div class="wy-nav-content">
        
        <div class="rst-content style-external-links">
        
          

















<div role="navigation" aria-label="breadcrumbs navigation">

  <ul class="wy-breadcrumbs">
    
      <li><a href="index.html" class="icon icon-home"></a> &raquo;</li>
        
      <li>Friendly SyntaxError tracebacks - in English</li>
    
    
      <li class="wy-breadcrumbs-aside">
        
          
            <a href="_sources/syntax_tracebacks_en_3.10.rst.txt" rel="nofollow"> View page source</a>
          
        
      </li>
    
  </ul>

  
  <div class="rst-breadcrumbs-buttons" role="navigation" aria-label="breadcrumb navigation">
      
        <a href="compare_exceptions.html" class="btn btn-neutral float-right" title="Comparing Exception messages between Python versions" accesskey="n">Next <span class="fa fa-arrow-circle-right" aria-hidden="true"></span></a>
      
      
        <a href="tracebacks_en_3.10.html" class="btn btn-neutral float-left" title="Friendly tracebacks - in English" accesskey="p"><span class="fa fa-arrow-circle-left" aria-hidden="true"></span> Previous</a>
      
  </div>
  
  <hr/>
</div>
          <div role="main" class="document" itemscope="itemscope" itemtype="http://schema.org/Article">
           <div itemprop="articleBody">
            
  <div class="section" id="friendly-syntaxerror-tracebacks-in-english">
<h1>Friendly SyntaxError tracebacks - in English<a class="headerlink" href="#friendly-syntaxerror-tracebacks-in-english" title="Permalink to this headline">¶</a></h1>
<p>Friendly-traceback aims to provide friendlier feedback when an exception
is raised than what is done by Python.
This file contains only examples of SyntaxError and its sub-classes.
Ideally, an example of each case handled by friendly-traceback
should be included here.</p>
<div class="admonition note">
<p class="admonition-title">Note</p>
<p>The content of this page is generated by running
C:Usersandregithubfriendlyteststrb_syntax_english.py located in the <code class="docutils literal notranslate"><span class="pre">tests/</span></code> directory.
This needs to be done explicitly, independently of updating the
documentation using Sphinx.
On Windows, if Sphinx is installed on your computer, it is suggested
instead to run make_trb.bat in the root directory as it will create
similar files for all languages <em>and</em> update the documentation.</p>
</div>
<p>Friendly version: 0.3.89
Python version: 3.10.0b2</p>
<div class="section" id="using-and-in-import-statement">
<h2>(1) Using ‘and’ in import statement<a class="headerlink" href="#using-and-in-import-statement" title="Permalink to this headline">¶</a></h2>
<div class="highlight-none notranslate"><div class="highlight"><pre><span></span>Traceback (most recent call last):
  File &quot;TESTS:\trb_syntax_common.py&quot;, line 49, in create_tracebacks
    __import__(name)
  File &quot;TESTS:\syntax\and_in_import_statement.py&quot;, line 1
    from math import sin and cos
                         ^^^
SyntaxError: invalid syntax

A `SyntaxError` occurs when Python cannot understand your code.

Python could not understand the code in the file
&#39;TESTS:\syntax\and_in_import_statement.py&#39;
beyond the location indicated by ^.

--&gt;1: from math import sin and cos
                           ^

The Python keyword `and` can only be used for boolean expressions.
Perhaps you meant to write

`from math import sin , cos`
</pre></div>
</div>
</div>
<div class="section" id="using-and-after-comma-in-import-statement">
<h2>(2) Using ‘and’ after comma in import statement<a class="headerlink" href="#using-and-after-comma-in-import-statement" title="Permalink to this headline">¶</a></h2>
<div class="highlight-none notranslate"><div class="highlight"><pre><span></span>Traceback (most recent call last):
  File &quot;TESTS:\trb_syntax_common.py&quot;, line 49, in create_tracebacks
    __import__(name)
  File &quot;TESTS:\syntax\and_in_import_statement_2.py&quot;, line 1
    from math import sin, tan, and cos
                               ^^^
SyntaxError: trailing comma not allowed without surrounding parentheses

A `SyntaxError` occurs when Python cannot understand your code.

Python could not understand the code in the file
&#39;TESTS:\syntax\and_in_import_statement_2.py&#39;
beyond the location indicated by ^.

--&gt;1: from math import sin, tan, and cos
                                 ^

Python gave us the following informative message
about the possible cause of the error:

    trailing comma not allowed without surrounding parentheses

However, I do not recognize this information and I have
to guess what caused the problem, but I might be wrong.

The Python keyword `and` can only be used for boolean expressions.
Perhaps you meant to write

`from math import sin, tan,  cos`
</pre></div>
</div>
</div>
<div class="section" id="annotated-name-cannot-be-global">
<h2>(3) Annotated name cannot be global<a class="headerlink" href="#annotated-name-cannot-be-global" title="Permalink to this headline">¶</a></h2>
<div class="highlight-none notranslate"><div class="highlight"><pre><span></span>Traceback (most recent call last):
  File &quot;TESTS:\trb_syntax_common.py&quot;, line 49, in create_tracebacks
    __import__(name)
  File &quot;TESTS:\syntax\annotated_name_global.py&quot;, line 4
    x:int = 1
    ^^^^^^^^^
SyntaxError: annotated name &#39;x&#39; can&#39;t be global

A `SyntaxError` occurs when Python cannot understand your code.

Python could not understand the code in the file
&#39;TESTS:\syntax\annotated_name_global.py&#39;
beyond the location indicated by ^.

   1: # SyntaxError: annotated name &#39;x&#39; can&#39;t be global
   2: def foo():
   3:     global x
--&gt;4:     x:int = 1
          ^

The object named `x` is defined with type annotation
as a local variable. It cannot be declared to be a global variable.
</pre></div>
</div>
</div>
<div class="section" id="incorrect-use-of-from-module-import-as">
<h2>(4) Incorrect use of ‘from module import … as …<a class="headerlink" href="#incorrect-use-of-from-module-import-as" title="Permalink to this headline">¶</a></h2>
<div class="highlight-none notranslate"><div class="highlight"><pre><span></span>Traceback (most recent call last):
  File &quot;TESTS:\trb_syntax_common.py&quot;, line 49, in create_tracebacks
    __import__(name)
  File &quot;TESTS:\syntax\as_instead_of_comma_in_import.py&quot;, line 2
    from math import (sin, cos) as funcs
                                ^^
SyntaxError: invalid syntax

A `SyntaxError` occurs when Python cannot understand your code.

Python could not understand the code in the file
&#39;TESTS:\syntax\as_instead_of_comma_in_import.py&#39;
beyond the location indicated by ^.

   1: # issue 158
--&gt;2: from math import (sin, cos) as funcs
                                  ^

I am guessing that you are trying to import at least one object
from module `math` and rename it using the Python keyword `as`;
this keyword can only be used to rename one object at a time
using a well defined syntax.
I suggest that you split up any such import statement with each object
renamed on a separate line as follows:

    from math import object_1 as name_1
    from math import object_2 as name_2  # if needed
</pre></div>
</div>
</div>
<div class="section" id="name-assigned-prior-to-global-declaration">
<h2>(5) Name assigned prior to global declaration<a class="headerlink" href="#name-assigned-prior-to-global-declaration" title="Permalink to this headline">¶</a></h2>
<div class="highlight-none notranslate"><div class="highlight"><pre><span></span>Traceback (most recent call last):
  File &quot;TESTS:\trb_syntax_common.py&quot;, line 49, in create_tracebacks
    __import__(name)
  File &quot;TESTS:\syntax\assign_name_before_global_1.py&quot;, line 7
    global p
    ^^^^^^^^
SyntaxError: name &#39;p&#39; is assigned to before global declaration

A `SyntaxError` occurs when Python cannot understand your code.

Python could not understand the code in the file
&#39;TESTS:\syntax\assign_name_before_global_1.py&#39;
beyond the location indicated by ^.

   3:
   4:
   5: def fn():
   6:     p = 1
--&gt;7:     global p
          ^

You assigned a value to the variable `p`
before declaring it as a global variable.
</pre></div>
</div>
</div>
<div class="section" id="name-used-prior-to-global-declaration">
<h2>(6) Name used prior to global declaration<a class="headerlink" href="#name-used-prior-to-global-declaration" title="Permalink to this headline">¶</a></h2>
<div class="highlight-none notranslate"><div class="highlight"><pre><span></span>Traceback (most recent call last):
  File &quot;TESTS:\trb_syntax_common.py&quot;, line 49, in create_tracebacks
    __import__(name)
  File &quot;TESTS:\syntax\assign_name_before_global_2.py&quot;, line 7
    global r
    ^^^^^^^^
SyntaxError: name &#39;r&#39; is used prior to global declaration

A `SyntaxError` occurs when Python cannot understand your code.

Python could not understand the code in the file
&#39;TESTS:\syntax\assign_name_before_global_2.py&#39;
beyond the location indicated by ^.

   3:
   4:
   5: def fn():
   6:     print(r)
--&gt;7:     global r
          ^

You used the variable `r`
before declaring it as a global variable.
</pre></div>
</div>
</div>
<div class="section" id="name-used-prior-to-nonlocal-declaration">
<h2>(7) Name used prior to nonlocal declaration<a class="headerlink" href="#name-used-prior-to-nonlocal-declaration" title="Permalink to this headline">¶</a></h2>
<div class="highlight-none notranslate"><div class="highlight"><pre><span></span>Traceback (most recent call last):
  File &quot;TESTS:\trb_syntax_common.py&quot;, line 49, in create_tracebacks
    __import__(name)
  File &quot;TESTS:\syntax\assign_name_before_nonlocal_1.py&quot;, line 9
    nonlocal q
    ^^^^^^^^^^
SyntaxError: name &#39;q&#39; is used prior to nonlocal declaration

    Did you forget to write `nonlocal` first?

A `SyntaxError` occurs when Python cannot understand your code.

Python could not understand the code in the file
&#39;TESTS:\syntax\assign_name_before_nonlocal_1.py&#39;
beyond the location indicated by ^.

    5:     q = 1
    6:
    7:     def g():
    8:         print(q)
--&gt; 9:         nonlocal q
               ^

You used the variable `q`
before declaring it as a nonlocal variable.
</pre></div>
</div>
</div>
<div class="section" id="name-assigned-prior-to-nonlocal-declaration">
<h2>(8) Name assigned prior to nonlocal declaration<a class="headerlink" href="#name-assigned-prior-to-nonlocal-declaration" title="Permalink to this headline">¶</a></h2>
<div class="highlight-none notranslate"><div class="highlight"><pre><span></span>Traceback (most recent call last):
  File &quot;TESTS:\trb_syntax_common.py&quot;, line 49, in create_tracebacks
    __import__(name)
  File &quot;TESTS:\syntax\assign_name_before_nonlocal_2.py&quot;, line 9
    nonlocal s
    ^^^^^^^^^^
SyntaxError: name &#39;s&#39; is assigned to before nonlocal declaration

    Did you forget to add `nonlocal`?

A `SyntaxError` occurs when Python cannot understand your code.

Python could not understand the code in the file
&#39;TESTS:\syntax\assign_name_before_nonlocal_2.py&#39;
beyond the location indicated by ^.

    5:     s = 1
    6:
    7:     def g():
    8:         s = 2
--&gt; 9:         nonlocal s
               ^

You assigned a value to the variable `s`
before declaring it as a nonlocal variable.
</pre></div>
</div>
</div>
<div class="section" id="assign-to-conditional-expression">
<h2>(9) Assign to conditional expression<a class="headerlink" href="#assign-to-conditional-expression" title="Permalink to this headline">¶</a></h2>
<div class="highlight-none notranslate"><div class="highlight"><pre><span></span>Traceback (most recent call last):
  File &quot;TESTS:\trb_syntax_common.py&quot;, line 49, in create_tracebacks
    __import__(name)
  File &quot;TESTS:\syntax\assign_to_conditional.py&quot;, line 3
    a if 1 else b = 1
    ^^^^^^^^^^^^^
SyntaxError: cannot assign to conditional expression

    You can only assign objects to identifiers (variable names).

A `SyntaxError` occurs when Python cannot understand your code.

Python could not understand the code in the file
&#39;TESTS:\syntax\assign_to_conditional.py&#39;
beyond the location indicated by ^.

   1: &quot;&quot;&quot;Should raise SyntaxError: can&#39;t [cannot] assign to conditional expression&quot;&quot;&quot;
   2:
--&gt;3: a if 1 else b = 1
      ^

On the left-hand side of an equal sign, you have a
conditional expression instead of the name of a variable.
A conditional expression has the following form:

    variable = object if condition else other_object
</pre></div>
</div>
</div>
<div class="section" id="assignment-to-keyword-debug">
<h2>(10) Assignment to keyword (__debug__)<a class="headerlink" href="#assignment-to-keyword-debug" title="Permalink to this headline">¶</a></h2>
<div class="highlight-none notranslate"><div class="highlight"><pre><span></span>Traceback (most recent call last):
  File &quot;TESTS:\trb_syntax_common.py&quot;, line 49, in create_tracebacks
    __import__(name)
  File &quot;TESTS:\syntax\assign_to_debug.py&quot;, line 4
    __debug__ = 1
    ^^^^^^^^^
SyntaxError: cannot assign to __debug__

    You cannot assign a value to `__debug__`.
A `SyntaxError` occurs when Python cannot understand your code.

Python could not understand the code in the file
&#39;TESTS:\syntax\assign_to_debug.py&#39;
beyond the location indicated by ^.

   1: &quot;&quot;&quot;Should raise SyntaxError: cannot assign to __debug__ in Py 3.8
   2:    and assignment to keyword before.&quot;&quot;&quot;
   3:
--&gt;4: __debug__ = 1
      ^

`__debug__` is a constant in Python; you cannot assign it a different value.
</pre></div>
</div>
</div>
<div class="section" id="id1">
<h2>(11) Assignment to keyword (__debug__)<a class="headerlink" href="#id1" title="Permalink to this headline">¶</a></h2>
<div class="highlight-none notranslate"><div class="highlight"><pre><span></span>Traceback (most recent call last):
  File &quot;TESTS:\trb_syntax_common.py&quot;, line 49, in create_tracebacks
    __import__(name)
  File &quot;TESTS:\syntax\assign_to_debug2.py&quot;, line 4
    a.__debug__ = 1
    ^^^^^^^^^^^
SyntaxError: cannot assign to __debug__

    You cannot assign a value to `__debug__`.
A `SyntaxError` occurs when Python cannot understand your code.

Python could not understand the code in the file
&#39;TESTS:\syntax\assign_to_debug2.py&#39;
beyond the location indicated by ^.

   1: &quot;&quot;&quot;Should raise SyntaxError: cannot assign to __debug__ in Py 3.8
   2:    and assignment to keyword before.&quot;&quot;&quot;
   3:
--&gt;4: a.__debug__ = 1
      ^

`__debug__` is a constant in Python; you cannot assign it a different value.
</pre></div>
</div>
</div>
<div class="section" id="assignment-to-ellipsis-symbol">
<h2>(12) Assignment to Ellipsis symbol<a class="headerlink" href="#assignment-to-ellipsis-symbol" title="Permalink to this headline">¶</a></h2>
<div class="highlight-none notranslate"><div class="highlight"><pre><span></span>Traceback (most recent call last):
  File &quot;TESTS:\trb_syntax_common.py&quot;, line 49, in create_tracebacks
    __import__(name)
  File &quot;TESTS:\syntax\assign_to_ellipsis.py&quot;, line 4
    ... = 1
    ^^^
SyntaxError: cannot assign to Ellipsis here. Maybe you meant &#39;==&#39; instead of &#39;=&#39;?

    You cannot assign a value to the ellipsis symbol [`...`].

A `SyntaxError` occurs when Python cannot understand your code.

Python could not understand the code in the file
&#39;TESTS:\syntax\assign_to_ellipsis.py&#39;
beyond the location indicated by ^.

   1: &quot;&quot;&quot;Should raise SyntaxError: cannot assign to Ellipsis in Py 3.8
   2:    and assignment to keyword before.&quot;&quot;&quot;
   3:
--&gt;4: ... = 1
      ^

The ellipsis symbol `...` is a constant in Python;you cannot assign it a different value.
</pre></div>
</div>
</div>
<div class="section" id="cannot-assign-to-f-string">
<h2>(13) Cannot assign to f-string<a class="headerlink" href="#cannot-assign-to-f-string" title="Permalink to this headline">¶</a></h2>
<div class="highlight-none notranslate"><div class="highlight"><pre><span></span>Traceback (most recent call last):
  File &quot;TESTS:\trb_syntax_common.py&quot;, line 49, in create_tracebacks
    __import__(name)
  File &quot;TESTS:\syntax\assign_to_f_string.py&quot;, line 6
    f&#39;{x}&#39; = 42
    ^^^^^^
SyntaxError: cannot assign to f-string expression here. Maybe you meant &#39;==&#39; instead of &#39;=&#39;?

    You can only assign objects to identifiers (variable names).

A `SyntaxError` occurs when Python cannot understand your code.

Python could not understand the code in the file
&#39;TESTS:\syntax\assign_to_f_string.py&#39;
beyond the location indicated by ^.

   1: &quot;&quot;&quot;Should raise
   2: Python &lt; 3.8: SyntaxError: can&#39;t assign to literal
   3: Python &gt;= 3.8: SyntaxError: cannot assign to f-string expression
   4: &quot;&quot;&quot;
   5:
--&gt;6: f&#39;{x}&#39; = 42
      ^

You wrote an expression that has the f-string `f&#39;{x}&#39;`
on the left-hand side of the equal sign.
An f-string should only appear on the right-hand side of an equal sign.
</pre></div>
</div>
</div>
<div class="section" id="cannot-assign-to-function-call-single-sign">
<h2>(14) Cannot assign to function call: single = sign<a class="headerlink" href="#cannot-assign-to-function-call-single-sign" title="Permalink to this headline">¶</a></h2>
<div class="highlight-none notranslate"><div class="highlight"><pre><span></span>Traceback (most recent call last):
  File &quot;TESTS:\trb_syntax_common.py&quot;, line 49, in create_tracebacks
    __import__(name)
  File &quot;TESTS:\syntax\assign_to_function_call_1.py&quot;, line 6
    len(&#39;a&#39;) = 3
    ^^^^^^^^
SyntaxError: cannot assign to function call here. Maybe you meant &#39;==&#39; instead of &#39;=&#39;?

    You can only assign objects to identifiers (variable names).

A `SyntaxError` occurs when Python cannot understand your code.

Python could not understand the code in the file
&#39;TESTS:\syntax\assign_to_function_call_1.py&#39;
beyond the location indicated by ^.

   1: &quot;&quot;&quot;Should raise SyntaxError: can&#39;t assign to function call
   2:
   3: Python 3.8: SyntaxError: cannot assign to function call
   4: &quot;&quot;&quot;
   5:
--&gt;6: len(&#39;a&#39;) = 3
      ^

You wrote the expression

    len(&#39;a&#39;) = 3

where `len(&#39;a&#39;)`, on the left-hand side of the equal sign, either is
or includes a function call and is not simply the name of a variable.
</pre></div>
</div>
</div>
<div class="section" id="cannot-assign-to-function-call-two-signs">
<h2>(15) Cannot assign to function call: two = signs<a class="headerlink" href="#cannot-assign-to-function-call-two-signs" title="Permalink to this headline">¶</a></h2>
<div class="highlight-none notranslate"><div class="highlight"><pre><span></span>Traceback (most recent call last):
  File &quot;TESTS:\trb_syntax_common.py&quot;, line 49, in create_tracebacks
    __import__(name)
  File &quot;TESTS:\syntax\assign_to_function_call_2.py&quot;, line 6
    func(a, b=3) = 4
    ^^^^^^^^^^^^
SyntaxError: cannot assign to function call here. Maybe you meant &#39;==&#39; instead of &#39;=&#39;?

    You can only assign objects to identifiers (variable names).

A `SyntaxError` occurs when Python cannot understand your code.

Python could not understand the code in the file
&#39;TESTS:\syntax\assign_to_function_call_2.py&#39;
beyond the location indicated by ^.

   1: &quot;&quot;&quot;Should raise SyntaxError: can&#39;t assign to function call
   2:
   3: Python 3.8: SyntaxError: cannot assign to function call
   4: &quot;&quot;&quot;
   5:
--&gt;6: func(a, b=3) = 4
      ^

You wrote an expression like

    func(...) = some value

where `func(...)`, on the left-hand side of the equal sign, is
a function call and not the name of a variable.
</pre></div>
</div>
</div>
<div class="section" id="assign-to-generator-expression">
<h2>(16) Assign to generator expression<a class="headerlink" href="#assign-to-generator-expression" title="Permalink to this headline">¶</a></h2>
<div class="highlight-none notranslate"><div class="highlight"><pre><span></span>Traceback (most recent call last):
  File &quot;TESTS:\trb_syntax_common.py&quot;, line 49, in create_tracebacks
    __import__(name)
  File &quot;TESTS:\syntax\assign_to_generator.py&quot;, line 3
    (x for x in x) = 1
    ^^^^^^^^^^^^^^
SyntaxError: cannot assign to generator expression

    You can only assign objects to identifiers (variable names).

A `SyntaxError` occurs when Python cannot understand your code.

Python could not understand the code in the file
&#39;TESTS:\syntax\assign_to_generator.py&#39;
beyond the location indicated by ^.

   1: &quot;&quot;&quot;Should raise SyntaxError: can&#39;t [cannot] assign to generator expression&quot;&quot;&quot;
   2:
--&gt;3: (x for x in x) = 1
      ^

On the left-hand side of an equal sign, you have a
generator expression instead of the name of a variable.
</pre></div>
</div>
</div>
<div class="section" id="cannot-assign-to-literal-4">
<h2>(17) Cannot assign to literal - 4<a class="headerlink" href="#cannot-assign-to-literal-4" title="Permalink to this headline">¶</a></h2>
<div class="highlight-none notranslate"><div class="highlight"><pre><span></span>Traceback (most recent call last):
  File &quot;TESTS:\trb_syntax_common.py&quot;, line 49, in create_tracebacks
    __import__(name)
  File &quot;TESTS:\syntax\assign_to_literal_dict.py&quot;, line 7
    {1 : 2, 2 : 4} = 5
    ^^^^^^^^^^^^^^
SyntaxError: cannot assign to dict literal here. Maybe you meant &#39;==&#39; instead of &#39;=&#39;?

    You can only assign objects to identifiers (variable names).

A `SyntaxError` occurs when Python cannot understand your code.

Python could not understand the code in the file
&#39;TESTS:\syntax\assign_to_literal_dict.py&#39;
beyond the location indicated by ^.

   1: &quot;&quot;&quot;Should raise SyntaxError:
   2: Python 3.8: cannot assign to dict display
   3: Python 3.6, 3.7: can&#39;t assign to literal
   4:
   5:  &quot;&quot;&quot;
   6:
--&gt;7: {1 : 2, 2 : 4} = 5
      ^

You wrote an expression like

    {1 : 2, 2 : 4} = 5
where `{1 : 2, 2 : 4}`, on the left-hand side of the equal sign,
is or includes an actual object of type `dict`
and is not simply the name of a variable.
</pre></div>
</div>
</div>
<div class="section" id="cannot-assign-to-literal-int">
<h2>(18) Cannot assign to literal int<a class="headerlink" href="#cannot-assign-to-literal-int" title="Permalink to this headline">¶</a></h2>
<div class="highlight-none notranslate"><div class="highlight"><pre><span></span>Traceback (most recent call last):
  File &quot;TESTS:\trb_syntax_common.py&quot;, line 49, in create_tracebacks
    __import__(name)
  File &quot;TESTS:\syntax\assign_to_literal_int.py&quot;, line 3
    1 = a
    ^
SyntaxError: cannot assign to literal here. Maybe you meant &#39;==&#39; instead of &#39;=&#39;?

    Perhaps you meant to write `a = 1`
A `SyntaxError` occurs when Python cannot understand your code.

Python could not understand the code in the file
&#39;TESTS:\syntax\assign_to_literal_int.py&#39;
beyond the location indicated by ^.

   1: &quot;&quot;&quot;Should raise SyntaxError: can&#39;t assign to literal&quot;&quot;&quot;
   2:
--&gt;3: 1 = a
      ^

You wrote an expression like

    1 = a
where `1`, on the left-hand side of the equal sign,
is or includes an actual object of type `int`
and is not simply the name of a variable.
Perhaps you meant to write:

    a = 1
</pre></div>
</div>
</div>
<div class="section" id="cannot-assign-to-literal-int-2">
<h2>(19) Cannot assign to literal int - 2<a class="headerlink" href="#cannot-assign-to-literal-int-2" title="Permalink to this headline">¶</a></h2>
<div class="highlight-none notranslate"><div class="highlight"><pre><span></span>Traceback (most recent call last):
  File &quot;TESTS:\trb_syntax_common.py&quot;, line 49, in create_tracebacks
    __import__(name)
  File &quot;TESTS:\syntax\assign_to_literal_int_2.py&quot;, line 3
    1 = 2
    ^
SyntaxError: cannot assign to literal here. Maybe you meant &#39;==&#39; instead of &#39;=&#39;?

    You can only assign objects to identifiers (variable names).

A `SyntaxError` occurs when Python cannot understand your code.

Python could not understand the code in the file
&#39;TESTS:\syntax\assign_to_literal_int_2.py&#39;
beyond the location indicated by ^.

   1: &quot;&quot;&quot;Should raise SyntaxError: can&#39;t assign to literal&quot;&quot;&quot;
   2:
--&gt;3: 1 = 2
      ^

You wrote an expression like

    1 = 2
where `1`, on the left-hand side of the equal sign,
is or includes an actual object of type `int`
and is not simply the name of a variable.
</pre></div>
</div>
</div>
<div class="section" id="cannot-assign-to-literal-5">
<h2>(20) Cannot assign to literal - 5<a class="headerlink" href="#cannot-assign-to-literal-5" title="Permalink to this headline">¶</a></h2>
<div class="highlight-none notranslate"><div class="highlight"><pre><span></span>Traceback (most recent call last):
  File &quot;TESTS:\trb_syntax_common.py&quot;, line 49, in create_tracebacks
    __import__(name)
  File &quot;TESTS:\syntax\assign_to_literal_int_3.py&quot;, line 4
    1 = a = b
    ^
SyntaxError: cannot assign to literal

    You can only assign objects to identifiers (variable names).

A `SyntaxError` occurs when Python cannot understand your code.

Python could not understand the code in the file
&#39;TESTS:\syntax\assign_to_literal_int_3.py&#39;
beyond the location indicated by ^.

   1: &quot;&quot;&quot;Should raise SyntaxError: can&#39;t assign to literal
   2: or (Python 3.8) cannot assign to literal&quot;&quot;&quot;
   3:
--&gt;4: 1 = a = b
      ^

You wrote an expression like

    ... = variable_name
where `...`, on the left-hand side of the equal sign,
is or includes an actual object
and is not simply the name of a variable.
</pre></div>
</div>
</div>
<div class="section" id="cannot-assign-to-literal-3">
<h2>(21) Cannot assign to literal - 3<a class="headerlink" href="#cannot-assign-to-literal-3" title="Permalink to this headline">¶</a></h2>
<div class="highlight-none notranslate"><div class="highlight"><pre><span></span>Traceback (most recent call last):
  File &quot;TESTS:\trb_syntax_common.py&quot;, line 49, in create_tracebacks
    __import__(name)
  File &quot;TESTS:\syntax\assign_to_literal_set.py&quot;, line 7
    {1, 2, 3} = 4
    ^^^^^^^^^
SyntaxError: cannot assign to set display here. Maybe you meant &#39;==&#39; instead of &#39;=&#39;?

    You can only assign objects to identifiers (variable names).

A `SyntaxError` occurs when Python cannot understand your code.

Python could not understand the code in the file
&#39;TESTS:\syntax\assign_to_literal_set.py&#39;
beyond the location indicated by ^.

   1: &quot;&quot;&quot;Should raise SyntaxError:
   2: Python 3.8: cannot assign to set display
   3: Python 3.6, 3.7: can&#39;t assign to literal
   4:
   5:  &quot;&quot;&quot;
   6:
--&gt;7: {1, 2, 3} = 4
      ^

You wrote an expression like

    {1, 2, 3} = 4
where `{1, 2, 3}`, on the left-hand side of the equal sign,
is or includes an actual object of type `set`
and is not simply the name of a variable.
</pre></div>
</div>
</div>
<div class="section" id="assign-to-keyword-def">
<h2>(22) Assign to keyword def<a class="headerlink" href="#assign-to-keyword-def" title="Permalink to this headline">¶</a></h2>
<div class="highlight-none notranslate"><div class="highlight"><pre><span></span>Traceback (most recent call last):
  File &quot;TESTS:\trb_syntax_common.py&quot;, line 49, in create_tracebacks
    __import__(name)
  File &quot;TESTS:\syntax\assign_to_keyword_def.py&quot;, line 3
    def = 2
        ^
SyntaxError: invalid syntax

    Python keywords cannot be used as identifiers (variable names).

A `SyntaxError` occurs when Python cannot understand your code.

Python could not understand the code in the file
&#39;TESTS:\syntax\assign_to_keyword_def.py&#39;
beyond the location indicated by ^.

   1: &quot;&quot;&quot; Should raise SyntaxError&quot;&quot;&quot;
   2:
--&gt;3: def = 2
          ^

You were trying to assign a value to the Python keyword `def`.
This is not allowed.
</pre></div>
</div>
</div>
<div class="section" id="assign-to-keyword-else">
<h2>(23) Assign to keyword else<a class="headerlink" href="#assign-to-keyword-else" title="Permalink to this headline">¶</a></h2>
<div class="highlight-none notranslate"><div class="highlight"><pre><span></span>Traceback (most recent call last):
  File &quot;TESTS:\trb_syntax_common.py&quot;, line 49, in create_tracebacks
    __import__(name)
  File &quot;TESTS:\syntax\assign_to_keyword_else.py&quot;, line 3
    else = 1
    ^^^^
SyntaxError: invalid syntax

    Python keywords cannot be used as identifiers (variable names).

A `SyntaxError` occurs when Python cannot understand your code.

Python could not understand the code in the file
&#39;TESTS:\syntax\assign_to_keyword_else.py&#39;
beyond the location indicated by ^.

   1: &quot;&quot;&quot; Should raise SyntaxError&quot;&quot;&quot;
   2:
--&gt;3: else = 1
      ^

You were trying to assign a value to the Python keyword `else`.
This is not allowed.
</pre></div>
</div>
</div>
<div class="section" id="assignment-to-keyword-none">
<h2>(24) Assignment to keyword (None)<a class="headerlink" href="#assignment-to-keyword-none" title="Permalink to this headline">¶</a></h2>
<div class="highlight-none notranslate"><div class="highlight"><pre><span></span>Traceback (most recent call last):
  File &quot;TESTS:\trb_syntax_common.py&quot;, line 49, in create_tracebacks
    __import__(name)
  File &quot;TESTS:\syntax\assign_to_keyword_none.py&quot;, line 4
    None = 1
    ^^^^
SyntaxError: cannot assign to None

    You cannot assign a value to `None`.
A `SyntaxError` occurs when Python cannot understand your code.

Python could not understand the code in the file
&#39;TESTS:\syntax\assign_to_keyword_none.py&#39;
beyond the location indicated by ^.

   1: &quot;&quot;&quot;Should raise SyntaxError: cannot assign to None in Py 3.8
   2:    and can&#39;t assign to keyword before.&quot;&quot;&quot;
   3:
--&gt;4: None = 1
      ^

`None` is a constant in Python; you cannot assign it a different value.
</pre></div>
</div>
</div>
<div class="section" id="assign-to-math-operation">
<h2>(25) Assign to math operation<a class="headerlink" href="#assign-to-math-operation" title="Permalink to this headline">¶</a></h2>
<div class="highlight-none notranslate"><div class="highlight"><pre><span></span>Traceback (most recent call last):
  File &quot;TESTS:\trb_syntax_common.py&quot;, line 49, in create_tracebacks
    __import__(name)
  File &quot;TESTS:\syntax\assign_to_operation.py&quot;, line 4
    a + 1 = 2
    ^^^^^
SyntaxError: cannot assign to expression here. Maybe you meant &#39;==&#39; instead of &#39;=&#39;?

    You can only assign objects to identifiers (variable names).

A `SyntaxError` occurs when Python cannot understand your code.

Python could not understand the code in the file
&#39;TESTS:\syntax\assign_to_operation.py&#39;
beyond the location indicated by ^.

   1: &quot;&quot;&quot;Should raise SyntaxError: can&#39;t assign to operator
   2: or (Python 3.8) cannot assign to operator&quot;&quot;&quot;
   3:
--&gt;4: a + 1 = 2
      ^

You wrote an expression that includes some mathematical operations
on the left-hand side of the equal sign which should be
only used to assign a value to a variable.
</pre></div>
</div>
</div>
<div class="section" id="def-missing-parentheses">
<h2>(26) def: missing parentheses<a class="headerlink" href="#def-missing-parentheses" title="Permalink to this headline">¶</a></h2>
<div class="highlight-none notranslate"><div class="highlight"><pre><span></span>Traceback (most recent call last):
  File &quot;TESTS:\trb_syntax_common.py&quot;, line 49, in create_tracebacks
    __import__(name)
  File &quot;TESTS:\syntax\async_def_missing_parens.py&quot;, line 1
    async def name:
                  ^
SyntaxError: invalid syntax

    Did you forget parentheses?

A `SyntaxError` occurs when Python cannot understand your code.

Python could not understand the code in the file
&#39;TESTS:\syntax\async_def_missing_parens.py&#39;
beyond the location indicated by ^.

--&gt;1: async def name:
                    ^

Perhaps you forgot to include parentheses.
You might have meant to write

    async def name():
</pre></div>
</div>
</div>
<div class="section" id="augmented-assignment-to-literal">
<h2>(27) Augmented assignment to literal<a class="headerlink" href="#augmented-assignment-to-literal" title="Permalink to this headline">¶</a></h2>
<div class="highlight-none notranslate"><div class="highlight"><pre><span></span>Traceback (most recent call last):
  File &quot;TESTS:\trb_syntax_common.py&quot;, line 49, in create_tracebacks
    __import__(name)
  File &quot;TESTS:\syntax\augmented_assignment_to_literal.py&quot;, line 1
    if &quot;word&quot; := True:
       ^^^^^^
SyntaxError: cannot use assignment expressions with literal

    You can only assign objects to identifiers (variable names).

A `SyntaxError` occurs when Python cannot understand your code.

Python could not understand the code in the file
&#39;TESTS:\syntax\augmented_assignment_to_literal.py&#39;
beyond the location indicated by ^.

--&gt;1: if &quot;word&quot; := True:
         ^

You cannot use the augmented assignment operator `:=`,
sometimes called the walrus operator, with literals like `&quot;word&quot;`.
You can only assign objects to identifiers (variable names).
</pre></div>
</div>
</div>
<div class="section" id="walrus-named-assignment-depending-on-python-version">
<h2>(28) Walrus/Named assignment depending on Python version<a class="headerlink" href="#walrus-named-assignment-depending-on-python-version" title="Permalink to this headline">¶</a></h2>
<div class="highlight-none notranslate"><div class="highlight"><pre><span></span>Traceback (most recent call last):
  File &quot;TESTS:\trb_syntax_common.py&quot;, line 49, in create_tracebacks
    __import__(name)
  File &quot;TESTS:\syntax\augmented_assigment_with_true.py&quot;, line 4
    (True := 1)
     ^^^^
SyntaxError: cannot use assignment expressions with True

    You cannot assign a value to `True`.
A `SyntaxError` occurs when Python cannot understand your code.

Python could not understand the code in the file
&#39;TESTS:\syntax\augmented_assigment_with_true.py&#39;
beyond the location indicated by ^.

   1: &quot;&quot;&quot;Should raise SyntaxError: invalid syntax
   2: or (Python 3.8) cannot use named assignment with True&quot;&quot;&quot;
   3:
--&gt;4: (True := 1)
       ^

`True` is a constant in Python; you cannot assign it a different value.
</pre></div>
</div>
</div>
<div class="section" id="backslash-instead-of-slash">
<h2>(29) Backslash instead of slash<a class="headerlink" href="#backslash-instead-of-slash" title="Permalink to this headline">¶</a></h2>
<div class="highlight-none notranslate"><div class="highlight"><pre><span></span>Traceback (most recent call last):
  File &quot;TESTS:\trb_syntax_common.py&quot;, line 49, in create_tracebacks
    __import__(name)
  File &quot;TESTS:\syntax\backslash_instead_of_slash.py&quot;, line 1
    a = 3 \ 4.0
              ^
SyntaxError: unexpected character after line continuation character

    Did you mean to divide by 4.0?

A `SyntaxError` occurs when Python cannot understand your code.

Python could not understand the code in the file
&#39;TESTS:\syntax\backslash_instead_of_slash.py&#39;
beyond the location indicated by ^.

--&gt;1: a = 3 \ 4.0
                ^

You are using the continuation character `\` outside of a string,
and it is followed by some other character(s).
I am guessing that you wanted to divide by the number 4.0
and wrote \ instead of /.
</pre></div>
</div>
</div>
<div class="section" id="break-outside-loop">
<h2>(30) break outside loop<a class="headerlink" href="#break-outside-loop" title="Permalink to this headline">¶</a></h2>
<div class="highlight-none notranslate"><div class="highlight"><pre><span></span>Traceback (most recent call last):
  File &quot;TESTS:\trb_syntax_common.py&quot;, line 49, in create_tracebacks
    __import__(name)
  File &quot;TESTS:\syntax\break_outside_loop.py&quot;, line 4
    break
    ^^^^^
SyntaxError: &#39;break&#39; outside loop

A `SyntaxError` occurs when Python cannot understand your code.

Python could not understand the code in the file
&#39;TESTS:\syntax\break_outside_loop.py&#39;
beyond the location indicated by ^.

   1: &quot;&quot;&quot;Should raise SyntaxError: &#39;break&#39; outside loop&quot;&quot;&quot;
   2:
   3: if True:
--&gt;4:     break
          ^

The Python keyword `break` can only be used inside a `for` loop or inside a `while` loop.
</pre></div>
</div>
</div>
<div class="section" id="cannot-guess-the-cause">
<h2>(31) Cannot guess the cause<a class="headerlink" href="#cannot-guess-the-cause" title="Permalink to this headline">¶</a></h2>
<div class="highlight-none notranslate"><div class="highlight"><pre><span></span>Traceback (most recent call last):
  File &quot;TESTS:\trb_syntax_common.py&quot;, line 49, in create_tracebacks
    __import__(name)
  File &quot;TESTS:\syntax\cannot_guess_the_cause.py&quot;, line 1
    SyntaxErrors can be annoying!
    ^^^^^^^^^^^^^^^^
SyntaxError: invalid syntax. Perhaps you forgot a comma?

A `SyntaxError` occurs when Python cannot understand your code.

Python could not understand the code in the file
&#39;TESTS:\syntax\cannot_guess_the_cause.py&#39;
beyond the location indicated by ^.

--&gt;1: SyntaxErrors can be annoying!
      ^

Currently, I cannot guess the likely cause of this error.
Try to examine closely the line indicated as well as the line
immediately above to see if you can identify some misspelled
word, or missing symbols, like (, ), [, ], :, etc.

Unless your code uses type annotations, which are beyond our scope,
if you think that this is something which should be handled
by friendly, please report this case to
https://github.com/aroberge/friendly/issues
</pre></div>
</div>
</div>
<div class="section" id="cannot-use-star-operator">
<h2>(32) Cannot use star operator<a class="headerlink" href="#cannot-use-star-operator" title="Permalink to this headline">¶</a></h2>
<div class="highlight-none notranslate"><div class="highlight"><pre><span></span>Traceback (most recent call last):
  File &quot;TESTS:\trb_syntax_common.py&quot;, line 49, in create_tracebacks
    __import__(name)
  File &quot;TESTS:\syntax\cannot_use_star.py&quot;, line 3
    *a
    ^^
SyntaxError: can&#39;t use starred expression here

A `SyntaxError` occurs when Python cannot understand your code.

Python could not understand the code in the file
&#39;TESTS:\syntax\cannot_use_star.py&#39;
beyond the location indicated by ^.

   1: &quot;&quot;&quot;Should raise SyntaxError: can&#39;t use starred expression here&quot;&quot;&quot;
   2:
--&gt;3: *a
      ^

The star operator `*` is interpreted to mean that
iterable unpacking is to be used to assign a name
to each item of an iterable, which does not make sense here.
</pre></div>
</div>
</div>
<div class="section" id="cannot-use-double-star-operator">
<h2>(33) Cannot use double star operator<a class="headerlink" href="#cannot-use-double-star-operator" title="Permalink to this headline">¶</a></h2>
<div class="highlight-none notranslate"><div class="highlight"><pre><span></span>Traceback (most recent call last):
  File &quot;TESTS:\trb_syntax_common.py&quot;, line 49, in create_tracebacks
    __import__(name)
  File &quot;TESTS:\syntax\cannot_use_double_star.py&quot;, line 4
    (**k)
     ^^
SyntaxError: f-string: cannot use double starred expression here

A `SyntaxError` occurs when Python cannot understand your code.

Python could not understand the code in the file
&#39;TESTS:\syntax\cannot_use_double_star.py&#39;
beyond the location indicated by ^.

   1: &quot;&quot;&quot;Should raise SyntaxError: f-string invalid syntax&quot;&quot;&quot;
   2:
   3: def test(**k):
--&gt;4:     print(f&quot;{**k}&quot;)
       ^

The double star operator `**` is likely interpreted to mean that
dict unpacking is to be used which is not allowed or does not make sense here.
</pre></div>
</div>
</div>
<div class="section" id="missing-class-name">
<h2>(34) Missing class name<a class="headerlink" href="#missing-class-name" title="Permalink to this headline">¶</a></h2>
<div class="highlight-none notranslate"><div class="highlight"><pre><span></span>Traceback (most recent call last):
  File &quot;TESTS:\trb_syntax_common.py&quot;, line 49, in create_tracebacks
    __import__(name)
  File &quot;TESTS:\syntax\class_missing_name.py&quot;, line 1
    class:
         ^
SyntaxError: invalid syntax

    A class needs a name.

A `SyntaxError` occurs when Python cannot understand your code.

Python could not understand the code in the file
&#39;TESTS:\syntax\class_missing_name.py&#39;
beyond the location indicated by ^.

--&gt;1: class:
           ^

A `class` statement requires a name:

    class SomeName:
        ...
</pre></div>
</div>
</div>
<div class="section" id="missing-for-tuples-in-comprehension">
<h2>(35) Missing () for tuples in comprehension<a class="headerlink" href="#missing-for-tuples-in-comprehension" title="Permalink to this headline">¶</a></h2>
<div class="highlight-none notranslate"><div class="highlight"><pre><span></span>Traceback (most recent call last):
  File &quot;TESTS:\trb_syntax_common.py&quot;, line 49, in create_tracebacks
    __import__(name)
  File &quot;TESTS:\syntax\comprehension_missing_tuple_paren.py&quot;, line 1
    x = [i, i**2 for i in range(10)]
         ^^^^^^^
SyntaxError: did you forget parentheses around the comprehension target?

    Did you forget parentheses?

A `SyntaxError` occurs when Python cannot understand your code.

Python could not understand the code in the file
&#39;TESTS:\syntax\comprehension_missing_tuple_paren.py&#39;
beyond the location indicated by ^.

--&gt;1: x = [i, i**2 for i in range(10)]
           ^

I am guessing that you were writing a comprehension or a generator expression
and forgot to include parentheses around tuples.
As an example, instead of writing

    [i, i**2 for i in range(10)]

you would need to write

    [(i, i**2) for i in range(10)]
</pre></div>
</div>
</div>
<div class="section" id="comprehension-with-condition-no-else">
<h2>(36) Comprehension with condition (no else)<a class="headerlink" href="#comprehension-with-condition-no-else" title="Permalink to this headline">¶</a></h2>
<div class="highlight-none notranslate"><div class="highlight"><pre><span></span>Traceback (most recent call last):
  File &quot;TESTS:\trb_syntax_common.py&quot;, line 49, in create_tracebacks
    __import__(name)
  File &quot;TESTS:\syntax\comprehension_with_condition_no_else.py&quot;, line 1
    a = [f(x) if condition for x in sequence]
                           ^^^
SyntaxError: invalid syntax

A `SyntaxError` occurs when Python cannot understand your code.

Python could not understand the code in the file
&#39;TESTS:\syntax\comprehension_with_condition_no_else.py&#39;
beyond the location indicated by ^.

--&gt;1: a = [f(x) if condition for x in sequence]
                             ^

I am guessing that you were writing a comprehension or a generator expression
and use the wrong order for a condition.
The correct order depends if there is an `else` clause or not.
For example, the correct order for a list comprehensions with
condition can be either

    [f(x) if condition else other for x in sequence]  # &#39;if&#39; before &#39;for&#39;

or, if there is no `else`

    [f(x) for x in sequence if condition]  # &#39;if&#39; after &#39;for&#39;
</pre></div>
</div>
</div>
<div class="section" id="comprehension-with-condition-with-else">
<h2>(37) Comprehension with condition (with else)<a class="headerlink" href="#comprehension-with-condition-with-else" title="Permalink to this headline">¶</a></h2>
<div class="highlight-none notranslate"><div class="highlight"><pre><span></span>Traceback (most recent call last):
  File &quot;TESTS:\trb_syntax_common.py&quot;, line 49, in create_tracebacks
    __import__(name)
  File &quot;TESTS:\syntax\comprehension_with_condition_with_else.py&quot;, line 1
    a = [f(x) for x in sequence if condition else other]
                                             ^^^^
SyntaxError: invalid syntax

A `SyntaxError` occurs when Python cannot understand your code.

Python could not understand the code in the file
&#39;TESTS:\syntax\comprehension_with_condition_with_else.py&#39;
beyond the location indicated by ^.

--&gt;1: a = [f(x) for x in sequence if condition else other]
                                               ^

I am guessing that you were writing a comprehension or a generator expression
and use the wrong order for a condition.
The correct order depends if there is an `else` clause or not.
For example, the correct order for a list comprehensions with
condition can be either

    [f(x) if condition else other for x in sequence]  # &#39;if&#39; before &#39;for&#39;

or, if there is no `else`

    [f(x) for x in sequence if condition]  # &#39;if&#39; after &#39;for&#39;
</pre></div>
</div>
</div>
<div class="section" id="continue-outside-loop">
<h2>(38) continue outside loop<a class="headerlink" href="#continue-outside-loop" title="Permalink to this headline">¶</a></h2>
<div class="highlight-none notranslate"><div class="highlight"><pre><span></span>Traceback (most recent call last):
  File &quot;TESTS:\trb_syntax_common.py&quot;, line 49, in create_tracebacks
    __import__(name)
  File &quot;TESTS:\syntax\continue_outside_loop.py&quot;, line 4
    continue
    ^^^^^^^^
SyntaxError: &#39;continue&#39; not properly in loop

A `SyntaxError` occurs when Python cannot understand your code.

Python could not understand the code in the file
&#39;TESTS:\syntax\continue_outside_loop.py&#39;
beyond the location indicated by ^.

   1: &quot;&quot;&quot;Should raise SyntaxError: &#39;continue&#39; outside loop&quot;&quot;&quot;
   2:
   3: if True:
--&gt;4:     continue
          ^

The Python keyword `continue` can only be used inside a `for` loop or inside a `while` loop.
</pre></div>
</div>
</div>
<div class="section" id="copy-paste-from-interpreter">
<h2>(39) Copy/paste from interpreter<a class="headerlink" href="#copy-paste-from-interpreter" title="Permalink to this headline">¶</a></h2>
<div class="highlight-none notranslate"><div class="highlight"><pre><span></span>Traceback (most recent call last):
  File &quot;TESTS:\trb_syntax_common.py&quot;, line 49, in create_tracebacks
    __import__(name)
  File &quot;TESTS:\syntax\copy_pasted_code.py&quot;, line 2
    &gt;&gt;&gt; print(&quot;Hello World!&quot;)
    ^^
SyntaxError: invalid syntax

    Did you use copy-paste?

A `SyntaxError` occurs when Python cannot understand your code.

Python could not understand the code in the file
&#39;TESTS:\syntax\copy_pasted_code.py&#39;
beyond the location indicated by ^.

   1: &quot;&quot;&quot;Should raise SyntaxError: invalid syntax&quot;&quot;&quot;
--&gt;2: &gt;&gt;&gt; print(&quot;Hello World!&quot;)
      ^

It looks like you copy-pasted code from an interactive interpreter.
The Python prompt, `&gt;&gt;&gt;`, should not be included in your code.
</pre></div>
</div>
</div>
<div class="section" id="copy-paste-from-interpreter-2">
<h2>(40) Copy/paste from interpreter - 2<a class="headerlink" href="#copy-paste-from-interpreter-2" title="Permalink to this headline">¶</a></h2>
<div class="highlight-none notranslate"><div class="highlight"><pre><span></span>Traceback (most recent call last):
  File &quot;TESTS:\trb_syntax_common.py&quot;, line 49, in create_tracebacks
    __import__(name)
  File &quot;TESTS:\syntax\copy_pasted_code_2.py&quot;, line 2
    ... print(&quot;Hello World!&quot;)
    ^^^^^^^^^^^^^^^^^^^^^^^^^
SyntaxError: invalid syntax. Perhaps you forgot a comma?

    Did you use copy-paste?

A `SyntaxError` occurs when Python cannot understand your code.

Python could not understand the code in the file
&#39;TESTS:\syntax\copy_pasted_code_2.py&#39;
beyond the location indicated by ^.

   1: &quot;&quot;&quot;Should raise SyntaxError: invalid syntax&quot;&quot;&quot;
--&gt;2: ... print(&quot;Hello World!&quot;)
      ^

It looks like you copy-pasted code from an interactive interpreter.
The Python prompt, `...`, should not be included in your code.
</pre></div>
</div>
</div>
<div class="section" id="def-positional-arg-after-kwargs">
<h2>(41) def: positional arg after kwargs<a class="headerlink" href="#def-positional-arg-after-kwargs" title="Permalink to this headline">¶</a></h2>
<div class="highlight-none notranslate"><div class="highlight"><pre><span></span>Traceback (most recent call last):
  File &quot;TESTS:\trb_syntax_common.py&quot;, line 49, in create_tracebacks
    __import__(name)
  File &quot;TESTS:\syntax\def_arg_after_kwarg.py&quot;, line 1
    def test(a, **kwargs, b):
                          ^
SyntaxError: invalid syntax

    Positional arguments must come before keyword arguments.

A `SyntaxError` occurs when Python cannot understand your code.

Python could not understand the code in the file
&#39;TESTS:\syntax\def_arg_after_kwarg.py&#39;
beyond the location indicated by ^.

--&gt;1: def test(a, **kwargs, b):
                            ^

Positional arguments must come before keyword arguments.
`b` is a positional argument that appears after one or more
keyword arguments in your function definition.
</pre></div>
</div>
</div>
<div class="section" id="def-named-arguments-must-follow-bare">
<h2>(42) def: named arguments must follow bare *<a class="headerlink" href="#def-named-arguments-must-follow-bare" title="Permalink to this headline">¶</a></h2>
<div class="highlight-none notranslate"><div class="highlight"><pre><span></span>Traceback (most recent call last):
  File &quot;TESTS:\trb_syntax_common.py&quot;, line 49, in create_tracebacks
    __import__(name)
  File &quot;TESTS:\syntax\def_bare_star_arg.py&quot;, line 4
    def f(*):
          ^
SyntaxError: named arguments must follow bare *

    Did you forget something after `*`?

A `SyntaxError` occurs when Python cannot understand your code.

Python could not understand the code in the file
&#39;TESTS:\syntax\def_bare_star_arg.py&#39;
beyond the location indicated by ^.

   1: # SyntaxError: named arguments must follow bare *
   2:
   3:
--&gt;4: def f(*):
            ^

Assuming you were defining a function, you need
to replace `*` by either `*arguments` or
by `*, named_argument=value`.
</pre></div>
</div>
</div>
<div class="section" id="def-misused-as-code-block">
<h2>(43) def: misused as code block<a class="headerlink" href="#def-misused-as-code-block" title="Permalink to this headline">¶</a></h2>
<div class="highlight-none notranslate"><div class="highlight"><pre><span></span>Traceback (most recent call last):
  File &quot;TESTS:\trb_syntax_common.py&quot;, line 49, in create_tracebacks
    __import__(name)
  File &quot;TESTS:\syntax\def_code_block.py&quot;, line 3
    def :
        ^
SyntaxError: invalid syntax

    A function needs a name.

A `SyntaxError` occurs when Python cannot understand your code.

Python could not understand the code in the file
&#39;TESTS:\syntax\def_code_block.py&#39;
beyond the location indicated by ^.

   1: &quot;&quot;&quot;Should raise SyntaxError&quot;&quot;&quot;
   2:
--&gt;3: def :
          ^

You tried to define a function and did not use the correct syntax.
The correct syntax is:

    def name ( ... ):
</pre></div>
</div>
</div>
<div class="section" id="def-misused-as-code-block-2">
<h2>(44) def: misused as code block - 2<a class="headerlink" href="#def-misused-as-code-block-2" title="Permalink to this headline">¶</a></h2>
<div class="highlight-none notranslate"><div class="highlight"><pre><span></span>Traceback (most recent call last):
  File &quot;TESTS:\trb_syntax_common.py&quot;, line 49, in create_tracebacks
    __import__(name)
  File &quot;TESTS:\syntax\def_code_block_2.py&quot;, line 2
    def :
        ^
SyntaxError: invalid syntax

    Functions and methods need a name.

A `SyntaxError` occurs when Python cannot understand your code.

Python could not understand the code in the file
&#39;TESTS:\syntax\def_code_block_2.py&#39;
beyond the location indicated by ^.

   1: class A:
--&gt;2:     def :
              ^

You tried to define a function or method and did not use the correct syntax.
The correct syntax is:

    def name ( ... ):
</pre></div>
</div>
</div>
<div class="section" id="def-dict-as-argument">
<h2>(45) def: dict as argument<a class="headerlink" href="#def-dict-as-argument" title="Permalink to this headline">¶</a></h2>
<div class="highlight-none notranslate"><div class="highlight"><pre><span></span>Traceback (most recent call last):
  File &quot;TESTS:\trb_syntax_common.py&quot;, line 49, in create_tracebacks
    __import__(name)
  File &quot;TESTS:\syntax\def_dict_as_arg.py&quot;, line 1
    def test({&#39;a&#39;: 1}, y):  # dict as first argument
             ^
SyntaxError: invalid syntax

    You cannot have any explicit dict or set as function arguments.

A `SyntaxError` occurs when Python cannot understand your code.

Python could not understand the code in the file
&#39;TESTS:\syntax\def_dict_as_arg.py&#39;
beyond the location indicated by ^.

--&gt;1: def test({&#39;a&#39;: 1}, y):  # dict as first argument
               ^

You cannot have any explicit dict or set as function arguments.
You can only use identifiers (variable names) as function arguments.
</pre></div>
</div>
</div>
<div class="section" id="def-keyword-arg-only-once-in-function-definition">
<h2>(46) def: Keyword arg only once in function definition<a class="headerlink" href="#def-keyword-arg-only-once-in-function-definition" title="Permalink to this headline">¶</a></h2>
<div class="highlight-none notranslate"><div class="highlight"><pre><span></span>Traceback (most recent call last):
  File &quot;TESTS:\trb_syntax_common.py&quot;, line 49, in create_tracebacks
    __import__(name)
  File &quot;TESTS:\syntax\def_duplicate_arg.py&quot;, line 4
    def f(aa=1, aa=2):
    ^^^^^^^^^^^^^^^^^^--&gt;
SyntaxError: duplicate argument &#39;aa&#39; in function definition

A `SyntaxError` occurs when Python cannot understand your code.

Python could not understand the code in the file
&#39;TESTS:\syntax\def_duplicate_arg.py&#39;
beyond the location indicated by ^.

   1: &quot;&quot;&quot;Should raise SyntaxError: duplicate argument &#39;aa&#39; in function definition&quot;&quot;&quot;
   2:
   3:
--&gt;4: def f(aa
      ^

You have defined a function repeating the keyword argument

    aa
twice; each keyword argument should appear only once in a function definition.
</pre></div>
</div>
</div>
<div class="section" id="def-semi-colon-after-colon">
<h2>(47) def: semi-colon after colon<a class="headerlink" href="#def-semi-colon-after-colon" title="Permalink to this headline">¶</a></h2>
<div class="highlight-none notranslate"><div class="highlight"><pre><span></span>Traceback (most recent call last):
  File &quot;TESTS:\trb_syntax_common.py&quot;, line 49, in create_tracebacks
    __import__(name)
  File &quot;TESTS:\syntax\def_extra_semi_colon.py&quot;, line 1
    def test():;
               ^
SyntaxError: invalid syntax

    Did you write something by mistake after the colon?

A `SyntaxError` occurs when Python cannot understand your code.

Python could not understand the code in the file
&#39;TESTS:\syntax\def_extra_semi_colon.py&#39;
beyond the location indicated by ^.

--&gt;1: def test():;
                 ^

A function definition statement must end with a colon.
A block of code must come after the colon.
Removing `;`, might fix the problem.
</pre></div>
</div>
</div>
<div class="section" id="def-extra-comma">
<h2>(48) def: extra comma<a class="headerlink" href="#def-extra-comma" title="Permalink to this headline">¶</a></h2>
<div class="highlight-none notranslate"><div class="highlight"><pre><span></span>Traceback (most recent call last):
  File &quot;TESTS:\trb_syntax_common.py&quot;, line 49, in create_tracebacks
    __import__(name)
  File &quot;TESTS:\syntax\def_extra_comma.py&quot;, line 1
    def test(a,,b):
               ^
SyntaxError: invalid syntax

    Did you mean to write `,`?

A `SyntaxError` occurs when Python cannot understand your code.

Python could not understand the code in the file
&#39;TESTS:\syntax\def_extra_comma.py&#39;
beyond the location indicated by ^.

--&gt;1: def test(a,,b):
                 ^

I suspect you made a typo and added `,` by mistake.
The following statement contains no syntax error:

    def test(a,b):
</pre></div>
</div>
</div>
<div class="section" id="def-unspecified-keywords-before">
<h2>(49) def: unspecified keywords before /<a class="headerlink" href="#def-unspecified-keywords-before" title="Permalink to this headline">¶</a></h2>
<div class="highlight-none notranslate"><div class="highlight"><pre><span></span>Traceback (most recent call last):
  File &quot;TESTS:\trb_syntax_common.py&quot;, line 49, in create_tracebacks
    __import__(name)
  File &quot;TESTS:\syntax\def_forward_slash_1.py&quot;, line 1
    def test(a, **kwargs, /):
                          ^
SyntaxError: invalid syntax

    Keyword arguments must appear after the `/` symbol.

A `SyntaxError` occurs when Python cannot understand your code.

Python could not understand the code in the file
&#39;TESTS:\syntax\def_forward_slash_1.py&#39;
beyond the location indicated by ^.

--&gt;1: def test(a, **kwargs, /):
                            ^

`/` indicates that the previous arguments in a function definition
are positional arguments.
You have unspecified keyword arguments that appear before
the symbol `/`.
</pre></div>
</div>
</div>
<div class="section" id="def-before-star">
<h2>(50) def: / before star<a class="headerlink" href="#def-before-star" title="Permalink to this headline">¶</a></h2>
<div class="highlight-none notranslate"><div class="highlight"><pre><span></span>Traceback (most recent call last):
  File &quot;TESTS:\trb_syntax_common.py&quot;, line 49, in create_tracebacks
    __import__(name)
  File &quot;TESTS:\syntax\def_forward_slash_2.py&quot;, line 1
    def test(a, *, b, /):
                      ^
SyntaxError: invalid syntax

    `*` must appear after `/` in a function definition.

A `SyntaxError` occurs when Python cannot understand your code.

Python could not understand the code in the file
&#39;TESTS:\syntax\def_forward_slash_2.py&#39;
beyond the location indicated by ^.

--&gt;1: def test(a, *, b, /):
                        ^

`/` indicates that the previous arguments in a function definition
are positional arguments.
However, `*` indicates that the arguments
that follow must be keyword arguments.
When they are used together, `/` must appear before `*`.
</pre></div>
</div>
</div>
<div class="section" id="def-before-star-arg">
<h2>(51) def: / before star arg<a class="headerlink" href="#def-before-star-arg" title="Permalink to this headline">¶</a></h2>
<div class="highlight-none notranslate"><div class="highlight"><pre><span></span>Traceback (most recent call last):
  File &quot;TESTS:\trb_syntax_common.py&quot;, line 49, in create_tracebacks
    __import__(name)
  File &quot;TESTS:\syntax\def_forward_slash_3.py&quot;, line 1
    def test(a, *arg, /):
                      ^
SyntaxError: invalid syntax

    `*arg` must appear after `/` in a function definition.

A `SyntaxError` occurs when Python cannot understand your code.

Python could not understand the code in the file
&#39;TESTS:\syntax\def_forward_slash_3.py&#39;
beyond the location indicated by ^.

--&gt;1: def test(a, *arg, /):
                        ^

`/` indicates that the previous arguments in a function definition
are positional arguments.
`*arg` must appear after `/` in a function definition.
</pre></div>
</div>
</div>
<div class="section" id="def-used-twice">
<h2>(52) def: / used twice<a class="headerlink" href="#def-used-twice" title="Permalink to this headline">¶</a></h2>
<div class="highlight-none notranslate"><div class="highlight"><pre><span></span>Traceback (most recent call last):
  File &quot;TESTS:\trb_syntax_common.py&quot;, line 49, in create_tracebacks
    __import__(name)
  File &quot;TESTS:\syntax\def_forward_slash_4.py&quot;, line 1
    def test(a, /, b, /):
                      ^
SyntaxError: invalid syntax

    You can only use `/` once in a function definition.

A `SyntaxError` occurs when Python cannot understand your code.

Python could not understand the code in the file
&#39;TESTS:\syntax\def_forward_slash_4.py&#39;
beyond the location indicated by ^.

--&gt;1: def test(a, /, b, /):
                        ^

You can only use `/` once in a function definition.
</pre></div>
</div>
</div>
<div class="section" id="def-non-identifier-as-a-function-name">
<h2>(53) def: non-identifier as a function name<a class="headerlink" href="#def-non-identifier-as-a-function-name" title="Permalink to this headline">¶</a></h2>
<div class="highlight-none notranslate"><div class="highlight"><pre><span></span>Traceback (most recent call last):
  File &quot;TESTS:\trb_syntax_common.py&quot;, line 49, in create_tracebacks
    __import__(name)
  File &quot;TESTS:\syntax\def_function_name_invalid.py&quot;, line 3
    def 2be():
        ^
SyntaxError: invalid syntax

    You wrote an invalid function name.

A `SyntaxError` occurs when Python cannot understand your code.

Python could not understand the code in the file
&#39;TESTS:\syntax\def_function_name_invalid.py&#39;
beyond the location indicated by ^.

   1:
   2:
--&gt;3: def 2be():
          ^

The name of a function must be a valid Python identifier,
that is a name that begins with a letter or an underscore character, `_`,
and which contains only letters, digits or the underscore character.
</pre></div>
</div>
</div>
<div class="section" id="def-using-a-string-as-a-function-name">
<h2>(54) def: using a string as a function name<a class="headerlink" href="#def-using-a-string-as-a-function-name" title="Permalink to this headline">¶</a></h2>
<div class="highlight-none notranslate"><div class="highlight"><pre><span></span>Traceback (most recent call last):
  File &quot;TESTS:\trb_syntax_common.py&quot;, line 49, in create_tracebacks
    __import__(name)
  File &quot;TESTS:\syntax\def_function_name_string.py&quot;, line 3
    def &quot;function&quot;():
        ^^^^^^^^^^
SyntaxError: invalid syntax

    The name of a function must be a valid Python identifier,
    that is a name that begins with a letter or an underscore character, `_`,
    and which contains only letters, digits or the underscore character.
    You attempted to use a string as a function name.

A `SyntaxError` occurs when Python cannot understand your code.

Python could not understand the code in the file
&#39;TESTS:\syntax\def_function_name_string.py&#39;
beyond the location indicated by ^.

   1:
   2:
--&gt;3: def &quot;function&quot;():
          ^

The name of a function must be a valid Python identifier,
that is a name that begins with a letter or an underscore character, `_`,
and which contains only letters, digits or the underscore character.
You attempted to use a string as a function name.
</pre></div>
</div>
</div>
<div class="section" id="def-keyword-cannot-be-argument-in-def-1">
<h2>(55) def: keyword cannot be argument in def - 1<a class="headerlink" href="#def-keyword-cannot-be-argument-in-def-1" title="Permalink to this headline">¶</a></h2>
<div class="highlight-none notranslate"><div class="highlight"><pre><span></span>Traceback (most recent call last):
  File &quot;TESTS:\trb_syntax_common.py&quot;, line 49, in create_tracebacks
    __import__(name)
  File &quot;TESTS:\syntax\def_keyword_as_arg_1.py&quot;, line 5
    def f(None=1):
          ^^^^
SyntaxError: invalid syntax

A `SyntaxError` occurs when Python cannot understand your code.

Python could not understand the code in the file
&#39;TESTS:\syntax\def_keyword_as_arg_1.py&#39;
beyond the location indicated by ^.

   1: &quot;&quot;&quot;Should raise SyntaxError: invalid syntax
   2: &quot;&quot;&quot;
   3:
   4:
--&gt;5: def f(None=1):
            ^

I am guessing that you tried to use the Python keyword
`None` as an argument in the definition of a function
where an identifier (variable name) was expected.
</pre></div>
</div>
</div>
<div class="section" id="def-keyword-cannot-be-argument-in-def-2">
<h2>(56) def: keyword cannot be argument in def - 2<a class="headerlink" href="#def-keyword-cannot-be-argument-in-def-2" title="Permalink to this headline">¶</a></h2>
<div class="highlight-none notranslate"><div class="highlight"><pre><span></span>Traceback (most recent call last):
  File &quot;TESTS:\trb_syntax_common.py&quot;, line 49, in create_tracebacks
    __import__(name)
  File &quot;TESTS:\syntax\def_keyword_as_arg_2.py&quot;, line 5
    def f(x, True):
             ^^^^
SyntaxError: invalid syntax

A `SyntaxError` occurs when Python cannot understand your code.

Python could not understand the code in the file
&#39;TESTS:\syntax\def_keyword_as_arg_2.py&#39;
beyond the location indicated by ^.

   1: &quot;&quot;&quot;Should raise SyntaxError: invalid syntax
   2: &quot;&quot;&quot;
   3:
   4:
--&gt;5: def f(x, True):
               ^

I am guessing that you tried to use the Python keyword
`True` as an argument in the definition of a function
where an identifier (variable name) was expected.
</pre></div>
</div>
</div>
<div class="section" id="def-keyword-cannot-be-argument-in-def-3">
<h2>(57) def: keyword cannot be argument in def - 3<a class="headerlink" href="#def-keyword-cannot-be-argument-in-def-3" title="Permalink to this headline">¶</a></h2>
<div class="highlight-none notranslate"><div class="highlight"><pre><span></span>Traceback (most recent call last):
  File &quot;TESTS:\trb_syntax_common.py&quot;, line 49, in create_tracebacks
    __import__(name)
  File &quot;TESTS:\syntax\def_keyword_as_arg_3.py&quot;, line 5
    def f(*None):
           ^^^^
SyntaxError: invalid syntax

A `SyntaxError` occurs when Python cannot understand your code.

Python could not understand the code in the file
&#39;TESTS:\syntax\def_keyword_as_arg_3.py&#39;
beyond the location indicated by ^.

   1: &quot;&quot;&quot;Should raise SyntaxError: invalid syntax
   2: &quot;&quot;&quot;
   3:
   4:
--&gt;5: def f(*None):
             ^

I am guessing that you tried to use the Python keyword
`None` as an argument in the definition of a function
where an identifier (variable name) was expected.
</pre></div>
</div>
</div>
<div class="section" id="def-keyword-cannot-be-argument-in-def-4">
<h2>(58) def: keyword cannot be argument in def - 4<a class="headerlink" href="#def-keyword-cannot-be-argument-in-def-4" title="Permalink to this headline">¶</a></h2>
<div class="highlight-none notranslate"><div class="highlight"><pre><span></span>Traceback (most recent call last):
  File &quot;TESTS:\trb_syntax_common.py&quot;, line 49, in create_tracebacks
    __import__(name)
  File &quot;TESTS:\syntax\def_keyword_as_arg_4.py&quot;, line 5
    def f(**None):
            ^^^^
SyntaxError: invalid syntax

A `SyntaxError` occurs when Python cannot understand your code.

Python could not understand the code in the file
&#39;TESTS:\syntax\def_keyword_as_arg_4.py&#39;
beyond the location indicated by ^.

   1: &quot;&quot;&quot;Should raise SyntaxError: invalid syntax
   2: &quot;&quot;&quot;
   3:
   4:
--&gt;5: def f(**None):
              ^

I am guessing that you tried to use the Python keyword
`None` as an argument in the definition of a function
where an identifier (variable name) was expected.
</pre></div>
</div>
</div>
<div class="section" id="def-python-keyword-as-function-name">
<h2>(59) def: Python keyword as function name<a class="headerlink" href="#def-python-keyword-as-function-name" title="Permalink to this headline">¶</a></h2>
<div class="highlight-none notranslate"><div class="highlight"><pre><span></span>Traceback (most recent call last):
  File &quot;TESTS:\trb_syntax_common.py&quot;, line 49, in create_tracebacks
    __import__(name)
  File &quot;TESTS:\syntax\def_keyword_as_name.py&quot;, line 3
    def pass():
        ^^^^
SyntaxError: invalid syntax

    You cannot use a Python keyword as a function name.

A `SyntaxError` occurs when Python cannot understand your code.

Python could not understand the code in the file
&#39;TESTS:\syntax\def_keyword_as_name.py&#39;
beyond the location indicated by ^.

   1: &quot;&quot;&quot;Should raise SyntaxError: invalid syntax&quot;&quot;&quot;
   2:
--&gt;3: def pass():
          ^

You tried to use the Python keyword `pass` as a function name.
</pre></div>
</div>
</div>
<div class="section" id="def-list-as-argument-1">
<h2>(60) def: list as argument - 1<a class="headerlink" href="#def-list-as-argument-1" title="Permalink to this headline">¶</a></h2>
<div class="highlight-none notranslate"><div class="highlight"><pre><span></span>Traceback (most recent call last):
  File &quot;TESTS:\trb_syntax_common.py&quot;, line 49, in create_tracebacks
    __import__(name)
  File &quot;TESTS:\syntax\def_list_as_arg_1.py&quot;, line 1
    def test([x], y):  # list as first argument
             ^
SyntaxError: invalid syntax

    You cannot have explicit lists as function arguments.

A `SyntaxError` occurs when Python cannot understand your code.

Python could not understand the code in the file
&#39;TESTS:\syntax\def_list_as_arg_1.py&#39;
beyond the location indicated by ^.

--&gt;1: def test([x], y):  # list as first argument
               ^

You cannot have explicit lists as function arguments.
You can only use identifiers (variable names) as function arguments.
</pre></div>
</div>
</div>
<div class="section" id="def-list-as-argument-2">
<h2>(61) def: list as argument - 2<a class="headerlink" href="#def-list-as-argument-2" title="Permalink to this headline">¶</a></h2>
<div class="highlight-none notranslate"><div class="highlight"><pre><span></span>Traceback (most recent call last):
  File &quot;TESTS:\trb_syntax_common.py&quot;, line 49, in create_tracebacks
    __import__(name)
  File &quot;TESTS:\syntax\def_list_as_arg_2.py&quot;, line 1
    def test(x, [y]):  # list as second argument, after comma
                ^
SyntaxError: invalid syntax

    You cannot have explicit lists as function arguments.

A `SyntaxError` occurs when Python cannot understand your code.

Python could not understand the code in the file
&#39;TESTS:\syntax\def_list_as_arg_2.py&#39;
beyond the location indicated by ^.

--&gt;1: def test(x, [y]):  # list as second argument, after comma
                  ^

You cannot have explicit lists as function arguments.
You can only use identifiers (variable names) as function arguments.
</pre></div>
</div>
</div>
<div class="section" id="def-missing-colon">
<h2>(62) def: missing colon<a class="headerlink" href="#def-missing-colon" title="Permalink to this headline">¶</a></h2>
<div class="highlight-none notranslate"><div class="highlight"><pre><span></span>Traceback (most recent call last):
  File &quot;TESTS:\trb_syntax_common.py&quot;, line 49, in create_tracebacks
    __import__(name)
  File &quot;TESTS:\syntax\def_missing_colon.py&quot;, line 1
    def test()

SyntaxError: expected &#39;:&#39;

    Did you forget a colon `:`?

A `SyntaxError` occurs when Python cannot understand your code.

Python could not understand the code in the file
&#39;TESTS:\syntax\def_missing_colon.py&#39;
beyond the location indicated by ^.

--&gt;1: def test()
                ^

You wrote a statement beginning with
`def` but forgot to add a colon `:` at the end.
</pre></div>
</div>
</div>
<div class="section" id="def-missing-comma-between-function-args">
<h2>(63) def: missing comma between function args<a class="headerlink" href="#def-missing-comma-between-function-args" title="Permalink to this headline">¶</a></h2>
<div class="highlight-none notranslate"><div class="highlight"><pre><span></span>Traceback (most recent call last):
  File &quot;TESTS:\trb_syntax_common.py&quot;, line 49, in create_tracebacks
    __import__(name)
  File &quot;TESTS:\syntax\def_missing_comma.py&quot;, line 4
    def a(b, c d):
               ^
SyntaxError: invalid syntax

    Did you forget a comma?

A `SyntaxError` occurs when Python cannot understand your code.

Python could not understand the code in the file
&#39;TESTS:\syntax\def_missing_comma.py&#39;
beyond the location indicated by ^.

   1: &quot;&quot;&quot;Should raise SyntaxError: invalid syntax&quot;&quot;&quot;
   2:
   3:
--&gt;4: def a(b, c d):
                 ^

Python indicates that the error is caused by `d` written immediately after `c`.
It is possible that you forgot a comma between items in a tuple,
or between function arguments,
before the position indicated by ^.
Perhaps you meant

    def a(b, c, d):
</pre></div>
</div>
</div>
<div class="section" id="id2">
<h2>(64) def: missing parentheses<a class="headerlink" href="#id2" title="Permalink to this headline">¶</a></h2>
<div class="highlight-none notranslate"><div class="highlight"><pre><span></span>Traceback (most recent call last):
  File &quot;TESTS:\trb_syntax_common.py&quot;, line 49, in create_tracebacks
    __import__(name)
  File &quot;TESTS:\syntax\def_missing_parens.py&quot;, line 3
    def name:
            ^
SyntaxError: invalid syntax

    Did you forget parentheses?

A `SyntaxError` occurs when Python cannot understand your code.

Python could not understand the code in the file
&#39;TESTS:\syntax\def_missing_parens.py&#39;
beyond the location indicated by ^.

   1: &quot;&quot;&quot;Should raise SyntaxError&quot;&quot;&quot;
   2:
--&gt;3: def name:
              ^

Perhaps you forgot to include parentheses.
You might have meant to write

    def name():
</pre></div>
</div>
</div>
<div class="section" id="def-missing-parentheses-around-arguments">
<h2>(65) def: missing parentheses around arguments<a class="headerlink" href="#def-missing-parentheses-around-arguments" title="Permalink to this headline">¶</a></h2>
<div class="highlight-none notranslate"><div class="highlight"><pre><span></span>Traceback (most recent call last):
  File &quot;TESTS:\trb_syntax_common.py&quot;, line 49, in create_tracebacks
    __import__(name)
  File &quot;TESTS:\syntax\def_missing_parens_2.py&quot;, line 2
    def name a, b:
             ^
SyntaxError: invalid syntax

    Did you forget parentheses?

A `SyntaxError` occurs when Python cannot understand your code.

Python could not understand the code in the file
&#39;TESTS:\syntax\def_missing_parens_2.py&#39;
beyond the location indicated by ^.

   1:
--&gt;2: def name a, b:
               ^

Perhaps you forgot to include parentheses.
You might have meant to write

    def name (a, b):
</pre></div>
</div>
</div>
<div class="section" id="def-missing-function-name">
<h2>(66) def: missing function name<a class="headerlink" href="#def-missing-function-name" title="Permalink to this headline">¶</a></h2>
<div class="highlight-none notranslate"><div class="highlight"><pre><span></span>Traceback (most recent call last):
  File &quot;TESTS:\trb_syntax_common.py&quot;, line 49, in create_tracebacks
    __import__(name)
  File &quot;TESTS:\syntax\def_missing_name.py&quot;, line 3
    def ( arg )  :
        ^
SyntaxError: invalid syntax

A `SyntaxError` occurs when Python cannot understand your code.

Python could not understand the code in the file
&#39;TESTS:\syntax\def_missing_name.py&#39;
beyond the location indicated by ^.

   1: &quot;&quot;&quot;Should raise SyntaxError&quot;&quot;&quot;
   2:
--&gt;3: def ( arg )  :
          ^

You forgot to name your function.
The correct syntax is:

    def name ( ... ):
</pre></div>
</div>
</div>
<div class="section" id="def-name-is-parameter-and-global">
<h2>(67) def: name is parameter and global<a class="headerlink" href="#def-name-is-parameter-and-global" title="Permalink to this headline">¶</a></h2>
<div class="highlight-none notranslate"><div class="highlight"><pre><span></span>Traceback (most recent call last):
  File &quot;TESTS:\trb_syntax_common.py&quot;, line 49, in create_tracebacks
    __import__(name)
  File &quot;TESTS:\syntax\def_name_is_parameter_and_global.py&quot;, line 6
    global x
    ^^^^^^^^
SyntaxError: name &#39;x&#39; is parameter and global

A `SyntaxError` occurs when Python cannot understand your code.

Python could not understand the code in the file
&#39;TESTS:\syntax\def_name_is_parameter_and_global.py&#39;
beyond the location indicated by ^.

   1: &quot;&quot;&quot;Should raise SyntaxError: name &#39;x&#39; is parameter and global
   2: &quot;&quot;&quot;
   3:
   4:
   5: def f(x):
--&gt;6:     global x
          ^

You are including the statement

        global x


indicating that `x` is a variable defined outside a function.
You are also using the same `x` as an argument for that
function, thus indicating that it should be variable known only
inside that function, which is the contrary of what `global` implied.
</pre></div>
</div>
</div>
<div class="section" id="def-non-default-argument-follows-default-argument">
<h2>(68) def: non-default argument follows default argument<a class="headerlink" href="#def-non-default-argument-follows-default-argument" title="Permalink to this headline">¶</a></h2>
<div class="highlight-none notranslate"><div class="highlight"><pre><span></span>Traceback (most recent call last):
  File &quot;TESTS:\trb_syntax_common.py&quot;, line 49, in create_tracebacks
    __import__(name)
  File &quot;TESTS:\syntax\def_non_default_after_default.py&quot;, line 5
    def test(a=1, b):
                  ^
SyntaxError: non-default argument follows default argument

A `SyntaxError` occurs when Python cannot understand your code.

Python could not understand the code in the file
&#39;TESTS:\syntax\def_non_default_after_default.py&#39;
beyond the location indicated by ^.

   1: &quot;&quot;&quot;Should raise SyntaxError: non-default argument follows default argument
   2: &quot;&quot;&quot;
   3:
   4:
--&gt;5: def test(a=1, b):
                    ^

In Python, you can define functions with only positional arguments

    def test(a, b, c): ...

or only keyword arguments

    def test(a=1, b=2, c=3): ...

or a combination of the two

    def test(a, b, c=3): ...

but with the keyword arguments appearing after all the positional ones.
According to Python, you used positional arguments after keyword ones.
</pre></div>
</div>
</div>
<div class="section" id="single-number-used-as-arg-in-function-def">
<h2>(69) Single number used as arg in function def<a class="headerlink" href="#single-number-used-as-arg-in-function-def" title="Permalink to this headline">¶</a></h2>
<div class="highlight-none notranslate"><div class="highlight"><pre><span></span>Traceback (most recent call last):
  File &quot;TESTS:\trb_syntax_common.py&quot;, line 49, in create_tracebacks
    __import__(name)
  File &quot;TESTS:\syntax\def_number_as_arg.py&quot;, line 1
    def f(1):
          ^
SyntaxError: invalid syntax

    You cannot use numbers as function arguments.

A `SyntaxError` occurs when Python cannot understand your code.

Python could not understand the code in the file
&#39;TESTS:\syntax\def_number_as_arg.py&#39;
beyond the location indicated by ^.

--&gt;1: def f(1):
            ^

You used a number as an argument when defining a function.
You can only use identifiers (variable names) as function arguments.
</pre></div>
</div>
</div>
<div class="section" id="def-operator-instead-of-comma">
<h2>(70) def: operator instead of comma<a class="headerlink" href="#def-operator-instead-of-comma" title="Permalink to this headline">¶</a></h2>
<div class="highlight-none notranslate"><div class="highlight"><pre><span></span>Traceback (most recent call last):
  File &quot;TESTS:\trb_syntax_common.py&quot;, line 49, in create_tracebacks
    __import__(name)
  File &quot;TESTS:\syntax\def_operator_instead_of_comma.py&quot;, line 1
    def test(a + b):
               ^
SyntaxError: invalid syntax

    Did you mean to write a comma?

A `SyntaxError` occurs when Python cannot understand your code.

Python could not understand the code in the file
&#39;TESTS:\syntax\def_operator_instead_of_comma.py&#39;
beyond the location indicated by ^.

--&gt;1: def test(a + b):
                 ^

You cannot have operators as function arguments.
I suspect you made a typo and wrote `+` instead of a comma.
The following statement contains no syntax error:

    def test(a , b):
</pre></div>
</div>
</div>
<div class="section" id="def-operator-instead-of-equal">
<h2>(71) def: operator instead of equal<a class="headerlink" href="#def-operator-instead-of-equal" title="Permalink to this headline">¶</a></h2>
<div class="highlight-none notranslate"><div class="highlight"><pre><span></span>Traceback (most recent call last):
  File &quot;TESTS:\trb_syntax_common.py&quot;, line 49, in create_tracebacks
    __import__(name)
  File &quot;TESTS:\syntax\def_operator_instead_of_equal.py&quot;, line 1
    def test(a, b=3, c+None):
                      ^
SyntaxError: invalid syntax

    Did you mean to write an equal sign?

A `SyntaxError` occurs when Python cannot understand your code.

Python could not understand the code in the file
&#39;TESTS:\syntax\def_operator_instead_of_equal.py&#39;
beyond the location indicated by ^.

--&gt;1: def test(a, b=3, c+None):
                        ^

You cannot have operators as function arguments.
I suspect you made a typo and wrote `+` instead of an equal sign.
The following statement contains no syntax error:

    def test(a, b=3, c=None):
</pre></div>
</div>
</div>
<div class="section" id="def-operator-instead-of-name">
<h2>(72) def: operator instead of name<a class="headerlink" href="#def-operator-instead-of-name" title="Permalink to this headline">¶</a></h2>
<div class="highlight-none notranslate"><div class="highlight"><pre><span></span>Traceback (most recent call last):
  File &quot;TESTS:\trb_syntax_common.py&quot;, line 49, in create_tracebacks
    __import__(name)
  File &quot;TESTS:\syntax\def_operator_instead_of_name.py&quot;, line 1
    def test(a, +, b):
                ^
SyntaxError: invalid syntax

    You cannot use `+` as an argument.

A `SyntaxError` occurs when Python cannot understand your code.

Python could not understand the code in the file
&#39;TESTS:\syntax\def_operator_instead_of_name.py&#39;
beyond the location indicated by ^.

--&gt;1: def test(a, +, b):
                  ^

I suspect you made a typo and wrote `+` by mistake.
If you replace it by a unique variable name, the result
will contain no syntax error.
</pre></div>
</div>
</div>
<div class="section" id="def-positional-argument-follows-keyword-argument">
<h2>(73) def: positional argument follows keyword argument<a class="headerlink" href="#def-positional-argument-follows-keyword-argument" title="Permalink to this headline">¶</a></h2>
<div class="highlight-none notranslate"><div class="highlight"><pre><span></span>Traceback (most recent call last):
  File &quot;TESTS:\trb_syntax_common.py&quot;, line 49, in create_tracebacks
    __import__(name)
  File &quot;TESTS:\syntax\def_positional_after_keyword_arg.py&quot;, line 5
    test(a=1, b)
               ^
SyntaxError: positional argument follows keyword argument

A `SyntaxError` occurs when Python cannot understand your code.

Python could not understand the code in the file
&#39;TESTS:\syntax\def_positional_after_keyword_arg.py&#39;
beyond the location indicated by ^.

   1: &quot;&quot;&quot;Should raise SyntaxError: positional argument follows keyword argument
   2: &quot;&quot;&quot;
   3:
   4:
--&gt;5: test(a=1, b)
                 ^

In Python, you can call functions with only positional arguments

    test(1, 2, 3)

or only keyword arguments

    test(a=1, b=2, c=3)

or a combination of the two

    test(1, 2, c=3)

but with the keyword arguments appearing after all the positional ones.
According to Python, you used positional arguments after keyword ones.
</pre></div>
</div>
</div>
<div class="section" id="def-semi-colon-instead-of-colon">
<h2>(74) def: semi-colon instead of colon<a class="headerlink" href="#def-semi-colon-instead-of-colon" title="Permalink to this headline">¶</a></h2>
<div class="highlight-none notranslate"><div class="highlight"><pre><span></span>Traceback (most recent call last):
  File &quot;TESTS:\trb_syntax_common.py&quot;, line 49, in create_tracebacks
    __import__(name)
  File &quot;TESTS:\syntax\def_semi_colon_instead_of_colon.py&quot;, line 1
    def test();
              ^
SyntaxError: expected &#39;:&#39;

    Did you forget a colon?

A `SyntaxError` occurs when Python cannot understand your code.

Python could not understand the code in the file
&#39;TESTS:\syntax\def_semi_colon_instead_of_colon.py&#39;
beyond the location indicated by ^.

--&gt;1: def test();
                ^

Python expected a colon at the position indicated.
You wrote `;` instead of a colon.
</pre></div>
</div>
</div>
<div class="section" id="def-set-as-argument">
<h2>(75) def: set as argument<a class="headerlink" href="#def-set-as-argument" title="Permalink to this headline">¶</a></h2>
<div class="highlight-none notranslate"><div class="highlight"><pre><span></span>Traceback (most recent call last):
  File &quot;TESTS:\trb_syntax_common.py&quot;, line 49, in create_tracebacks
    __import__(name)
  File &quot;TESTS:\syntax\def_set_as_arg.py&quot;, line 1
    def test(y, {&#39;a&#39;, &#39;b&#39;}):  # set as second argument, after comma
                ^
SyntaxError: invalid syntax

    You cannot have any explicit dict or set as function arguments.

A `SyntaxError` occurs when Python cannot understand your code.

Python could not understand the code in the file
&#39;TESTS:\syntax\def_set_as_arg.py&#39;
beyond the location indicated by ^.

--&gt;1: def test(y, {&#39;a&#39;, &#39;b&#39;}):  # set as second argument, after comma
                  ^

You cannot have any explicit dict or set as function arguments.
You can only use identifiers (variable names) as function arguments.
</pre></div>
</div>
</div>
<div class="section" id="def-arg-before">
<h2>(76) def: <code class="docutils literal notranslate"><span class="pre">*arg</span></code> before /<a class="headerlink" href="#def-arg-before" title="Permalink to this headline">¶</a></h2>
<div class="highlight-none notranslate"><div class="highlight"><pre><span></span>Traceback (most recent call last):
  File &quot;TESTS:\trb_syntax_common.py&quot;, line 49, in create_tracebacks
    __import__(name)
  File &quot;TESTS:\syntax\def_star_arg_before_slash.py&quot;, line 1
    def test(a, *arg, /):
                      ^
SyntaxError: invalid syntax

    `*arg` must appear after `/` in a function definition.

A `SyntaxError` occurs when Python cannot understand your code.

Python could not understand the code in the file
&#39;TESTS:\syntax\def_star_arg_before_slash.py&#39;
beyond the location indicated by ^.

--&gt;1: def test(a, *arg, /):
                        ^

`/` indicates that the previous arguments in a function definition
are positional arguments.
`*arg` must appear after `/` in a function definition.
</pre></div>
</div>
</div>
<div class="section" id="id3">
<h2>(77) def: <code class="docutils literal notranslate"><span class="pre">*</span></code> used twice<a class="headerlink" href="#id3" title="Permalink to this headline">¶</a></h2>
<div class="highlight-none notranslate"><div class="highlight"><pre><span></span>Traceback (most recent call last):
  File &quot;TESTS:\trb_syntax_common.py&quot;, line 49, in create_tracebacks
    __import__(name)
  File &quot;TESTS:\syntax\def_star_used_only_once.py&quot;, line 1
    def test(a, *arg, *, b=1):
                      ^
SyntaxError: invalid syntax

    You can only use `*` once in a function definition.

A `SyntaxError` occurs when Python cannot understand your code.

Python could not understand the code in the file
&#39;TESTS:\syntax\def_star_used_only_once.py&#39;
beyond the location indicated by ^.

--&gt;1: def test(a, *arg, *, b=1):
                        ^

You can only use `*` once in a function definition.
It must either be used by itself, `..., *, ...`,
or in the form `..., *args ...`, but not both.
</pre></div>
</div>
</div>
<div class="section" id="single-string-used-as-arg-in-function-def">
<h2>(78) Single string used as arg in function def<a class="headerlink" href="#single-string-used-as-arg-in-function-def" title="Permalink to this headline">¶</a></h2>
<div class="highlight-none notranslate"><div class="highlight"><pre><span></span>Traceback (most recent call last):
  File &quot;TESTS:\trb_syntax_common.py&quot;, line 49, in create_tracebacks
    __import__(name)
  File &quot;TESTS:\syntax\def_string_as_arg.py&quot;, line 1
    def f(&quot;1&quot;):
          ^^^
SyntaxError: invalid syntax

    You cannot use strings as function arguments.

A `SyntaxError` occurs when Python cannot understand your code.

Python could not understand the code in the file
&#39;TESTS:\syntax\def_string_as_arg.py&#39;
beyond the location indicated by ^.

--&gt;1: def f(&quot;1&quot;):
            ^

You used a string as an argument when defining a function.
You can only use identifiers (variable names) as function arguments.
</pre></div>
</div>
</div>
<div class="section" id="def-tuple-as-function-argument">
<h2>(79) def: tuple as function argument<a class="headerlink" href="#def-tuple-as-function-argument" title="Permalink to this headline">¶</a></h2>
<div class="highlight-none notranslate"><div class="highlight"><pre><span></span>Traceback (most recent call last):
  File &quot;TESTS:\trb_syntax_common.py&quot;, line 49, in create_tracebacks
    __import__(name)
  File &quot;TESTS:\syntax\def_tuple_as_arg_1.py&quot;, line 1
    def test((a, b), c):
             ^
SyntaxError: invalid syntax

    You cannot have explicit tuples as function arguments.

A `SyntaxError` occurs when Python cannot understand your code.

Python could not understand the code in the file
&#39;TESTS:\syntax\def_tuple_as_arg_1.py&#39;
beyond the location indicated by ^.

--&gt;1: def test((a, b), c):
               ^

You cannot have explicit tuples as function arguments.
You can only use identifiers (variable names) as function arguments.
Assign any tuple to a parameter and unpack it
within the body of the function.
</pre></div>
</div>
</div>
<div class="section" id="def-tuple-as-function-argument-2">
<h2>(80) def: tuple as function argument - 2<a class="headerlink" href="#def-tuple-as-function-argument-2" title="Permalink to this headline">¶</a></h2>
<div class="highlight-none notranslate"><div class="highlight"><pre><span></span>Traceback (most recent call last):
  File &quot;TESTS:\trb_syntax_common.py&quot;, line 49, in create_tracebacks
    __import__(name)
  File &quot;TESTS:\syntax\def_tuple_as_arg_2.py&quot;, line 1
    def test(a, (b, c)):
                ^
SyntaxError: invalid syntax

    You cannot have explicit tuples as function arguments.

A `SyntaxError` occurs when Python cannot understand your code.

Python could not understand the code in the file
&#39;TESTS:\syntax\def_tuple_as_arg_2.py&#39;
beyond the location indicated by ^.

--&gt;1: def test(a, (b, c)):
                  ^

You cannot have explicit tuples as function arguments.
You can only use identifiers (variable names) as function arguments.
Assign any tuple to a parameter and unpack it
within the body of the function.
</pre></div>
</div>
</div>
<div class="section" id="deleting-constant-keyword">
<h2>(81) Deleting constant/keyword<a class="headerlink" href="#deleting-constant-keyword" title="Permalink to this headline">¶</a></h2>
<div class="highlight-none notranslate"><div class="highlight"><pre><span></span>Traceback (most recent call last):
  File &quot;TESTS:\trb_syntax_common.py&quot;, line 49, in create_tracebacks
    __import__(name)
  File &quot;TESTS:\syntax\delete_constant_keyword.py&quot;, line 1
    del True
        ^^^^
SyntaxError: cannot delete True

A `SyntaxError` occurs when Python cannot understand your code.

Python could not understand the code in the file
&#39;TESTS:\syntax\delete_constant_keyword.py&#39;
beyond the location indicated by ^.

--&gt;1: del True
          ^

You cannot delete the constant `True`.
</pre></div>
</div>
</div>
<div class="section" id="cannot-delete-function-call">
<h2>(82) Cannot delete function call<a class="headerlink" href="#cannot-delete-function-call" title="Permalink to this headline">¶</a></h2>
<div class="highlight-none notranslate"><div class="highlight"><pre><span></span>Traceback (most recent call last):
  File &quot;TESTS:\trb_syntax_common.py&quot;, line 49, in create_tracebacks
    __import__(name)
  File &quot;TESTS:\syntax\delete_function_call.py&quot;, line 5
    del f(a)
        ^^^^
SyntaxError: cannot delete function call

A `SyntaxError` occurs when Python cannot understand your code.

Python could not understand the code in the file
&#39;TESTS:\syntax\delete_function_call.py&#39;
beyond the location indicated by ^.

   1: &quot;&quot;&quot;Should raise SyntaxError: can&#39;t or cannot delete function call
   2: &quot;&quot;&quot;
   3:
   4:
--&gt;5: del f(a)
          ^

You attempted to delete a function call

    del f(a)
instead of deleting the function&#39;s name

    del f
</pre></div>
</div>
</div>
<div class="section" id="deleting-string-literal">
<h2>(83) Deleting string literal<a class="headerlink" href="#deleting-string-literal" title="Permalink to this headline">¶</a></h2>
<div class="highlight-none notranslate"><div class="highlight"><pre><span></span>Traceback (most recent call last):
  File &quot;TESTS:\trb_syntax_common.py&quot;, line 49, in create_tracebacks
    __import__(name)
  File &quot;TESTS:\syntax\delete_string_literal.py&quot;, line 1
    del &quot;Hello world!&quot;
        ^^^^^^^^^^^^^^
SyntaxError: cannot delete literal

A `SyntaxError` occurs when Python cannot understand your code.

Python could not understand the code in the file
&#39;TESTS:\syntax\delete_string_literal.py&#39;
beyond the location indicated by ^.

--&gt;1: del &quot;Hello world!&quot;
          ^

You cannot delete the literal `&quot;Hello world!&quot;`.
You can only delete the names of objects, or
individual items in a container.
</pre></div>
</div>
</div>
<div class="section" id="different-operators-in-a-row">
<h2>(84) Different operators in a row<a class="headerlink" href="#different-operators-in-a-row" title="Permalink to this headline">¶</a></h2>
<div class="highlight-none notranslate"><div class="highlight"><pre><span></span>Traceback (most recent call last):
  File &quot;TESTS:\trb_syntax_common.py&quot;, line 49, in create_tracebacks
    __import__(name)
  File &quot;TESTS:\syntax\different_operators_in_a_row.py&quot;, line 1
    3 */ 4
       ^
SyntaxError: invalid syntax

A `SyntaxError` occurs when Python cannot understand your code.

Python could not understand the code in the file
&#39;TESTS:\syntax\different_operators_in_a_row.py&#39;
beyond the location indicated by ^.

--&gt;1: 3 */ 4
         ^

You cannot have these two operators, `*` and `/`,
following each other. Perhaps you wrote one of them by mistake
or forgot to write something between them.
</pre></div>
</div>
</div>
<div class="section" id="dot-followed-by-parenthesis">
<h2>(85) Dot followed by parenthesis<a class="headerlink" href="#dot-followed-by-parenthesis" title="Permalink to this headline">¶</a></h2>
<div class="highlight-none notranslate"><div class="highlight"><pre><span></span>Traceback (most recent call last):
  File &quot;TESTS:\trb_syntax_common.py&quot;, line 49, in create_tracebacks
    __import__(name)
  File &quot;TESTS:\syntax\dot_before_paren.py&quot;, line 3
    print(len.(&#39;hello&#39;))
              ^
SyntaxError: invalid syntax

A `SyntaxError` occurs when Python cannot understand your code.

Python could not understand the code in the file
&#39;TESTS:\syntax\dot_before_paren.py&#39;
beyond the location indicated by ^.

   1: &quot;&quot;&quot;Should raise SyntaxError: invalid syntax
   2: Reported by Hackinscience.&quot;&quot;&quot;
--&gt;3: print(len.(&#39;hello&#39;))
                ^

You cannot have a dot `.` followed by `(`.
Perhaps you need to replace the dot by a comma.
</pre></div>
</div>
</div>
<div class="section" id="extra-token">
<h2>(86) Extra token<a class="headerlink" href="#extra-token" title="Permalink to this headline">¶</a></h2>
<div class="highlight-none notranslate"><div class="highlight"><pre><span></span>Traceback (most recent call last):
  File &quot;TESTS:\trb_syntax_common.py&quot;, line 49, in create_tracebacks
    __import__(name)
  File &quot;TESTS:\syntax\duplicate_token.py&quot;, line 1
    print(1 , , 2)
              ^
SyntaxError: invalid syntax

    Did you write `,` twice by mistake?

A `SyntaxError` occurs when Python cannot understand your code.

Python could not understand the code in the file
&#39;TESTS:\syntax\duplicate_token.py&#39;
beyond the location indicated by ^.

--&gt;1: print(1 , , 2)
                ^

I am guessing that you wrote `,` twice in a row by mistake.
If that is the case, you need to remove the second one.
</pre></div>
</div>
</div>
<div class="section" id="write-elif-not-else-if">
<h2>(87) Write elif, not else if<a class="headerlink" href="#write-elif-not-else-if" title="Permalink to this headline">¶</a></h2>
<div class="highlight-none notranslate"><div class="highlight"><pre><span></span>Traceback (most recent call last):
  File &quot;TESTS:\trb_syntax_common.py&quot;, line 49, in create_tracebacks
    __import__(name)
  File &quot;TESTS:\syntax\else_if_instead_of_elif.py&quot;, line 5
    else if True:
         ^^
SyntaxError: expected &#39;:&#39;

    Perhaps you meant to write `elif`.

A `SyntaxError` occurs when Python cannot understand your code.

Python could not understand the code in the file
&#39;TESTS:\syntax\else_if_instead_of_elif.py&#39;
beyond the location indicated by ^.

   1: &quot;&quot;&quot;Should raise SyntaxError&quot;&quot;&quot;
   2:
   3: if False:
   4:     pass
--&gt;5: else if True:
           ^

Python told us that it expected a colon at the position indicated.
However, adding a colon or replacing something else by a colon
would not fix the problem.
You likely meant to use Python&#39;s `elif` keyword
but wrote `else if` instead.
</pre></div>
</div>
</div>
<div class="section" id="write-elif-not-elseif">
<h2>(88) Write elif, not elseif<a class="headerlink" href="#write-elif-not-elseif" title="Permalink to this headline">¶</a></h2>
<div class="highlight-none notranslate"><div class="highlight"><pre><span></span>Traceback (most recent call last):
  File &quot;TESTS:\trb_syntax_common.py&quot;, line 49, in create_tracebacks
    __import__(name)
  File &quot;TESTS:\syntax\elseif_instead_of_elif.py&quot;, line 5
    elseif True:
    ^^^^^^^^^^^
SyntaxError: invalid syntax. Perhaps you forgot a comma?

    Perhaps you meant to write `elif`.

A `SyntaxError` occurs when Python cannot understand your code.

Python could not understand the code in the file
&#39;TESTS:\syntax\elseif_instead_of_elif.py&#39;
beyond the location indicated by ^.

   1: &quot;&quot;&quot;Should raise SyntaxError&quot;&quot;&quot;
   2:
   3: if False:
   4:     pass
--&gt;5: elseif True:
      ^

You likely meant to use Python&#39;s `elif` keyword
but wrote `elseif` instead.
</pre></div>
</div>
</div>
<div class="section" id="eol-while-scanning-string-literal">
<h2>(89) EOL while scanning string literal<a class="headerlink" href="#eol-while-scanning-string-literal" title="Permalink to this headline">¶</a></h2>
<div class="highlight-none notranslate"><div class="highlight"><pre><span></span>Traceback (most recent call last):
  File &quot;TESTS:\trb_syntax_common.py&quot;, line 49, in create_tracebacks
    __import__(name)
  File &quot;TESTS:\syntax\eol_string_literal.py&quot;, line 3
    alphabet = &#39;abc
               ^^^^--&gt;
SyntaxError: unterminated string literal (detected at line 3)

    Did you forget a closing quote?

A `SyntaxError` occurs when Python cannot understand your code.

Python could not understand the code in the file
&#39;TESTS:\syntax\eol_string_literal.py&#39;
beyond the location indicated by ^.

   1: &quot;&quot;&quot;Should raise SyntaxError: EOL while scanning string literal&quot;&quot;&quot;
   2:
--&gt;3: alphabet = &#39;abc
                 ^

You started writing a string with a single or double quote
but never ended the string with another quote on that line.
</pre></div>
</div>
</div>
<div class="section" id="parens-around-multiple-exceptions">
<h2>(90) Parens around multiple exceptions<a class="headerlink" href="#parens-around-multiple-exceptions" title="Permalink to this headline">¶</a></h2>
<div class="highlight-none notranslate"><div class="highlight"><pre><span></span>Traceback (most recent call last):
  File &quot;TESTS:\trb_syntax_common.py&quot;, line 49, in create_tracebacks
    __import__(name)
  File &quot;TESTS:\syntax\except_multiple_exceptions.py&quot;, line 3
    except NameError, ValueError as err:
           ^^^^^^^^^^^^^^^^^^^^^^^^^^^^
SyntaxError: multiple exception types must be parenthesized

    Did you forget parentheses?

A `SyntaxError` occurs when Python cannot understand your code.

Python could not understand the code in the file
&#39;TESTS:\syntax\except_multiple_exceptions.py&#39;
beyond the location indicated by ^.

   1: try:
   2:     pass
--&gt;3: except NameError, ValueError as err:
             ^

I am guessing that you wanted to use an `except` statement
with multiple exception types. If that is the case, you must
surround them with parentheses.

If you are using a Friendly console, you might want to
use the function `www()` which will open a browser at
a relevant place in the Python documentation.
</pre></div>
</div>
</div>
<div class="section" id="id4">
<h2>(91) Extra token<a class="headerlink" href="#id4" title="Permalink to this headline">¶</a></h2>
<div class="highlight-none notranslate"><div class="highlight"><pre><span></span>Traceback (most recent call last):
  File &quot;TESTS:\trb_syntax_common.py&quot;, line 49, in create_tracebacks
    __import__(name)
  File &quot;TESTS:\syntax\extra_token.py&quot;, line 1
    print(1 / 2) ==

SyntaxError: invalid syntax

    Did you write `==` by mistake?

A `SyntaxError` occurs when Python cannot understand your code.

Python could not understand the code in the file
&#39;TESTS:\syntax\extra_token.py&#39;
beyond the location indicated by ^.

--&gt;1: print(1 / 2) ==
                     ^

I am guessing that you wrote `==` by mistake.
Removing it and writing `print(1 / 2)` seems to fix the error.
</pre></div>
</div>
</div>
<div class="section" id="binary-f-string-not-allowed">
<h2>(92) Binary f-string not allowed<a class="headerlink" href="#binary-f-string-not-allowed" title="Permalink to this headline">¶</a></h2>
<div class="highlight-none notranslate"><div class="highlight"><pre><span></span>Traceback (most recent call last):
  File &quot;TESTS:\trb_syntax_common.py&quot;, line 49, in create_tracebacks
    __import__(name)
  File &quot;TESTS:\syntax\f_string_binary.py&quot;, line 1
    greet = bf&quot;Hello {name}&quot;
              ^^^^^^^^^^^^^^
SyntaxError: invalid syntax

    `bf` is an illegal string prefix.

A `SyntaxError` occurs when Python cannot understand your code.

Python could not understand the code in the file
&#39;TESTS:\syntax\f_string_binary.py&#39;
beyond the location indicated by ^.

--&gt;1: greet = bf&quot;Hello {name}&quot;
                ^

I am guessing that you wanted a binary f-string;
this is not allowed.
</pre></div>
</div>
</div>
<div class="section" id="f-string-unterminated-string">
<h2>(93) f-string: unterminated string<a class="headerlink" href="#f-string-unterminated-string" title="Permalink to this headline">¶</a></h2>
<div class="highlight-none notranslate"><div class="highlight"><pre><span></span>Traceback (most recent call last):
  File &quot;TESTS:\trb_syntax_common.py&quot;, line 49, in create_tracebacks
    __import__(name)
  File &quot;TESTS:\syntax\f_string_unterminated.py&quot;, line 4
    print(f&quot;Bob is {age[&#39;Bob]} years old.&quot;)
                                          ^
SyntaxError: f-string: unterminated string

    Perhaps you forgot a closing quote.

A `SyntaxError` occurs when Python cannot understand your code.

Python could not understand the code in the file
&#39;TESTS:\syntax\f_string_unterminated.py&#39;
beyond the location indicated by ^.

   1: &quot;&quot;&quot;Should raise SyntaxError: f-string: unterminated string
   2: &quot;&quot;&quot;
   3:
--&gt;4: print(f&quot;Bob is {age[&#39;Bob]} years old.&quot;)
                                            ^

Inside the f-string `f&quot;Bob is {age[&#39;Bob]} years old.&quot;`,
you have another string, which starts with either a
single quote (&#39;) or double quote (&quot;), without a matching closing one.
</pre></div>
</div>
</div>
<div class="section" id="f-string-with-backslash">
<h2>(94) f-string with backslash<a class="headerlink" href="#f-string-with-backslash" title="Permalink to this headline">¶</a></h2>
<div class="highlight-none notranslate"><div class="highlight"><pre><span></span>Traceback (most recent call last):
  File &quot;TESTS:\trb_syntax_common.py&quot;, line 49, in create_tracebacks
    __import__(name)
  File &quot;TESTS:\syntax\f_string_with_backslash.py&quot;, line 2
    print(f&quot;{&#39;\n&#39;.join(names)}&quot;)
                               ^
SyntaxError: f-string expression part cannot include a backslash

A `SyntaxError` occurs when Python cannot understand your code.

Python could not understand the code in the file
&#39;TESTS:\syntax\f_string_with_backslash.py&#39;
beyond the location indicated by ^.

   1: names = [&#39;a&#39;, &#39;b&#39;]
--&gt;2: print(f&quot;{&#39;\n&#39;.join(names)}&quot;)
                                 ^

You have written an f-string whose content `{...}`
includes a backslash; this is not allowed.
Perhaps you can replace the part that contains a backslash by
some variable. For example, suppose that you have an f-string like:

    f&quot;{... &#39;hello\n&#39; ...}&quot;

you could write this as

    hello = &#39;hello\n&#39;
    f&quot;{... hello ...}&quot;
</pre></div>
</div>
</div>
<div class="section" id="missing-terms-in-for-statement">
<h2>(95) Missing terms in for statement<a class="headerlink" href="#missing-terms-in-for-statement" title="Permalink to this headline">¶</a></h2>
<div class="highlight-none notranslate"><div class="highlight"><pre><span></span>Traceback (most recent call last):
  File &quot;TESTS:\trb_syntax_common.py&quot;, line 49, in create_tracebacks
    __import__(name)
  File &quot;TESTS:\syntax\for_missing_terms.py&quot;, line 1
    for:
       ^
SyntaxError: invalid syntax

    A `for` loop requires at least 3 more terms.

A `SyntaxError` occurs when Python cannot understand your code.

Python could not understand the code in the file
&#39;TESTS:\syntax\for_missing_terms.py&#39;
beyond the location indicated by ^.

--&gt;1: for:
         ^

A `for` loop is an iteration over a sequence:

    for element in sequence:
        ...
</pre></div>
</div>
</div>
<div class="section" id="not-a-chance">
<h2>(96) Not a chance!<a class="headerlink" href="#not-a-chance" title="Permalink to this headline">¶</a></h2>
<div class="highlight-none notranslate"><div class="highlight"><pre><span></span>Traceback (most recent call last):
  File &quot;TESTS:\trb_syntax_common.py&quot;, line 49, in create_tracebacks
    __import__(name)
  File &quot;TESTS:\syntax\future_braces.py&quot;, line 1
    from __future__ import braces
    ^
SyntaxError: not a chance

A `SyntaxError` occurs when Python cannot understand your code.

Python could not understand the code in the file
&#39;TESTS:\syntax\future_braces.py&#39;
beyond the location indicated by ^.

--&gt;1: from __future__ import braces
      ^

I suspect you wrote `from __future__ import braces` following
someone else&#39;s suggestion. This will never work.

Unlike other programming languages, Python&#39;s code block are defined by
their indentation level, and not by using some curly braces, like `{...}`.
</pre></div>
</div>
</div>
<div class="section" id="do-not-import-from-future">
<h2>(97) Do not import * from __future__<a class="headerlink" href="#do-not-import-from-future" title="Permalink to this headline">¶</a></h2>
<div class="highlight-none notranslate"><div class="highlight"><pre><span></span>Traceback (most recent call last):
  File &quot;TESTS:\trb_syntax_common.py&quot;, line 49, in create_tracebacks
    __import__(name)
  File &quot;TESTS:\syntax\future_import_star.py&quot;, line 1
    from __future__ import *
    ^
SyntaxError: future feature * is not defined

A `SyntaxError` occurs when Python cannot understand your code.

Python could not understand the code in the file
&#39;TESTS:\syntax\future_import_star.py&#39;
beyond the location indicated by ^.

--&gt;1: from __future__ import *
      ^

When using a `from __future__ import` statement,
you must import specific named features.

The available features are `nested_scopes,
 generators,
 division,
 absolute_import,
 with_statement,
 print_function,
 unicode_literals,
 barry_as_FLUFL,
 generator_stop,
 annotations`.
</pre></div>
</div>
</div>
<div class="section" id="future-at-beginning">
<h2>(98) __future__ at beginning<a class="headerlink" href="#future-at-beginning" title="Permalink to this headline">¶</a></h2>
<div class="highlight-none notranslate"><div class="highlight"><pre><span></span>Traceback (most recent call last):
  File &quot;TESTS:\trb_syntax_common.py&quot;, line 49, in create_tracebacks
    __import__(name)
  File &quot;TESTS:\syntax\future_must_be_first.py&quot;, line 3
    from __future__ import generators
    ^^^^^^^^^^^^^^^^^^^^^^^^^^^^^^^^^
SyntaxError: from __future__ imports must occur at the beginning of the file

A `SyntaxError` occurs when Python cannot understand your code.

Python could not understand the code in the file
&#39;TESTS:\syntax\future_must_be_first.py&#39;
beyond the location indicated by ^.

   1:
   2: def fn():
--&gt;3:     from __future__ import generators
          ^

A `from __future__ import` statement changes the way Python
interprets the code in a file.
It must appear at the beginning of the file.
</pre></div>
</div>
</div>
<div class="section" id="typo-in-future">
<h2>(99) Typo in __future__<a class="headerlink" href="#typo-in-future" title="Permalink to this headline">¶</a></h2>
<div class="highlight-none notranslate"><div class="highlight"><pre><span></span>Traceback (most recent call last):
  File &quot;TESTS:\trb_syntax_common.py&quot;, line 49, in create_tracebacks
    __import__(name)
  File &quot;TESTS:\syntax\future_typo.py&quot;, line 1
    from __future__ import divisio
    ^
SyntaxError: future feature divisio is not defined

    Did you mean `division`?

A `SyntaxError` occurs when Python cannot understand your code.

Python could not understand the code in the file
&#39;TESTS:\syntax\future_typo.py&#39;
beyond the location indicated by ^.

--&gt;1: from __future__ import divisio
      ^

Instead of `divisio`, perhaps you meant to import `division`.
</pre></div>
</div>
</div>
<div class="section" id="unknown-feature-in-future">
<h2>(100) Unknown feature in __future__<a class="headerlink" href="#unknown-feature-in-future" title="Permalink to this headline">¶</a></h2>
<div class="highlight-none notranslate"><div class="highlight"><pre><span></span>Traceback (most recent call last):
  File &quot;TESTS:\trb_syntax_common.py&quot;, line 49, in create_tracebacks
    __import__(name)
  File &quot;TESTS:\syntax\future_unknown.py&quot;, line 1
    from __future__ import something
    ^
SyntaxError: future feature something is not defined

A `SyntaxError` occurs when Python cannot understand your code.

Python could not understand the code in the file
&#39;TESTS:\syntax\future_unknown.py&#39;
beyond the location indicated by ^.

--&gt;1: from __future__ import something
      ^

`something` is not a valid feature of module `__future__`.

The available features are `nested_scopes,
 generators,
 division,
 absolute_import,
 with_statement,
 print_function,
 unicode_literals,
 barry_as_FLUFL,
 generator_stop,
 annotations`.
</pre></div>
</div>
</div>
<div class="section" id="parenthesis-around-generator-expression">
<h2>(101) Parenthesis around generator expression<a class="headerlink" href="#parenthesis-around-generator-expression" title="Permalink to this headline">¶</a></h2>
<div class="highlight-none notranslate"><div class="highlight"><pre><span></span>Traceback (most recent call last):
  File &quot;TESTS:\trb_syntax_common.py&quot;, line 49, in create_tracebacks
    __import__(name)
  File &quot;TESTS:\syntax\generator_expression_parens.py&quot;, line 6
    f(x for x in L, 1)
      ^^^^^^^
SyntaxError: Generator expression must be parenthesized

A `SyntaxError` occurs when Python cannot understand your code.

Python could not understand the code in the file
&#39;TESTS:\syntax\generator_expression_parens.py&#39;
beyond the location indicated by ^.

   2: def f(it, *varargs, **kwargs):
   3:     return list(it)
   4:
   5: L = range(10)
--&gt;6: f(x for x in L, 1)
        ^

You are using a generator expression, something of the form

    x for x in thing

You must add parentheses enclosing that expression.
</pre></div>
</div>
</div>
<div class="section" id="space-between-names">
<h2>(102) Space between names<a class="headerlink" href="#space-between-names" title="Permalink to this headline">¶</a></h2>
<div class="highlight-none notranslate"><div class="highlight"><pre><span></span>Traceback (most recent call last):
  File &quot;TESTS:\trb_syntax_common.py&quot;, line 49, in create_tracebacks
    __import__(name)
  File &quot;TESTS:\syntax\hyphen_instead_of_underscore.py&quot;, line 4
    a-b = 2
    ^^^
SyntaxError: cannot assign to expression here. Maybe you meant &#39;==&#39; instead of &#39;=&#39;?

    Did you mean `a_b`?

A `SyntaxError` occurs when Python cannot understand your code.

Python could not understand the code in the file
&#39;TESTS:\syntax\hyphen_instead_of_underscore.py&#39;
beyond the location indicated by ^.

   1: &quot;&quot;&quot;Should raise SyntaxError: can&#39;t assign to operator
   2: or (Python 3.8) cannot assign to operator&quot;&quot;&quot;
   3:
--&gt;4: a-b = 2
      ^

You wrote an expression that includes some mathematical operations
on the left-hand side of the equal sign which should be
only used to assign a value to a variable.
Perhaps you meant to write `a_b` instead of `a-b`
</pre></div>
</div>
</div>
<div class="section" id="missing-condition-in-if-statement">
<h2>(103) Missing condition in if statement<a class="headerlink" href="#missing-condition-in-if-statement" title="Permalink to this headline">¶</a></h2>
<div class="highlight-none notranslate"><div class="highlight"><pre><span></span>Traceback (most recent call last):
  File &quot;TESTS:\trb_syntax_common.py&quot;, line 49, in create_tracebacks
    __import__(name)
  File &quot;TESTS:\syntax\if_missing_condition.py&quot;, line 1
    if:
      ^
SyntaxError: invalid syntax

    You forgot to add a condition.

A `SyntaxError` occurs when Python cannot understand your code.

Python could not understand the code in the file
&#39;TESTS:\syntax\if_missing_condition.py&#39;
beyond the location indicated by ^.

--&gt;1: if:
        ^

An `if` statement requires a condition:

    if condition:
        ...
</pre></div>
</div>
</div>
<div class="section" id="use-j-instead-of-i">
<h2>(104) use j instead of i<a class="headerlink" href="#use-j-instead-of-i" title="Permalink to this headline">¶</a></h2>
<div class="highlight-none notranslate"><div class="highlight"><pre><span></span>Traceback (most recent call last):
  File &quot;TESTS:\trb_syntax_common.py&quot;, line 49, in create_tracebacks
    __import__(name)
  File &quot;TESTS:\syntax\imaginary_i.py&quot;, line 3
    a = 3.0i
        ^^^^
SyntaxError: invalid syntax. Perhaps you forgot a comma?

    Did you mean `3.0j`?

A `SyntaxError` occurs when Python cannot understand your code.

Python could not understand the code in the file
&#39;TESTS:\syntax\imaginary_i.py&#39;
beyond the location indicated by ^.

   1: # SyntaxError: invalid syntax
   2:
--&gt;3: a = 3.0i
          ^

Valid names cannot begin with a number.
Perhaps you thought that `i` could be used to represent
the square root of `-1`. In Python, the symbol used for this is `j`
and the complex part is written as `some_number` immediately
followed by `j`, with no spaces in between.
Perhaps you meant to write `3.0j`.
</pre></div>
</div>
</div>
<div class="section" id="import-inversion-import-x-from-y">
<h2>(105) Import inversion: import X from Y<a class="headerlink" href="#import-inversion-import-x-from-y" title="Permalink to this headline">¶</a></h2>
<div class="highlight-none notranslate"><div class="highlight"><pre><span></span>Traceback (most recent call last):
  File &quot;TESTS:\trb_syntax_common.py&quot;, line 49, in create_tracebacks
    __import__(name)
  File &quot;TESTS:\syntax\import_from.py&quot;, line 3
    import pen from turtle
               ^^^^
SyntaxError: invalid syntax

    Did you mean `from turtle import pen`?

A `SyntaxError` occurs when Python cannot understand your code.

Python could not understand the code in the file
&#39;TESTS:\syntax\import_from.py&#39;
beyond the location indicated by ^.

   1: &quot;&quot;&quot;Should raise SyntaxError: invalid syntax&quot;&quot;&quot;
   2:
--&gt;3: import pen from turtle
                 ^

You wrote something like

    import pen from turtle
instead of

    from turtle import pen
</pre></div>
</div>
</div>
<div class="section" id="indentationerror-expected-an-indented-block">
<h2>(106) IndentationError: expected an indented block<a class="headerlink" href="#indentationerror-expected-an-indented-block" title="Permalink to this headline">¶</a></h2>
<div class="highlight-none notranslate"><div class="highlight"><pre><span></span>Traceback (most recent call last):
  File &quot;TESTS:\trb_syntax_common.py&quot;, line 49, in create_tracebacks
    __import__(name)
  File &quot;TESTS:\syntax\indentation_error_1.py&quot;, line 4
    pass
    ^^^^
IndentationError: expected an indented block after &#39;if&#39; statement on line 3

An `IndentationError` occurs when a given line of code is
not indented (aligned vertically with other lines) as expected.

Python could not understand the code in the file
&#39;TESTS:\syntax\indentation_error_1.py&#39;
beyond the location indicated by ^.

   1: &#39;&#39;&#39;Should raise IndentationError&#39;&#39;&#39;
   2:
   3: if True:
--&gt;4: pass
      ^

The line identified above
was expected to begin a new indented block.
</pre></div>
</div>
</div>
<div class="section" id="indentationerror-unexpected-indent">
<h2>(107) IndentationError: unexpected indent<a class="headerlink" href="#indentationerror-unexpected-indent" title="Permalink to this headline">¶</a></h2>
<div class="highlight-none notranslate"><div class="highlight"><pre><span></span>Traceback (most recent call last):
  File &quot;TESTS:\trb_syntax_common.py&quot;, line 49, in create_tracebacks
    __import__(name)
  File &quot;TESTS:\syntax\indentation_error_2.py&quot;, line 4
    pass
   --&gt;
IndentationError: unexpected indent

An `IndentationError` occurs when a given line of code is
not indented (aligned vertically with other lines) as expected.

Python could not understand the code in the file
&#39;TESTS:\syntax\indentation_error_2.py&#39;
beyond the location indicated by ^.

   1: &#39;&#39;&#39;Should raise IndentationError&#39;&#39;&#39;
   2: if True:
   3:     pass
--&gt;4:       pass
           ^

The line identified above is more indented than expected.
</pre></div>
</div>
</div>
<div class="section" id="indentationerror-unindent-does-not-match">
<h2>(108) IndentationError: unindent does not match …<a class="headerlink" href="#indentationerror-unindent-does-not-match" title="Permalink to this headline">¶</a></h2>
<div class="highlight-none notranslate"><div class="highlight"><pre><span></span>Traceback (most recent call last):
  File &quot;TESTS:\trb_syntax_common.py&quot;, line 49, in create_tracebacks
    __import__(name)
  File &quot;TESTS:\syntax\indentation_error_3.py&quot;, line 5
    pass
        --&gt;
IndentationError: unindent does not match any outer indentation level

An `IndentationError` occurs when a given line of code is
not indented (aligned vertically with other lines) as expected.

Python could not understand the code in the file
&#39;TESTS:\syntax\indentation_error_3.py&#39;
beyond the location indicated by ^.

   1: &#39;&#39;&#39;Should raise IndentationError&#39;&#39;&#39;
   2:
   3: if True:
   4:       pass
--&gt;5:     pass
              ^

The line identified above is less indented than expected.
</pre></div>
</div>
</div>
<div class="section" id="indentationerror-missing-continuation-line">
<h2>(109) IndentationError: missing continuation line<a class="headerlink" href="#indentationerror-missing-continuation-line" title="Permalink to this headline">¶</a></h2>
<div class="highlight-none notranslate"><div class="highlight"><pre><span></span>Traceback (most recent call last):
  File &quot;TESTS:\trb_syntax_common.py&quot;, line 49, in create_tracebacks
    __import__(name)
  File &quot;TESTS:\syntax\indentation_error_4.py&quot;, line 6
    &quot;c&quot;
   --&gt;
IndentationError: unexpected indent

An `IndentationError` occurs when a given line of code is
not indented (aligned vertically with other lines) as expected.

Python could not understand the code in the file
&#39;TESTS:\syntax\indentation_error_4.py&#39;
beyond the location indicated by ^.

   2:
   3: def f():
   4:      s = &quot;a&quot;\
   5:          &quot;b&quot;
--&gt;6:          &quot;c&quot;
              ^

The line identified above is more indented than expected.

However, line 6, which is identified as having a problem,
consists of a single string which is also the case
for the preceding line.
Perhaps you meant to include a continuation character, `\`,
at the end of line 5.
</pre></div>
</div>
</div>
<div class="section" id="forgot-o-for-octal">
<h2>(110) Forgot ‘o’ for octal<a class="headerlink" href="#forgot-o-for-octal" title="Permalink to this headline">¶</a></h2>
<div class="highlight-none notranslate"><div class="highlight"><pre><span></span>Traceback (most recent call last):
  File &quot;TESTS:\trb_syntax_common.py&quot;, line 49, in create_tracebacks
    __import__(name)
  File &quot;TESTS:\syntax\integer_with_leading_zero_1.py&quot;, line 1
    x = 01
         ^--&gt;
SyntaxError: leading zeros in decimal integer literals are not permitted; use an 0o prefix for octal integers

    Did you mean `0o1`?

A `SyntaxError` occurs when Python cannot understand your code.

Python could not understand the code in the file
&#39;TESTS:\syntax\integer_with_leading_zero_1.py&#39;
beyond the location indicated by ^.

--&gt;1: x = 01
           ^

Perhaps you meant to write the octal number `0o1`
and forgot the letter &#39;o&#39;, or perhaps you meant to write
a decimal integer and did not know that it could not start with zeros.
</pre></div>
</div>
</div>
<div class="section" id="integer-with-leading-zeros">
<h2>(111) Integer with leading zeros<a class="headerlink" href="#integer-with-leading-zeros" title="Permalink to this headline">¶</a></h2>
<div class="highlight-none notranslate"><div class="highlight"><pre><span></span>Traceback (most recent call last):
  File &quot;TESTS:\trb_syntax_common.py&quot;, line 49, in create_tracebacks
    __import__(name)
  File &quot;TESTS:\syntax\integer_with_leading_zero_2.py&quot;, line 1
    x = 000_123_456
                  ^--&gt;
SyntaxError: leading zeros in decimal integer literals are not permitted; use an 0o prefix for octal integers

    Did you mean `123_456`?

A `SyntaxError` occurs when Python cannot understand your code.

Python could not understand the code in the file
&#39;TESTS:\syntax\integer_with_leading_zero_2.py&#39;
beyond the location indicated by ^.

--&gt;1: x = 000_123_456
                    ^

Perhaps you meant to write the integer `123_456`
and did not know that it could not start with zeros.
</pre></div>
</div>
</div>
<div class="section" id="invalid-character-in-identifier">
<h2>(112) Invalid character in identifier<a class="headerlink" href="#invalid-character-in-identifier" title="Permalink to this headline">¶</a></h2>
<div class="highlight-none notranslate"><div class="highlight"><pre><span></span>Traceback (most recent call last):
  File &quot;TESTS:\trb_syntax_common.py&quot;, line 49, in create_tracebacks
    __import__(name)
  File &quot;TESTS:\syntax\invalid_character_in_identifier.py&quot;, line 6
    🤖 = &#39;Reeborg&#39;
    ^^^^^^^^^^^^^--&gt;
SyntaxError: invalid character &#39;🤖&#39; (U+1F916)

A `SyntaxError` occurs when Python cannot understand your code.

Python could not understand the code in the file
&#39;TESTS:\syntax\invalid_character_in_identifier.py&#39;
beyond the location indicated by ^.

   1: &quot;&quot;&quot;Should raise SyntaxError: invalid character in identifier
   2: &quot;&quot;&quot;
   3:
   4: # Robot-face character below
   5:
--&gt;6: 🤖 = &#39;Reeborg&#39;
      ^

Python indicates that you used the unicode character `🤖`
which is not allowed.
</pre></div>
</div>
</div>
<div class="section" id="valid-names-cannot-begin-with-a-number">
<h2>(113) Valid names cannot begin with a number<a class="headerlink" href="#valid-names-cannot-begin-with-a-number" title="Permalink to this headline">¶</a></h2>
<div class="highlight-none notranslate"><div class="highlight"><pre><span></span>Traceback (most recent call last):
  File &quot;TESTS:\trb_syntax_common.py&quot;, line 49, in create_tracebacks
    __import__(name)
  File &quot;TESTS:\syntax\invalid_identifier.py&quot;, line 3
    36abc = 3
    ^^^^^
SyntaxError: invalid syntax. Perhaps you forgot a comma?

    Valid names cannot begin with a number.

A `SyntaxError` occurs when Python cannot understand your code.

Python could not understand the code in the file
&#39;TESTS:\syntax\invalid_identifier.py&#39;
beyond the location indicated by ^.

   1: &quot;&quot;&quot;Should raise SyntaxError: invalid syntax&quot;&quot;&quot;
   2:
--&gt;3: 36abc = 3
      ^

Valid names cannot begin with a number.
</pre></div>
</div>
</div>
<div class="section" id="valid-names-cannot-begin-with-a-number-2">
<h2>(114) Valid names cannot begin with a number - 2<a class="headerlink" href="#valid-names-cannot-begin-with-a-number-2" title="Permalink to this headline">¶</a></h2>
<div class="highlight-none notranslate"><div class="highlight"><pre><span></span>Traceback (most recent call last):
  File &quot;TESTS:\trb_syntax_common.py&quot;, line 49, in create_tracebacks
    __import__(name)
  File &quot;TESTS:\syntax\invalid_identifier_2.py&quot;, line 3
    tau = 2pi
          ^^^
SyntaxError: invalid syntax. Perhaps you forgot a comma?

    Perhaps you forgot a multiplication operator, `2 * pi`.

A `SyntaxError` occurs when Python cannot understand your code.

Python could not understand the code in the file
&#39;TESTS:\syntax\invalid_identifier_2.py&#39;
beyond the location indicated by ^.

   1: &quot;&quot;&quot;Should raise SyntaxError: invalid syntax&quot;&quot;&quot;
   2:
--&gt;3: tau = 2pi
            ^

Valid names cannot begin with a number.
Perhaps you forgot a multiplication operator, `2 * pi`.
</pre></div>
</div>
</div>
<div class="section" id="valid-names-cannot-begin-with-a-number-3">
<h2>(115) Valid names cannot begin with a number - 3<a class="headerlink" href="#valid-names-cannot-begin-with-a-number-3" title="Permalink to this headline">¶</a></h2>
<div class="highlight-none notranslate"><div class="highlight"><pre><span></span>Traceback (most recent call last):
  File &quot;TESTS:\trb_syntax_common.py&quot;, line 49, in create_tracebacks
    __import__(name)
  File &quot;TESTS:\syntax\invalid_identifier_3.py&quot;, line 1
    3job  # could be entered in a repl
    ^^^^
SyntaxError: invalid syntax. Perhaps you forgot a comma?

    Perhaps you forgot a multiplication operator, `3 * job`.

A `SyntaxError` occurs when Python cannot understand your code.

Python could not understand the code in the file
&#39;TESTS:\syntax\invalid_identifier_3.py&#39;
beyond the location indicated by ^.

--&gt;1: 3job  # could be entered in a repl
      ^

Valid names cannot begin with a number.
Perhaps you forgot a multiplication operator, `3 * job`.

[Note: `3j * ob` would also be valid
since `3j` is a complex number.]
</pre></div>
</div>
</div>
<div class="section" id="valid-names-cannot-begin-with-a-number-4">
<h2>(116) Valid names cannot begin with a number - 4<a class="headerlink" href="#valid-names-cannot-begin-with-a-number-4" title="Permalink to this headline">¶</a></h2>
<div class="highlight-none notranslate"><div class="highlight"><pre><span></span>Traceback (most recent call last):
  File &quot;TESTS:\trb_syntax_common.py&quot;, line 49, in create_tracebacks
    __import__(name)
  File &quot;TESTS:\syntax\invalid_identifier_4.py&quot;, line 1
    3job = 1
    ^^^^
SyntaxError: invalid syntax. Perhaps you forgot a comma?

    Valid names cannot begin with a number.

A `SyntaxError` occurs when Python cannot understand your code.

Python could not understand the code in the file
&#39;TESTS:\syntax\invalid_identifier_4.py&#39;
beyond the location indicated by ^.

--&gt;1: 3job = 1
      ^

Valid names cannot begin with a number.
</pre></div>
</div>
</div>
<div class="section" id="valid-names-cannot-begin-with-a-number-5">
<h2>(117) Valid names cannot begin with a number - 5<a class="headerlink" href="#valid-names-cannot-begin-with-a-number-5" title="Permalink to this headline">¶</a></h2>
<div class="highlight-none notranslate"><div class="highlight"><pre><span></span>Traceback (most recent call last):
  File &quot;TESTS:\trb_syntax_common.py&quot;, line 49, in create_tracebacks
    __import__(name)
  File &quot;TESTS:\syntax\invalid_identifier_5.py&quot;, line 1
    print(42java)
          ^^^^^^
SyntaxError: invalid syntax. Perhaps you forgot a comma?

    Perhaps you forgot a multiplication operator, `42 * java`.

A `SyntaxError` occurs when Python cannot understand your code.

Python could not understand the code in the file
&#39;TESTS:\syntax\invalid_identifier_5.py&#39;
beyond the location indicated by ^.

--&gt;1: print(42java)
            ^

Valid names cannot begin with a number.
Perhaps you forgot a multiplication operator, `42 * java`.

[Note: `42j * ava` would also be valid
since `42j` is a complex number.]
</pre></div>
</div>
</div>
<div class="section" id="keyword-can-t-be-an-expression">
<h2>(118) Keyword can’t be an expression<a class="headerlink" href="#keyword-can-t-be-an-expression" title="Permalink to this headline">¶</a></h2>
<div class="highlight-none notranslate"><div class="highlight"><pre><span></span>Traceback (most recent call last):
  File &quot;TESTS:\trb_syntax_common.py&quot;, line 49, in create_tracebacks
    __import__(name)
  File &quot;TESTS:\syntax\invalid_keyword_argument.py&quot;, line 7
    a = dict(&#39;key&#39;=1)
             ^^^^^^
SyntaxError: expression cannot contain assignment, perhaps you meant &quot;==&quot;?

A `SyntaxError` occurs when Python cannot understand your code.

Python could not understand the code in the file
&#39;TESTS:\syntax\invalid_keyword_argument.py&#39;
beyond the location indicated by ^.

   1: &quot;&quot;&quot;Should raise
   2: Python &lt; 3.8: SyntaxError: keyword can&#39;t be an expression
   3: Python 3.8:  expression cannot contain assignment, perhaps you meant &quot;==&quot;?
   4: &quot;&quot;&quot;
   5:
   6:
--&gt;7: a = dict(&#39;key&#39;=1)
               ^

One of the following two possibilities could be the cause:
1. You meant to do a comparison with == and wrote = instead.
2. You called a function with a named argument:

        a_function(invalid=...)

where `invalid` is not a valid identifier (variable name) in Python
either because it starts with a number, or is a string,
or contains a period, etc.
</pre></div>
</div>
</div>
<div class="section" id="invalid-octal-number">
<h2>(119) Invalid octal number<a class="headerlink" href="#invalid-octal-number" title="Permalink to this headline">¶</a></h2>
<div class="highlight-none notranslate"><div class="highlight"><pre><span></span>Traceback (most recent call last):
  File &quot;TESTS:\trb_syntax_common.py&quot;, line 49, in create_tracebacks
    __import__(name)
  File &quot;TESTS:\syntax\invalid_octal.py&quot;, line 3
    b = 0O1876
           ^^^--&gt;
SyntaxError: invalid digit &#39;8&#39; in octal literal

    Did you made a mistake in writing an octal integer?

A `SyntaxError` occurs when Python cannot understand your code.

Python could not understand the code in the file
&#39;TESTS:\syntax\invalid_octal.py&#39;
beyond the location indicated by ^.

   1:
   2:
--&gt;3: b = 0O1876
             ^

It looks like you used an invalid character (`8`) in an octal number.

Octal numbers are base 8 integers that only use the symbols `0` to `7`
to represent values.
In Python, hexadecimal numbers start with either `0o` or `0O`,
(the digit zero followed by the letter `o`)
followed by the characters used to represent the value of that integer.
</pre></div>
</div>
</div>
<div class="section" id="inverted-operators-1">
<h2>(120) Inverted operators 1<a class="headerlink" href="#inverted-operators-1" title="Permalink to this headline">¶</a></h2>
<div class="highlight-none notranslate"><div class="highlight"><pre><span></span>Traceback (most recent call last):
  File &quot;TESTS:\trb_syntax_common.py&quot;, line 49, in create_tracebacks
    __import__(name)
  File &quot;TESTS:\syntax\inverted_operators.py&quot;, line 1
    a =&lt; 3
       ^
SyntaxError: invalid syntax

    Did you write operators in an incorrect order?

A `SyntaxError` occurs when Python cannot understand your code.

Python could not understand the code in the file
&#39;TESTS:\syntax\inverted_operators.py&#39;
beyond the location indicated by ^.

--&gt;1: a =&lt; 3
         ^

It looks like you wrote two operators (`=` and `&lt;`)
in the wrong order: `=&lt;` instead of `&lt;=`.
</pre></div>
</div>
</div>
<div class="section" id="inverted-operators-2">
<h2>(121) Inverted operators 2<a class="headerlink" href="#inverted-operators-2" title="Permalink to this headline">¶</a></h2>
<div class="highlight-none notranslate"><div class="highlight"><pre><span></span>Traceback (most recent call last):
  File &quot;TESTS:\trb_syntax_common.py&quot;, line 49, in create_tracebacks
    __import__(name)
  File &quot;TESTS:\syntax\inverted_operators_2.py&quot;, line 1
    a =&lt;* 3
       ^
SyntaxError: invalid syntax

    Did you write operators in an incorrect order?

A `SyntaxError` occurs when Python cannot understand your code.

Python could not understand the code in the file
&#39;TESTS:\syntax\inverted_operators_2.py&#39;
beyond the location indicated by ^.

--&gt;1: a =&lt;* 3
         ^

It looks like you wrote two operators (`=` and `&lt;`)
in the wrong order: `=&lt;` instead of `&lt;=`.

However, making such a change would still not correct
all the syntax errors in the code you wrote.
</pre></div>
</div>
</div>
<div class="section" id="keyword-arg-only-once-in-function-call">
<h2>(122) Keyword arg only once in function call<a class="headerlink" href="#keyword-arg-only-once-in-function-call" title="Permalink to this headline">¶</a></h2>
<div class="highlight-none notranslate"><div class="highlight"><pre><span></span>Traceback (most recent call last):
  File &quot;TESTS:\trb_syntax_common.py&quot;, line 49, in create_tracebacks
    __import__(name)
  File &quot;TESTS:\syntax\keyword_arg_repeated.py&quot;, line 4
    f(ad=1, ad=2)
            ^^^^
SyntaxError: keyword argument repeated: ad

A `SyntaxError` occurs when Python cannot understand your code.

Python could not understand the code in the file
&#39;TESTS:\syntax\keyword_arg_repeated.py&#39;
beyond the location indicated by ^.

   1: &quot;&quot;&quot;Should raise SyntaxError:  keyword argument repeated&quot;&quot;&quot;
   2:
   3:
--&gt;4: f(ad=1, ad=2)
              ^

You have called a function repeating the same keyword argument (`ad`).
Each keyword argument should appear only once in a function call.
</pre></div>
</div>
</div>
<div class="section" id="keyword-as-attribute">
<h2>(123) Keyword as attribute<a class="headerlink" href="#keyword-as-attribute" title="Permalink to this headline">¶</a></h2>
<div class="highlight-none notranslate"><div class="highlight"><pre><span></span>Traceback (most recent call last):
  File &quot;TESTS:\trb_syntax_common.py&quot;, line 49, in create_tracebacks
    __import__(name)
  File &quot;TESTS:\syntax\keyword_as_attribute.py&quot;, line 12
    a.pass = 2
      ^^^^
SyntaxError: invalid syntax

    `pass` cannot be used as an attribute.

A `SyntaxError` occurs when Python cannot understand your code.

Python could not understand the code in the file
&#39;TESTS:\syntax\keyword_as_attribute.py&#39;
beyond the location indicated by ^.

    8:
    9: a = A()
   10:
   11: a.x = 1
--&gt;12: a.pass = 2
         ^

You cannot use the Python keyword `pass` as an attribute.
</pre></div>
</div>
</div>
<div class="section" id="lambda-with-parentheses-around-arguments">
<h2>(124) lambda with parentheses around arguments<a class="headerlink" href="#lambda-with-parentheses-around-arguments" title="Permalink to this headline">¶</a></h2>
<div class="highlight-none notranslate"><div class="highlight"><pre><span></span>Traceback (most recent call last):
  File &quot;TESTS:\trb_syntax_common.py&quot;, line 49, in create_tracebacks
    __import__(name)
  File &quot;TESTS:\syntax\lambda_with_parens.py&quot;, line 2
    x = lambda (a, b): a + b
               ^
SyntaxError: invalid syntax

A `SyntaxError` occurs when Python cannot understand your code.

Python could not understand the code in the file
&#39;TESTS:\syntax\lambda_with_parens.py&#39;
beyond the location indicated by ^.

   1:
--&gt;2: x = lambda (a, b): a + b
                 ^

`lambda` does not allow parentheses around its arguments.
This was allowed in Python 2 but it not allowed in Python 3.
</pre></div>
</div>
</div>
<div class="section" id="lambda-with-tuple-as-argument">
<h2>(125) lambda with tuple as argument<a class="headerlink" href="#lambda-with-tuple-as-argument" title="Permalink to this headline">¶</a></h2>
<div class="highlight-none notranslate"><div class="highlight"><pre><span></span>Traceback (most recent call last):
  File &quot;TESTS:\trb_syntax_common.py&quot;, line 49, in create_tracebacks
    __import__(name)
  File &quot;TESTS:\syntax\lambda_with_tuple_argument.py&quot;, line 2
    x = lambda a, (b, c): a + b + b
                  ^
SyntaxError: invalid syntax

A `SyntaxError` occurs when Python cannot understand your code.

Python could not understand the code in the file
&#39;TESTS:\syntax\lambda_with_tuple_argument.py&#39;
beyond the location indicated by ^.

   1:
--&gt;2: x = lambda a, (b, c): a + b + b
                    ^

You cannot have explicit tuples as arguments.
Assign any tuple to a parameter and unpack it
within the body of the function.
</pre></div>
</div>
</div>
<div class="section" id="assign-to-literal-in-for-loop">
<h2>(126) Assign to literal in for loop<a class="headerlink" href="#assign-to-literal-in-for-loop" title="Permalink to this headline">¶</a></h2>
<div class="highlight-none notranslate"><div class="highlight"><pre><span></span>Traceback (most recent call last):
  File &quot;TESTS:\trb_syntax_common.py&quot;, line 49, in create_tracebacks
    __import__(name)
  File &quot;TESTS:\syntax\literal_in_for_loop.py&quot;, line 1
    for &quot;char&quot; in &quot;word&quot;:
        ^^^^^^
SyntaxError: cannot assign to literal

    You can only assign objects to identifiers (variable names).

A `SyntaxError` occurs when Python cannot understand your code.

Python could not understand the code in the file
&#39;TESTS:\syntax\literal_in_for_loop.py&#39;
beyond the location indicated by ^.

--&gt;1: for &quot;char&quot; in &quot;word&quot;:
          ^

A for loop must have the form:

    for ... in sequence:

where `...` must contain only identifiers (variable names)
and not literals like `&quot;char&quot;`.
</pre></div>
</div>
</div>
<div class="section" id="indentationerror-syntaxerror-depending-on-version">
<h2>(127) IndentationError/SyntaxError depending on version<a class="headerlink" href="#indentationerror-syntaxerror-depending-on-version" title="Permalink to this headline">¶</a></h2>
<div class="highlight-none notranslate"><div class="highlight"><pre><span></span>Traceback (most recent call last):
  File &quot;TESTS:\trb_syntax_common.py&quot;, line 49, in create_tracebacks
    __import__(name)
  File &quot;TESTS:\syntax\missing_code_block.py&quot;, line 4
IndentationError: expected an indented block after &#39;for&#39; statement on line 3

An `IndentationError` occurs when a given line of code is
not indented (aligned vertically with other lines) as expected.

Python could not understand the code in the file
&#39;TESTS:\syntax\missing_code_block.py&#39;
beyond the location indicated by ^.

   1: &#39;&#39;&#39;Should raise SyntaxError: unexpected EOF while parsing&#39;&#39;&#39;
   2:
   3: for i in range(10):
--&gt;4:
      ^

The line identified above
was expected to begin a new indented block.
</pre></div>
</div>
</div>
<div class="section" id="missing-colon-if">
<h2>(128) Missing colon - if<a class="headerlink" href="#missing-colon-if" title="Permalink to this headline">¶</a></h2>
<div class="highlight-none notranslate"><div class="highlight"><pre><span></span>Traceback (most recent call last):
  File &quot;TESTS:\trb_syntax_common.py&quot;, line 49, in create_tracebacks
    __import__(name)
  File &quot;TESTS:\syntax\missing_colon_if.py&quot;, line 3
    if True

SyntaxError: expected &#39;:&#39;

    Did you forget a colon `:`?

A `SyntaxError` occurs when Python cannot understand your code.

Python could not understand the code in the file
&#39;TESTS:\syntax\missing_colon_if.py&#39;
beyond the location indicated by ^.

   1: &quot;&quot;&quot;Should raise SyntaxError&quot;&quot;&quot;
   2:
--&gt;3: if True
             ^

You wrote a statement beginning with
`if` but forgot to add a colon `:` at the end.
</pre></div>
</div>
</div>
<div class="section" id="missing-colon-while">
<h2>(129) Missing colon - while<a class="headerlink" href="#missing-colon-while" title="Permalink to this headline">¶</a></h2>
<div class="highlight-none notranslate"><div class="highlight"><pre><span></span>Traceback (most recent call last):
  File &quot;TESTS:\trb_syntax_common.py&quot;, line 49, in create_tracebacks
    __import__(name)
  File &quot;TESTS:\syntax\missing_colon_while.py&quot;, line 3
    while True  # a comment
                ^^^^^^^^^^^
SyntaxError: expected &#39;:&#39;

    Did you forget a colon `:`?

A `SyntaxError` occurs when Python cannot understand your code.

Python could not understand the code in the file
&#39;TESTS:\syntax\missing_colon_while.py&#39;
beyond the location indicated by ^.

   1: &quot;&quot;&quot;Should raise SyntaxError&quot;&quot;&quot;
   2:
--&gt;3: while True  # a comment
                  ^

You wrote a `while` loop but
forgot to add a colon `:` at the end
</pre></div>
</div>
</div>
<div class="section" id="missing-comma-in-a-dict">
<h2>(130) Missing comma in a dict<a class="headerlink" href="#missing-comma-in-a-dict" title="Permalink to this headline">¶</a></h2>
<div class="highlight-none notranslate"><div class="highlight"><pre><span></span>Traceback (most recent call last):
  File &quot;TESTS:\trb_syntax_common.py&quot;, line 49, in create_tracebacks
    __import__(name)
  File &quot;TESTS:\syntax\missing_comma_in_dict.py&quot;, line 4
    &#39;b&#39;: 2
         --&gt;
SyntaxError: invalid syntax. Perhaps you forgot a comma?

    Did you forget a comma?

A `SyntaxError` occurs when Python cannot understand your code.

Python could not understand the code in the file
&#39;TESTS:\syntax\missing_comma_in_dict.py&#39;
beyond the location indicated by ^.

   2:
   3: a = {&#39;a&#39;: 1,
--&gt;4:      &#39;b&#39;: 2
                ^
   5:      &#39;c&#39;: 3,
   6: }

Python indicates that the error is caused by `&#39;c&#39;` written immediately after `2`.
It is possible that you forgot a comma between items in a set or dict
before the position indicated by ^.
Perhaps you meant

    a = {&#39;a&#39;: 1,
 &#39;b&#39;: 2,
 &#39;c&#39;: 3,
}
</pre></div>
</div>
</div>
<div class="section" id="missing-comma-between-strings-in-a-dict">
<h2>(131) Missing comma between strings in a dict<a class="headerlink" href="#missing-comma-between-strings-in-a-dict" title="Permalink to this headline">¶</a></h2>
<div class="highlight-none notranslate"><div class="highlight"><pre><span></span>Traceback (most recent call last):
  File &quot;TESTS:\trb_syntax_common.py&quot;, line 49, in create_tracebacks
    __import__(name)
  File &quot;TESTS:\syntax\missing_comma_in_dict_2.py&quot;, line 4
    &#39;c&#39;: &#39;3&#39;,
       ^
SyntaxError: invalid syntax

    Did you forget a comma?

A `SyntaxError` occurs when Python cannot understand your code.

Python could not understand the code in the file
&#39;TESTS:\syntax\missing_comma_in_dict_2.py&#39;
beyond the location indicated by ^.

   1:
   2: a = {&#39;a&#39;: &#39;1&#39;,
   3:      &#39;b&#39;: &#39;2&#39;
--&gt;4:      &#39;c&#39;: &#39;3&#39;,
              ^
   5: }

I am guessing that you forgot a comma between two strings
when defining a dict.

```
a = {&#39;a&#39;: &#39;1&#39;,
     &#39;b&#39;: &#39;2&#39;
      «,» &#39;c&#39;: &#39;3&#39;,
}
```
</pre></div>
</div>
</div>
<div class="section" id="for-loop-missing-in-operator">
<h2>(132) For loop missing ‘in’ operator<a class="headerlink" href="#for-loop-missing-in-operator" title="Permalink to this headline">¶</a></h2>
<div class="highlight-none notranslate"><div class="highlight"><pre><span></span>Traceback (most recent call last):
  File &quot;TESTS:\trb_syntax_common.py&quot;, line 49, in create_tracebacks
    __import__(name)
  File &quot;TESTS:\syntax\missing_in_with_for.py&quot;, line 1
    for x range(4):
        ^^^^^^^^^^
SyntaxError: invalid syntax. Perhaps you forgot a comma?

    Did you forget to write `in`?

A `SyntaxError` occurs when Python cannot understand your code.

Python could not understand the code in the file
&#39;TESTS:\syntax\missing_in_with_for.py&#39;
beyond the location indicated by ^.

--&gt;1: for x range(4):
          ^

It looks as though you forgot to use the keyword `in`
as part of a `for` statement. Perhaps you meant:

    for x in range(4):
</pre></div>
</div>
</div>
<div class="section" id="missing-parenthesis-for-range">
<h2>(133) Missing parenthesis for range<a class="headerlink" href="#missing-parenthesis-for-range" title="Permalink to this headline">¶</a></h2>
<div class="highlight-none notranslate"><div class="highlight"><pre><span></span>Traceback (most recent call last):
  File &quot;TESTS:\trb_syntax_common.py&quot;, line 49, in create_tracebacks
    __import__(name)
  File &quot;TESTS:\syntax\missing_parens_for_range.py&quot;, line 1
    for i in range 3:
                   ^
SyntaxError: expected &#39;:&#39;

    Did you forget to write parenthesis?

A `SyntaxError` occurs when Python cannot understand your code.

Python could not understand the code in the file
&#39;TESTS:\syntax\missing_parens_for_range.py&#39;
beyond the location indicated by ^.

--&gt;1: for i in range 3:
                     ^

Python told us that it expected a colon at the position indicated.
However, adding a colon or replacing something else by a colon
would not fix the problem.
It looks as though you forgot to use to use parenthesis with `range`.
Perhaps you meant:

    for i in range( 3):
</pre></div>
</div>
</div>
<div class="section" id="misspelled-python-keyword">
<h2>(134) Misspelled Python keyword<a class="headerlink" href="#misspelled-python-keyword" title="Permalink to this headline">¶</a></h2>
<div class="highlight-none notranslate"><div class="highlight"><pre><span></span>Traceback (most recent call last):
  File &quot;TESTS:\trb_syntax_common.py&quot;, line 49, in create_tracebacks
    __import__(name)
  File &quot;TESTS:\syntax\misspelled_keyword.py&quot;, line 2
    is i in range(3):
    ^^
SyntaxError: invalid syntax

    Did you mean `if i in range(3):`?

A `SyntaxError` occurs when Python cannot understand your code.

Python could not understand the code in the file
&#39;TESTS:\syntax\misspelled_keyword.py&#39;
beyond the location indicated by ^.

   1: i = 3
--&gt;2: is i in range(3):
      ^

Perhaps you meant to write `if` and made a typo.
The correct line might be `if i in range(3):`
</pre></div>
</div>
</div>
<div class="section" id="name-is-global-and-nonlocal">
<h2>(135) Name is global and nonlocal<a class="headerlink" href="#name-is-global-and-nonlocal" title="Permalink to this headline">¶</a></h2>
<div class="highlight-none notranslate"><div class="highlight"><pre><span></span>Traceback (most recent call last):
  File &quot;TESTS:\trb_syntax_common.py&quot;, line 49, in create_tracebacks
    __import__(name)
  File &quot;TESTS:\syntax\name_is_global_and_nonlocal.py&quot;, line 7
    global xy
    ^^^^^^^^^
SyntaxError: name &#39;xy&#39; is nonlocal and global

A `SyntaxError` occurs when Python cannot understand your code.

Python could not understand the code in the file
&#39;TESTS:\syntax\name_is_global_and_nonlocal.py&#39;
beyond the location indicated by ^.

   3: xy = 1
   4:
   5:
   6: def f():
--&gt;7:     global xy
          ^

You declared `xy` as being both a global and nonlocal variable.
A variable can be global, or nonlocal, but not both at the same time.
</pre></div>
</div>
</div>
<div class="section" id="name-is-parameter-and-nonlocal">
<h2>(136) Name is parameter and nonlocal<a class="headerlink" href="#name-is-parameter-and-nonlocal" title="Permalink to this headline">¶</a></h2>
<div class="highlight-none notranslate"><div class="highlight"><pre><span></span>Traceback (most recent call last):
  File &quot;TESTS:\trb_syntax_common.py&quot;, line 49, in create_tracebacks
    __import__(name)
  File &quot;TESTS:\syntax\name_is_param_and_nonlocal.py&quot;, line 5
    nonlocal x
    ^^^^^^^^^^
SyntaxError: name &#39;x&#39; is parameter and nonlocal

A `SyntaxError` occurs when Python cannot understand your code.

Python could not understand the code in the file
&#39;TESTS:\syntax\name_is_param_and_nonlocal.py&#39;
beyond the location indicated by ^.

   1: &quot;&quot;&quot;Should raise SyntaxError: name &#39;x&#39; is parameter and nonlocal&quot;&quot;&quot;
   2:
   3:
   4: def f(x):
--&gt;5:     nonlocal x
          ^

You used `x` as a parameter for a function
before declaring it also as a nonlocal variable:
`x` cannot be both at the same time.
</pre></div>
</div>
</div>
<div class="section" id="nonlocal-variable-not-found">
<h2>(137) nonlocal variable not found<a class="headerlink" href="#nonlocal-variable-not-found" title="Permalink to this headline">¶</a></h2>
<div class="highlight-none notranslate"><div class="highlight"><pre><span></span>Traceback (most recent call last):
  File &quot;TESTS:\trb_syntax_common.py&quot;, line 49, in create_tracebacks
    __import__(name)
  File &quot;TESTS:\syntax\no_binding_for_nonlocal.py&quot;, line 5
    nonlocal ab
    ^^^^^^^^^^^
SyntaxError: no binding for nonlocal &#39;ab&#39; found

A `SyntaxError` occurs when Python cannot understand your code.

Python could not understand the code in the file
&#39;TESTS:\syntax\no_binding_for_nonlocal.py&#39;
beyond the location indicated by ^.

   1: &quot;&quot;&quot;Should raise SyntaxError: no binding for nonlocal &#39;ab&#39; found&quot;&quot;&quot;
   2:
   3:
   4: def f():
--&gt;5:     nonlocal ab
          ^

You declared the variable `ab` as being a
nonlocal variable but it cannot be found.
</pre></div>
</div>
</div>
<div class="section" id="nonlocal-variable-not-found-at-module-level">
<h2>(138) nonlocal variable not found at module level<a class="headerlink" href="#nonlocal-variable-not-found-at-module-level" title="Permalink to this headline">¶</a></h2>
<div class="highlight-none notranslate"><div class="highlight"><pre><span></span>Traceback (most recent call last):
  File &quot;TESTS:\trb_syntax_common.py&quot;, line 49, in create_tracebacks
    __import__(name)
  File &quot;TESTS:\syntax\nonlocal_at_module.py&quot;, line 4
    nonlocal cd
    ^^^^^^^^^^^
SyntaxError: nonlocal declaration not allowed at module level

A `SyntaxError` occurs when Python cannot understand your code.

Python could not understand the code in the file
&#39;TESTS:\syntax\nonlocal_at_module.py&#39;
beyond the location indicated by ^.

   1: &quot;&quot;&quot;Should raise SyntaxError:  nonlocal declaration not allowed at module level&quot;&quot;&quot;
   2:
   3:
--&gt;4: nonlocal cd
      ^

You used the nonlocal keyword at a module level.
The nonlocal keyword refers to a variable inside a function
given a value outside that function.
</pre></div>
</div>
</div>
<div class="section" id="same-operator-twice-in-a-row">
<h2>(139) Same operator twice in a row<a class="headerlink" href="#same-operator-twice-in-a-row" title="Permalink to this headline">¶</a></h2>
<div class="highlight-none notranslate"><div class="highlight"><pre><span></span>Traceback (most recent call last):
  File &quot;TESTS:\trb_syntax_common.py&quot;, line 49, in create_tracebacks
    __import__(name)
  File &quot;TESTS:\syntax\operator_twice_in_a_row.py&quot;, line 1
    4****5
       ^^
SyntaxError: invalid syntax

A `SyntaxError` occurs when Python cannot understand your code.

Python could not understand the code in the file
&#39;TESTS:\syntax\operator_twice_in_a_row.py&#39;
beyond the location indicated by ^.

--&gt;1: 4****5
         ^

You cannot have write the same operator, `**`, twice in a row.
Perhaps you wrote one of them by mistake
or forgot to write something between them.
</pre></div>
</div>
</div>
<div class="section" id="using-pip-from-interpreter">
<h2>(140) Using pip from interpreter<a class="headerlink" href="#using-pip-from-interpreter" title="Permalink to this headline">¶</a></h2>
<div class="highlight-none notranslate"><div class="highlight"><pre><span></span>Traceback (most recent call last):
  File &quot;TESTS:\trb_syntax_common.py&quot;, line 49, in create_tracebacks
    __import__(name)
  File &quot;TESTS:\syntax\pip_install_1.py&quot;, line 2
    pip install friendly
    ^^^^^^^^^^^
SyntaxError: invalid syntax. Perhaps you forgot a comma?

    Pip cannot be used in a Python interpreter.

A `SyntaxError` occurs when Python cannot understand your code.

Python could not understand the code in the file
&#39;TESTS:\syntax\pip_install_1.py&#39;
beyond the location indicated by ^.

   1: &quot;&quot;&quot;Should raise SyntaxError: invalid syntax&quot;&quot;&quot;
--&gt;2: pip install friendly
      ^

It looks as if you are attempting to use pip to install a module.
`pip` is a command that needs to run in a terminal,
not from a Python interpreter.
</pre></div>
</div>
</div>
<div class="section" id="using-pip-from-interpreter-2">
<h2>(141) Using pip from interpreter 2<a class="headerlink" href="#using-pip-from-interpreter-2" title="Permalink to this headline">¶</a></h2>
<div class="highlight-none notranslate"><div class="highlight"><pre><span></span>Traceback (most recent call last):
  File &quot;TESTS:\trb_syntax_common.py&quot;, line 49, in create_tracebacks
    __import__(name)
  File &quot;TESTS:\syntax\pip_install_2.py&quot;, line 2
    python -m pip install friendly
    ^^^^^^^^^^^^^
SyntaxError: invalid syntax. Perhaps you forgot a comma?

    Pip cannot be used in a Python interpreter.

A `SyntaxError` occurs when Python cannot understand your code.

Python could not understand the code in the file
&#39;TESTS:\syntax\pip_install_2.py&#39;
beyond the location indicated by ^.

   1: &quot;&quot;&quot;Should raise SyntaxError: invalid syntax&quot;&quot;&quot;
--&gt;2: python -m pip install friendly
      ^

It looks as if you are attempting to use pip to install a module.
`pip` is a command that needs to run in a terminal,
not from a Python interpreter.
</pre></div>
</div>
</div>
<div class="section" id="print-is-a-function">
<h2>(142) print is a function<a class="headerlink" href="#print-is-a-function" title="Permalink to this headline">¶</a></h2>
<div class="highlight-none notranslate"><div class="highlight"><pre><span></span>Traceback (most recent call last):
  File &quot;TESTS:\trb_syntax_common.py&quot;, line 49, in create_tracebacks
    __import__(name)
  File &quot;TESTS:\syntax\print_is_a_function.py&quot;, line 2
    print &#39;hello&#39;
          ^^^^^^^
SyntaxError: Missing parentheses in call to &#39;print&#39;. Did you mean print(&#39;hello&#39;)?

    Did you mean `print(&#39;hello&#39;)`?

A `SyntaxError` occurs when Python cannot understand your code.

Python could not understand the code in the file
&#39;TESTS:\syntax\print_is_a_function.py&#39;
beyond the location indicated by ^.

   1: &quot;&quot;&quot;Should raise SyntaxError: Missing parentheses in call to &#39;print&#39; ...&quot;&quot;&quot;
--&gt;2: print &#39;hello&#39;
            ^

Perhaps you need to type

     print(&#39;hello&#39;)

In older version of Python, `print` was a keyword.
Now, `print` is a function; you need to use parentheses to call it.
</pre></div>
</div>
</div>
<div class="section" id="print-is-a-function-2">
<h2>(143) print is a function 2<a class="headerlink" href="#print-is-a-function-2" title="Permalink to this headline">¶</a></h2>
<div class="highlight-none notranslate"><div class="highlight"><pre><span></span>Traceback (most recent call last):
  File &quot;TESTS:\trb_syntax_common.py&quot;, line 49, in create_tracebacks
    __import__(name)
  File &quot;TESTS:\syntax\print_is_a_function_2.py&quot;, line 2
    print len(&#39;hello&#39;)
    ^^^^^^^^^^^^^^^^^^
SyntaxError: invalid syntax. Perhaps you forgot a comma?

    Did you mean `print(len(&#39;hello&#39;))`?

A `SyntaxError` occurs when Python cannot understand your code.

Python could not understand the code in the file
&#39;TESTS:\syntax\print_is_a_function_2.py&#39;
beyond the location indicated by ^.

   1: &quot;&quot;&quot;Should raise SyntaxError: invalid syntax&quot;&quot;&quot;
--&gt;2: print len(&#39;hello&#39;)
      ^

In older version of Python, `print` was a keyword.
Now, `print` is a function; you need to use parentheses to call it.
</pre></div>
</div>
</div>
<div class="section" id="print-is-a-function-3">
<h2>(144) print is a function 3<a class="headerlink" href="#print-is-a-function-3" title="Permalink to this headline">¶</a></h2>
<div class="highlight-none notranslate"><div class="highlight"><pre><span></span>Traceback (most recent call last):
  File &quot;TESTS:\trb_syntax_common.py&quot;, line 49, in create_tracebacks
    __import__(name)
  File &quot;TESTS:\syntax\print_is_a_function_3.py&quot;, line 1
    print &quot;&quot;&quot;This is a very long string which results in a very long error message.&quot;&quot;&quot;
          ^^^^^^^^^^^^^^^^^^^^^^^^^^^^^^^^^^^^^^^^^^^^^^^^^^^^^^^^^^^^^^^^^^^^^^^^^^^^
SyntaxError: Missing parentheses in call to &#39;print&#39;. Did you mean print(&quot;&quot;&quot;This is a very long string which results in a very long error message.&quot;&quot;&quot;)?

    Did you mean `print(&quot;&quot;&quot;This is a very long st ... )`?

A `SyntaxError` occurs when Python cannot understand your code.

Python could not understand the code in the file
&#39;TESTS:\syntax\print_is_a_function_3.py&#39;
beyond the location indicated by ^.

--&gt;1: print &quot;&quot;&quot;This is a very long string which results in a very long error message.&quot;&quot;&quot;
            ^

Perhaps you need to type

     print(&quot;&quot;&quot;This is a very long st ... )

In older version of Python, `print` was a keyword.
Now, `print` is a function; you need to use parentheses to call it.
</pre></div>
</div>
</div>
<div class="section" id="print-is-a-function-4">
<h2>(145) print is a function 4<a class="headerlink" href="#print-is-a-function-4" title="Permalink to this headline">¶</a></h2>
<div class="highlight-none notranslate"><div class="highlight"><pre><span></span>Traceback (most recent call last):
  File &quot;TESTS:\trb_syntax_common.py&quot;, line 49, in create_tracebacks
    __import__(name)
  File &quot;TESTS:\syntax\print_is_a_function_4.py&quot;, line 2
    print len(&quot;&quot;&quot;This is a long string
    ^^^^^^^^^^^^^^^^^^^^^^^^^^^^^^^^^^--&gt;
SyntaxError: invalid syntax. Perhaps you forgot a comma?

    Did you mean `print(...)`?

A `SyntaxError` occurs when Python cannot understand your code.

Python could not understand the code in the file
&#39;TESTS:\syntax\print_is_a_function_4.py&#39;
beyond the location indicated by ^.

   1: &quot;&quot;&quot;Should raise SyntaxError: invalid syntax&quot;&quot;&quot;
--&gt;2: print len(&quot;&quot;&quot;This is a long string
      ^
   3:           that spans multiple lines.&quot;&quot;&quot;)

In older version of Python, `print` was a keyword.
Now, `print` is a function; you need to use parentheses to call it.
</pre></div>
</div>
</div>
<div class="section" id="print-is-a-function-5">
<h2>(146) print is a function 5<a class="headerlink" href="#print-is-a-function-5" title="Permalink to this headline">¶</a></h2>
<div class="highlight-none notranslate"><div class="highlight"><pre><span></span>Traceback (most recent call last):
  File &quot;TESTS:\trb_syntax_common.py&quot;, line 49, in create_tracebacks
    __import__(name)
  File &quot;TESTS:\syntax\print_is_a_function_5.py&quot;, line 2
    print len(&#39;This is a long string that fits on a single line.&#39;)
    ^^^^^^^^^^^^^^^^^^^^^^^^^^^^^^^^^^^^^^^^^^^^^^^^^^^^^^^^^^^^^^
SyntaxError: invalid syntax. Perhaps you forgot a comma?

    Did you mean `print(len(&#39;This ... line.&#39;))`?

A `SyntaxError` occurs when Python cannot understand your code.

Python could not understand the code in the file
&#39;TESTS:\syntax\print_is_a_function_5.py&#39;
beyond the location indicated by ^.

   1: &quot;&quot;&quot;Should raise SyntaxError: invalid syntax&quot;&quot;&quot;
--&gt;2: print len(&#39;This is a long string that fits on a single line.&#39;)
      ^

In older version of Python, `print` was a keyword.
Now, `print` is a function; you need to use parentheses to call it.
</pre></div>
</div>
</div>
<div class="section" id="calling-python-from-interpreter">
<h2>(147) Calling python from interpreter<a class="headerlink" href="#calling-python-from-interpreter" title="Permalink to this headline">¶</a></h2>
<div class="highlight-none notranslate"><div class="highlight"><pre><span></span>Traceback (most recent call last):
  File &quot;TESTS:\trb_syntax_common.py&quot;, line 49, in create_tracebacks
    __import__(name)
  File &quot;TESTS:\syntax\python_interpreter.py&quot;, line 1
    python -i friendly
    ^^^^^^^^^^^^^^^^^^
SyntaxError: invalid syntax. Perhaps you forgot a comma?

A `SyntaxError` occurs when Python cannot understand your code.

Python could not understand the code in the file
&#39;TESTS:\syntax\python_interpreter.py&#39;
beyond the location indicated by ^.

--&gt;1: python -i friendly
      ^

I am guessing that you are attempting to use Python to run a program.
You must do so from a terminal and not from a Python interpreter.
</pre></div>
</div>
</div>
<div class="section" id="problem-with-assigning-a-variable-to-python">
<h2>(148) problem with assigning a variable to Python<a class="headerlink" href="#problem-with-assigning-a-variable-to-python" title="Permalink to this headline">¶</a></h2>
<div class="highlight-none notranslate"><div class="highlight"><pre><span></span>Traceback (most recent call last):
  File &quot;TESTS:\trb_syntax_common.py&quot;, line 49, in create_tracebacks
    __import__(name)
  File &quot;TESTS:\syntax\python_not_interpreter.py&quot;, line 1
    python = a b
             ^^^
SyntaxError: invalid syntax. Perhaps you forgot a comma?

    Did you forget something between `a` and `b`?

A `SyntaxError` occurs when Python cannot understand your code.

Python could not understand the code in the file
&#39;TESTS:\syntax\python_not_interpreter.py&#39;
beyond the location indicated by ^.

--&gt;1: python = a b
               ^

Python indicates that the error is caused by `b` written immediately after `a`.
Perhaps you meant to insert an operator like `+; -; *; ,`
between `a` and `b`.
The following lines of code would not cause any `SyntaxError`:

    python = a + b
    python = a - b
    python = a * b
    python = a, b
Note: these are just some of the possible choices and that
some of them might raise other types of exceptions.
</pre></div>
</div>
</div>
<div class="section" id="quote-inside-a-string">
<h2>(149) Quote inside a string<a class="headerlink" href="#quote-inside-a-string" title="Permalink to this headline">¶</a></h2>
<div class="highlight-none notranslate"><div class="highlight"><pre><span></span>Traceback (most recent call last):
  File &quot;TESTS:\trb_syntax_common.py&quot;, line 49, in create_tracebacks
    __import__(name)
  File &quot;TESTS:\syntax\quote_inside_string.py&quot;, line 3
    message = &#39;don&#39;t&#39;
                    ^--&gt;
SyntaxError: unterminated string literal (detected at line 3)

    Did you forget a closing quote?

A `SyntaxError` occurs when Python cannot understand your code.

Python could not understand the code in the file
&#39;TESTS:\syntax\quote_inside_string.py&#39;
beyond the location indicated by ^.

   1: &quot;&quot;&quot;Should raise SyntaxError: invalid syntax&quot;&quot;&quot;
   2:
--&gt;3: message = &#39;don&#39;t&#39;
                      ^

You started writing a string with a single or double quote
but never ended the string with another quote on that line.
</pre></div>
</div>
</div>
<div class="section" id="raising-multiple-exceptions">
<h2>(150) Raising multiple exceptions<a class="headerlink" href="#raising-multiple-exceptions" title="Permalink to this headline">¶</a></h2>
<div class="highlight-none notranslate"><div class="highlight"><pre><span></span>Traceback (most recent call last):
  File &quot;TESTS:\trb_syntax_common.py&quot;, line 49, in create_tracebacks
    __import__(name)
  File &quot;TESTS:\syntax\raise_multiple_exceptions.py&quot;, line 2
    raise X, Y
           ^
SyntaxError: invalid syntax

A `SyntaxError` occurs when Python cannot understand your code.

Python could not understand the code in the file
&#39;TESTS:\syntax\raise_multiple_exceptions.py&#39;
beyond the location indicated by ^.

   1: &quot;&quot;&quot;Should raise SyntaxError: invalid syntax&quot;&quot;&quot;
--&gt;2: raise X, Y
             ^

It looks like you are trying to raise an exception using Python 2 syntax.
</pre></div>
</div>
</div>
<div class="section" id="cannot-use-return-outside-function">
<h2>(151) Cannot use return outside function<a class="headerlink" href="#cannot-use-return-outside-function" title="Permalink to this headline">¶</a></h2>
<div class="highlight-none notranslate"><div class="highlight"><pre><span></span>Traceback (most recent call last):
  File &quot;TESTS:\trb_syntax_common.py&quot;, line 49, in create_tracebacks
    __import__(name)
  File &quot;TESTS:\syntax\return_outside_function.py&quot;, line 3
    return
    ^^^^^^
SyntaxError: &#39;return&#39; outside function

A `SyntaxError` occurs when Python cannot understand your code.

Python could not understand the code in the file
&#39;TESTS:\syntax\return_outside_function.py&#39;
beyond the location indicated by ^.

   1: &quot;&quot;&quot;Should raise SyntaxError: &#39;return&#39; outside function&quot;&quot;&quot;
   2:
--&gt;3: return
      ^

You can only use a `return` statement inside a function or method.
</pre></div>
</div>
</div>
<div class="section" id="semi-colon-instead-of-comma-1">
<h2>(152) Semi-colon instead of comma - 1<a class="headerlink" href="#semi-colon-instead-of-comma-1" title="Permalink to this headline">¶</a></h2>
<div class="highlight-none notranslate"><div class="highlight"><pre><span></span>Traceback (most recent call last):
  File &quot;TESTS:\trb_syntax_common.py&quot;, line 49, in create_tracebacks
    __import__(name)
  File &quot;TESTS:\syntax\semi_colon_instead_of_comma_1.py&quot;, line 1
    a = [1, 2; 3]
             ^
SyntaxError: invalid syntax

    Did you mean to write a comma?

A `SyntaxError` occurs when Python cannot understand your code.

Python could not understand the code in the file
&#39;TESTS:\syntax\semi_colon_instead_of_comma_1.py&#39;
beyond the location indicated by ^.

--&gt;1: a = [1, 2; 3]
               ^

You wrote a semi-colon, `;`, where a comma was expected.
</pre></div>
</div>
</div>
<div class="section" id="semi-colon-instead-of-commas-2">
<h2>(153) Semi-colon instead of commas - 2<a class="headerlink" href="#semi-colon-instead-of-commas-2" title="Permalink to this headline">¶</a></h2>
<div class="highlight-none notranslate"><div class="highlight"><pre><span></span>Traceback (most recent call last):
  File &quot;TESTS:\trb_syntax_common.py&quot;, line 49, in create_tracebacks
    __import__(name)
  File &quot;TESTS:\syntax\semi_colon_instead_of_comma_2.py&quot;, line 1
    a = [1; 2; 3]
          ^
SyntaxError: invalid syntax

    Did you mean to write commas?

A `SyntaxError` occurs when Python cannot understand your code.

Python could not understand the code in the file
&#39;TESTS:\syntax\semi_colon_instead_of_comma_2.py&#39;
beyond the location indicated by ^.

--&gt;1: a = [1; 2; 3]
            ^

You wrote semi-colons, `;`, where commas were expected.
</pre></div>
</div>
</div>
<div class="section" id="semi-colon-instead-of-commas-3">
<h2>(154) Semi-colon instead of commas - 3<a class="headerlink" href="#semi-colon-instead-of-commas-3" title="Permalink to this headline">¶</a></h2>
<div class="highlight-none notranslate"><div class="highlight"><pre><span></span>Traceback (most recent call last):
  File &quot;TESTS:\trb_syntax_common.py&quot;, line 49, in create_tracebacks
    __import__(name)
  File &quot;TESTS:\syntax\semi_colon_instead_of_comma_3.py&quot;, line 1
    a = [1; 2; 3];
          ^
SyntaxError: invalid syntax

    Did you mean to write commas?

A `SyntaxError` occurs when Python cannot understand your code.

Python could not understand the code in the file
&#39;TESTS:\syntax\semi_colon_instead_of_comma_3.py&#39;
beyond the location indicated by ^.

--&gt;1: a = [1; 2; 3];
            ^

You wrote semi-colons, `;`, where commas were expected.
</pre></div>
</div>
</div>
<div class="section" id="space-between-operators-1">
<h2>(155) Space between operators 1<a class="headerlink" href="#space-between-operators-1" title="Permalink to this headline">¶</a></h2>
<div class="highlight-none notranslate"><div class="highlight"><pre><span></span>Traceback (most recent call last):
  File &quot;TESTS:\trb_syntax_common.py&quot;, line 49, in create_tracebacks
    __import__(name)
  File &quot;TESTS:\syntax\space_between_operators_1.py&quot;, line 1
    a = 2 * * 5
            ^
SyntaxError: invalid syntax

A `SyntaxError` occurs when Python cannot understand your code.

Python could not understand the code in the file
&#39;TESTS:\syntax\space_between_operators_1.py&#39;
beyond the location indicated by ^.

--&gt;1: a = 2 * * 5
              ^

You cannot have write the same operator, `*`, twice in a row.
Perhaps you wrote one of them by mistake
or forgot to write something between them.
Or perhaps you included a space by mistake between the two operators
and meant to write `**` as a single operator.
</pre></div>
</div>
</div>
<div class="section" id="space-between-operators-2">
<h2>(156) Space between operators 2<a class="headerlink" href="#space-between-operators-2" title="Permalink to this headline">¶</a></h2>
<div class="highlight-none notranslate"><div class="highlight"><pre><span></span>Traceback (most recent call last):
  File &quot;TESTS:\trb_syntax_common.py&quot;, line 49, in create_tracebacks
    __import__(name)
  File &quot;TESTS:\syntax\space_between_operators_2.py&quot;, line 1
    a / = b
        ^
SyntaxError: invalid syntax

A `SyntaxError` occurs when Python cannot understand your code.

Python could not understand the code in the file
&#39;TESTS:\syntax\space_between_operators_2.py&#39;
beyond the location indicated by ^.

--&gt;1: a / = b
          ^

You cannot have these two operators, `/` and `=`,
following each other. Perhaps you wrote one of them by mistake
or forgot to write something between them.
Or perhaps you included a space by mistake between the two operators
and meant to write `/=` as a single operator.
</pre></div>
</div>
</div>
<div class="section" id="space-in-variable-name">
<h2>(157) Space in variable name<a class="headerlink" href="#space-in-variable-name" title="Permalink to this headline">¶</a></h2>
<div class="highlight-none notranslate"><div class="highlight"><pre><span></span>Traceback (most recent call last):
  File &quot;TESTS:\trb_syntax_common.py&quot;, line 49, in create_tracebacks
    __import__(name)
  File &quot;TESTS:\syntax\space_in_variable_name.py&quot;, line 1
    my name = André
    ^^^^^^^
SyntaxError: invalid syntax. Perhaps you forgot a comma?

    Did you mean `my_name`?

A `SyntaxError` occurs when Python cannot understand your code.

Python could not understand the code in the file
&#39;TESTS:\syntax\space_in_variable_name.py&#39;
beyond the location indicated by ^.

--&gt;1: my name = André
      ^

You cannot have spaces in identifiers (variable names).
</pre></div>
</div>
</div>
<div class="section" id="too-many-nested-blocks">
<h2>(158) Too many nested blocks<a class="headerlink" href="#too-many-nested-blocks" title="Permalink to this headline">¶</a></h2>
<div class="highlight-none notranslate"><div class="highlight"><pre><span></span>Traceback (most recent call last):
  File &quot;TESTS:\trb_syntax_common.py&quot;, line 49, in create_tracebacks
    __import__(name)
  File &quot;TESTS:\syntax\too_many_nested_blocks.py&quot;, line 22
    while 22:
    --&gt;
SyntaxError: too many statically nested blocks

    Seriously?

A `SyntaxError` occurs when Python cannot understand your code.

Python could not understand the code in the file
&#39;TESTS:\syntax\too_many_nested_blocks.py&#39;
beyond the location indicated by ^.

   18:                  while 18:
   19:                   while 19:
   20:                    while 20:
   21:                     while 21:
--&gt;22:                      while 22:
                            ^

You cannot be serious!

In case this is a mistake in a real program, please
consider reducing the number of nested code blocks.
</pre></div>
</div>
</div>
<div class="section" id="triple-equal-sign">
<h2>(159) Triple-equal sign<a class="headerlink" href="#triple-equal-sign" title="Permalink to this headline">¶</a></h2>
<div class="highlight-none notranslate"><div class="highlight"><pre><span></span>Traceback (most recent call last):
  File &quot;TESTS:\trb_syntax_common.py&quot;, line 49, in create_tracebacks
    __import__(name)
  File &quot;TESTS:\syntax\triple_equal.py&quot;, line 3
    x = y === z
            ^
SyntaxError: invalid syntax

    Did you mean to use `is` instead of `===`?

A `SyntaxError` occurs when Python cannot understand your code.

Python could not understand the code in the file
&#39;TESTS:\syntax\triple_equal.py&#39;
beyond the location indicated by ^.

   1:
   2:
--&gt;3: x = y === z
              ^

You wrote three equal signs in a row which is allowed in some
programming languages, but not in Python. To check if two objects
are equal, use two equal signs, `==`; to see if two names represent
the exact same object, use the operator `is`.
</pre></div>
</div>
</div>
<div class="section" id="unclosed-bracket">
<h2>(160) Unclosed bracket<a class="headerlink" href="#unclosed-bracket" title="Permalink to this headline">¶</a></h2>
<div class="highlight-none notranslate"><div class="highlight"><pre><span></span>Traceback (most recent call last):
  File &quot;TESTS:\trb_syntax_common.py&quot;, line 49, in create_tracebacks
    __import__(name)
  File &quot;TESTS:\syntax\unclosed_bracket.py&quot;, line 5
    return [1, 2, 3
           ^
SyntaxError: &#39;[&#39; was never closed

    The square bracket `[` was never closed.

A `SyntaxError` occurs when Python cannot understand your code.

Python could not understand the code in the file
&#39;TESTS:\syntax\unclosed_bracket.py&#39;
beyond the location indicated by ^.

    3:
    4: def foo():
--&gt; 5:     return [1, 2, 3
                  ^

The opening square bracket `[` on line 5 is not closed.

    5:     return [1, 2, 3
                  ^
</pre></div>
</div>
</div>
<div class="section" id="unclosed-parenthesis-1">
<h2>(161) Unclosed parenthesis - 1<a class="headerlink" href="#unclosed-parenthesis-1" title="Permalink to this headline">¶</a></h2>
<div class="highlight-none notranslate"><div class="highlight"><pre><span></span>Traceback (most recent call last):
  File &quot;TESTS:\trb_syntax_common.py&quot;, line 49, in create_tracebacks
    __import__(name)
  File &quot;TESTS:\syntax\unclosed_paren_1.py&quot;, line 2
    x = int(&#39;1&#39;
           ^
SyntaxError: &#39;(&#39; was never closed

    The parenthesis `(` was never closed.

A `SyntaxError` occurs when Python cannot understand your code.

Python could not understand the code in the file
&#39;TESTS:\syntax\unclosed_paren_1.py&#39;
beyond the location indicated by ^.

   1: &quot;&quot;&quot;Should raise SyntaxError: invalid syntax&quot;&quot;&quot;
--&gt;2: x = int(&#39;1&#39;
             ^
   3: if x == 1:
   4:     print(&#39;yes&#39;)

The opening parenthesis `(` on line 2 is not closed.

    2: x = int(&#39;1&#39;
              ^
</pre></div>
</div>
</div>
<div class="section" id="unclosed-parenthesis-2">
<h2>(162) Unclosed parenthesis - 2<a class="headerlink" href="#unclosed-parenthesis-2" title="Permalink to this headline">¶</a></h2>
<div class="highlight-none notranslate"><div class="highlight"><pre><span></span>Traceback (most recent call last):
  File &quot;TESTS:\trb_syntax_common.py&quot;, line 49, in create_tracebacks
    __import__(name)
  File &quot;TESTS:\syntax\unclosed_paren_2.py&quot;, line 2
    a = (b+c
        ^
SyntaxError: &#39;(&#39; was never closed

    The parenthesis `(` was never closed.

A `SyntaxError` occurs when Python cannot understand your code.

Python could not understand the code in the file
&#39;TESTS:\syntax\unclosed_paren_2.py&#39;
beyond the location indicated by ^.

   1: &quot;&quot;&quot;Should raise SyntaxError: invalid syntax&quot;&quot;&quot;
--&gt;2: a = (b+c
          ^
   3: d = a*a

The opening parenthesis `(` on line 2 is not closed.

    2: a = (b+c
           ^
</pre></div>
</div>
</div>
<div class="section" id="unclosed-parenthesis-3">
<h2>(163) Unclosed parenthesis - 3<a class="headerlink" href="#unclosed-parenthesis-3" title="Permalink to this headline">¶</a></h2>
<div class="highlight-none notranslate"><div class="highlight"><pre><span></span>Traceback (most recent call last):
  File &quot;TESTS:\trb_syntax_common.py&quot;, line 49, in create_tracebacks
    __import__(name)
  File &quot;TESTS:\syntax\unclosed_paren_3.py&quot;, line 7
    if 2:
        ^
SyntaxError: invalid syntax

A `SyntaxError` occurs when Python cannot understand your code.

Python could not understand the code in the file
&#39;TESTS:\syntax\unclosed_paren_3.py&#39;
beyond the location indicated by ^.

   4:     if 1:
   5:         print(((123))
   6:
--&gt;7: if 2:
          ^
   8:     print(123))

The opening parenthesis `(` on line 5 is not closed.

    5:         print(((123))
                    ^
If this is incorrect, please report this case.
</pre></div>
</div>
</div>
<div class="section" id="unclosed-parenthesis-4">
<h2>(164) Unclosed parenthesis - 4<a class="headerlink" href="#unclosed-parenthesis-4" title="Permalink to this headline">¶</a></h2>
<div class="highlight-none notranslate"><div class="highlight"><pre><span></span>Traceback (most recent call last):
  File &quot;TESTS:\trb_syntax_common.py&quot;, line 49, in create_tracebacks
    __import__(name)
  File &quot;TESTS:\syntax\unclosed_paren_4.py&quot;, line 4
    def test():
    ^^^
SyntaxError: invalid syntax

A `SyntaxError` occurs when Python cannot understand your code.

Python could not understand the code in the file
&#39;TESTS:\syntax\unclosed_paren_4.py&#39;
beyond the location indicated by ^.

   1: # equal number of ( and ) in file
   2: print(&#39;hello&#39;
   3:
--&gt;4: def
      ^

The opening parenthesis `(` on line 2 is not closed.

    2: print(&#39;hello&#39;
            ^
</pre></div>
</div>
</div>
<div class="section" id="content-passed-continuation-line-character">
<h2>(165) Content passed continuation line character<a class="headerlink" href="#content-passed-continuation-line-character" title="Permalink to this headline">¶</a></h2>
<div class="highlight-none notranslate"><div class="highlight"><pre><span></span>Traceback (most recent call last):
  File &quot;TESTS:\trb_syntax_common.py&quot;, line 49, in create_tracebacks
    __import__(name)
  File &quot;TESTS:\syntax\unexpected_after_continuation_character.py&quot;, line 5
    print(\t)
            ^
SyntaxError: unexpected character after line continuation character

A `SyntaxError` occurs when Python cannot understand your code.

Python could not understand the code in the file
&#39;TESTS:\syntax\unexpected_after_continuation_character.py&#39;
beyond the location indicated by ^.

   1: &quot;&quot;&quot;Should raise
   2: SyntaxError: unexpected character after line continuation character
   3: &quot;&quot;&quot;
   4:
--&gt;5: print(\t)
              ^

You are using the continuation character `\` outside of a string,
and it is followed by some other character(s).
I am guessing that you forgot to enclose some content in a string.
</pre></div>
</div>
</div>
<div class="section" id="unexpected-eof-while-parsing">
<h2>(166) Unexpected EOF while parsing<a class="headerlink" href="#unexpected-eof-while-parsing" title="Permalink to this headline">¶</a></h2>
<div class="highlight-none notranslate"><div class="highlight"><pre><span></span>Traceback (most recent call last):
  File &quot;TESTS:\trb_syntax_common.py&quot;, line 49, in create_tracebacks
    __import__(name)
  File &quot;TESTS:\syntax\unexpected_eof.py&quot;, line 5
    return [1, 2, 3,
           ^
SyntaxError: &#39;[&#39; was never closed

    The square bracket `[` was never closed.

A `SyntaxError` occurs when Python cannot understand your code.

Python could not understand the code in the file
&#39;TESTS:\syntax\unexpected_eof.py&#39;
beyond the location indicated by ^.

    3:
    4: def foo():
--&gt; 5:     return [1, 2, 3,
                  ^

The opening square bracket `[` on line 5 is not closed.

    5:     return [1, 2, 3,
                  ^
</pre></div>
</div>
</div>
<div class="section" id="invalid-character-unicode-quote">
<h2>(167) Invalid character (unicode quote)<a class="headerlink" href="#invalid-character-unicode-quote" title="Permalink to this headline">¶</a></h2>
<div class="highlight-none notranslate"><div class="highlight"><pre><span></span>Traceback (most recent call last):
  File &quot;TESTS:\trb_syntax_common.py&quot;, line 49, in create_tracebacks
    __import__(name)
  File &quot;TESTS:\syntax\unicode_quote.py&quot;, line 3
    a = « hello »
                ^--&gt;
SyntaxError: invalid character &#39;»&#39; (U+00BB)

    Did you mean to use a normal quote character, `&#39;` or `&quot;`?

A `SyntaxError` occurs when Python cannot understand your code.

Python could not understand the code in the file
&#39;TESTS:\syntax\unicode_quote.py&#39;
beyond the location indicated by ^.

   1: &quot;&quot;&quot;Should raise SyntaxError: invalid character in identifier for Python &lt;=3.8
   2:    and  SyntaxError: invalid character &#39;«&#39; (U+00AB) in Python 3.9&quot;&quot;&quot;
--&gt;3: a = « hello »
                  ^

Did you use copy-paste?
Python indicates that you used the unicode character `»`
which is not allowed.
I suspect that you used a fancy unicode quotation mark
instead of a normal single or double quote for a string.
</pre></div>
</div>
</div>
<div class="section" id="unmatched-closing-curly-bracket">
<h2>(168) Unmatched closing curly bracket<a class="headerlink" href="#unmatched-closing-curly-bracket" title="Permalink to this headline">¶</a></h2>
<div class="highlight-none notranslate"><div class="highlight"><pre><span></span>Traceback (most recent call last):
  File &quot;TESTS:\trb_syntax_common.py&quot;, line 49, in create_tracebacks
    __import__(name)
  File &quot;TESTS:\syntax\unmatched_closing_curly.py&quot;, line 6
    3, 4,}}
          --&gt;
SyntaxError: unmatched &#39;}&#39;

A `SyntaxError` occurs when Python cannot understand your code.

Python could not understand the code in the file
&#39;TESTS:\syntax\unmatched_closing_curly.py&#39;
beyond the location indicated by ^.

   1: &quot;&quot;&quot;Should raise SyntaxError: invalid syntax for Python &lt; 3.8
   2:    otherwise, SyntaxError: unmatched &#39;)&#39;
   3: &quot;&quot;&quot;
   4: a = {1,
   5:     2,
--&gt;6:     3, 4,}}
                ^

The closing curly bracket `}` on line 6 does not match anything.
</pre></div>
</div>
</div>
<div class="section" id="unmatched-closing-parenthesis">
<h2>(169) Unmatched closing parenthesis<a class="headerlink" href="#unmatched-closing-parenthesis" title="Permalink to this headline">¶</a></h2>
<div class="highlight-none notranslate"><div class="highlight"><pre><span></span>Traceback (most recent call last):
  File &quot;TESTS:\trb_syntax_common.py&quot;, line 49, in create_tracebacks
    __import__(name)
  File &quot;TESTS:\syntax\unmatched_closing_paren.py&quot;, line 6
    3, 4,))
          --&gt;
SyntaxError: unmatched &#39;)&#39;

A `SyntaxError` occurs when Python cannot understand your code.

Python could not understand the code in the file
&#39;TESTS:\syntax\unmatched_closing_paren.py&#39;
beyond the location indicated by ^.

   1: &quot;&quot;&quot;Should raise SyntaxError: invalid syntax for Python &lt; 3.8
   2:    otherwise, SyntaxError: unmatched &#39;)&#39;
   3: &quot;&quot;&quot;
   4: a = (1,
   5:     2,
--&gt;6:     3, 4,))
                ^

The closing parenthesis `)` on line 6 does not match anything.
</pre></div>
</div>
</div>
<div class="section" id="mismatched-brackets-1">
<h2>(170) Mismatched brackets - 1<a class="headerlink" href="#mismatched-brackets-1" title="Permalink to this headline">¶</a></h2>
<div class="highlight-none notranslate"><div class="highlight"><pre><span></span>Traceback (most recent call last):
  File &quot;TESTS:\trb_syntax_common.py&quot;, line 49, in create_tracebacks
    __import__(name)
  File &quot;TESTS:\syntax\unmatched_closing_bracket_1.py&quot;, line 2
    x = (1, 2, 3]
                ^--&gt;
SyntaxError: closing parenthesis &#39;]&#39; does not match opening parenthesis &#39;(&#39;

A `SyntaxError` occurs when Python cannot understand your code.

Python could not understand the code in the file
&#39;TESTS:\syntax\unmatched_closing_bracket_1.py&#39;
beyond the location indicated by ^.

   1: &quot;&quot;&quot;Should raise SyntaxError: invalid syntax&quot;&quot;&quot;
--&gt;2: x = (1, 2, 3]
                  ^

The closing square bracket `]` on line 2 does not match the opening parenthesis `(` on line 2.

    2: x = (1, 2, 3]
           ^       ^
</pre></div>
</div>
</div>
<div class="section" id="mismatched-brackets-2">
<h2>(171) Mismatched brackets - 2<a class="headerlink" href="#mismatched-brackets-2" title="Permalink to this headline">¶</a></h2>
<div class="highlight-none notranslate"><div class="highlight"><pre><span></span>Traceback (most recent call last):
  File &quot;TESTS:\trb_syntax_common.py&quot;, line 49, in create_tracebacks
    __import__(name)
  File &quot;TESTS:\syntax\unmatched_closing_bracket_2.py&quot;, line 4
    3]
     --&gt;
SyntaxError: closing parenthesis &#39;]&#39; does not match opening parenthesis &#39;(&#39; on line 2

A `SyntaxError` occurs when Python cannot understand your code.

Python could not understand the code in the file
&#39;TESTS:\syntax\unmatched_closing_bracket_2.py&#39;
beyond the location indicated by ^.

   1: &quot;&quot;&quot;Should raise SyntaxError: invalid syntax&quot;&quot;&quot;
   2: x = (1,
   3:      2,
--&gt;4:      3]
            ^

The closing square bracket `]` on line 4 does not match the opening parenthesis `(` on line 2.

    2: x = (1,
           ^
    4:      3]
             ^
</pre></div>
</div>
</div>
<div class="section" id="unmatched-brackets-3">
<h2>(172) Unmatched brackets - 3<a class="headerlink" href="#unmatched-brackets-3" title="Permalink to this headline">¶</a></h2>
<div class="highlight-none notranslate"><div class="highlight"><pre><span></span>Traceback (most recent call last):
  File &quot;TESTS:\trb_syntax_common.py&quot;, line 49, in create_tracebacks
    __import__(name)
  File &quot;TESTS:\syntax\unmatched_closing_bracket_3.py&quot;, line 3
    3]]
      --&gt;
SyntaxError: unmatched &#39;]&#39;

A `SyntaxError` occurs when Python cannot understand your code.

Python could not understand the code in the file
&#39;TESTS:\syntax\unmatched_closing_bracket_3.py&#39;
beyond the location indicated by ^.

   1: x = [1,
   2:      2,
--&gt;3:      3]]
             ^

The closing square bracket `]` on line 3 does not match anything.
</pre></div>
</div>
</div>
<div class="section" id="unterminated-triple-quoted-string">
<h2>(173) Unterminated triple quoted string<a class="headerlink" href="#unterminated-triple-quoted-string" title="Permalink to this headline">¶</a></h2>
<div class="highlight-none notranslate"><div class="highlight"><pre><span></span>Traceback (most recent call last):
  File &quot;TESTS:\trb_syntax_common.py&quot;, line 49, in create_tracebacks
    __import__(name)
  File &quot;TESTS:\syntax\unterminated_triple_quote_string.py&quot;, line 1
    some_text = &quot;&quot;&quot;In a land
                ^^^^^^^^^^^^--&gt;
SyntaxError: unterminated triple-quoted string literal (detected at line 4)

A `SyntaxError` occurs when Python cannot understand your code.

Python could not understand the code in the file
&#39;TESTS:\syntax\unterminated_triple_quote_string.py&#39;
beyond the location indicated by ^.

--&gt;1: some_text =
                  ^

You started writing a triple-quoted string but never wrote
the triple quotes needed to end the string.
</pre></div>
</div>
</div>
<div class="section" id="taberror">
<h2>(174) TabError<a class="headerlink" href="#taberror" title="Permalink to this headline">¶</a></h2>
<div class="highlight-none notranslate"><div class="highlight"><pre><span></span>Traceback (most recent call last):
  File &quot;TESTS:\trb_syntax_common.py&quot;, line 49, in create_tracebacks
    __import__(name)
  File &quot;TESTS:\syntax\tab_error.py&quot;, line 7
    pass
  ^
TabError: inconsistent use of tabs and spaces in indentation

A `TabError` indicates that you have used both spaces
and tab characters to indent your code.
This is not allowed in Python.
Indenting your code means to have block of codes aligned vertically
by inserting either spaces or tab characters at the beginning of lines.
Python&#39;s recommendation is to always use spaces to indent your code.

Python could not understand the code in the file
&#39;TESTS:\syntax\tab_error.py&#39;
beyond the location indicated by ^.

   3:
   4:
   5: def test_tab_error():
   6:     if True:
--&gt;7:       pass
     ^
</pre></div>
</div>
</div>
<div class="section" id="eol-unescaped-backslash">
<h2>(175) EOL unescaped backslash<a class="headerlink" href="#eol-unescaped-backslash" title="Permalink to this headline">¶</a></h2>
<div class="highlight-none notranslate"><div class="highlight"><pre><span></span>Traceback (most recent call last):
  File &quot;TESTS:\trb_syntax_common.py&quot;, line 49, in create_tracebacks
    __import__(name)
  File &quot;TESTS:\syntax\unescaped_backslash.py&quot;, line 1
    a = &quot;abc\&quot;
        ^^^^^^--&gt;
SyntaxError: unterminated string literal (detected at line 1)

    Did you forget to escape a backslash character?

A `SyntaxError` occurs when Python cannot understand your code.

Python could not understand the code in the file
&#39;TESTS:\syntax\unescaped_backslash.py&#39;
beyond the location indicated by ^.

--&gt;1: a = &quot;abc\&quot;
          ^

You started writing a string with a single or double quote
but never ended the string with another quote on that line.
Perhaps you meant to write the backslash character, `\`
as the last character in the string and forgot that you
needed to escape it by writing two `\` in a row.
</pre></div>
</div>
</div>
<div class="section" id="using-the-backquote-character">
<h2>(176) Using the backquote character<a class="headerlink" href="#using-the-backquote-character" title="Permalink to this headline">¶</a></h2>
<div class="highlight-none notranslate"><div class="highlight"><pre><span></span>Traceback (most recent call last):
  File &quot;TESTS:\trb_syntax_common.py&quot;, line 49, in create_tracebacks
    __import__(name)
  File &quot;TESTS:\syntax\use_backquote.py&quot;, line 3
    a = `1`
        ^
SyntaxError: invalid syntax

    You should not use the backquote character.

A `SyntaxError` occurs when Python cannot understand your code.

Python could not understand the code in the file
&#39;TESTS:\syntax\use_backquote.py&#39;
beyond the location indicated by ^.

   1: &quot;&quot;&quot;Should raise SyntaxError: invalid syntax&quot;&quot;&quot;
   2:
--&gt;3: a = `1`
          ^

You are using the backquote character.
Either you meant to write a single quote, &#39;, or copied Python 2 code;
in this latter case, use the function `repr(x)`.
</pre></div>
</div>
</div>
<div class="section" id="walrus-instead-of-equal">
<h2>(177) Walrus instead of equal<a class="headerlink" href="#walrus-instead-of-equal" title="Permalink to this headline">¶</a></h2>
<div class="highlight-none notranslate"><div class="highlight"><pre><span></span>Traceback (most recent call last):
  File &quot;TESTS:\trb_syntax_common.py&quot;, line 49, in create_tracebacks
    __import__(name)
  File &quot;TESTS:\syntax\walrus_instead_of_equal.py&quot;, line 1
    a := 3
      ^^
SyntaxError: invalid syntax

    Did you mean to use `=`?

A `SyntaxError` occurs when Python cannot understand your code.

Python could not understand the code in the file
&#39;TESTS:\syntax\walrus_instead_of_equal.py&#39;
beyond the location indicated by ^.

--&gt;1: a := 3
        ^

You use the augmented assignment operator `:=` where
the normal assignment operator `=` was required.
</pre></div>
</div>
</div>
<div class="section" id="missing-condition-in-while-statement">
<h2>(178) Missing condition in while statement<a class="headerlink" href="#missing-condition-in-while-statement" title="Permalink to this headline">¶</a></h2>
<div class="highlight-none notranslate"><div class="highlight"><pre><span></span>Traceback (most recent call last):
  File &quot;TESTS:\trb_syntax_common.py&quot;, line 49, in create_tracebacks
    __import__(name)
  File &quot;TESTS:\syntax\while_missing_condition.py&quot;, line 1
    while:
         ^
SyntaxError: invalid syntax

    You forgot to add a condition.

A `SyntaxError` occurs when Python cannot understand your code.

Python could not understand the code in the file
&#39;TESTS:\syntax\while_missing_condition.py&#39;
beyond the location indicated by ^.

--&gt;1: while:
           ^

A `while` loop requires a condition:

    while condition:
        ...
</pre></div>
</div>
</div>
</div>


           </div>
           
          </div>
          <footer>
    <div class="rst-footer-buttons" role="navigation" aria-label="footer navigation">
        <a href="compare_exceptions.html" class="btn btn-neutral float-right" title="Comparing Exception messages between Python versions" accesskey="n" rel="next">Next <span class="fa fa-arrow-circle-right" aria-hidden="true"></span></a>
        <a href="tracebacks_en_3.10.html" class="btn btn-neutral float-left" title="Friendly tracebacks - in English" accesskey="p" rel="prev"><span class="fa fa-arrow-circle-left" aria-hidden="true"></span> Previous</a>
    </div>

  <hr/>

  <div role="contentinfo">
    <p>
        &#169; Copyright André Roberge.

    </p>
  </div>
    
    
    
    Built with <a href="https://www.sphinx-doc.org/">Sphinx</a> using a
    
    <a href="https://github.com/readthedocs/sphinx_rtd_theme">theme</a>
    
    provided by <a href="https://readthedocs.org">Read the Docs</a>. 

</footer>
        </div>
      </div>

    </section>

  </div>
  

  <script type="text/javascript">
      jQuery(function () {
          SphinxRtdTheme.Navigation.enable(true);
      });
  </script>

  
  
    
   

</body>
</html>