

<!DOCTYPE html>
<html class="writer-html5" lang="en" >
<head>
  <meta charset="utf-8" />
  
  <meta name="viewport" content="width=device-width, initial-scale=1.0" />
  
  <title>Friendly tracebacks - en Français &mdash; friendly-traceback 0.3.142 documentation</title>
  

  
  <link rel="stylesheet" href="_static/css/theme.css" type="text/css" />
  <link rel="stylesheet" href="_static/pygments.css" type="text/css" />
  <link rel="stylesheet" href="_static/custom.css" type="text/css" />

  
  

  
  

  

  
  <!--[if lt IE 9]>
    <script src="_static/js/html5shiv.min.js"></script>
  <![endif]-->
  
    
      <script type="text/javascript" id="documentation_options" data-url_root="./" src="_static/documentation_options.js"></script>
        <script src="_static/jquery.js"></script>
        <script src="_static/underscore.js"></script>
        <script src="_static/doctools.js"></script>
    
    <script type="text/javascript" src="_static/js/theme.js"></script>

    
    <link rel="index" title="Index" href="genindex.html" />
    <link rel="search" title="Search" href="search.html" />
    <link rel="next" title="Friendly SyntaxError tracebacks - en Français" href="syntax_tracebacks_fr.html" />
    <link rel="prev" title="Comparison between Python versions: SyntaxErrors" href="compare.html" /> 
</head>

<body class="wy-body-for-nav">

   
  <div class="wy-grid-for-nav">
    
    <nav data-toggle="wy-nav-shift" class="wy-nav-side">
      <div class="wy-side-scroll">
        <div class="wy-side-nav-search" >
          

          
            <a href="index.html" class="icon icon-home"> friendly-traceback
          

          
          </a>

          
            
            
              <div class="version">
                0.3.142
              </div>
            
          

          
<div role="search">
  <form id="rtd-search-form" class="wy-form" action="search.html" method="get">
    <input type="text" name="q" placeholder="Search docs" />
    <input type="hidden" name="check_keywords" value="yes" />
    <input type="hidden" name="area" value="default" />
  </form>
</div>

          
        </div>

        
        <div class="wy-menu wy-menu-vertical" data-spy="affix" role="navigation" aria-label="main navigation">
          
            
            
              
            
            
              <p class="caption"><span class="caption-text">Begin here</span></p>
<ul>
<li class="toctree-l1"><a class="reference internal" href="beginner.html">Useful information for beginners</a></li>
<li class="toctree-l1"><a class="reference internal" href="install.html">Installation</a></li>
<li class="toctree-l1"><a class="reference internal" href="usage.html">Basic usage</a></li>
</ul>
<p class="caption"><span class="caption-text">friendly console</span></p>
<ul>
<li class="toctree-l1"><a class="reference internal" href="repl.html">Console basics</a></li>
<li class="toctree-l1"><a class="reference internal" href="why.html">why()</a></li>
<li class="toctree-l1"><a class="reference internal" href="what.html">what()</a></li>
<li class="toctree-l1"><a class="reference internal" href="where.html">where()</a></li>
<li class="toctree-l1"><a class="reference internal" href="explain.html">explain()</a></li>
<li class="toctree-l1"><a class="reference internal" href="www.html">www()</a></li>
<li class="toctree-l1"><a class="reference internal" href="history.html">history() and back()</a></li>
<li class="toctree-l1"><a class="reference internal" href="friendly_object.html">Friendly object</a></li>
<li class="toctree-l1"><a class="reference internal" href="friendly_object.html#everything-about-the-friendly-console">Everything about the friendly console</a></li>
<li class="toctree-l1"><a class="reference internal" href="multiple_tracebacks.html">Multiple tracebacks</a></li>
<li class="toctree-l1"><a class="reference internal" href="repl_api.html">Everything about the friendly console</a></li>
<li class="toctree-l1"><a class="reference internal" href="about_warnings.html">One last thing</a></li>
</ul>
<p class="caption"><span class="caption-text">Why import *?</span></p>
<ul>
<li class="toctree-l1"><a class="reference internal" href="import_all.html">Why <code class="docutils literal notranslate"><span class="pre">import</span> <span class="pre">*</span></code>?</a></li>
</ul>
<p class="caption"><span class="caption-text">IDLE</span></p>
<ul>
<li class="toctree-l1"><a class="reference internal" href="idle.html">About IDLE</a></li>
<li class="toctree-l1"><a class="reference internal" href="idle_repl.html">IDLE’s shell</a></li>
<li class="toctree-l1"><a class="reference internal" href="idle_run.html">IDLE: using the editor</a></li>
</ul>
<p class="caption"><span class="caption-text">Mu</span></p>
<ul>
<li class="toctree-l1"><a class="reference internal" href="mu_about.html">About Mu</a></li>
<li class="toctree-l1"><a class="reference internal" href="mu_install.html">Using with Mu: installation</a></li>
<li class="toctree-l1"><a class="reference internal" href="mu_repl.html">Mu’s REPL</a></li>
<li class="toctree-l1"><a class="reference internal" href="mu_run.html">Mu: executing a program</a></li>
</ul>
<p class="caption"><span class="caption-text">Other consoles</span></p>
<ul>
<li class="toctree-l1"><a class="reference internal" href="pyrepl.html">Using another REPL</a></li>
<li class="toctree-l1"><a class="reference internal" href="vs_code_repl.html">Visual Studio Code’s terminal</a></li>
<li class="toctree-l1"><a class="reference internal" href="ipython_repl.html">IPython’s console</a></li>
<li class="toctree-l1"><a class="reference internal" href="other_repl.html">Other repl</a></li>
</ul>
<p class="caption"><span class="caption-text">Editors and Notebooks</span></p>
<ul>
<li class="toctree-l1"><a class="reference internal" href="install_thonny.html">Information for Thonny</a></li>
<li class="toctree-l1"><a class="reference internal" href="editor.html">Using with an editor or IDE</a></li>
<li class="toctree-l1"><a class="reference internal" href="jupyter.html">Jupyter notebooks</a></li>
<li class="toctree-l1"><a class="reference internal" href="vs_code.html">Visual Studio Code</a></li>
<li class="toctree-l1"><a class="reference internal" href="colab.html">Google’s colab</a></li>
</ul>
<p class="caption"><span class="caption-text">Thoughts on design</span></p>
<ul>
<li class="toctree-l1"><a class="reference internal" href="design.html">Some thoughts on the design of friendly</a></li>
<li class="toctree-l1"><a class="reference internal" href="themes.html">Themes and colours</a></li>
</ul>
<p class="caption"><span class="caption-text">Use in your project</span></p>
<ul>
<li class="toctree-l1"><a class="reference internal" href="api.html">Public API</a></li>
<li class="toctree-l1"><a class="reference internal" href="formatter.html">Custom formatter</a></li>
<li class="toctree-l1"><a class="reference internal" href="usage_adv.html">Other details for advanced users</a></li>
<li class="toctree-l1"><a class="reference internal" href="plugins.html">Editor plugins</a></li>
</ul>
<p class="caption"><span class="caption-text">Contribute</span></p>
<ul>
<li class="toctree-l1"><a class="reference internal" href="suggest.html">Suggest an addition</a></li>
<li class="toctree-l1"><a class="reference internal" href="translation_notes.html">Notes on translations - using gettext</a></li>
</ul>
<p class="caption"><span class="caption-text">All the tracebacks!</span></p>
<ul>
<li class="toctree-l1"><a class="reference internal" href="known.html">Generic information about various exceptions</a></li>
<li class="toctree-l1"><a class="reference internal" href="tracebacks_en_3.6.html">friendly tracebacks - Python 3.6 in English</a></li>
<li class="toctree-l1"><a class="reference internal" href="syntax_tracebacks_en_3.6.html">SyntaxError - Python 3.6 in English</a></li>
<li class="toctree-l1"><a class="reference internal" href="tracebacks_en_3.7.html">friendly tracebacks - Python 3.7 in English</a></li>
<li class="toctree-l1"><a class="reference internal" href="syntax_tracebacks_en_3.7.html">SyntaxError - Python 3.7 in English</a></li>
<li class="toctree-l1"><a class="reference internal" href="tracebacks_en_3.8.html">friendly tracebacks - Python 3.8 in English</a></li>
<li class="toctree-l1"><a class="reference internal" href="syntax_tracebacks_en_3.8.html">SyntaxError - Python 3.8 in English</a></li>
<li class="toctree-l1"><a class="reference internal" href="tracebacks_en_3.9.html">friendly tracebacks - Python 3.9 in English</a></li>
<li class="toctree-l1"><a class="reference internal" href="syntax_tracebacks_en_3.9.html">SyntaxError - Python 3.9 in English</a></li>
<li class="toctree-l1"><a class="reference internal" href="tracebacks_en_3.10.html">friendly tracebacks - Python 3.10 in English</a></li>
<li class="toctree-l1"><a class="reference internal" href="syntax_tracebacks_en_3.10.html">SyntaxError - Python 3.10 in English</a></li>
<li class="toctree-l1"><a class="reference internal" href="compare_exceptions.html">Comparing Exception messages between Python versions</a></li>
<li class="toctree-l1"><a class="reference internal" href="compare.html">Comparison between Python versions: SyntaxErrors</a></li>
</ul>
<p class="caption"><span class="caption-text">En français</span></p>
<ul class="current">
<li class="toctree-l1 current"><a class="current reference internal" href="#"> Friendly tracebacks - en Français</a><ul>
<li class="toctree-l2"><a class="reference internal" href="#arithmeticerror">ArithmeticError</a><ul>
<li class="toctree-l3"><a class="reference internal" href="#generic">Generic</a></li>
</ul>
</li>
<li class="toctree-l2"><a class="reference internal" href="#assertionerror">AssertionError</a><ul>
<li class="toctree-l3"><a class="reference internal" href="#id1">Generic</a></li>
</ul>
</li>
<li class="toctree-l2"><a class="reference internal" href="#attributeerror">AttributeError</a><ul>
<li class="toctree-l3"><a class="reference internal" href="#attribute-from-other-module">Attribute from other module</a></li>
<li class="toctree-l3"><a class="reference internal" href="#builtin-function">Builtin function</a></li>
<li class="toctree-l3"><a class="reference internal" href="#builtin-module-with-no-file">Builtin module with no file</a></li>
<li class="toctree-l3"><a class="reference internal" href="#circular-import">Circular import</a></li>
<li class="toctree-l3"><a class="reference internal" href="#circular-import-b">Circular import b</a></li>
<li class="toctree-l3"><a class="reference internal" href="#id2">Generic</a></li>
<li class="toctree-l3"><a class="reference internal" href="#generic-different-frame">Generic different frame</a></li>
<li class="toctree-l3"><a class="reference internal" href="#generic-instance">Generic instance</a></li>
<li class="toctree-l3"><a class="reference internal" href="#module-attribute-typo">Module attribute typo</a></li>
<li class="toctree-l3"><a class="reference internal" href="#nonetype">Nonetype</a></li>
<li class="toctree-l3"><a class="reference internal" href="#object-attribute-typo">Object attribute typo</a></li>
<li class="toctree-l3"><a class="reference internal" href="#perhaps-comma">Perhaps comma</a></li>
<li class="toctree-l3"><a class="reference internal" href="#shadow-stdlib-module">Shadow stdlib module</a></li>
<li class="toctree-l3"><a class="reference internal" href="#tuple-by-accident">Tuple by accident</a></li>
<li class="toctree-l3"><a class="reference internal" href="#use-builtin">Use builtin</a></li>
<li class="toctree-l3"><a class="reference internal" href="#use-join-with-str">Use join with str</a></li>
<li class="toctree-l3"><a class="reference internal" href="#use-synonym">Use synonym</a></li>
<li class="toctree-l3"><a class="reference internal" href="#using-slots">Using slots</a></li>
</ul>
</li>
<li class="toctree-l2"><a class="reference internal" href="#filenotfounderror">FileNotFoundError</a><ul>
<li class="toctree-l3"><a class="reference internal" href="#id3">Generic</a></li>
</ul>
</li>
<li class="toctree-l2"><a class="reference internal" href="#importerror">ImportError</a><ul>
<li class="toctree-l3"><a class="reference internal" href="#id4">Circular import</a></li>
<li class="toctree-l3"><a class="reference internal" href="#simple-import-error">Simple import error</a></li>
</ul>
</li>
<li class="toctree-l2"><a class="reference internal" href="#indexerror">IndexError</a><ul>
<li class="toctree-l3"><a class="reference internal" href="#empty">Empty</a></li>
<li class="toctree-l3"><a class="reference internal" href="#long-list">Long list</a></li>
<li class="toctree-l3"><a class="reference internal" href="#short-tuple">Short tuple</a></li>
</ul>
</li>
<li class="toctree-l2"><a class="reference internal" href="#keyerror">KeyError</a><ul>
<li class="toctree-l3"><a class="reference internal" href="#chainmap">ChainMap</a></li>
<li class="toctree-l3"><a class="reference internal" href="#forgot-to-convert-to-string">Forgot to convert to string</a></li>
<li class="toctree-l3"><a class="reference internal" href="#generic-key-error">Generic key error</a></li>
<li class="toctree-l3"><a class="reference internal" href="#popitem-empty-chainmap">Popitem empty ChainMap</a></li>
<li class="toctree-l3"><a class="reference internal" href="#popitem-empty-dict">Popitem empty dict</a></li>
<li class="toctree-l3"><a class="reference internal" href="#similar-names">Similar names</a></li>
<li class="toctree-l3"><a class="reference internal" href="#string-by-mistake">String by mistake</a></li>
</ul>
</li>
<li class="toctree-l2"><a class="reference internal" href="#lookuperror">LookupError</a><ul>
<li class="toctree-l3"><a class="reference internal" href="#id5">Generic</a></li>
</ul>
</li>
<li class="toctree-l2"><a class="reference internal" href="#modulenotfounderror">ModuleNotFoundError</a><ul>
<li class="toctree-l3"><a class="reference internal" href="#need-to-install-module">Need to install module</a></li>
<li class="toctree-l3"><a class="reference internal" href="#not-a-package">Not a package</a></li>
<li class="toctree-l3"><a class="reference internal" href="#not-a-package-similar-name">Not a package similar name</a></li>
<li class="toctree-l3"><a class="reference internal" href="#object-not-module">Object not module</a></li>
<li class="toctree-l3"><a class="reference internal" href="#similar-object-not-module">Similar object not module</a></li>
<li class="toctree-l3"><a class="reference internal" href="#standard-library-module">Standard library module</a></li>
<li class="toctree-l3"><a class="reference internal" href="#no-curses">no curses</a></li>
</ul>
</li>
<li class="toctree-l2"><a class="reference internal" href="#nameerror">NameError</a><ul>
<li class="toctree-l3"><a class="reference internal" href="#annotated-variable">Annotated variable</a></li>
<li class="toctree-l3"><a class="reference internal" href="#custom-name">Custom name</a></li>
<li class="toctree-l3"><a class="reference internal" href="#free-variable-referenced">Free variable referenced</a></li>
<li class="toctree-l3"><a class="reference internal" href="#id6">Generic</a></li>
<li class="toctree-l3"><a class="reference internal" href="#missing-import">Missing import</a></li>
<li class="toctree-l3"><a class="reference internal" href="#synonym">Synonym</a></li>
</ul>
</li>
<li class="toctree-l2"><a class="reference internal" href="#oserror">OsError</a><ul>
<li class="toctree-l3"><a class="reference internal" href="#urllib-error">Urllib error</a></li>
</ul>
</li>
<li class="toctree-l2"><a class="reference internal" href="#overflowerror">OverflowError</a><ul>
<li class="toctree-l3"><a class="reference internal" href="#id7">Generic</a></li>
</ul>
</li>
<li class="toctree-l2"><a class="reference internal" href="#recursionerror">RecursionError</a><ul>
<li class="toctree-l3"><a class="reference internal" href="#id8">Generic</a></li>
</ul>
</li>
<li class="toctree-l2"><a class="reference internal" href="#typeerror">TypeError</a><ul>
<li class="toctree-l3"><a class="reference internal" href="#bad-type-for-unary-operator">Bad type for unary operator</a></li>
<li class="toctree-l3"><a class="reference internal" href="#builtin-has-no-len">Builtin has no len</a></li>
<li class="toctree-l3"><a class="reference internal" href="#can-only-concatenate">Can only concatenate</a></li>
<li class="toctree-l3"><a class="reference internal" href="#cannot-convert-dictionary-update-sequence">Cannot convert dictionary update sequence</a></li>
<li class="toctree-l3"><a class="reference internal" href="#cannot-multiply-by-non-int">Cannot multiply by non int</a></li>
<li class="toctree-l3"><a class="reference internal" href="#cannot-unpack-non-iterable-object">Cannot unpack non iterable object</a></li>
<li class="toctree-l3"><a class="reference internal" href="#comparison-not-supported">Comparison not supported</a></li>
<li class="toctree-l3"><a class="reference internal" href="#derive-from-baseexception">Derive from BaseException</a></li>
<li class="toctree-l3"><a class="reference internal" href="#indices-must-be-integers-or-slices">Indices must be integers or slices</a></li>
<li class="toctree-l3"><a class="reference internal" href="#not-an-integer">Not an integer</a></li>
<li class="toctree-l3"><a class="reference internal" href="#not-callable">Not callable</a></li>
<li class="toctree-l3"><a class="reference internal" href="#object-is-not-iterable">Object is not iterable</a></li>
<li class="toctree-l3"><a class="reference internal" href="#object-is-not-subscriptable">Object is not subscriptable</a></li>
<li class="toctree-l3"><a class="reference internal" href="#slice-indices-must-be-integers-or-none">Slice indices must be integers or None</a></li>
<li class="toctree-l3"><a class="reference internal" href="#too-few-positional-argument">Too few positional argument</a></li>
<li class="toctree-l3"><a class="reference internal" href="#too-many-positional-argument">Too many positional argument</a></li>
<li class="toctree-l3"><a class="reference internal" href="#tuple-no-item-assignment">Tuple no item assignment</a></li>
<li class="toctree-l3"><a class="reference internal" href="#unhachable-type">Unhachable type</a></li>
<li class="toctree-l3"><a class="reference internal" href="#unsupported-operand-types">Unsupported operand types</a></li>
<li class="toctree-l3"><a class="reference internal" href="#function-has-no-len">function has no len</a></li>
</ul>
</li>
<li class="toctree-l2"><a class="reference internal" href="#unboundlocalerror">UnboundLocalError</a><ul>
<li class="toctree-l3"><a class="reference internal" href="#missing-both">Missing both</a></li>
<li class="toctree-l3"><a class="reference internal" href="#missing-global">Missing global</a></li>
<li class="toctree-l3"><a class="reference internal" href="#missing-nonlocal">Missing nonlocal</a></li>
<li class="toctree-l3"><a class="reference internal" href="#typo-in-local">Typo in local</a></li>
</ul>
</li>
<li class="toctree-l2"><a class="reference internal" href="#unknownerror">UnknownError</a><ul>
<li class="toctree-l3"><a class="reference internal" href="#id9">Generic</a></li>
</ul>
</li>
<li class="toctree-l2"><a class="reference internal" href="#valueerror">ValueError</a><ul>
<li class="toctree-l3"><a class="reference internal" href="#date-invalid-month">Date invalid month</a></li>
<li class="toctree-l3"><a class="reference internal" href="#not-enough-values-to-unpack">Not enough values to unpack</a></li>
<li class="toctree-l3"><a class="reference internal" href="#too-many-values-to-unpack">Too many values to unpack</a></li>
</ul>
</li>
<li class="toctree-l2"><a class="reference internal" href="#zerodivisionerror">ZeroDivisionError</a><ul>
<li class="toctree-l3"><a class="reference internal" href="#complex-division">Complex division</a></li>
<li class="toctree-l3"><a class="reference internal" href="#division-by-zero-literal">Division by zero literal</a></li>
<li class="toctree-l3"><a class="reference internal" href="#division-operator">Division operator</a></li>
<li class="toctree-l3"><a class="reference internal" href="#divmod">Divmod</a></li>
<li class="toctree-l3"><a class="reference internal" href="#float-division">Float division</a></li>
<li class="toctree-l3"><a class="reference internal" href="#float-divmod">Float divmod</a></li>
<li class="toctree-l3"><a class="reference internal" href="#float-modulo">Float modulo</a></li>
<li class="toctree-l3"><a class="reference internal" href="#integer-division-operator">Integer division operator</a></li>
<li class="toctree-l3"><a class="reference internal" href="#mixed-operations">Mixed operations</a></li>
<li class="toctree-l3"><a class="reference internal" href="#modulo-operator">Modulo operator</a></li>
<li class="toctree-l3"><a class="reference internal" href="#raise-zero-negative-power">Raise zero negative power</a></li>
</ul>
</li>
</ul>
</li>
<li class="toctree-l1"><a class="reference internal" href="syntax_tracebacks_fr.html"> Friendly SyntaxError tracebacks - en Français</a></li>
</ul>

            
          
        </div>
        
      </div>
    </nav>

    <section data-toggle="wy-nav-shift" class="wy-nav-content-wrap">

      
      <nav class="wy-nav-top" aria-label="top navigation">
        
          <i data-toggle="wy-nav-top" class="fa fa-bars"></i>
          <a href="index.html">friendly-traceback</a>
        
      </nav>


      <div class="wy-nav-content">
        
        <div class="rst-content style-external-links">
        
          

















<div role="navigation" aria-label="breadcrumbs navigation">

  <ul class="wy-breadcrumbs">
    
      <li><a href="index.html" class="icon icon-home"></a> &raquo;</li>
        
      <li> Friendly tracebacks - en Français</li>
    
    
      <li class="wy-breadcrumbs-aside">
        
          
            <a href="_sources/tracebacks_fr.rst.txt" rel="nofollow"> View page source</a>
          
        
      </li>
    
  </ul>

  
  <div class="rst-breadcrumbs-buttons" role="navigation" aria-label="breadcrumb navigation">
      
        <a href="syntax_tracebacks_fr.html" class="btn btn-neutral float-right" title="Friendly SyntaxError tracebacks - en Français" accesskey="n">Next <span class="fa fa-arrow-circle-right" aria-hidden="true"></span></a>
      
      
        <a href="compare.html" class="btn btn-neutral float-left" title="Comparison between Python versions: SyntaxErrors" accesskey="p"><span class="fa fa-arrow-circle-left" aria-hidden="true"></span> Previous</a>
      
  </div>
  
  <hr/>
</div>
          <div role="main" class="document" itemscope="itemscope" itemtype="http://schema.org/Article">
           <div itemprop="articleBody">
            
  <div class="admonition warning">
<p class="admonition-title">Warning</p>
<p>This project is being split into 3 separate projects:</p>
<ul class="simple">
<li><p><code class="docutils literal notranslate"><span class="pre">friendly_traceback</span></code>,</p></li>
<li><p><code class="docutils literal notranslate"><span class="pre">friendly</span></code>, and</p></li>
<li><p><code class="docutils literal notranslate"><span class="pre">friendly_idle</span></code>.</p></li>
</ul>
<p>The documentation does not reflect this change.</p>
<p>If you are a end-user, just install <code class="docutils literal notranslate"><span class="pre">friendly</span></code> until further notice.</p>
</div>
<div class="section" id="france-friendly-tracebacks-en-francais">
<h1><img alt="france" src="_images/france.png" /> Friendly tracebacks - en Français<a class="headerlink" href="#france-friendly-tracebacks-en-francais" title="Permalink to this headline">¶</a></h1>
<p>Le but principal de friendly est de fournir des rétroactions plus
conviviales que les fameux <strong>tracebacks</strong> de Python lorsqu’une exception survient.</p>
<div class="admonition note">
<p class="admonition-title">Note</p>
<p>Le contenu de cette page a été généré par l’exécution de
trb_french.py situé dans le répertoire <code class="docutils literal notranslate"><span class="pre">tests/</span></code>.
Ceci a besoin d’être fait de manière explicite lorsqu’on veut
faire des corrections ou des ajouts, avant de faire la mise
à jour du reste de la documentation avec Sphinx.</p>
</div>
<p>Friendly version: 0.3.142
Python version: 3.8.10</p>
<div class="section" id="arithmeticerror">
<h2>ArithmeticError<a class="headerlink" href="#arithmeticerror" title="Permalink to this headline">¶</a></h2>
<div class="section" id="generic">
<h3>Generic<a class="headerlink" href="#generic" title="Permalink to this headline">¶</a></h3>
<div class="highlight-none notranslate"><div class="highlight"><pre><span></span>Traceback (most recent call last):
  File &quot;TESTS:\runtime\test_arithmetic_error.py&quot;, line 9, in test_Generic
    raise ArithmeticError(&#39;error&#39;)
ArithmeticError: error

`ArithmeticError` est la classe de base pour les exceptions
qui sont soulevées pour diverses erreurs arithmétiques.
Il est inhabituel que vous voyiez cette exception;
normalement, une exception plus spécifique aurait dû être soulevée.

Exception levée à la ligne 9 du fichier TESTS:\runtime\test_arithmetic_error.py.

    7:         # Usually, a subclass such as ZeroDivisionError, etc., would
    8:         # likely be raised.
--&gt; 9:         raise ArithmeticError(&#39;error&#39;)
   10:     except ArithmeticError as e:

        ArithmeticError:  &lt;class ArithmeticError&gt;
</pre></div>
</div>
</div>
</div>
<div class="section" id="assertionerror">
<h2>AssertionError<a class="headerlink" href="#assertionerror" title="Permalink to this headline">¶</a></h2>
<div class="section" id="id1">
<h3>Generic<a class="headerlink" href="#id1" title="Permalink to this headline">¶</a></h3>
<div class="highlight-none notranslate"><div class="highlight"><pre><span></span>Traceback (most recent call last):
  File &quot;TESTS:\runtime\test_assertion_error.py&quot;, line 8, in test_Generic
    raise AssertionError(&quot;Fake message&quot;)
AssertionError: Fake message

Dans Python, le mot clé `assert` est utilisé dans des énoncés ayant la forme
`assert condition`, pour confirmer que `condition` n’est pas `False`;
ni équivalente à `False` comme une liste vide, etc.

Si `condition` est `False` ou son équivalent, une exception de type `AssertionError` est levée.

Exception levée à la ligne 8 du fichier TESTS:\runtime\test_assertion_error.py.

    6:         # We raise it explicitly, rather than with the keyword assert, since
    7:         # we don&#39;t want pytest to rewrite out test.
--&gt; 8:         raise AssertionError(&quot;Fake message&quot;)
    9:     except AssertionError as e:

        AssertionError:  &lt;class AssertionError&gt;
</pre></div>
</div>
</div>
</div>
<div class="section" id="attributeerror">
<h2>AttributeError<a class="headerlink" href="#attributeerror" title="Permalink to this headline">¶</a></h2>
<div class="section" id="attribute-from-other-module">
<h3>Attribute from other module<a class="headerlink" href="#attribute-from-other-module" title="Permalink to this headline">¶</a></h3>
<div class="highlight-none notranslate"><div class="highlight"><pre><span></span>Traceback (most recent call last):
  File &quot;TESTS:\runtime\test_attribute_error.py&quot;, line 299, in test_Attribute_from_other_module
    keyword.pi
AttributeError: module &#39;keyword&#39; has no attribute &#39;pi&#39;

    Vouliez-vous dire l’un des modules suivants: `math, cmath` ?
Une exception `AttributeError` se produit lorsque le code contient quelque chose comme
    `object.x`
et `x` n’est pas une méthode ou un attribut (variable) appartenant à `objet`.

Au lieu du module `keyword`, peut-être vouliez-vous utiliser l’attribut `pi` de
l&#39;un des modules suivants:
`math, cmath` .

Exception levée à la ligne 299 du fichier TESTS:\runtime\test_attribute_error.py.

   297:     import cmath
   298:     try:
--&gt;299:         keyword.pi
   300:     except AttributeError as e:

        keyword:  &lt;module keyword&gt; from PYTHON_LIB:\keyword.py
</pre></div>
</div>
</div>
<div class="section" id="builtin-function">
<h3>Builtin function<a class="headerlink" href="#builtin-function" title="Permalink to this headline">¶</a></h3>
<div class="highlight-none notranslate"><div class="highlight"><pre><span></span>Traceback (most recent call last):
  File &quot;TESTS:\runtime\test_attribute_error.py&quot;, line 217, in test_Builtin_function
    len.text
AttributeError: &#39;builtin_function_or_method&#39; object has no attribute &#39;text&#39;

    Vouliez-vous dire `len(text)` ?

Une exception `AttributeError` se produit lorsque le code contient quelque chose comme
    `object.x`
et `x` n’est pas une méthode ou un attribut (variable) appartenant à `objet`.

`len` est une fonction. Peut-être que vous vouliez écrire
`len(text)`

Exception levée à la ligne 217 du fichier TESTS:\runtime\test_attribute_error.py.

   215:     text = &#39;Hello world!&#39;
   216:     try:
--&gt;217:         len.text
   218:     except AttributeError as e:

        text:  &#39;Hello world!&#39;
        len:  &lt;builtin function len&gt;
</pre></div>
</div>
</div>
<div class="section" id="builtin-module-with-no-file">
<h3>Builtin module with no file<a class="headerlink" href="#builtin-module-with-no-file" title="Permalink to this headline">¶</a></h3>
<div class="highlight-none notranslate"><div class="highlight"><pre><span></span>Traceback (most recent call last):
  File &quot;TESTS:\runtime\test_attribute_error.py&quot;, line 234, in test_Builtin_module_with_no_file
    sys.foo
AttributeError: module &#39;sys&#39; has no attribute &#39;foo&#39;

Une exception `AttributeError` se produit lorsque le code contient quelque chose comme
    `object.x`
et `x` n’est pas une méthode ou un attribut (variable) appartenant à `objet`.

Python nous dit qu’aucun objet avec le nom `foo` n’est
dans le module `sys`.

Exception levée à la ligne 234 du fichier TESTS:\runtime\test_attribute_error.py.

   232:
   233:     try:
--&gt;234:         sys.foo
   235:     except AttributeError as e:

        sys:  &lt;module sys (builtin)&gt;
</pre></div>
</div>
</div>
<div class="section" id="circular-import">
<h3>Circular import<a class="headerlink" href="#circular-import" title="Permalink to this headline">¶</a></h3>
<div class="highlight-none notranslate"><div class="highlight"><pre><span></span>Traceback (most recent call last):
  File &quot;TESTS:\runtime\test_attribute_error.py&quot;, line 329, in test_Circular_import
    import my_turtle1
  File &quot;TESTS:\my_turtle1.py&quot;, line 4, in &lt;module&gt;
    a = my_turtle1.something
AttributeError: partially initialized module &#39;my_turtle1&#39; has no attribute &#39;something&#39; (most likely due to a circular import)

    Avez-vous donné à votre programme le même nom qu’un module Python ?

Une exception `AttributeError` se produit lorsque le code contient quelque chose comme
    `object.x`
et `x` n’est pas une méthode ou un attribut (variable) appartenant à `objet`.

Je soupçonne que vous avez utilisé le nom `my_turtle1.py` pour votre programme
et que vous vouliez aussi importer un module du même nom
de la bibliothèque standard de Python.
Si c’est le cas, vous devriez utiliser un nom différent pour votre programme.

L&#39;exécution s&#39;est arrêtée à la ligne 329 du fichier TESTS:\runtime\test_attribute_error.py

   327:     stdlib_modules.names.append(&quot;my_turtle1&quot;)
   328:     try:
--&gt;329:        import my_turtle1
   330:     except AttributeError as e:

Exception levée à la ligne 4 du fichier TESTS:\my_turtle1.py.

   2: import my_turtle1
   3:
--&gt;4: a = my_turtle1.something
          ^^^^^^^^^^^^^^^^^^^^

        my_turtle1:  &lt;module my_turtle1&gt; from TESTS:\my_turtle1.py
</pre></div>
</div>
</div>
<div class="section" id="circular-import-b">
<h3>Circular import b<a class="headerlink" href="#circular-import-b" title="Permalink to this headline">¶</a></h3>
<div class="highlight-none notranslate"><div class="highlight"><pre><span></span>Traceback (most recent call last):
  File &quot;TESTS:\runtime\test_attribute_error.py&quot;, line 346, in test_Circular_import_b
    import circular_c
  File &quot;TESTS:\circular_c.py&quot;, line 4, in &lt;module&gt;
    a = circular_c.something
AttributeError: partially initialized module &#39;circular_c&#39; has no attribute &#39;something&#39; (most likely due to a circular import)

    Vous avez une importation circulaire.

Une exception `AttributeError` se produit lorsque le code contient quelque chose comme
    `object.x`
et `x` n’est pas une méthode ou un attribut (variable) appartenant à `objet`.

Python a indiqué que le module `{module}` n&#39;était pas complètement importé.
Cela peut se produire si, pendant l&#39;exécution du code du module `circular_c`
une tentative est faite d&#39;importer à nouveau le même module.

L&#39;exécution s&#39;est arrêtée à la ligne 346 du fichier TESTS:\runtime\test_attribute_error.py

   344: def test_Circular_import_b():
   345:     try:
--&gt;346:         import circular_c
   347:     except AttributeError as e:

Exception levée à la ligne 4 du fichier TESTS:\circular_c.py.

   2: import circular_c
   3:
--&gt;4: a = circular_c.something
          ^^^^^^^^^^^^^^^^^^^^

        circular_c:  &lt;module circular_c&gt; from TESTS:\circular_c.py
</pre></div>
</div>
</div>
<div class="section" id="id2">
<h3>Generic<a class="headerlink" href="#id2" title="Permalink to this headline">¶</a></h3>
<div class="highlight-none notranslate"><div class="highlight"><pre><span></span>Traceback (most recent call last):
  File &quot;TESTS:\runtime\test_attribute_error.py&quot;, line 24, in test_Generic
    A.x  # testing type
AttributeError: type object &#39;A&#39; has no attribute &#39;x&#39;

Une exception `AttributeError` se produit lorsque le code contient quelque chose comme
    `object.x`
et `x` n’est pas une méthode ou un attribut (variable) appartenant à `objet`.

L’objet `A` n’a pas d’attribut nommé `x`.

Exception levée à la ligne 24 du fichier TESTS:\runtime\test_attribute_error.py.

   22:
   23:     try:
--&gt;24:         A.x  # testing type
   25:     except AttributeError as e:

        A:  &lt;class A&gt; from test_attribute_error.test_Generic
</pre></div>
</div>
</div>
<div class="section" id="generic-different-frame">
<h3>Generic different frame<a class="headerlink" href="#generic-different-frame" title="Permalink to this headline">¶</a></h3>
<div class="highlight-none notranslate"><div class="highlight"><pre><span></span>Traceback (most recent call last):
  File &quot;TESTS:\runtime\test_attribute_error.py&quot;, line 47, in test_Generic_different_frame
    a.attr
AttributeError: &#39;A&#39; object has no attribute &#39;attr&#39;

    Vouliez-vous dire `attr2` ?

Une exception `AttributeError` se produit lorsque le code contient quelque chose comme
    `object.x`
et `x` n’est pas une méthode ou un attribut (variable) appartenant à `objet`.

L’objet `a` n’a pas d’attribut nommé `attr`.
Peut-être que vous vouliez plutôt écrire : `a.attr2` au lieu de `a.attr`.

Exception levée à la ligne 47 du fichier TESTS:\runtime\test_attribute_error.py.

   45:     a = f()
   46:     try:
--&gt;47:         a.attr
   48:     except AttributeError as e:

        a:  &lt;f.A object&gt; from test_attribute_error.test_Generic_different_frame
</pre></div>
</div>
</div>
<div class="section" id="generic-instance">
<h3>Generic instance<a class="headerlink" href="#generic-instance" title="Permalink to this headline">¶</a></h3>
<div class="highlight-none notranslate"><div class="highlight"><pre><span></span>Traceback (most recent call last):
  File &quot;TESTS:\runtime\test_attribute_error.py&quot;, line 65, in test_Generic_instance
    a.x
AttributeError: &#39;A&#39; object has no attribute &#39;x&#39;

Une exception `AttributeError` se produit lorsque le code contient quelque chose comme
    `object.x`
et `x` n’est pas une méthode ou un attribut (variable) appartenant à `objet`.

L’objet `a` n’a pas d’attribut nommé `x`.

Exception levée à la ligne 65 du fichier TESTS:\runtime\test_attribute_error.py.

   63:     a = A()
   64:     try:
--&gt;65:         a.x
   66:     except AttributeError as e:

        a:  &lt;A object&gt; from test_attribute_error.test_Generic_instance
</pre></div>
</div>
</div>
<div class="section" id="module-attribute-typo">
<h3>Module attribute typo<a class="headerlink" href="#module-attribute-typo" title="Permalink to this headline">¶</a></h3>
<div class="highlight-none notranslate"><div class="highlight"><pre><span></span>Traceback (most recent call last):
  File &quot;TESTS:\runtime\test_attribute_error.py&quot;, line 142, in test_Module_attribute_typo
    math.cost
AttributeError: module &#39;math&#39; has no attribute &#39;cost&#39;

    Vouliez-vous dire `cos` ?

Une exception `AttributeError` se produit lorsque le code contient quelque chose comme
    `object.x`
et `x` n’est pas une méthode ou un attribut (variable) appartenant à `objet`.

Au lieu d’écrire `math.cost`, peut-être que vous vouliez écrire
l&#39;un des attributs suivants du module `math` :
cos, cosh, acos

Exception levée à la ligne 142 du fichier TESTS:\runtime\test_attribute_error.py.

   140:
   141:     try:
--&gt;142:         math.cost
   143:     except AttributeError as e:

        math:  &lt;module math (builtin)&gt;
</pre></div>
</div>
</div>
<div class="section" id="nonetype">
<h3>Nonetype<a class="headerlink" href="#nonetype" title="Permalink to this headline">¶</a></h3>
<div class="highlight-none notranslate"><div class="highlight"><pre><span></span>Traceback (most recent call last):
  File &quot;TESTS:\runtime\test_attribute_error.py&quot;, line 181, in test_Nonetype
    a.b
AttributeError: &#39;NoneType&#39; object has no attribute &#39;b&#39;

Une exception `AttributeError` se produit lorsque le code contient quelque chose comme
    `object.x`
et `x` n’est pas une méthode ou un attribut (variable) appartenant à `objet`.

Vous tentez d’accéder à l’attribut `b`
pour une variable dont la valeur est `None`.
Exception levée à la ligne 181 du fichier TESTS:\runtime\test_attribute_error.py.

   179:     a = None
   180:     try:
--&gt;181:         a.b
   182:     except AttributeError as e:

        a:  None
</pre></div>
</div>
</div>
<div class="section" id="object-attribute-typo">
<h3>Object attribute typo<a class="headerlink" href="#object-attribute-typo" title="Permalink to this headline">¶</a></h3>
<div class="highlight-none notranslate"><div class="highlight"><pre><span></span>Traceback (most recent call last):
  File &quot;TESTS:\runtime\test_attribute_error.py&quot;, line 81, in test_Object_attribute_typo
    a.appendh(4)
AttributeError: &#39;list&#39; object has no attribute &#39;appendh&#39;

    Vouliez-vous dire `append` ?

Une exception `AttributeError` se produit lorsque le code contient quelque chose comme
    `object.x`
et `x` n’est pas une méthode ou un attribut (variable) appartenant à `objet`.

L’objet `a` n’a pas d’attribut nommé `appendh`.
Peut-être que vous vouliez plutôt écrire : `a.append` au lieu de `a.appendh`.

Exception levée à la ligne 81 du fichier TESTS:\runtime\test_attribute_error.py.

   79:     try:
   80:         a = [1, 2, 3]
--&gt;81:         a.appendh(4)
               ^^^^^^^^^
   82:     except AttributeError as e:

        a:  [1, 2, 3]
</pre></div>
</div>
</div>
<div class="section" id="perhaps-comma">
<h3>Perhaps comma<a class="headerlink" href="#perhaps-comma" title="Permalink to this headline">¶</a></h3>
<div class="highlight-none notranslate"><div class="highlight"><pre><span></span>Traceback (most recent call last):
  File &quot;TESTS:\runtime\test_attribute_error.py&quot;, line 200, in test_Perhaps_comma
    a = [abcd
AttributeError: &#39;str&#39; object has no attribute &#39;defg&#39;

    Vouliez-vous séparer les noms d’objets par une virgule ?

Une exception `AttributeError` se produit lorsque le code contient quelque chose comme
    `object.x`
et `x` n’est pas une méthode ou un attribut (variable) appartenant à `objet`.

`defg` n’est pas un attribut de `abcd`.
Cependant, les objets `abcd` et `defg` sont des objets connus.
Peut-être avez-vous écrit une période pour séparer ces deux objets,
au lieu d’utiliser une virgule.

Exception levée à la ligne 200 du fichier TESTS:\runtime\test_attribute_error.py.

   198:     # fmt: off
   199:     try:
--&gt;200:         a = [abcd
   201:         .defg]

        abcd:  &#39;hello&#39;
        defg:  &#39;world&#39;
</pre></div>
</div>
</div>
<div class="section" id="shadow-stdlib-module">
<h3>Shadow stdlib module<a class="headerlink" href="#shadow-stdlib-module" title="Permalink to this headline">¶</a></h3>
<div class="highlight-none notranslate"><div class="highlight"><pre><span></span>Traceback (most recent call last):
  File &quot;TESTS:\runtime\test_attribute_error.py&quot;, line 163, in test_Shadow_stdlib_module
    turtle.Pen
AttributeError: module &#39;turtle&#39; has no attribute &#39;Pen&#39;

    Avez-vous donné à votre programme le même nom qu’un module Python ?

Une exception `AttributeError` se produit lorsque le code contient quelque chose comme
    `object.x`
et `x` n’est pas une méthode ou un attribut (variable) appartenant à `objet`.

Vous avez importé un module nommé `turtle` de `TESTS:\turtle.py`.
Il y a aussi un module nommé `turtle` dans la bibliothèque standard de Python.
Peut-être avez-vous besoin de renommer votre module.

Exception levée à la ligne 163 du fichier TESTS:\runtime\test_attribute_error.py.

   161:
   162:     try:
--&gt;163:         turtle.Pen
   164:     except AttributeError as e:

        turtle:  &lt;module turtle&gt; from TESTS:\turtle.py
</pre></div>
</div>
</div>
<div class="section" id="tuple-by-accident">
<h3>Tuple by accident<a class="headerlink" href="#tuple-by-accident" title="Permalink to this headline">¶</a></h3>
<div class="highlight-none notranslate"><div class="highlight"><pre><span></span>Traceback (most recent call last):
  File &quot;TESTS:\runtime\test_attribute_error.py&quot;, line 269, in test_Tuple_by_accident
    something.upper()
AttributeError: &#39;tuple&#39; object has no attribute &#39;upper&#39;

    Avez-vous écrit une virgule par erreur ?

Une exception `AttributeError` se produit lorsque le code contient quelque chose comme
    `object.x`
et `x` n’est pas une méthode ou un attribut (variable) appartenant à `objet`.

`something` est un tuple qui contient un seul élément
ayant `upper` comme attribut.
Peut-être avez-vous ajouté une virgule par erreur à la fin de la ligne
lorsque vous avez défini `something`.

Exception levée à la ligne 269 du fichier TESTS:\runtime\test_attribute_error.py.

   267:     something = &quot;abc&quot;,  # note trailing comma
   268:     try:
--&gt;269:         something.upper()
                ^^^^^^^^^^^^^^^
   270:     except AttributeError as e:

        something:  (&#39;abc&#39;,)
</pre></div>
</div>
</div>
<div class="section" id="use-builtin">
<h3>Use builtin<a class="headerlink" href="#use-builtin" title="Permalink to this headline">¶</a></h3>
<div class="highlight-none notranslate"><div class="highlight"><pre><span></span>Traceback (most recent call last):
  File &quot;TESTS:\runtime\test_attribute_error.py&quot;, line 97, in test_Use_builtin
    a.length()
AttributeError: &#39;list&#39; object has no attribute &#39;length&#39;

    Vouliez-vous utiliser `len(a)` ?

Une exception `AttributeError` se produit lorsque le code contient quelque chose comme
    `object.x`
et `x` n’est pas une méthode ou un attribut (variable) appartenant à `objet`.

L’objet `a` n’a pas d’attribut nommé `length`.
Peut-être pouvez-vous utiliser la fonction Python builtin `len` à la place:
`len(a)`.
Exception levée à la ligne 97 du fichier TESTS:\runtime\test_attribute_error.py.

   95:     try:
   96:         a = [1, 2, 3]
--&gt;97:         a.length()
               ^^^^^^^^
   98:     except AttributeError as e:

        a:  [1, 2, 3]
</pre></div>
</div>
</div>
<div class="section" id="use-join-with-str">
<h3>Use join with str<a class="headerlink" href="#use-join-with-str" title="Permalink to this headline">¶</a></h3>
<div class="highlight-none notranslate"><div class="highlight"><pre><span></span>Traceback (most recent call last):
  File &quot;TESTS:\runtime\test_attribute_error.py&quot;, line 313, in test_Use_join_with_str
    a = [&#39;a&#39;, &#39;2&#39;].join(&#39;abc&#39;) + [&#39;b&#39;, &#39;3&#39;].join(&#39;\n&#39;)
AttributeError: &#39;list&#39; object has no attribute &#39;join&#39;

    Voulez-vous dire `&#39;abc&#39;.join([&#39;a&#39;, &#39;2&#39;])` ?

Une exception `AttributeError` se produit lorsque le code contient quelque chose comme
    `object.x`
et `x` n’est pas une méthode ou un attribut (variable) appartenant à `objet`.

L’objet `[&#39;a&#39;, &#39;2&#39;]` n’a pas d’attribut nommé `join`.
Vous vouliez peut-être plutôt écrire quelque chose comme `&#39;...&#39;.join([&#39;a&#39;, &#39;2&#39;])`.

Exception levée à la ligne 313 du fichier TESTS:\runtime\test_attribute_error.py.

   311: def test_Use_join_with_str():
   312:     try:
--&gt;313:         a = [&#39;a&#39;, &#39;2&#39;].join(&#39;abc&#39;) + [&#39;b&#39;, &#39;3&#39;].join(&#39;\n&#39;)
                    ^^^^^^^^^^^^^^^
   314:     except AttributeError as e:
</pre></div>
</div>
</div>
<div class="section" id="use-synonym">
<h3>Use synonym<a class="headerlink" href="#use-synonym" title="Permalink to this headline">¶</a></h3>
<div class="highlight-none notranslate"><div class="highlight"><pre><span></span>Traceback (most recent call last):
  File &quot;TESTS:\runtime\test_attribute_error.py&quot;, line 113, in test_Use_synonym
    a.add(4)
AttributeError: &#39;list&#39; object has no attribute &#39;add&#39;

    Vouliez-vous dire `append` ?

Une exception `AttributeError` se produit lorsque le code contient quelque chose comme
    `object.x`
et `x` n’est pas une méthode ou un attribut (variable) appartenant à `objet`.

L’objet `a` n’a pas d’attribut nommé `add`.
Toutefois, `a` a les attributs suivants avec des sens similaires:
&#39;append, extend, insert&#39;.

Exception levée à la ligne 113 du fichier TESTS:\runtime\test_attribute_error.py.

   111:     try:
   112:         a = [1, 2, 3]
--&gt;113:         a.add(4)
                ^^^^^
   114:     except AttributeError as e:

        a:  [1, 2, 3]
</pre></div>
</div>
</div>
<div class="section" id="using-slots">
<h3>Using slots<a class="headerlink" href="#using-slots" title="Permalink to this headline">¶</a></h3>
<div class="highlight-none notranslate"><div class="highlight"><pre><span></span>Traceback (most recent call last):
  File &quot;TESTS:\runtime\test_attribute_error.py&quot;, line 254, in test_Using_slots
    f.b = 1
AttributeError: &#39;F&#39; object has no attribute &#39;b&#39;

Une exception `AttributeError` se produit lorsque le code contient quelque chose comme
    `object.x`
et `x` n’est pas une méthode ou un attribut (variable) appartenant à `objet`.

L’objet `f` n’a pas d’attribut nommé `b`.
Notez que l’objet `f` utilise `__slots__` qui empêche
la création de nouveaux attributs.
Voici quelques-uns de ses attributs connus :
`a`.
Exception levée à la ligne 254 du fichier TESTS:\runtime\test_attribute_error.py.

   252:     f = F()
   253:     try:
--&gt;254:         f.b = 1
   255:     except AttributeError as e:

        f:  &lt;F object&gt; from test_attribute_error.test_Using_slots
</pre></div>
</div>
</div>
</div>
<div class="section" id="filenotfounderror">
<h2>FileNotFoundError<a class="headerlink" href="#filenotfounderror" title="Permalink to this headline">¶</a></h2>
<div class="section" id="id3">
<h3>Generic<a class="headerlink" href="#id3" title="Permalink to this headline">¶</a></h3>
<div class="highlight-none notranslate"><div class="highlight"><pre><span></span>Traceback (most recent call last):
  File &quot;TESTS:\runtime\test_file_not_found_error.py&quot;, line 6, in test_Generic
    open(&quot;does_not_exist&quot;)
FileNotFoundError: [Errno 2] No such file or directory: &#39;does_not_exist&#39;

Une exception `FileNotFoundError` indique que vous
essayez d’importer un module qui ne peut pas être trouvé par Python.
Cela pourrait être parce que vous fait une faute d&#39;orthographe en
écrivant le nom du fichier.

Dans votre programme, le nom du fichier inconnu est `does_not_exist`.

Exception levée à la ligne 6 du fichier TESTS:\runtime\test_file_not_found_error.py.

   4: def test_Generic():
   5:     try:
--&gt;6:         open(&quot;does_not_exist&quot;)
   7:     except FileNotFoundError as e:

        open:  &lt;builtin function open&gt;
</pre></div>
</div>
</div>
</div>
<div class="section" id="importerror">
<h2>ImportError<a class="headerlink" href="#importerror" title="Permalink to this headline">¶</a></h2>
<div class="section" id="id4">
<h3>Circular import<a class="headerlink" href="#id4" title="Permalink to this headline">¶</a></h3>
<div class="highlight-none notranslate"><div class="highlight"><pre><span></span>Traceback (most recent call last):
  File &quot;TESTS:\runtime\test_import_error.py&quot;, line 58, in test_Circular_import
    import circular_a
  File &quot;TESTS:\circular_a.py&quot;, line 2, in &lt;module&gt;
    import circular_b
  File &quot;TESTS:\circular_b.py&quot;, line 2, in &lt;module&gt;
    from circular_a import a
ImportError: cannot import name &#39;a&#39; from partially initialized module &#39;circular_a&#39; (most likely due to a circular import) (C:\Users\andre\github\friendly-traceback\tests\circular_a.py)

L&#39;exception `ImportError` indique qu’un certain objet n’a pas pu
être importé à partir d’un module ou d’un paquet. Très souvent, c’est
parce que le nom de l’objet n’est pas écrit correctement.

L’objet qui n’a pas pu être importé est `a`.
Le module ou le paquet d&#39;où il devait être importé est `circular_a`.

Le problème a probablement été causé par ce qu’on appelle une « importation circulaire ».
Tout d’abord, Python a importé et a commencé à exécuter le code dans le fichier
   &#39;TESTS:\runtime\test_import_error.py&#39;.
qui importe le module `circular_a`.
Au cours de ce processus, le code d’un autre fichier,
   &#39;TESTS:\circular_b.py&#39;
a été exécuté. Toutefois, dans ce dernier dossier, une tentative a été
pour importer le module d’origine `circular_a`
une deuxième fois, avant que Python n’ait terminé la première importation.

L&#39;exécution s&#39;est arrêtée à la ligne 58 du fichier TESTS:\runtime\test_import_error.py

   56: def test_Circular_import():
   57:     try:
--&gt;58:         import circular_a
   59:     except ImportError as e:

Exception levée à la ligne 2 du fichier TESTS:\circular_b.py.

   1: &quot;&quot;&quot;File used in for test_circular_import() in test_import_error.py&quot;&quot;&quot;
--&gt;2: from circular_a import a
</pre></div>
</div>
</div>
<div class="section" id="simple-import-error">
<h3>Simple import error<a class="headerlink" href="#simple-import-error" title="Permalink to this headline">¶</a></h3>
<div class="highlight-none notranslate"><div class="highlight"><pre><span></span>Traceback (most recent call last):
  File &quot;TESTS:\runtime\test_import_error.py&quot;, line 44, in test_Simple_import_error
    from math import Pi
ImportError: cannot import name &#39;Pi&#39; from &#39;math&#39; (unknown location)

    Vouliez-vous dire `pi` ?

L&#39;exception `ImportError` indique qu’un certain objet n’a pas pu
être importé à partir d’un module ou d’un paquet. Très souvent, c’est
parce que le nom de l’objet n’est pas écrit correctement.

Peut-être que vous vouliez importer `pi` (de `math`) au lieu de `Pi`.

Exception levée à la ligne 44 du fichier TESTS:\runtime\test_import_error.py.

   42:
   43:     try:
--&gt;44:         from math import Pi
   45:     except ImportError as e:
</pre></div>
</div>
</div>
</div>
<div class="section" id="indexerror">
<h2>IndexError<a class="headerlink" href="#indexerror" title="Permalink to this headline">¶</a></h2>
<div class="section" id="empty">
<h3>Empty<a class="headerlink" href="#empty" title="Permalink to this headline">¶</a></h3>
<div class="highlight-none notranslate"><div class="highlight"><pre><span></span>Traceback (most recent call last):
  File &quot;TESTS:\runtime\test_index_error.py&quot;, line 38, in test_Empty
    c = a[1]
IndexError: list index out of range

    `a` ne contient aucun élément.

Une exception `IndexError` se produit lorsque vous essayez d’obtenir un élément
d&#39;une liste, d&#39;un tuple, ou d&#39;un objet similaire (séquence), à l’aide d’un indice qui
n’existe pas; typiquement, c’est parce que l’indice que vous donnez
est plus grand que la longueur de la séquence.

Vous avez essayé d’obtenir l’élément avec l’indice `1` de `a`,
une liste (`list`) qui ne contient aucun élément.

Exception levée à la ligne 38 du fichier TESTS:\runtime\test_index_error.py.

   36:     a = []
   37:     try:
--&gt;38:         c = a[1]
                   ^^^^
   39:     except IndexError as e:

        a:  []
</pre></div>
</div>
</div>
<div class="section" id="long-list">
<h3>Long list<a class="headerlink" href="#long-list" title="Permalink to this headline">¶</a></h3>
<div class="highlight-none notranslate"><div class="highlight"><pre><span></span>Traceback (most recent call last):
  File &quot;TESTS:\runtime\test_index_error.py&quot;, line 24, in test_Long_list
    print(a[60], b[0])
IndexError: list index out of range

Une exception `IndexError` se produit lorsque vous essayez d’obtenir un élément
d&#39;une liste, d&#39;un tuple, ou d&#39;un objet similaire (séquence), à l’aide d’un indice qui
n’existe pas; typiquement, c’est parce que l’indice que vous donnez
est plus grand que la longueur de la séquence.

Vous avez essayé d’obtenir l’élément avec l’indice `60` de `a`,
une liste (`list`) de longueur `40`.
Les indices valides de `a` sont les entiers allant de `-40` à `39`.

Exception levée à la ligne 24 du fichier TESTS:\runtime\test_index_error.py.

   22:     b = tuple(range(50))
   23:     try:
--&gt;24:         print(a[60], b[0])
                     ^^^^^
   25:     except IndexError as e:

        a:  [0, 1, 2, 3, 4, 5, 6, 7, 8, 9, 10, 11, 12, 13, 14, 15, 16, 17, 18, ...]
            len(a): 40
</pre></div>
</div>
</div>
<div class="section" id="short-tuple">
<h3>Short tuple<a class="headerlink" href="#short-tuple" title="Permalink to this headline">¶</a></h3>
<div class="highlight-none notranslate"><div class="highlight"><pre><span></span>Traceback (most recent call last):
  File &quot;TESTS:\runtime\test_index_error.py&quot;, line 8, in test_Short_tuple
    print(a[3], b[2])
IndexError: tuple index out of range

    N’oubliez pas : le premier élément d&#39;un objet de type `un `tuple`` est à l’indice 0
    et non pas à l&#39;indice 1.

Une exception `IndexError` se produit lorsque vous essayez d’obtenir un élément
d&#39;une liste, d&#39;un tuple, ou d&#39;un objet similaire (séquence), à l’aide d’un indice qui
n’existe pas; typiquement, c’est parce que l’indice que vous donnez
est plus grand que la longueur de la séquence.

Vous avez essayé d’obtenir l’élément avec l’indice `3` de `a`,
un `tuple` de longueur `3`.
Les indices valides de `a` sont les entiers allant de `-3` à `2`.

Exception levée à la ligne 8 du fichier TESTS:\runtime\test_index_error.py.

    6:     b = [1, 2, 3]
    7:     try:
--&gt; 8:         print(a[3], b[2])
                     ^^^^
    9:     except IndexError as e:

        a:  (1, 2, 3)
</pre></div>
</div>
</div>
</div>
<div class="section" id="keyerror">
<h2>KeyError<a class="headerlink" href="#keyerror" title="Permalink to this headline">¶</a></h2>
<div class="section" id="chainmap">
<h3>ChainMap<a class="headerlink" href="#chainmap" title="Permalink to this headline">¶</a></h3>
<div class="highlight-none notranslate"><div class="highlight"><pre><span></span>Traceback (most recent call last):
  File &quot;PYTHON_LIB:\collections\__init__.py&quot;, line 965, in pop
    return self.maps[0].pop(key, *args)
KeyError: 42

    During handling of the above exception, another exception occurred:

Traceback (most recent call last):
  File &quot;TESTS:\runtime\test_key_error.py&quot;, line 62, in test_ChainMap
    d.pop(42)
  File &quot;PYTHON_LIB:\collections\__init__.py&quot;, line 967, in pop
    raise KeyError(&#39;Key not found in the first mapping: {!r}&#39;.format(key))
KeyError: &#39;Key not found in the first mapping: 42&#39;

Une `KeyError` est levée lorsqu&#39;une valeur n&#39;est pas trouvée en tant que
clé dans un dict Python ou dans un objet similaire.

La clé `42` est introuvable dans `d`, un objet de type `ChainMap`.

L&#39;exécution s&#39;est arrêtée à la ligne 62 du fichier TESTS:\runtime\test_key_error.py

   60:     d = ChainMap({}, {})
   61:     try:
--&gt;62:         d.pop(42)
   63:     except KeyError as e:

        d:  ChainMap({}, {})
        d.pop:  &lt;bound method ChainMap.pop of ChainMap({}, {})&gt;

Exception levée à la ligne 967 du fichier PYTHON_LIB:\collections\__init__.py.

   965:             return self.maps[0].pop(key, *args)
   966:         except KeyError:
--&gt;967:             raise KeyError(&#39;Key not found in the first mapping: {!r}&#39;.format(key))

        key:  42
        KeyError:  &lt;class KeyError&gt;
        format:  &lt;builtin function format&gt;
        &#39;Key not found in the first mapping: {!r}&#39;.format:  &lt;builtin method format of str object&gt;
</pre></div>
</div>
</div>
<div class="section" id="forgot-to-convert-to-string">
<h3>Forgot to convert to string<a class="headerlink" href="#forgot-to-convert-to-string" title="Permalink to this headline">¶</a></h3>
<div class="highlight-none notranslate"><div class="highlight"><pre><span></span>Traceback (most recent call last):
  File &quot;TESTS:\runtime\test_key_error.py&quot;, line 115, in test_Forgot_to_convert_to_string
    print(squares[2])
KeyError: 2

    Avez-vous oublié de convertir `2` en une chaîne ?

Une `KeyError` est levée lorsqu&#39;une valeur n&#39;est pas trouvée en tant que
clé dans un dict Python ou dans un objet similaire.

La clé `2` est introuvable dans le dict `squares`.
`squares` contient une clé identique à `str(2)`.
Peut-être avez-vous oublié de convertir la clé en une chaîne.

Exception levée à la ligne 115 du fichier TESTS:\runtime\test_key_error.py.

   113:     squares = {&quot;1&quot;: 1, &quot;2&quot;: 4, &quot;3&quot;: 9}
   114:     try:
--&gt;115:         print(squares[2])
                      ^^^^^^^^^^
   116:     except KeyError as e:

        squares:  {&#39;1&#39;: 1, &#39;2&#39;: 4, &#39;3&#39;: 9}
</pre></div>
</div>
</div>
<div class="section" id="generic-key-error">
<h3>Generic key error<a class="headerlink" href="#generic-key-error" title="Permalink to this headline">¶</a></h3>
<div class="highlight-none notranslate"><div class="highlight"><pre><span></span>Traceback (most recent call last):
  File &quot;TESTS:\runtime\test_key_error.py&quot;, line 44, in test_Generic_key_error
    d[&quot;c&quot;]
KeyError: &#39;c&#39;

Une `KeyError` est levée lorsqu&#39;une valeur n&#39;est pas trouvée en tant que
clé dans un dict Python ou dans un objet similaire.

La clé `&#39;c&#39;` est introuvable dans le dict `d`.

Exception levée à la ligne 44 du fichier TESTS:\runtime\test_key_error.py.

   42:     d = {&quot;a&quot;: 1, &quot;b&quot;: 2}
   43:     try:
--&gt;44:         d[&quot;c&quot;]
   45:     except KeyError as e:

        d:  {&#39;a&#39;: 1, &#39;b&#39;: 2}
</pre></div>
</div>
</div>
<div class="section" id="popitem-empty-chainmap">
<h3>Popitem empty ChainMap<a class="headerlink" href="#popitem-empty-chainmap" title="Permalink to this headline">¶</a></h3>
<div class="highlight-none notranslate"><div class="highlight"><pre><span></span>Traceback (most recent call last):
  File &quot;PYTHON_LIB:\collections\__init__.py&quot;, line 958, in popitem
    return self.maps[0].popitem()
KeyError: &#39;popitem(): dictionary is empty&#39;

    During handling of the above exception, another exception occurred:

Traceback (most recent call last):
  File &quot;TESTS:\runtime\test_key_error.py&quot;, line 26, in test_Popitem_empty_ChainMap
    alpha.popitem()
  File &quot;PYTHON_LIB:\collections\__init__.py&quot;, line 960, in popitem
    raise KeyError(&#39;No keys found in the first mapping.&#39;)
KeyError: &#39;No keys found in the first mapping.&#39;

    `alpha` est une `ChainMap` vide.

Une `KeyError` est levée lorsqu&#39;une valeur n&#39;est pas trouvée en tant que
clé dans un dict Python ou dans un objet similaire.

Vous avez essayé de récupérer un élément de `alpha` qui est une `ChainMap` vide.

L&#39;exécution s&#39;est arrêtée à la ligne 26 du fichier TESTS:\runtime\test_key_error.py

   24:     alpha = ChainMap({}, {})
   25:     try:
--&gt;26:         alpha.popitem()
   27:     except KeyError as e:

        alpha:  ChainMap({}, {})
        alpha.popitem:  &lt;bound method ChainMap.popitem of ChainMap({}, {})&gt;

Exception levée à la ligne 960 du fichier PYTHON_LIB:\collections\__init__.py.

   958:             return self.maps[0].popitem()
   959:         except KeyError:
--&gt;960:             raise KeyError(&#39;No keys found in the first mapping.&#39;)

        KeyError:  &lt;class KeyError&gt;
</pre></div>
</div>
</div>
<div class="section" id="popitem-empty-dict">
<h3>Popitem empty dict<a class="headerlink" href="#popitem-empty-dict" title="Permalink to this headline">¶</a></h3>
<div class="highlight-none notranslate"><div class="highlight"><pre><span></span>Traceback (most recent call last):
  File &quot;TESTS:\runtime\test_key_error.py&quot;, line 8, in test_Popitem_empty_dict
    d.popitem()
KeyError: &#39;popitem(): dictionary is empty&#39;

    `d` est un `dict` vide.

Une `KeyError` est levée lorsqu&#39;une valeur n&#39;est pas trouvée en tant que
clé dans un dict Python ou dans un objet similaire.

Vous avez essayé de récupérer un élément de `d` qui est un `dict` vide.

Exception levée à la ligne 8 du fichier TESTS:\runtime\test_key_error.py.

    6:     d = {}
    7:     try:
--&gt; 8:         d.popitem()
    9:     except KeyError as e:

        d:  {}
        d.popitem:  &lt;builtin method popitem of dict object&gt;
</pre></div>
</div>
</div>
<div class="section" id="similar-names">
<h3>Similar names<a class="headerlink" href="#similar-names" title="Permalink to this headline">¶</a></h3>
<div class="highlight-none notranslate"><div class="highlight"><pre><span></span>Traceback (most recent call last):
  File &quot;TESTS:\runtime\test_key_error.py&quot;, line 145, in test_Similar_names
    a = second[&quot;alpha&quot;]
KeyError: &#39;alpha&#39;

    Vouliez-vous dire `&#39;alpha0&#39;` ?

Une `KeyError` est levée lorsqu&#39;une valeur n&#39;est pas trouvée en tant que
clé dans un dict Python ou dans un objet similaire.

La clé `&#39;alpha&#39;` est introuvable dans le dict `second`.
`second` a quelques clés similaires à `&#39;alpha&#39;` dont :
`&#39;alpha0&#39;, &#39;alpha12&#39;, &#39;alpha11&#39;`.

Exception levée à la ligne 145 du fichier TESTS:\runtime\test_key_error.py.

   143:     second = {&quot;alpha0&quot;: 1, &quot;alpha11&quot;: 2, &quot;alpha12&quot;: 3}
   144:     try:
--&gt;145:         a = second[&quot;alpha&quot;]
                    ^^^^^^^^^^^^^^^
   146:     except KeyError as e:

        second:  {&#39;alpha0&#39;: 1, &#39;alpha11&#39;: 2, &#39;alpha12&#39;: 3}
</pre></div>
</div>
</div>
<div class="section" id="string-by-mistake">
<h3>String by mistake<a class="headerlink" href="#string-by-mistake" title="Permalink to this headline">¶</a></h3>
<div class="highlight-none notranslate"><div class="highlight"><pre><span></span>Traceback (most recent call last):
  File &quot;TESTS:\runtime\test_key_error.py&quot;, line 98, in test_String_by_mistake
    d[&quot;(0, 0)&quot;]
KeyError: &#39;(0, 0)&#39;

    Avez-vous converti `(0, 0)` en une chaîne par erreur ?

Une `KeyError` est levée lorsqu&#39;une valeur n&#39;est pas trouvée en tant que
clé dans un dict Python ou dans un objet similaire.

La clé `&#39;(0, 0)&#39;` est introuvable dans le dict `d`.
`&#39;(0, 0)&#39;` est une chaîne de caractères.
Il y a une clé de `d` dont la représentation en une chaîne
est identique à `&#39;(0, 0)&#39;`.

Exception levée à la ligne 98 du fichier TESTS:\runtime\test_key_error.py.

    96:     d = {(0, 0): &quot;origin&quot;}
    97:     try:
--&gt; 98:         d[&quot;(0, 0)&quot;]
    99:     except KeyError as e:

        d:  {(0, 0): &#39;origin&#39;}
</pre></div>
</div>
</div>
</div>
<div class="section" id="lookuperror">
<h2>LookupError<a class="headerlink" href="#lookuperror" title="Permalink to this headline">¶</a></h2>
<div class="section" id="id5">
<h3>Generic<a class="headerlink" href="#id5" title="Permalink to this headline">¶</a></h3>
<div class="highlight-none notranslate"><div class="highlight"><pre><span></span>Traceback (most recent call last):
  File &quot;TESTS:\runtime\test_lookup_error.py&quot;, line 10, in test_Generic
    raise LookupError(&quot;Fake message&quot;)
LookupError: Fake message

`LookupError` est la classe de base pour les exceptions qui sont levées
lorsqu’une clé ou un indice utilisé sur un tableau de correspondance ou une séquence est invalide.
Elle peut également être levée directement par codecs.lookup().

Exception levée à la ligne 10 du fichier TESTS:\runtime\test_lookup_error.py.

    8:         # other than possibly codecs.lookup(), which is why we raise
    9:         # it directly here for our example.
--&gt;10:         raise LookupError(&quot;Fake message&quot;)
   11:     except LookupError as e:

        LookupError:  &lt;class LookupError&gt;
</pre></div>
</div>
</div>
</div>
<div class="section" id="modulenotfounderror">
<h2>ModuleNotFoundError<a class="headerlink" href="#modulenotfounderror" title="Permalink to this headline">¶</a></h2>
<div class="section" id="need-to-install-module">
<h3>Need to install module<a class="headerlink" href="#need-to-install-module" title="Permalink to this headline">¶</a></h3>
<div class="highlight-none notranslate"><div class="highlight"><pre><span></span>Traceback (most recent call last):
  File &quot;TESTS:\runtime\test_module_not_found_error.py&quot;, line 76, in test_Need_to_install_module
    import alphabet
ModuleNotFoundError: No module named &#39;alphabet&#39;

Une exception `ModuleNotFoundError` indique que vous
essayez d’importer un module qui ne peut pas être trouvé par Python.
Cela pourrait être parce que vous fait une faute d&#39;orthographe en
écrivant le nom du module, ou parce qu’il n’est pas installé sur votre ordinateur.

Aucun module nommé `alphabet` ne peut être importé.
Vous devez peut-être l&#39;installer.

Exception levée à la ligne 76 du fichier TESTS:\runtime\test_module_not_found_error.py.

   74: def test_Need_to_install_module():
   75:     try:
--&gt;76:         import alphabet
   77:     except ModuleNotFoundError as e:
</pre></div>
</div>
</div>
<div class="section" id="not-a-package">
<h3>Not a package<a class="headerlink" href="#not-a-package" title="Permalink to this headline">¶</a></h3>
<div class="highlight-none notranslate"><div class="highlight"><pre><span></span>Traceback (most recent call last):
  File &quot;TESTS:\runtime\test_module_not_found_error.py&quot;, line 22, in test_Not_a_package
    import os.xxx
ModuleNotFoundError: No module named &#39;os.xxx&#39;; &#39;os&#39; is not a package

Une exception `ModuleNotFoundError` indique que vous
essayez d’importer un module qui ne peut pas être trouvé par Python.
Cela pourrait être parce que vous fait une faute d&#39;orthographe en
écrivant le nom du module, ou parce qu’il n’est pas installé sur votre ordinateur.

`xxx` ne peut pas être importé de `os`.


Exception levée à la ligne 22 du fichier TESTS:\runtime\test_module_not_found_error.py.

   20:
   21:     try:
--&gt;22:         import os.xxx
   23:     except ModuleNotFoundError as e:
</pre></div>
</div>
</div>
<div class="section" id="not-a-package-similar-name">
<h3>Not a package similar name<a class="headerlink" href="#not-a-package-similar-name" title="Permalink to this headline">¶</a></h3>
<div class="highlight-none notranslate"><div class="highlight"><pre><span></span>Traceback (most recent call last):
  File &quot;TESTS:\runtime\test_module_not_found_error.py&quot;, line 36, in test_Not_a_package_similar_name
    import os.pathh
ModuleNotFoundError: No module named &#39;os.pathh&#39;; &#39;os&#39; is not a package

    Vouliez-vous dire `import os.path` ?

Une exception `ModuleNotFoundError` indique que vous
essayez d’importer un module qui ne peut pas être trouvé par Python.
Cela pourrait être parce que vous fait une faute d&#39;orthographe en
écrivant le nom du module, ou parce qu’il n’est pas installé sur votre ordinateur.

Peut-être que vous vouliez dire `import os.path`.
`path` est un nom semblable à `pathh` et est un module qui
peut être importé de `os`.
D’autres objets avec des noms similaires qui font partie de
`os` comprennent `fspath`.

Exception levée à la ligne 36 du fichier TESTS:\runtime\test_module_not_found_error.py.

   34: def test_Not_a_package_similar_name():
   35:     try:
--&gt;36:         import os.pathh
   37:     except ModuleNotFoundError as e:
</pre></div>
</div>
</div>
<div class="section" id="object-not-module">
<h3>Object not module<a class="headerlink" href="#object-not-module" title="Permalink to this headline">¶</a></h3>
<div class="highlight-none notranslate"><div class="highlight"><pre><span></span>Traceback (most recent call last):
  File &quot;TESTS:\runtime\test_module_not_found_error.py&quot;, line 49, in test_Object_not_module
    import os.open
ModuleNotFoundError: No module named &#39;os.open&#39;; &#39;os&#39; is not a package

    Vouliez-vous dire `from os import open` ?

Une exception `ModuleNotFoundError` indique que vous
essayez d’importer un module qui ne peut pas être trouvé par Python.
Cela pourrait être parce que vous fait une faute d&#39;orthographe en
écrivant le nom du module, ou parce qu’il n’est pas installé sur votre ordinateur.

`open` n’est pas un module distinct, mais un objet qui fait partie de `os`.

Exception levée à la ligne 49 du fichier TESTS:\runtime\test_module_not_found_error.py.

   47: def test_Object_not_module():
   48:     try:
--&gt;49:         import os.open
   50:     except ModuleNotFoundError as e:

        open:  &lt;builtin function open&gt;
</pre></div>
</div>
</div>
<div class="section" id="similar-object-not-module">
<h3>Similar object not module<a class="headerlink" href="#similar-object-not-module" title="Permalink to this headline">¶</a></h3>
<div class="highlight-none notranslate"><div class="highlight"><pre><span></span>Traceback (most recent call last):
  File &quot;TESTS:\runtime\test_module_not_found_error.py&quot;, line 62, in test_Similar_object_not_module
    import os.opend
ModuleNotFoundError: No module named &#39;os.opend&#39;; &#39;os&#39; is not a package

    Vouliez-vous dire `from os import open` ?

Une exception `ModuleNotFoundError` indique que vous
essayez d’importer un module qui ne peut pas être trouvé par Python.
Cela pourrait être parce que vous fait une faute d&#39;orthographe en
écrivant le nom du module, ou parce qu’il n’est pas installé sur votre ordinateur.

Peut-être vouliez-vous dire `from os import open`.
`open` est un nom similaire à `opend` et est un objet qui
peut être importé de `os`.
D’autres objets avec des noms similaires qui font partie de
`os` comprennent `popen, fdopen`.

Exception levée à la ligne 62 du fichier TESTS:\runtime\test_module_not_found_error.py.

   60: def test_Similar_object_not_module():
   61:     try:
--&gt;62:         import os.opend
   63:     except ModuleNotFoundError as e:
</pre></div>
</div>
</div>
<div class="section" id="standard-library-module">
<h3>Standard library module<a class="headerlink" href="#standard-library-module" title="Permalink to this headline">¶</a></h3>
<div class="highlight-none notranslate"><div class="highlight"><pre><span></span>Traceback (most recent call last):
  File &quot;TESTS:\runtime\test_module_not_found_error.py&quot;, line 7, in test_Standard_library_module
    import Tkinter
ModuleNotFoundError: No module named &#39;Tkinter&#39;

    Vouliez-vous dire `tkinter` ?

Une exception `ModuleNotFoundError` indique que vous
essayez d’importer un module qui ne peut pas être trouvé par Python.
Cela pourrait être parce que vous fait une faute d&#39;orthographe en
écrivant le nom du module, ou parce qu’il n’est pas installé sur votre ordinateur.

Aucun module nommé `Tkinter` ne peut être importé.
Vous devez peut-être l&#39;installer.
`tkinter` est un module existant qui a un nom similaire.

Exception levée à la ligne 7 du fichier TESTS:\runtime\test_module_not_found_error.py.

   5: def test_Standard_library_module():
   6:     try:
--&gt;7:         import Tkinter
   8:     except ModuleNotFoundError as e:
</pre></div>
</div>
</div>
<div class="section" id="no-curses">
<h3>no curses<a class="headerlink" href="#no-curses" title="Permalink to this headline">¶</a></h3>
<div class="highlight-none notranslate"><div class="highlight"><pre><span></span>Traceback (most recent call last):
  File &quot;TESTS:\runtime\test_module_not_found_error.py&quot;, line 92, in test_no_curses
    import curses
  File &quot;PYTHON_LIB:\curses\__init__.py&quot;, line 13, in &lt;module&gt;
    from _curses import *
ModuleNotFoundError: No module named &#39;_curses&#39;

    Le module curses est rarement installé avec Python sur Windows.

Une exception `ModuleNotFoundError` indique que vous
essayez d’importer un module qui ne peut pas être trouvé par Python.
Cela pourrait être parce que vous fait une faute d&#39;orthographe en
écrivant le nom du module, ou parce qu’il n’est pas installé sur votre ordinateur.

Vous avez essayé d’importer le module curses.
Le module curses est rarement installé avec Python sur Windows.

L&#39;exécution s&#39;est arrêtée à la ligne 92 du fichier TESTS:\runtime\test_module_not_found_error.py

   90:     def test_no_curses():
   91:         try:
--&gt;92:             import curses
   93:         except ModuleNotFoundError as e:

Exception levée à la ligne 13 du fichier PYTHON_LIB:\curses\__init__.py.

   11: &quot;&quot;&quot;
   12:
--&gt;13: from _curses import *
   14: import os as _os
</pre></div>
</div>
</div>
</div>
<div class="section" id="nameerror">
<h2>NameError<a class="headerlink" href="#nameerror" title="Permalink to this headline">¶</a></h2>
<div class="section" id="annotated-variable">
<h3>Annotated variable<a class="headerlink" href="#annotated-variable" title="Permalink to this headline">¶</a></h3>
<div class="highlight-none notranslate"><div class="highlight"><pre><span></span>Traceback (most recent call last):
  File &quot;TESTS:\runtime\test_name_error.py&quot;, line 24, in test_Annotated_variable
    y = x
NameError: name &#39;x&#39; is not defined

    Avez-vous utilisé deux points au lieu d’un signe égal ?

Une exception `NameError` indique que le nom d&#39;une variable
ou d&#39;une fonction n&#39;est pas connue par Python.
Habituellement, ceci indique une simple faute d&#39;orthographe.
Cependant, cela peut également indiquer que le nom a été
utilisé avant qu&#39;on ne lui ait associé une valeur.

Dans votre programme, aucun objet portant le nom `x` n&#39;existe.
Une annotation de type a été trouvée pour `x` dans la portée &#39;global&#39;
Peut-être que vous aviez utilisé deux points au lieu d’un signe égal et écrit

    x : 3

au lieu de

    x = 3

Exception levée à la ligne 24 du fichier TESTS:\runtime\test_name_error.py.

   22: def test_Annotated_variable():
   23:     try:
--&gt;24:         y = x
                   ^
   25:     except NameError as e:
</pre></div>
</div>
</div>
<div class="section" id="custom-name">
<h3>Custom name<a class="headerlink" href="#custom-name" title="Permalink to this headline">¶</a></h3>
<div class="highlight-none notranslate"><div class="highlight"><pre><span></span>Traceback (most recent call last):
  File &quot;TESTS:\runtime\test_name_error.py&quot;, line 163, in test_Custom_name
    python
NameError: name &#39;python&#39; is not defined

    Vous utilisez déjà Python!
Une exception `NameError` indique que le nom d&#39;une variable
ou d&#39;une fonction n&#39;est pas connue par Python.
Habituellement, ceci indique une simple faute d&#39;orthographe.
Cependant, cela peut également indiquer que le nom a été
utilisé avant qu&#39;on ne lui ait associé une valeur.

Vous utilisez déjà Python!
Exception levée à la ligne 163 du fichier TESTS:\runtime\test_name_error.py.

   161: def test_Custom_name():
   162:     try:
--&gt;163:         python
                ^^^^^^
   164:     except NameError as e:
</pre></div>
</div>
</div>
<div class="section" id="free-variable-referenced">
<h3>Free variable referenced<a class="headerlink" href="#free-variable-referenced" title="Permalink to this headline">¶</a></h3>
<div class="highlight-none notranslate"><div class="highlight"><pre><span></span>Traceback (most recent call last):
  File &quot;TESTS:\runtime\test_name_error.py&quot;, line 149, in test_Free_variable_referenced
    outer()
  File &quot;TESTS:\runtime\test_name_error.py&quot;, line 145, in outer
    inner()
  File &quot;TESTS:\runtime\test_name_error.py&quot;, line 144, in inner
    return var
NameError: free variable &#39;var&#39; referenced before assignment in enclosing scope

Une exception `NameError` indique que le nom d&#39;une variable
ou d&#39;une fonction n&#39;est pas connue par Python.
Habituellement, ceci indique une simple faute d&#39;orthographe.
Cependant, cela peut également indiquer que le nom a été
utilisé avant qu&#39;on ne lui ait associé une valeur.

Dans votre programme, `var` est un nom inconnu
qui existe dans une portée englobante,
mais qui n&#39;a pas encore reçu de valeur.

L&#39;exécution s&#39;est arrêtée à la ligne 149 du fichier TESTS:\runtime\test_name_error.py

   147:
   148:     try:
--&gt;149:         outer()
   150:     except NameError as e:

        outer:  &lt;function outer&gt; from test_Free_variable_referenced

Exception levée à la ligne 144 du fichier TESTS:\runtime\test_name_error.py.

   142:     def outer():
   143:         def inner():
--&gt;144:             return var
                           ^^^
   145:         inner()
</pre></div>
</div>
</div>
<div class="section" id="id6">
<h3>Generic<a class="headerlink" href="#id6" title="Permalink to this headline">¶</a></h3>
<div class="highlight-none notranslate"><div class="highlight"><pre><span></span>Traceback (most recent call last):
  File &quot;TESTS:\runtime\test_name_error.py&quot;, line 9, in test_Generic
    this = something
NameError: name &#39;something&#39; is not defined

Une exception `NameError` indique que le nom d&#39;une variable
ou d&#39;une fonction n&#39;est pas connue par Python.
Habituellement, ceci indique une simple faute d&#39;orthographe.
Cependant, cela peut également indiquer que le nom a été
utilisé avant qu&#39;on ne lui ait associé une valeur.

Dans votre programme, aucun objet portant le nom `something` n&#39;existe.
Je n’ai pas d’informations supplémentaires pour vous.

Exception levée à la ligne 9 du fichier TESTS:\runtime\test_name_error.py.

    7: def test_Generic():
    8:     try:
--&gt; 9:         this = something
                      ^^^^^^^^^
   10:     except NameError as e:
</pre></div>
</div>
</div>
<div class="section" id="missing-import">
<h3>Missing import<a class="headerlink" href="#missing-import" title="Permalink to this headline">¶</a></h3>
<div class="highlight-none notranslate"><div class="highlight"><pre><span></span>Traceback (most recent call last):
  File &quot;TESTS:\runtime\test_name_error.py&quot;, line 129, in test_Missing_import
    unicodedata.something
NameError: name &#39;unicodedata&#39; is not defined

    Avez-vous oublié d’importer `unicodedata` ?

Une exception `NameError` indique que le nom d&#39;une variable
ou d&#39;une fonction n&#39;est pas connue par Python.
Habituellement, ceci indique une simple faute d&#39;orthographe.
Cependant, cela peut également indiquer que le nom a été
utilisé avant qu&#39;on ne lui ait associé une valeur.

Le nom `unicodedata` n’est pas défini dans votre programme.
Peut-être avez-vous oublié d’importer `unicodedata` qui se trouve
dans la bibliothèque standard de Python.

Exception levée à la ligne 129 du fichier TESTS:\runtime\test_name_error.py.

   127:
   128:     try:
--&gt;129:         unicodedata.something
                ^^^^^^^^^^^
   130:     except NameError as e:
</pre></div>
</div>
</div>
<div class="section" id="synonym">
<h3>Synonym<a class="headerlink" href="#synonym" title="Permalink to this headline">¶</a></h3>
<div class="highlight-none notranslate"><div class="highlight"><pre><span></span>Traceback (most recent call last):
  File &quot;TESTS:\runtime\test_name_error.py&quot;, line 89, in test_Synonym
    cost  # wrote from math import * above
NameError: name &#39;cost&#39; is not defined

    Vouliez-vous dire `cos` ?

Une exception `NameError` indique que le nom d&#39;une variable
ou d&#39;une fonction n&#39;est pas connue par Python.
Habituellement, ceci indique une simple faute d&#39;orthographe.
Cependant, cela peut également indiquer que le nom a été
utilisé avant qu&#39;on ne lui ait associé une valeur.

Dans votre programme, aucun objet portant le nom `cost` n&#39;existe.
Au lieu d’écrire `cost`, peut-être que vous vouliez écrire l&#39;un des noms suivants :
*    Portée globale : `cos`, `cosh`, `acos`

Exception levée à la ligne 89 du fichier TESTS:\runtime\test_name_error.py.

   87:
   88:     try:
--&gt;89:         cost  # wrote from math import * above
               ^^^^
   90:     except NameError as e:
</pre></div>
</div>
</div>
</div>
<div class="section" id="oserror">
<h2>OsError<a class="headerlink" href="#oserror" title="Permalink to this headline">¶</a></h2>
<div class="section" id="urllib-error">
<h3>Urllib error<a class="headerlink" href="#urllib-error" title="Permalink to this headline">¶</a></h3>
<div class="highlight-none notranslate"><div class="highlight"><pre><span></span>Traceback (most recent call last):
  File &quot;PYTHON_LIB:\urllib\request.py&quot;, line 1354, in do_open
       ... Plus de lignes non affichées. ...
  File &quot;PYTHON_LIB:\socket.py&quot;, line 787, in create_connection
    for res in getaddrinfo(host, port, 0, SOCK_STREAM):
  File &quot;PYTHON_LIB:\socket.py&quot;, line 918, in getaddrinfo
    for res in _socket.getaddrinfo(host, port, family, type, proto, flags):
socket.gaierror: [Errno 11001] getaddrinfo failed

    During handling of the above exception, another exception occurred:

Traceback (most recent call last):
  File &quot;TESTS:\runtime\test_os_error.py&quot;, line 7, in test_Urllib_error
    request.urlopen(&quot;http://does_not_exist&quot;)
       ... Plus de lignes non affichées. ...
  File &quot;PYTHON_LIB:\urllib\request.py&quot;, line 1383, in http_open
    return self.do_open(http.client.HTTPConnection, req)
  File &quot;PYTHON_LIB:\urllib\request.py&quot;, line 1357, in do_open
    raise URLError(err)
URLError: &lt;urlopen error [Errno 11001] getaddrinfo failed&gt;

Une exception de type `URLError` est une sous-classe de `OSError`.
Une exception `OSError` est généralement levée par le système d’exploitation
pour indiquer qu’une opération n’est pas autorisée ou
qu&#39;une ressource n’est pas disponible.

Je soupçonne que vous essayez de vous connecter à un serveur et
qu’une connexion ne peut être faite.

Si c’est le cas, vérifiez les fautes de frappe dans l’URL
et vérifiez votre connectivité Internet.

L&#39;exécution s&#39;est arrêtée à la ligne 7 du fichier TESTS:\runtime\test_os_error.py

   5:     from urllib import request, error
   6:     try:
--&gt;7:         request.urlopen(&quot;http://does_not_exist&quot;)
   8:     except error.URLError as e:

        request:  &lt;module urllib.request&gt; from PYTHON_LIB:\urllib\request.py
        request.urlopen:  &lt;function urlopen&gt;

Exception levée à la ligne 1357 du fichier PYTHON_LIB:\urllib\request.py.

   1355:                           encode_chunked=req.has_header(&#39;Transfer-encoding&#39;))
   1356:             except OSError as err: # timeout error
--&gt;1357:                 raise URLError(err)
   1358:             r = h.getresponse()

        global URLError:  &lt;class urllib.error.URLError&gt;
</pre></div>
</div>
</div>
</div>
<div class="section" id="overflowerror">
<h2>OverflowError<a class="headerlink" href="#overflowerror" title="Permalink to this headline">¶</a></h2>
<div class="section" id="id7">
<h3>Generic<a class="headerlink" href="#id7" title="Permalink to this headline">¶</a></h3>
<div class="highlight-none notranslate"><div class="highlight"><pre><span></span>Traceback (most recent call last):
  File &quot;TESTS:\runtime\test_overflow_error.py&quot;, line 6, in test_Generic
    2.0 ** 1600
OverflowError: (34, &#39;Result too large&#39;)

Une exception de type `OverflowError` est levée lorsque le résultat d’une opération arithmétique
est trop grand pour être manipulé par le processeur de l’ordinateur.

Exception levée à la ligne 6 du fichier TESTS:\runtime\test_overflow_error.py.

   4: def test_Generic():
   5:     try:
--&gt;6:         2.0 ** 1600
   7:     except OverflowError as e:
</pre></div>
</div>
</div>
</div>
<div class="section" id="recursionerror">
<h2>RecursionError<a class="headerlink" href="#recursionerror" title="Permalink to this headline">¶</a></h2>
<div class="section" id="id8">
<h3>Generic<a class="headerlink" href="#id8" title="Permalink to this headline">¶</a></h3>
<div class="highlight-none notranslate"><div class="highlight"><pre><span></span>Traceback (most recent call last):
  File &quot;TESTS:\runtime\test_recursion_error.py&quot;, line 8, in test_Generic
    a()
       ... Plus de lignes non affichées. ...
  File &quot;TESTS:\runtime\test_recursion_error.py&quot;, line 6, in a
    return a()
  File &quot;TESTS:\runtime\test_recursion_error.py&quot;, line 6, in a
    return a()
RecursionError: maximum recursion depth exceeded

Une exception de type `RecursionError` est levée lorsqu’une fonction s&#39;invoque elle-même,
directement ou indirectement, trop de fois.
Cette exception indique presque toujours que vous avez fait une erreur dans votre code
et que votre programme ne terminerait jamais.

L&#39;exécution s&#39;est arrêtée à la ligne 8 du fichier TESTS:\runtime\test_recursion_error.py

    6:         return a()
    7:     try:
--&gt; 8:         a()
    9:     except RecursionError as e:

        a:  &lt;function a&gt; from test_Generic

Exception levée à la ligne 6 du fichier TESTS:\runtime\test_recursion_error.py.

   4: def test_Generic():
   5:     def a():
--&gt;6:         return a()
                     ^^^
   7:     try:

        a:  &lt;function a&gt; from test_Generic
</pre></div>
</div>
</div>
</div>
<div class="section" id="typeerror">
<h2>TypeError<a class="headerlink" href="#typeerror" title="Permalink to this headline">¶</a></h2>
<div class="section" id="bad-type-for-unary-operator">
<h3>Bad type for unary operator<a class="headerlink" href="#bad-type-for-unary-operator" title="Permalink to this headline">¶</a></h3>
<div class="highlight-none notranslate"><div class="highlight"><pre><span></span>Traceback (most recent call last):
  File &quot;TESTS:\runtime\test_type_error.py&quot;, line 371, in test_Bad_type_for_unary_operator
    a =+ &quot;def&quot;
TypeError: bad operand type for unary +: &#39;str&#39;

    Peut-être que vous vouliez plutôt écrire `+=` au lieu de `=+`
Une exception `TypeError` est généralement causée par une tentative
de combiner deux types d’objets incompatibles,
en invoquant une fonction avec le mauvais type d’objet,
ou en tentant d&#39;effectuer une opération non permise sur un type d&#39;objet donné.

Vous avez essayé d’utiliser l’opérateur unaire &#39;+&#39;
avec le type d’objet suivant: une chaîne de caractères (`str`).
Cette opération n’est pas définie pour ce type d’objet.

Peut-être que vous vouliez plutôt écrire `+=` au lieu de `=+`

Exception levée à la ligne 371 du fichier TESTS:\runtime\test_type_error.py.

   369:         # fmt: off
   370:         a = &quot;abc&quot;
--&gt;371:         a =+ &quot;def&quot;
                   ^^^^^^^
   372:         # fmt: on
</pre></div>
</div>
</div>
<div class="section" id="builtin-has-no-len">
<h3>Builtin has no len<a class="headerlink" href="#builtin-has-no-len" title="Permalink to this headline">¶</a></h3>
<div class="highlight-none notranslate"><div class="highlight"><pre><span></span>Traceback (most recent call last):
  File &quot;TESTS:\runtime\test_type_error.py&quot;, line 780, in test_Builtin_has_no_len
    len(&quot;Hello world&quot;.split)
TypeError: object of type &#39;builtin_function_or_method&#39; has no len()

    Avez-vous oublié d’invoquer `&quot;Hello world&quot;.split` ?

Une exception `TypeError` est généralement causée par une tentative
de combiner deux types d’objets incompatibles,
en invoquant une fonction avec le mauvais type d’objet,
ou en tentant d&#39;effectuer une opération non permise sur un type d&#39;objet donné.

Je soupçonne que vous avez oublié d’ajouter des parenthèses pour invoquer `&quot;Hello world&quot;.split`.
Vous avez peut-être voulu écrire :
`len(&quot;Hello world&quot;.split())`

Exception levée à la ligne 780 du fichier TESTS:\runtime\test_type_error.py.

   778: def test_Builtin_has_no_len():
   779:     try:
--&gt;780:         len(&quot;Hello world&quot;.split)
   781:     except TypeError as e:

        len:  &lt;builtin function len&gt;
        &quot;Hello world&quot;.split:  &lt;builtin method split of str object&gt;
</pre></div>
</div>
</div>
<div class="section" id="can-only-concatenate">
<h3>Can only concatenate<a class="headerlink" href="#can-only-concatenate" title="Permalink to this headline">¶</a></h3>
<div class="highlight-none notranslate"><div class="highlight"><pre><span></span>Traceback (most recent call last):
  File &quot;TESTS:\runtime\test_type_error.py&quot;, line 37, in test_Can_only_concatenate
    result = a_tuple + a_list
TypeError: can only concatenate tuple (not &quot;list&quot;) to tuple

Une exception `TypeError` est généralement causée par une tentative
de combiner deux types d’objets incompatibles,
en invoquant une fonction avec le mauvais type d’objet,
ou en tentant d&#39;effectuer une opération non permise sur un type d&#39;objet donné.

Vous avez essayé de concaténer (additionner) deux types d’objets différents:
un `tuple` et une liste (`list`).

Exception levée à la ligne 37 du fichier TESTS:\runtime\test_type_error.py.

   35:         a_tuple = (1, 2, 3)
   36:         a_list = [1, 2, 3]
--&gt;37:         result = a_tuple + a_list
                        ^^^^^^^^^^^^^^^^
   38:     except TypeError as e:

        a_list:  [1, 2, 3]
        a_tuple:  (1, 2, 3)
</pre></div>
</div>
</div>
<div class="section" id="cannot-convert-dictionary-update-sequence">
<h3>Cannot convert dictionary update sequence<a class="headerlink" href="#cannot-convert-dictionary-update-sequence" title="Permalink to this headline">¶</a></h3>
<div class="highlight-none notranslate"><div class="highlight"><pre><span></span>Traceback (most recent call last):
  File &quot;TESTS:\runtime\test_type_error.py&quot;, line 766, in test_Cannot_convert_dictionary_update_sequence
    dd.update([1, 2, 3])
TypeError: cannot convert dictionary update sequence element #0 to a sequence

    Peut-être que vous vouliez plutôt utiliser la méthode `dict.fromkeys()`.

Une exception `TypeError` est généralement causée par une tentative
de combiner deux types d’objets incompatibles,
en invoquant une fonction avec le mauvais type d’objet,
ou en tentant d&#39;effectuer une opération non permise sur un type d&#39;objet donné.

`dict.update()` n’accepte pas une séquence comme argument.
Au lieu d’écrire `dd.update([1, 2, 3])`
peut-être devriez-vous utiliser la méthode `dict.fromkeys()` : `dd.update( dict.fromkeys([1, 2, 3]) )`.

Exception levée à la ligne 766 du fichier TESTS:\runtime\test_type_error.py.

   764:     dd = {&quot;a&quot;: &quot;a&quot;}
   765:     try:
--&gt;766:         dd.update([1, 2, 3])
   767:     except TypeError as e:

        dd:  {&#39;a&#39;: &#39;a&#39;}
        dd.update:  &lt;builtin method update of dict object&gt;
</pre></div>
</div>
</div>
<div class="section" id="cannot-multiply-by-non-int">
<h3>Cannot multiply by non int<a class="headerlink" href="#cannot-multiply-by-non-int" title="Permalink to this headline">¶</a></h3>
<div class="highlight-none notranslate"><div class="highlight"><pre><span></span>Traceback (most recent call last):
  File &quot;TESTS:\runtime\test_type_error.py&quot;, line 570, in test_Cannot_multiply_by_non_int
    &quot;a&quot; * &quot;2&quot;
TypeError: can&#39;t multiply sequence by non-int of type &#39;str&#39;

    Avez-vous oublié de convertir `&quot;2&quot;` en un entier ?

Une exception `TypeError` est généralement causée par une tentative
de combiner deux types d’objets incompatibles,
en invoquant une fonction avec le mauvais type d’objet,
ou en tentant d&#39;effectuer une opération non permise sur un type d&#39;objet donné.

Vous ne pouvez multiplier les séquences, telles que
les listes, les tuples, les chaînes, etc., que par des entiers.
Peut-être avez-vous oublié de convertir `&quot;2&quot;` en un entier.

Exception levée à la ligne 570 du fichier TESTS:\runtime\test_type_error.py.

   568:
   569:     try:
--&gt;570:         &quot;a&quot; * &quot;2&quot;
   571:     except TypeError as e:
</pre></div>
</div>
</div>
<div class="section" id="cannot-unpack-non-iterable-object">
<h3>Cannot unpack non iterable object<a class="headerlink" href="#cannot-unpack-non-iterable-object" title="Permalink to this headline">¶</a></h3>
<div class="highlight-none notranslate"><div class="highlight"><pre><span></span>Traceback (most recent call last):
  File &quot;TESTS:\runtime\test_type_error.py&quot;, line 738, in test_Cannot_unpack_non_iterable_object
    a, b = 42.0
TypeError: cannot unpack non-iterable float object

Une exception `TypeError` est généralement causée par une tentative
de combiner deux types d’objets incompatibles,
en invoquant une fonction avec le mauvais type d’objet,
ou en tentant d&#39;effectuer une opération non permise sur un type d&#39;objet donné.

Le dépaquetage (&#39;unpack&#39;) est un moyen pratique d’attribuer un nom
à chaque élément d’un itérable.
Un itérable est un objet capable de renvoyer ses membres un à la fois.
Les contenants python (`list, tuple, dict`, etc.) sont itérables,
mais pas les objets de type `float`.

Exception levée à la ligne 738 du fichier TESTS:\runtime\test_type_error.py.

   736: def test_Cannot_unpack_non_iterable_object():
   737:     try:
--&gt;738:         a, b = 42.0
   739:     except TypeError as e:
</pre></div>
</div>
</div>
<div class="section" id="comparison-not-supported">
<h3>Comparison not supported<a class="headerlink" href="#comparison-not-supported" title="Permalink to this headline">¶</a></h3>
<div class="highlight-none notranslate"><div class="highlight"><pre><span></span>Traceback (most recent call last):
  File &quot;TESTS:\runtime\test_type_error.py&quot;, line 320, in test_Comparison_not_supported
    b &gt;= a
TypeError: &#39;&gt;=&#39; not supported between instances of &#39;int&#39; and &#39;str&#39;

    Avez-vous oublié de convertir `a` en un entier (`int`) ?

Une exception `TypeError` est généralement causée par une tentative
de combiner deux types d’objets incompatibles,
en invoquant une fonction avec le mauvais type d’objet,
ou en tentant d&#39;effectuer une opération non permise sur un type d&#39;objet donné.

En utilisant &gt;=, vous avez tenté de comparer
deux types d’objets incompatibles:
un entier (`int`) et une chaîne de caractères (`str`).
Peut-être avez-vous oublié de convertir `a` en un entier (`int`).

Exception levée à la ligne 320 du fichier TESTS:\runtime\test_type_error.py.

   318:         a = &quot;2&quot;
   319:         b = 42
--&gt;320:         b &gt;= a
   321:     except TypeError as e:

        a:  &#39;2&#39;
        b:  42
</pre></div>
</div>
</div>
<div class="section" id="derive-from-baseexception">
<h3>Derive from BaseException<a class="headerlink" href="#derive-from-baseexception" title="Permalink to this headline">¶</a></h3>
<div class="highlight-none notranslate"><div class="highlight"><pre><span></span>Traceback (most recent call last):
  File &quot;TESTS:\runtime\test_type_error.py&quot;, line 513, in test_Derive_from_BaseException
    raise &quot;exception&quot;  # noqa
TypeError: exceptions must derive from BaseException

Une exception `TypeError` est généralement causée par une tentative
de combiner deux types d’objets incompatibles,
en invoquant une fonction avec le mauvais type d’objet,
ou en tentant d&#39;effectuer une opération non permise sur un type d&#39;objet donné.

Dans Python 3, les exceptions doivent être dérivées de BaseException.

Exception levée à la ligne 513 du fichier TESTS:\runtime\test_type_error.py.

   511: def test_Derive_from_BaseException():
   512:     try:
--&gt;513:         raise &quot;exception&quot;  # noqa
   514:     except TypeError as e:
</pre></div>
</div>
</div>
<div class="section" id="indices-must-be-integers-or-slices">
<h3>Indices must be integers or slices<a class="headerlink" href="#indices-must-be-integers-or-slices" title="Permalink to this headline">¶</a></h3>
<div class="highlight-none notranslate"><div class="highlight"><pre><span></span>Traceback (most recent call last):
  File &quot;TESTS:\runtime\test_type_error.py&quot;, line 652, in test_Indices_must_be_integers_or_slices
    [1, 2, 3][&quot;2&quot;]
TypeError: list indices must be integers or slices, not str

    Avez-vous oublié de convertir `&quot;2&quot;` en un entier ?

Une exception `TypeError` est généralement causée par une tentative
de combiner deux types d’objets incompatibles,
en invoquant une fonction avec le mauvais type d’objet,
ou en tentant d&#39;effectuer une opération non permise sur un type d&#39;objet donné.

Dans l’expression `[1, 2, 3][&quot;2&quot;]`
ce qui est inclus entre les crochets, `[...]`,
doit être soit un entier ou une tranche
(`start:stop` ou `start:stop:step`)
et vous l’avez utilisé une chaîne de caractères (`str`) la place.

Peut-être avez-vous oublié de convertir `&quot;2&quot;` en un entier.

Exception levée à la ligne 652 du fichier TESTS:\runtime\test_type_error.py.

   650:
   651:     try:
--&gt;652:         [1, 2, 3][&quot;2&quot;]
   653:     except TypeError as e:
</pre></div>
</div>
</div>
<div class="section" id="not-an-integer">
<h3>Not an integer<a class="headerlink" href="#not-an-integer" title="Permalink to this headline">¶</a></h3>
<div class="highlight-none notranslate"><div class="highlight"><pre><span></span>Traceback (most recent call last):
  File &quot;TESTS:\runtime\test_type_error.py&quot;, line 615, in test_Not_an_integer
    range(c, d)
TypeError: &#39;str&#39; object cannot be interpreted as an integer

    Avez-vous oublié de convertir `c, d` en entiers ?

Une exception `TypeError` est généralement causée par une tentative
de combiner deux types d’objets incompatibles,
en invoquant une fonction avec le mauvais type d’objet,
ou en tentant d&#39;effectuer une opération non permise sur un type d&#39;objet donné.

Vous avez écrit un objet de type `str` là où un entier était attendu.
Peut-être avez-vous oublié de convertir `c, d` en entiers.
Exception levée à la ligne 615 du fichier TESTS:\runtime\test_type_error.py.

   613:     c, d = &quot;2&quot;, &quot;3&quot;
   614:     try:
--&gt;615:         range(c, d)
   616:     except TypeError as e:

        c:  &#39;2&#39;
        d:  &#39;3&#39;
        range:  &lt;class range&gt;
</pre></div>
</div>
</div>
<div class="section" id="not-callable">
<h3>Not callable<a class="headerlink" href="#not-callable" title="Permalink to this headline">¶</a></h3>
<div class="highlight-none notranslate"><div class="highlight"><pre><span></span>Traceback (most recent call last):
  File &quot;TESTS:\runtime\test_type_error.py&quot;, line 500, in test_Not_callable
    _ = [1, 2](a + b)
TypeError: &#39;list&#39; object is not callable

    Vouliez-vous dire `[1, 2][a + b]` ?

Une exception `TypeError` est généralement causée par une tentative
de combiner deux types d’objets incompatibles,
en invoquant une fonction avec le mauvais type d’objet,
ou en tentant d&#39;effectuer une opération non permise sur un type d&#39;objet donné.

En raison des parenthees, `(a + b)` est interprété par Python
comme indiquant une invocation de fonction pour
`[1, 2]`, qui est un objet de type `list`
ne pouvant pas être invoqué.

Cependant, `[1, 2]` est une séquence.
Peut-être que vous vouliez utiliser `[]` au lieu de `()` et écrire
`[1, 2][a + b]`

Exception levée à la ligne 500 du fichier TESTS:\runtime\test_type_error.py.

   498:     try:
   499:         a, b = 3, 7
--&gt;500:         _ = [1, 2](a + b)
                    ^^^^^^^^^^^^^
   501:     except TypeError as e:

        a:  3
        b:  7
        a + b:  10
</pre></div>
</div>
</div>
<div class="section" id="object-is-not-iterable">
<h3>Object is not iterable<a class="headerlink" href="#object-is-not-iterable" title="Permalink to this headline">¶</a></h3>
<div class="highlight-none notranslate"><div class="highlight"><pre><span></span>Traceback (most recent call last):
  File &quot;TESTS:\runtime\test_type_error.py&quot;, line 724, in test_Object_is_not_iterable
    list(42)
TypeError: &#39;int&#39; object is not iterable

Une exception `TypeError` est généralement causée par une tentative
de combiner deux types d’objets incompatibles,
en invoquant une fonction avec le mauvais type d’objet,
ou en tentant d&#39;effectuer une opération non permise sur un type d&#39;objet donné.

Un itérable est un objet capable de renvoyer ses membres un à la fois.
Les contenants python (`list, tuple, dict`, etc.) sont itérables.
Une itérable est requis ici.

Exception levée à la ligne 724 du fichier TESTS:\runtime\test_type_error.py.

   722: def test_Object_is_not_iterable():
   723:     try:
--&gt;724:         list(42)
   725:     except TypeError as e:

        list:  &lt;class list&gt;
</pre></div>
</div>
</div>
<div class="section" id="object-is-not-subscriptable">
<h3>Object is not subscriptable<a class="headerlink" href="#object-is-not-subscriptable" title="Permalink to this headline">¶</a></h3>
<div class="highlight-none notranslate"><div class="highlight"><pre><span></span>Traceback (most recent call last):
  File &quot;TESTS:\runtime\test_type_error.py&quot;, line 710, in test_Object_is_not_subscriptable
    a = f[1]
TypeError: &#39;function&#39; object is not subscriptable

    Vouliez-vous dire `f(1)` ?

Une exception `TypeError` est généralement causée par une tentative
de combiner deux types d’objets incompatibles,
en invoquant une fonction avec le mauvais type d’objet,
ou en tentant d&#39;effectuer une opération non permise sur un type d&#39;objet donné.

Les objets subscriptibles sont généralement des conteneurs à partir
desquels on peut tirer des éléments en utilisant la notation `[...]`.

Peut-être que vous vouliez plutôt écrire `f(1)`.

Exception levée à la ligne 710 du fichier TESTS:\runtime\test_type_error.py.

   708:
   709:     try:
--&gt;710:         a = f[1]
                    ^^^^
   711:     except TypeError as e:

        f:  &lt;function f&gt; from test_Object_is_not_subscriptable
</pre></div>
</div>
</div>
<div class="section" id="slice-indices-must-be-integers-or-none">
<h3>Slice indices must be integers or None<a class="headerlink" href="#slice-indices-must-be-integers-or-none" title="Permalink to this headline">¶</a></h3>
<div class="highlight-none notranslate"><div class="highlight"><pre><span></span>Traceback (most recent call last):
  File &quot;TESTS:\runtime\test_type_error.py&quot;, line 666, in test_Slice_indices_must_be_integers_or_None
    [1, 2, 3][1.0:2.0]
TypeError: slice indices must be integers or None or have an __index__ method

Une exception `TypeError` est généralement causée par une tentative
de combiner deux types d’objets incompatibles,
en invoquant une fonction avec le mauvais type d’objet,
ou en tentant d&#39;effectuer une opération non permise sur un type d&#39;objet donné.

Lors de l’utilisation d’une tranche pour extraire une gamme d’éléments
d’une séquence, c’est-à-dire quelque chose comme
`[start:stop]` ou `[start:stop:step]`
chacune des variables `start`, `stop`, et `step` doit être soit un entier, soit `None`,
ou possiblement un autre objet ayant une méthode `__index__`.

Exception levée à la ligne 666 du fichier TESTS:\runtime\test_type_error.py.

   664: def test_Slice_indices_must_be_integers_or_None():
   665:     try:
--&gt;666:         [1, 2, 3][1.0:2.0]
   667:     except TypeError as e:
</pre></div>
</div>
</div>
<div class="section" id="too-few-positional-argument">
<h3>Too few positional argument<a class="headerlink" href="#too-few-positional-argument" title="Permalink to this headline">¶</a></h3>
<div class="highlight-none notranslate"><div class="highlight"><pre><span></span>Traceback (most recent call last):
  File &quot;TESTS:\runtime\test_type_error.py&quot;, line 441, in test_Too_few_positional_argument
    fn(1)
TypeError: fn() missing 2 required positional arguments: &#39;b&#39; and &#39;c&#39;

Une exception `TypeError` est généralement causée par une tentative
de combiner deux types d’objets incompatibles,
en invoquant une fonction avec le mauvais type d’objet,
ou en tentant d&#39;effectuer une opération non permise sur un type d&#39;objet donné.

Vous avez apparemment invoqué la fonction &#39;fn()&#39; avec
moins d&#39;arguments positionnels qu&#39;il n&#39;en faut (2 manquent).

Exception levée à la ligne 441 du fichier TESTS:\runtime\test_type_error.py.

   439:
   440:     try:
--&gt;441:         fn(1)
   442:     except TypeError as e:

        fn:  &lt;function fn&gt; from test_Too_few_positional_argument
</pre></div>
</div>
</div>
<div class="section" id="too-many-positional-argument">
<h3>Too many positional argument<a class="headerlink" href="#too-many-positional-argument" title="Permalink to this headline">¶</a></h3>
<div class="highlight-none notranslate"><div class="highlight"><pre><span></span>Traceback (most recent call last):
  File &quot;TESTS:\runtime\test_type_error.py&quot;, line 422, in test_Too_many_positional_argument
    A().f(1)
TypeError: f() takes 1 positional argument but 2 were given

    Peut-être avez-vous oublié `self` lors de la définition de `f`.

Une exception `TypeError` est généralement causée par une tentative
de combiner deux types d’objets incompatibles,
en invoquant une fonction avec le mauvais type d’objet,
ou en tentant d&#39;effectuer une opération non permise sur un type d&#39;objet donné.

Vous avez apparemment invoqué la fonction `f` avec
2 arguments positionnels alors qu&#39;elle en requiert 1.
Peut-être avez-vous oublié `self` lors de la définition de `f`.

Exception levée à la ligne 422 du fichier TESTS:\runtime\test_type_error.py.

   420:
   421:     try:
--&gt;422:         A().f(1)
   423:     except TypeError as e:

        A:  &lt;class A&gt; from test_type_error.test_Too_many_positional_argument
</pre></div>
</div>
</div>
<div class="section" id="tuple-no-item-assignment">
<h3>Tuple no item assignment<a class="headerlink" href="#tuple-no-item-assignment" title="Permalink to this headline">¶</a></h3>
<div class="highlight-none notranslate"><div class="highlight"><pre><span></span>Traceback (most recent call last):
  File &quot;TESTS:\runtime\test_type_error.py&quot;, line 389, in test_Tuple_no_item_assignment
    a[0] = 0
TypeError: &#39;tuple&#39; object does not support item assignment

    Voulez-vous utiliser une liste?

Une exception `TypeError` est généralement causée par une tentative
de combiner deux types d’objets incompatibles,
en invoquant une fonction avec le mauvais type d’objet,
ou en tentant d&#39;effectuer une opération non permise sur un type d&#39;objet donné.

Dans Python, certains objets sont connus comme immuables:
une fois définis, leur valeur ne peut pas être modifiée.
Vous avez essayé de modifier une partie d’un tel objet immuable: un `tuple`,
probablement en utilisant une opération d’indexation.
Peut-être que vous vouliez plutôt utiliser une liste.

Exception levée à la ligne 389 du fichier TESTS:\runtime\test_type_error.py.

   387:     a = (1, 2, 3)
   388:     try:
--&gt;389:         a[0] = 0
   390:     except TypeError as e:

        a:  (1, 2, 3)
        a[0]:  1
</pre></div>
</div>
</div>
<div class="section" id="unhachable-type">
<h3>Unhachable type<a class="headerlink" href="#unhachable-type" title="Permalink to this headline">¶</a></h3>
<div class="highlight-none notranslate"><div class="highlight"><pre><span></span>Traceback (most recent call last):
  File &quot;TESTS:\runtime\test_type_error.py&quot;, line 683, in test_Unhachable_type
    {[1, 2]: 1}
TypeError: unhashable type: &#39;list&#39;

Une exception `TypeError` est généralement causée par une tentative
de combiner deux types d’objets incompatibles,
en invoquant une fonction avec le mauvais type d’objet,
ou en tentant d&#39;effectuer une opération non permise sur un type d&#39;objet donné.

Seuls les objets hachables peuvent être utilisés
comme éléments de `set` ou des clés de `dict`.
Les objets hachables sont des objets qui ne changent pas de valeur
une fois qu’ils ont été créés.Au lieu d’utiliser une liste (`list`), envisagez d’utiliser un `tuple`.

Exception levée à la ligne 683 du fichier TESTS:\runtime\test_type_error.py.

   681: def test_Unhachable_type():
   682:     try:
--&gt;683:         {[1, 2]: 1}
   684:     except TypeError as e:
</pre></div>
</div>
</div>
<div class="section" id="unsupported-operand-types">
<h3>Unsupported operand types<a class="headerlink" href="#unsupported-operand-types" title="Permalink to this headline">¶</a></h3>
<div class="highlight-none notranslate"><div class="highlight"><pre><span></span>Traceback (most recent call last):
  File &quot;TESTS:\runtime\test_type_error.py&quot;, line 283, in test_Unsupported_operand_types
    a @= b
TypeError: unsupported operand type(s) for @=: &#39;str&#39; and &#39;int&#39;

Une exception `TypeError` est généralement causée par une tentative
de combiner deux types d’objets incompatibles,
en invoquant une fonction avec le mauvais type d’objet,
ou en tentant d&#39;effectuer une opération non permise sur un type d&#39;objet donné.

Vous avez essayé d’utiliser l’opérateur @=
à l’aide de deux types d’objets incompatibles:
une chaîne de caractères (`str`) et un entier (`int`).
Cet opérateur est normalement utilisé uniquement
pour la multiplication des matrices.

Exception levée à la ligne 283 du fichier TESTS:\runtime\test_type_error.py.

   281:         a = &quot;a&quot;
   282:         b = 2
--&gt;283:         a @= b
   284:     except TypeError as e:

        a:  &#39;a&#39;
        b:  2
</pre></div>
</div>
</div>
<div class="section" id="function-has-no-len">
<h3>function has no len<a class="headerlink" href="#function-has-no-len" title="Permalink to this headline">¶</a></h3>
<div class="highlight-none notranslate"><div class="highlight"><pre><span></span>Traceback (most recent call last):
  File &quot;TESTS:\runtime\test_type_error.py&quot;, line 796, in test_function_has_no_len
    len(bad)
TypeError: object of type &#39;function&#39; has no len()

    Avez-vous oublié d’invoquer `bad` ?

Une exception `TypeError` est généralement causée par une tentative
de combiner deux types d’objets incompatibles,
en invoquant une fonction avec le mauvais type d’objet,
ou en tentant d&#39;effectuer une opération non permise sur un type d&#39;objet donné.

Je soupçonne que vous avez oublié d’ajouter des parenthèses pour invoquer `bad`.
Vous avez peut-être voulu écrire :
`len(bad())`

Exception levée à la ligne 796 du fichier TESTS:\runtime\test_type_error.py.

   794:         pass
   795:     try:
--&gt;796:         len(bad)
   797:     except TypeError as e:

        bad:  &lt;function bad&gt; from test_function_has_no_len
        len:  &lt;builtin function len&gt;
</pre></div>
</div>
</div>
</div>
<div class="section" id="unboundlocalerror">
<h2>UnboundLocalError<a class="headerlink" href="#unboundlocalerror" title="Permalink to this headline">¶</a></h2>
<div class="section" id="missing-both">
<h3>Missing both<a class="headerlink" href="#missing-both" title="Permalink to this headline">¶</a></h3>
<div class="highlight-none notranslate"><div class="highlight"><pre><span></span>Traceback (most recent call last):
  File &quot;TESTS:\runtime\test_unbound_local_error.py&quot;, line 61, in test_Missing_both
    outer_missing_both()
  File &quot;TESTS:\runtime\test_unbound_local_error.py&quot;, line 22, in outer_missing_both
    inner()
  File &quot;TESTS:\runtime\test_unbound_local_error.py&quot;, line 21, in inner
    spam_missing_both += 1
UnboundLocalError: local variable &#39;spam_missing_both&#39; referenced before assignment

    Avez-vous oublié d’ajouter soit `global spam_missing_both` ou
    `nonlocal spam_missing_both` ?

En Python, les variables utilisées à l’intérieur d’une fonction sont appelées
variables «locales».
Avant d’utiliser une variable locale, une valeur doit lui être attribuée.
Une variable utilisée avant l’attribution d’une valeur est supposée
être définie en dehors de cette fonction;
elle est connu comme une variable «globale» (`global` ou parfois `nonlocal`).
Vous ne pouvez pas assigner une valeur à une telle variable globale
à l’intérieur d’une fonction sans d’abord confirmer à python
qu’il s’agit d’une variable globale, sinon vous verrez une exception `UnboundLocalError`.

Le nom `spam_missing_both` existe à la fois dans la portée globale et non locale.
Cela peut être assez déroutant et n’est pas recommandé.
Selon la variable à laquelle vous vouliez vous référer, vous deviez ajouter

    global spam_missing_both

ou

    nonlocal spam_missing_both

comme la première ligne à l’intérieur de votre fonction.

L&#39;exécution s&#39;est arrêtée à la ligne 61 du fichier TESTS:\runtime\test_unbound_local_error.py

   59: def test_Missing_both():
   60:     try:
--&gt;61:         outer_missing_both()
   62:     except UnboundLocalError as e:

        global outer_missing_both:  &lt;function outer_missing_both&gt;

Exception levée à la ligne 21 du fichier TESTS:\runtime\test_unbound_local_error.py.

   19:     spam_missing_both = 2
   20:     def inner():
--&gt;21:         spam_missing_both += 1
   22:     inner()

        global spam_missing_both:  1
</pre></div>
</div>
</div>
<div class="section" id="missing-global">
<h3>Missing global<a class="headerlink" href="#missing-global" title="Permalink to this headline">¶</a></h3>
<div class="highlight-none notranslate"><div class="highlight"><pre><span></span>Traceback (most recent call last):
  File &quot;TESTS:\runtime\test_unbound_local_error.py&quot;, line 27, in test_Missing_global
    outer_missing_global()
  File &quot;TESTS:\runtime\test_unbound_local_error.py&quot;, line 10, in outer_missing_global
    inner()
  File &quot;TESTS:\runtime\test_unbound_local_error.py&quot;, line 9, in inner
    spam_missing_global += 1
UnboundLocalError: local variable &#39;spam_missing_global&#39; referenced before assignment

    Avez-vous oublié d’ajouter `global spam_missing_global` ?

En Python, les variables utilisées à l’intérieur d’une fonction sont appelées
variables «locales».
Avant d’utiliser une variable locale, une valeur doit lui être attribuée.
Une variable utilisée avant l’attribution d’une valeur est supposée
être définie en dehors de cette fonction;
elle est connu comme une variable «globale» (`global` ou parfois `nonlocal`).
Vous ne pouvez pas assigner une valeur à une telle variable globale
à l’intérieur d’une fonction sans d’abord confirmer à python
qu’il s’agit d’une variable globale, sinon vous verrez une exception `UnboundLocalError`.

Le nom `spam_missing_global` existe dans la portée global.
Peut-être la déclaration

    global spam_missing_global

aurait dû être incluse comme première ligne à l’intérieur de votre fonction.

L&#39;exécution s&#39;est arrêtée à la ligne 27 du fichier TESTS:\runtime\test_unbound_local_error.py

   25: def test_Missing_global():
   26:     try:
--&gt;27:         outer_missing_global()
   28:     except UnboundLocalError as e:

        global outer_missing_global:  &lt;function outer_missing_global&gt;

Exception levée à la ligne 9 du fichier TESTS:\runtime\test_unbound_local_error.py.

    7: def outer_missing_global():
    8:     def inner():
--&gt; 9:         spam_missing_global += 1
   10:     inner()

        global spam_missing_global:  1
</pre></div>
</div>
</div>
<div class="section" id="missing-nonlocal">
<h3>Missing nonlocal<a class="headerlink" href="#missing-nonlocal" title="Permalink to this headline">¶</a></h3>
<div class="highlight-none notranslate"><div class="highlight"><pre><span></span>Traceback (most recent call last):
  File &quot;TESTS:\runtime\test_unbound_local_error.py&quot;, line 44, in test_Missing_nonlocal
    outer_missing_nonlocal()
  File &quot;TESTS:\runtime\test_unbound_local_error.py&quot;, line 16, in outer_missing_nonlocal
    inner()
  File &quot;TESTS:\runtime\test_unbound_local_error.py&quot;, line 15, in inner
    spam_missing_nonlocal += 1
UnboundLocalError: local variable &#39;spam_missing_nonlocal&#39; referenced before assignment

    Avez-vous oublié d’ajouter `nonlocal spam_missing_nonlocal` ?

En Python, les variables utilisées à l’intérieur d’une fonction sont appelées
variables «locales».
Avant d’utiliser une variable locale, une valeur doit lui être attribuée.
Une variable utilisée avant l’attribution d’une valeur est supposée
être définie en dehors de cette fonction;
elle est connu comme une variable «globale» (`global` ou parfois `nonlocal`).
Vous ne pouvez pas assigner une valeur à une telle variable globale
à l’intérieur d’une fonction sans d’abord confirmer à python
qu’il s’agit d’une variable globale, sinon vous verrez une exception `UnboundLocalError`.

Le nom `spam_missing_nonlocal` existe dans la portée nonlocal.
Peut-être la déclaration

    nonlocal spam_missing_nonlocal

aurait dû être incluse comme première ligne à l’intérieur de votre fonction.

L&#39;exécution s&#39;est arrêtée à la ligne 44 du fichier TESTS:\runtime\test_unbound_local_error.py

   42: def test_Missing_nonlocal():
   43:     try:
--&gt;44:         outer_missing_nonlocal()
   45:     except UnboundLocalError as e:

        global outer_missing_nonlocal:  &lt;function outer_missing_nonlocal&gt;

Exception levée à la ligne 15 du fichier TESTS:\runtime\test_unbound_local_error.py.

   13:     spam_missing_nonlocal = 1
   14:     def inner():
--&gt;15:         spam_missing_nonlocal += 1
   16:     inner()
</pre></div>
</div>
</div>
<div class="section" id="typo-in-local">
<h3>Typo in local<a class="headerlink" href="#typo-in-local" title="Permalink to this headline">¶</a></h3>
<div class="highlight-none notranslate"><div class="highlight"><pre><span></span>Traceback (most recent call last):
  File &quot;TESTS:\runtime\test_unbound_local_error.py&quot;, line 97, in test_Typo_in_local
    test2()
  File &quot;TESTS:\runtime\test_unbound_local_error.py&quot;, line 94, in test2
    alpha3 += 1
UnboundLocalError: local variable &#39;alpha3&#39; referenced before assignment

    Vouliez-vous dire `alpha2` ?

En Python, les variables utilisées à l’intérieur d’une fonction sont appelées
variables «locales».
Avant d’utiliser une variable locale, une valeur doit lui être attribuée.
Une variable utilisée avant l’attribution d’une valeur est supposée
être définie en dehors de cette fonction;
elle est connu comme une variable «globale» (`global` ou parfois `nonlocal`).
Vous ne pouvez pas assigner une valeur à une telle variable globale
à l’intérieur d’une fonction sans d’abord confirmer à python
qu’il s’agit d’une variable globale, sinon vous verrez une exception `UnboundLocalError`.

Au lieu d’écrire `alpha3`, peut-être que vous vouliez écrire l&#39;un des noms suivants :
*    Portée locale : `alpha2`, `alpha1`

L&#39;exécution s&#39;est arrêtée à la ligne 97 du fichier TESTS:\runtime\test_unbound_local_error.py

   95:
   96:     try:
--&gt;97:         test2()
   98:     except UnboundLocalError as e:

        test2:  &lt;function test2&gt; from test_Typo_in_local

Exception levée à la ligne 94 du fichier TESTS:\runtime\test_unbound_local_error.py.

   92:         alpha1 = 1
   93:         alpha2 = 1
--&gt;94:         alpha3 += 1
</pre></div>
</div>
</div>
</div>
<div class="section" id="unknownerror">
<h2>UnknownError<a class="headerlink" href="#unknownerror" title="Permalink to this headline">¶</a></h2>
<div class="section" id="id9">
<h3>Generic<a class="headerlink" href="#id9" title="Permalink to this headline">¶</a></h3>
<div class="highlight-none notranslate"><div class="highlight"><pre><span></span>Traceback (most recent call last):
  File &quot;TESTS:\runtime\test_unknown_error.py&quot;, line 12, in test_Generic
    raise MyException(&quot;Some informative message about an unknown exception.&quot;)
MyException: Some informative message about an unknown exception.

Aucune information n’est disponible au sujet de cette exception.
Veuillez signaler cet exemple à https://github.com/aroberge/friendly/issues.
Si vous utilisez un REPL, utilisez `www(&#39;bug&#39;)` pour le faire.

Si vous utilisez la console Friendly, utilisez `www()` pour
faire une recherche sur Internet pour ce cas particulier.

Exception levée à la ligne 12 du fichier TESTS:\runtime\test_unknown_error.py.

   10:     friendly_traceback.debug_helper.DEBUG = False
   11:     try:
--&gt;12:         raise MyException(&quot;Some informative message about an unknown exception.&quot;)
   13:     except Exception as e:

        global MyException:  &lt;class test_unknown_error.MyException&gt;
</pre></div>
</div>
</div>
</div>
<div class="section" id="valueerror">
<h2>ValueError<a class="headerlink" href="#valueerror" title="Permalink to this headline">¶</a></h2>
<div class="section" id="date-invalid-month">
<h3>Date invalid month<a class="headerlink" href="#date-invalid-month" title="Permalink to this headline">¶</a></h3>
<div class="highlight-none notranslate"><div class="highlight"><pre><span></span>Traceback (most recent call last):
  File &quot;TESTS:\runtime\test_value_error.py&quot;, line 58, in test_Date_invalid_month
    d = date(2021, 13, 1)
ValueError: month must be in 1..12

    Avez-vous spécifié un mois inexistant ?

Une exception `ValueError` indique qu&#39;une fonction ou une opération
a reçu un argument du bon type, mais une valeur inappropriée.

Je crois que vous avez indiqué une valeur non valide pour le mois
dans un objet de type `date`. Les valeurs valides sont les entiers de 1 à 12.

Exception levée à la ligne 58 du fichier TESTS:\runtime\test_value_error.py.

   56:     from datetime import date
   57:     try:
--&gt;58:         d = date(2021, 13, 1)
                   ^^^^^^^^^^^^^^^^^
   59:     except ValueError as e:

        date:  &lt;class datetime.date&gt;
</pre></div>
</div>
</div>
<div class="section" id="not-enough-values-to-unpack">
<h3>Not enough values to unpack<a class="headerlink" href="#not-enough-values-to-unpack" title="Permalink to this headline">¶</a></h3>
<div class="highlight-none notranslate"><div class="highlight"><pre><span></span>Traceback (most recent call last):
  File &quot;TESTS:\runtime\test_value_error.py&quot;, line 28, in test_Not_enough_values_to_unpack
    a, b, c = d
ValueError: not enough values to unpack (expected 3, got 2)

Une exception `ValueError` indique qu&#39;une fonction ou une opération
a reçu un argument du bon type, mais une valeur inappropriée.

Le dépaquetage (&#39;unpack&#39;) est un moyen pratique d’attribuer un nom
à chaque élément d’un itérable.
Dans ce cas-ci, il y a plus de noms (3)
que la longueur de l’itérable, une chaîne de caractères (`str`) de longueur 2.

Exception levée à la ligne 28 du fichier TESTS:\runtime\test_value_error.py.

   26:     d = &quot;ab&quot;
   27:     try:
--&gt;28:         a, b, c = d
   29:     except ValueError as e:

        d:  &#39;ab&#39;
</pre></div>
</div>
</div>
<div class="section" id="too-many-values-to-unpack">
<h3>Too many values to unpack<a class="headerlink" href="#too-many-values-to-unpack" title="Permalink to this headline">¶</a></h3>
<div class="highlight-none notranslate"><div class="highlight"><pre><span></span>Traceback (most recent call last):
  File &quot;TESTS:\runtime\test_value_error.py&quot;, line 43, in test_Too_many_values_to_unpack
    a, b = c
ValueError: too many values to unpack (expected 2)

Une exception `ValueError` indique qu&#39;une fonction ou une opération
a reçu un argument du bon type, mais une valeur inappropriée.

Le dépaquetage (&#39;unpack&#39;) est un moyen pratique d’attribuer un nom
à chaque élément d’un itérable.
Dans ce cas-ci, il y a moins de noms (2)
que la longueur de l’itérable, une liste (`list`) de longueur 3.

Exception levée à la ligne 43 du fichier TESTS:\runtime\test_value_error.py.

   41:     c = [1, 2, 3]
   42:     try:
--&gt;43:         a, b = c
   44:     except ValueError as e:

        c:  [1, 2, 3]
</pre></div>
</div>
</div>
</div>
<div class="section" id="zerodivisionerror">
<h2>ZeroDivisionError<a class="headerlink" href="#zerodivisionerror" title="Permalink to this headline">¶</a></h2>
<div class="section" id="complex-division">
<h3>Complex division<a class="headerlink" href="#complex-division" title="Permalink to this headline">¶</a></h3>
<div class="highlight-none notranslate"><div class="highlight"><pre><span></span>Traceback (most recent call last):
  File &quot;TESTS:\runtime\test_zero_division_error.py&quot;, line 155, in test_Complex_division
    1 / zero
ZeroDivisionError: complex division by zero

Une exception de type `ZeroDivisionError` se produit lorsque vous essayez de diviser une valeur
par zéro soit directement ou en utilisant une autre opération mathématique.

Vous divisez par le terme suivant

     zero

qui est égal à zéro.

Exception levée à la ligne 155 du fichier TESTS:\runtime\test_zero_division_error.py.

   153:     zero = 0j
   154:     try:
--&gt;155:         1 / zero
   156:     except ZeroDivisionError as e:

        zero:  0j
</pre></div>
</div>
</div>
<div class="section" id="division-by-zero-literal">
<h3>Division by zero literal<a class="headerlink" href="#division-by-zero-literal" title="Permalink to this headline">¶</a></h3>
<div class="highlight-none notranslate"><div class="highlight"><pre><span></span>Traceback (most recent call last):
  File &quot;TESTS:\runtime\test_zero_division_error.py&quot;, line 199, in test_Division_by_zero_literal
    1. / 0
ZeroDivisionError: float division by zero

Une exception de type `ZeroDivisionError` se produit lorsque vous essayez de diviser une valeur
par zéro soit directement ou en utilisant une autre opération mathématique.

Vous divisez par zéro.

Exception levée à la ligne 199 du fichier TESTS:\runtime\test_zero_division_error.py.

   197:
   198:     try:
--&gt;199:         1. / 0
   200:     except ZeroDivisionError as e:
</pre></div>
</div>
</div>
<div class="section" id="division-operator">
<h3>Division operator<a class="headerlink" href="#division-operator" title="Permalink to this headline">¶</a></h3>
<div class="highlight-none notranslate"><div class="highlight"><pre><span></span>Traceback (most recent call last):
  File &quot;TESTS:\runtime\test_zero_division_error.py&quot;, line 17, in test_Division_operator
    1 / zero
ZeroDivisionError: division by zero

Une exception de type `ZeroDivisionError` se produit lorsque vous essayez de diviser une valeur
par zéro soit directement ou en utilisant une autre opération mathématique.

Vous divisez par le terme suivant

     zero

qui est égal à zéro.

Exception levée à la ligne 17 du fichier TESTS:\runtime\test_zero_division_error.py.

   15:
   16:     try:
--&gt;17:         1 / zero
   18:     except ZeroDivisionError as e:

        zero:  0
</pre></div>
</div>
</div>
<div class="section" id="divmod">
<h3>Divmod<a class="headerlink" href="#divmod" title="Permalink to this headline">¶</a></h3>
<div class="highlight-none notranslate"><div class="highlight"><pre><span></span>Traceback (most recent call last):
  File &quot;TESTS:\runtime\test_zero_division_error.py&quot;, line 82, in test_Divmod
    divmod(1, zero)
ZeroDivisionError: integer division or modulo by zero

Une exception de type `ZeroDivisionError` se produit lorsque vous essayez de diviser une valeur
par zéro soit directement ou en utilisant une autre opération mathématique.

Le deuxième argument de la fonction `divmod()` est égal à zéro.

Exception levée à la ligne 82 du fichier TESTS:\runtime\test_zero_division_error.py.

   80:     zero = 0
   81:     try:
--&gt;82:         divmod(1, zero)
   83:     except ZeroDivisionError as e:

        zero:  0
        divmod:  &lt;builtin function divmod&gt;
</pre></div>
</div>
</div>
<div class="section" id="float-division">
<h3>Float division<a class="headerlink" href="#float-division" title="Permalink to this headline">¶</a></h3>
<div class="highlight-none notranslate"><div class="highlight"><pre><span></span>Traceback (most recent call last):
  File &quot;TESTS:\runtime\test_zero_division_error.py&quot;, line 125, in test_Float_division
    1 / zero
ZeroDivisionError: float division by zero

Une exception de type `ZeroDivisionError` se produit lorsque vous essayez de diviser une valeur
par zéro soit directement ou en utilisant une autre opération mathématique.

Vous divisez par le terme suivant

     zero

qui est égal à zéro.

Exception levée à la ligne 125 du fichier TESTS:\runtime\test_zero_division_error.py.

   123:     zero = 0.
   124:     try:
--&gt;125:         1 / zero
   126:     except ZeroDivisionError as e:

        zero:  0.0
</pre></div>
</div>
</div>
<div class="section" id="float-divmod">
<h3>Float divmod<a class="headerlink" href="#float-divmod" title="Permalink to this headline">¶</a></h3>
<div class="highlight-none notranslate"><div class="highlight"><pre><span></span>Traceback (most recent call last):
  File &quot;TESTS:\runtime\test_zero_division_error.py&quot;, line 140, in test_Float_divmod
    divmod(1, zero)
ZeroDivisionError: float divmod()

Une exception de type `ZeroDivisionError` se produit lorsque vous essayez de diviser une valeur
par zéro soit directement ou en utilisant une autre opération mathématique.

Le deuxième argument de la fonction `divmod()` est égal à zéro.

Exception levée à la ligne 140 du fichier TESTS:\runtime\test_zero_division_error.py.

   138:     zero = 0.
   139:     try:
--&gt;140:         divmod(1, zero)
   141:     except ZeroDivisionError as e:

        zero:  0.0
        divmod:  &lt;builtin function divmod&gt;
</pre></div>
</div>
</div>
<div class="section" id="float-modulo">
<h3>Float modulo<a class="headerlink" href="#float-modulo" title="Permalink to this headline">¶</a></h3>
<div class="highlight-none notranslate"><div class="highlight"><pre><span></span>Traceback (most recent call last):
  File &quot;TESTS:\runtime\test_zero_division_error.py&quot;, line 110, in test_Float_modulo
    1 % zero
ZeroDivisionError: float modulo

Une exception de type `ZeroDivisionError` se produit lorsque vous essayez de diviser une valeur
par zéro soit directement ou en utilisant une autre opération mathématique.

En utilisant l’opérateur modulo, vous divisez par le terme suivant

     zero

qui est égal à zéro.

Exception levée à la ligne 110 du fichier TESTS:\runtime\test_zero_division_error.py.

   108:
   109:     try:
--&gt;110:         1 % zero
   111:     except ZeroDivisionError as e:

        zero:  0.0
</pre></div>
</div>
</div>
<div class="section" id="integer-division-operator">
<h3>Integer division operator<a class="headerlink" href="#integer-division-operator" title="Permalink to this headline">¶</a></h3>
<div class="highlight-none notranslate"><div class="highlight"><pre><span></span>Traceback (most recent call last):
  File &quot;TESTS:\runtime\test_zero_division_error.py&quot;, line 42, in test_Integer_division_operator
    1 // zero
ZeroDivisionError: integer division or modulo by zero

Une exception de type `ZeroDivisionError` se produit lorsque vous essayez de diviser une valeur
par zéro soit directement ou en utilisant une autre opération mathématique.

Vous divisez par le terme suivant

     zero

qui est égal à zéro.

Exception levée à la ligne 42 du fichier TESTS:\runtime\test_zero_division_error.py.

   40:
   41:     try:
--&gt;42:         1 // zero
   43:     except ZeroDivisionError as e:

        zero:  0
</pre></div>
</div>
</div>
<div class="section" id="mixed-operations">
<h3>Mixed operations<a class="headerlink" href="#mixed-operations" title="Permalink to this headline">¶</a></h3>
<div class="highlight-none notranslate"><div class="highlight"><pre><span></span>Traceback (most recent call last):
  File &quot;TESTS:\runtime\test_zero_division_error.py&quot;, line 212, in test_Mixed_operations
    a = divmod(8, 1 // 2)
ZeroDivisionError: integer division or modulo by zero

Une exception de type `ZeroDivisionError` se produit lorsque vous essayez de diviser une valeur
par zéro soit directement ou en utilisant une autre opération mathématique.

L’expression mathématique suivante inclut une division par zéro :

    divmod(8, 1 // 2)

Exception levée à la ligne 212 du fichier TESTS:\runtime\test_zero_division_error.py.

   210: def test_Mixed_operations():
   211:     try:
--&gt;212:         a = divmod(8, 1 // 2)
                    ^^^^^^^^^^^^^^^^^
   213:     except ZeroDivisionError as e:

        divmod:  &lt;builtin function divmod&gt;
        1 // 2:  0
</pre></div>
</div>
</div>
<div class="section" id="modulo-operator">
<h3>Modulo operator<a class="headerlink" href="#modulo-operator" title="Permalink to this headline">¶</a></h3>
<div class="highlight-none notranslate"><div class="highlight"><pre><span></span>Traceback (most recent call last):
  File &quot;TESTS:\runtime\test_zero_division_error.py&quot;, line 67, in test_Modulo_operator
    1 % zero
ZeroDivisionError: integer division or modulo by zero

Une exception de type `ZeroDivisionError` se produit lorsque vous essayez de diviser une valeur
par zéro soit directement ou en utilisant une autre opération mathématique.

En utilisant l’opérateur modulo, vous divisez par le terme suivant

     zero

qui est égal à zéro.

Exception levée à la ligne 67 du fichier TESTS:\runtime\test_zero_division_error.py.

   65:
   66:     try:
--&gt;67:         1 % zero
   68:     except ZeroDivisionError as e:

        zero:  0
</pre></div>
</div>
</div>
<div class="section" id="raise-zero-negative-power">
<h3>Raise zero negative power<a class="headerlink" href="#raise-zero-negative-power" title="Permalink to this headline">¶</a></h3>
<div class="highlight-none notranslate"><div class="highlight"><pre><span></span>Traceback (most recent call last):
  File &quot;TESTS:\runtime\test_zero_division_error.py&quot;, line 170, in test_Raise_zero_negative_power
    zero ** -1
ZeroDivisionError: 0.0 cannot be raised to a negative power

Une exception de type `ZeroDivisionError` se produit lorsque vous essayez de diviser une valeur
par zéro soit directement ou en utilisant une autre opération mathématique.

Vous essayez d&#39;élever le nombre 0 à une puissance négative
ce qui équivaut à diviser par zéro.

Exception levée à la ligne 170 du fichier TESTS:\runtime\test_zero_division_error.py.

   168:     zero = 0
   169:     try:
--&gt;170:         zero ** -1
   171:     except ZeroDivisionError as e:

        zero:  0
</pre></div>
</div>
</div>
</div>
</div>


           </div>
           
          </div>
          <footer>
    <div class="rst-footer-buttons" role="navigation" aria-label="footer navigation">
        <a href="syntax_tracebacks_fr.html" class="btn btn-neutral float-right" title="Friendly SyntaxError tracebacks - en Français" accesskey="n" rel="next">Next <span class="fa fa-arrow-circle-right" aria-hidden="true"></span></a>
        <a href="compare.html" class="btn btn-neutral float-left" title="Comparison between Python versions: SyntaxErrors" accesskey="p" rel="prev"><span class="fa fa-arrow-circle-left" aria-hidden="true"></span> Previous</a>
    </div>

  <hr/>

  <div role="contentinfo">
    <p>
        &#169; Copyright André Roberge.

    </p>
  </div>
    
    
    
    Built with <a href="https://www.sphinx-doc.org/">Sphinx</a> using a
    
    <a href="https://github.com/readthedocs/sphinx_rtd_theme">theme</a>
    
    provided by <a href="https://readthedocs.org">Read the Docs</a>. 

</footer>
        </div>
      </div>

    </section>

  </div>
  

  <script type="text/javascript">
      jQuery(function () {
          SphinxRtdTheme.Navigation.enable(true);
      });
  </script>

  
  
    
   

</body>
</html>