

<!DOCTYPE html>
<html class="writer-html5" lang="en" >
<head>
  <meta charset="utf-8">
  
  <meta name="viewport" content="width=device-width, initial-scale=1.0">
  
  <title>Friendly tracebacks - en Français &mdash; Friendly tracebacks 0.2.9a documentation</title>
  

  
  <link rel="stylesheet" href="_static/css/theme.css" type="text/css" />
  <link rel="stylesheet" href="_static/pygments.css" type="text/css" />
  <link rel="stylesheet" href="_static/custom.css" type="text/css" />

  
  
  
  

  
  <!--[if lt IE 9]>
    <script src="_static/js/html5shiv.min.js"></script>
  <![endif]-->
  
    
      <script type="text/javascript" id="documentation_options" data-url_root="./" src="_static/documentation_options.js"></script>
        <script src="_static/jquery.js"></script>
        <script src="_static/underscore.js"></script>
        <script src="_static/doctools.js"></script>
        <script src="_static/language_data.js"></script>
    
    <script type="text/javascript" src="_static/js/theme.js"></script>

    
    <link rel="index" title="Index" href="genindex.html" />
    <link rel="search" title="Search" href="search.html" />
    <link rel="next" title="Friendly SyntaxError tracebacks - en Français" href="syntax_tracebacks_fr.html" />
    <link rel="prev" title="Syntax errors - markdown_docs format" href="tracebacks_syntax_markdown.html" /> 
</head>

<body class="wy-body-for-nav">

   
  <div class="wy-grid-for-nav">
    
    <nav data-toggle="wy-nav-shift" class="wy-nav-side">
      <div class="wy-side-scroll">
        <div class="wy-side-nav-search" >
          

          
            <a href="index.html" class="icon icon-home" alt="Documentation Home"> Friendly tracebacks
          

          
          </a>

          
            
            
              <div class="version">
                0.2.9a
              </div>
            
          

          
<div role="search">
  <form id="rtd-search-form" class="wy-form" action="search.html" method="get">
    <input type="text" name="q" placeholder="Search docs" />
    <input type="hidden" name="check_keywords" value="yes" />
    <input type="hidden" name="area" value="default" />
  </form>
</div>

          
        </div>

        
        <div class="wy-menu wy-menu-vertical" data-spy="affix" role="navigation" aria-label="main navigation">
          
            
            
              
            
            
              <p class="caption"><span class="caption-text">Begin here</span></p>
<ul>
<li class="toctree-l1"><a class="reference internal" href="usage.html">Installation and basic usage</a></li>
<li class="toctree-l1"><a class="reference internal" href="repl.html">Console basics</a></li>
<li class="toctree-l1"><a class="reference internal" href="editor.html">Using with an editor or IDE</a></li>
<li class="toctree-l1"><a class="reference internal" href="mu.html">Using with Mu</a></li>
<li class="toctree-l1"><a class="reference internal" href="thonny.html">Using with Thonny</a></li>
<li class="toctree-l1"><a class="reference internal" href="tracebacks.html">Multiple tracebacks</a></li>
</ul>
<p class="caption"><span class="caption-text">Thoughts on design</span></p>
<ul>
<li class="toctree-l1"><a class="reference internal" href="design.html">Some thoughts on the design of Friendly-traceback</a></li>
<li class="toctree-l1"><a class="reference internal" href="themes.html">Themes and colours</a></li>
</ul>
<p class="caption"><span class="caption-text">Use in your project</span></p>
<ul>
<li class="toctree-l1"><a class="reference internal" href="api.html">Public API</a></li>
<li class="toctree-l1"><a class="reference internal" href="lies.html">Learn to lie</a></li>
<li class="toctree-l1"><a class="reference internal" href="formatter.html">Custom formatter</a></li>
<li class="toctree-l1"><a class="reference internal" href="usage_adv.html">Other details for advanced users</a></li>
<li class="toctree-l1"><a class="reference internal" href="plugins.html">Editor plugins</a></li>
</ul>
<p class="caption"><span class="caption-text">Contribute</span></p>
<ul>
<li class="toctree-l1"><a class="reference internal" href="suggest.html">Suggest an addition</a></li>
<li class="toctree-l1"><a class="reference internal" href="adding_exception.html">Developer: Add a new Exception case</a></li>
<li class="toctree-l1"><a class="reference internal" href="syntax_error.html">Developer: Add a new SyntaxError case</a></li>
<li class="toctree-l1"><a class="reference internal" href="translation_notes.html">Notes on translations - using gettext</a></li>
</ul>
<p class="caption"><span class="caption-text">All the tracebacks!</span></p>
<ul>
<li class="toctree-l1"><a class="reference internal" href="all_tb.html">Why all the tracebacks?</a></li>
<li class="toctree-l1"><a class="reference internal" href="known.html">Generic information about various exceptions</a></li>
<li class="toctree-l1"><a class="reference internal" href="tracebacks_en_3.6.html">Friendly tracebacks - Python 3.6 in English</a></li>
<li class="toctree-l1"><a class="reference internal" href="syntax_tracebacks_en_3.6.html">SyntaxError - Python 3.6 in English</a></li>
<li class="toctree-l1"><a class="reference internal" href="tracebacks_en_3.7.html">Friendly tracebacks - Python 3.7 in English</a></li>
<li class="toctree-l1"><a class="reference internal" href="syntax_tracebacks_en_3.7.html">SyntaxError - Python 3.7 in English</a></li>
<li class="toctree-l1"><a class="reference internal" href="tracebacks_en_3.8.html">Friendly tracebacks - Python 3.8 in English</a></li>
<li class="toctree-l1"><a class="reference internal" href="syntax_tracebacks_en_3.8.html">SyntaxError - Python 3.8 in English</a></li>
<li class="toctree-l1"><a class="reference internal" href="tracebacks_en_3.9.html">Friendly tracebacks - Python 3.9 in English</a></li>
<li class="toctree-l1"><a class="reference internal" href="syntax_tracebacks_en_3.9.html">SyntaxError - Python 3.9 in English</a></li>
<li class="toctree-l1"><a class="reference internal" href="tracebacks_en_3.10.html">Friendly tracebacks - Python 3.10 in English</a></li>
<li class="toctree-l1"><a class="reference internal" href="syntax_tracebacks_en_3.10.html">SyntaxError - Python 3.10 in English</a></li>
<li class="toctree-l1"><a class="reference internal" href="compare_exceptions.html">Comparing Exception messages between Python versions</a></li>
<li class="toctree-l1"><a class="reference internal" href="compare.html">Comparison between Python versions: SyntaxErrors</a></li>
</ul>
<p class="caption"><span class="caption-text">Markdown examples</span></p>
<ul>
<li class="toctree-l1"><a class="reference internal" href="tracebacks_markdown.html">Friendly tracebacks - markdown_docs format</a></li>
<li class="toctree-l1"><a class="reference internal" href="tracebacks_syntax_markdown.html">Syntax errors - markdown_docs format</a></li>
</ul>
<p class="caption"><span class="caption-text">En français</span></p>
<ul class="current">
<li class="toctree-l1 current"><a class="current reference internal" href="#"> Friendly tracebacks - en Français</a><ul>
<li class="toctree-l2"><a class="reference internal" href="#arithmeticerror">ArithmeticError</a></li>
<li class="toctree-l2"><a class="reference internal" href="#attributeerror-class-attribute">AttributeError - class attribute</a></li>
<li class="toctree-l2"><a class="reference internal" href="#attributeerror-typo-in-object-attribute">AttributeError - typo in object attribute</a></li>
<li class="toctree-l2"><a class="reference internal" href="#attributeerror-using-builtin">AttributeError - using builtin</a></li>
<li class="toctree-l2"><a class="reference internal" href="#attributeerror-use-synonym">AttributeError - use synonym</a></li>
<li class="toctree-l2"><a class="reference internal" href="#attributeerror-typo-in-module-attribute">AttributeError - typo in module attribute</a></li>
<li class="toctree-l2"><a class="reference internal" href="#attributeerror-shadowning-stdlib-module">AttributeError - shadowning stdlib module</a></li>
<li class="toctree-l2"><a class="reference internal" href="#attributeerror-using-instead-of">AttributeError - using . instead of ,</a></li>
<li class="toctree-l2"><a class="reference internal" href="#attributeerror-builtin-function-with-no-attribute">AttributeError - builtin function with no attribute</a></li>
<li class="toctree-l2"><a class="reference internal" href="#attributeerror-builtin-module-with-no-file">AttributeError - builtin module with no file</a></li>
<li class="toctree-l2"><a class="reference internal" href="#filenotfounderror">FileNotFoundError</a></li>
<li class="toctree-l2"><a class="reference internal" href="#importerror">ImportError</a></li>
<li class="toctree-l2"><a class="reference internal" href="#keyerror">KeyError</a></li>
<li class="toctree-l2"><a class="reference internal" href="#lookuperror">LookupError</a></li>
<li class="toctree-l2"><a class="reference internal" href="#indexerror-short-tuple">IndexError - short tuple</a></li>
<li class="toctree-l2"><a class="reference internal" href="#indexerror-long-list">IndexError - long list</a></li>
<li class="toctree-l2"><a class="reference internal" href="#modulenotfounderror">ModuleNotFoundError</a></li>
<li class="toctree-l2"><a class="reference internal" href="#nameerror-1">NameError - 1</a></li>
<li class="toctree-l2"><a class="reference internal" href="#nameerror-2">NameError - 2</a></li>
<li class="toctree-l2"><a class="reference internal" href="#nameerror-3">NameError - 3</a></li>
<li class="toctree-l2"><a class="reference internal" href="#nameerror-4">NameError - 4</a></li>
<li class="toctree-l2"><a class="reference internal" href="#overflowerror">OverflowError</a></li>
<li class="toctree-l2"><a class="reference internal" href="#recursionerror">RecursionError</a></li>
<li class="toctree-l2"><a class="reference internal" href="#typeerror-1-concatenate-two-different-types">TypeError - 1: concatenate two different types</a></li>
<li class="toctree-l2"><a class="reference internal" href="#typeerror-2-unsupported-operand-type-s-for">TypeError - 2: unsupported operand type(s) for +=</a></li>
<li class="toctree-l2"><a class="reference internal" href="#typeerror-3-unsupported-operand-type-s-for">TypeError - 3: unsupported operand type(s) for -=</a></li>
<li class="toctree-l2"><a class="reference internal" href="#typeerror-4-unsupported-operand-type-s-for">TypeError - 4: unsupported operand type(s) for <code class="docutils literal notranslate"><span class="pre">*=</span></code></a></li>
<li class="toctree-l2"><a class="reference internal" href="#typeerror-5-unsupported-operand-type-s-for">TypeError - 5: unsupported operand type(s) for //=</a></li>
<li class="toctree-l2"><a class="reference internal" href="#typeerror-6-unsupported-operand-type-s-for">TypeError - 6: unsupported operand type(s) for &amp;=</a></li>
<li class="toctree-l2"><a class="reference internal" href="#typeerror-7-unsupported-operand-type-s-for">TypeError - 7: unsupported operand type(s) for <code class="docutils literal notranslate"><span class="pre">**=</span></code></a></li>
<li class="toctree-l2"><a class="reference internal" href="#typeerror-8-unsupported-operand-type-s-for">TypeError - 8: unsupported operand type(s) for &gt;&gt;=</a></li>
<li class="toctree-l2"><a class="reference internal" href="#typeerror-9-unsupported-operand-type-s-for">TypeError - 9: unsupported operand type(s) for &#64;=</a></li>
<li class="toctree-l2"><a class="reference internal" href="#typeerror-10-comparison-between-incompatible-types">TypeError - 10: comparison between incompatible types</a></li>
<li class="toctree-l2"><a class="reference internal" href="#typeerror-11-bad-operand-type-for-unary">TypeError - 11: bad operand type for unary +</a></li>
<li class="toctree-l2"><a class="reference internal" href="#typeerror-12-object-does-not-support-item-assignment">TypeError - 12: object does not support item assignment</a></li>
<li class="toctree-l2"><a class="reference internal" href="#typeerror-13-wrong-number-of-positional-arguments">TypeError - 13: wrong number of positional arguments</a></li>
<li class="toctree-l2"><a class="reference internal" href="#typeerror-14-missing-positional-arguments">TypeError - 14: missing positional arguments</a></li>
<li class="toctree-l2"><a class="reference internal" href="#typeerror-15-list-object-is-not-callable">TypeError - 15: list object is not callable</a></li>
<li class="toctree-l2"><a class="reference internal" href="#typeerror-16-exception-derived-from-baseexception">TypeError - 16: exception derived from BaseException</a></li>
<li class="toctree-l2"><a class="reference internal" href="#typeerror-17-can-t-multiply-sequence-by-non-int">TypeError - 17: can’t multiply sequence by non-int</a></li>
<li class="toctree-l2"><a class="reference internal" href="#typeerror-18-object-cannot-be-interpreted-as-an-integer">TypeError - 18: object cannot be interpreted as an integer</a></li>
<li class="toctree-l2"><a class="reference internal" href="#unboundlocalerror-1-missing-global">UnboundLocalError - 1: missing global</a></li>
<li class="toctree-l2"><a class="reference internal" href="#unboundlocalerror-2-missing-nonlocal">UnboundLocalError - 2: missing nonlocal</a></li>
<li class="toctree-l2"><a class="reference internal" href="#unknown-exception">Unknown exception</a></li>
<li class="toctree-l2"><a class="reference internal" href="#zerodivisionerror-1">ZeroDivisionError - 1</a></li>
<li class="toctree-l2"><a class="reference internal" href="#zerodivisionerror-2">ZeroDivisionError - 2</a></li>
</ul>
</li>
<li class="toctree-l1"><a class="reference internal" href="syntax_tracebacks_fr.html"> Friendly SyntaxError tracebacks - en Français</a></li>
</ul>

            
          
        </div>
        
      </div>
    </nav>

    <section data-toggle="wy-nav-shift" class="wy-nav-content-wrap">

      
      <nav class="wy-nav-top" aria-label="top navigation">
        
          <i data-toggle="wy-nav-top" class="fa fa-bars"></i>
          <a href="index.html">Friendly tracebacks</a>
        
      </nav>


      <div class="wy-nav-content">
        
        <div class="rst-content style-external-links">
        
          















<div role="navigation" aria-label="breadcrumbs navigation">

  <ul class="wy-breadcrumbs">
    
      <li><a href="index.html" class="icon icon-home"></a> &raquo;</li>
        
      <li> Friendly tracebacks - en Français</li>
    
    
      <li class="wy-breadcrumbs-aside">
        
            
            <a href="_sources/tracebacks_fr.rst.txt" rel="nofollow"> View page source</a>
          
        
      </li>
    
  </ul>

  
  <div class="rst-breadcrumbs-buttons" role="navigation" aria-label="breadcrumb navigation">
      
        <a href="syntax_tracebacks_fr.html" class="btn btn-neutral float-right" title="Friendly SyntaxError tracebacks - en Français" accesskey="n">Next <span class="fa fa-arrow-circle-right"></span></a>
      
      
        <a href="tracebacks_syntax_markdown.html" class="btn btn-neutral float-left" title="Syntax errors - markdown_docs format" accesskey="p"><span class="fa fa-arrow-circle-left"></span> Previous</a>
      
  </div>
  
  <hr/>
</div>
          <div role="main" class="document" itemscope="itemscope" itemtype="http://schema.org/Article">
           <div itemprop="articleBody">
            
  <div class="section" id="france-friendly-tracebacks-en-francais">
<h1><img alt="france" src="_images/france.png" /> Friendly tracebacks - en Français<a class="headerlink" href="#france-friendly-tracebacks-en-francais" title="Permalink to this headline">¶</a></h1>
<p>Le but principal de friendly-traceback est de fournir des rétroactions plus
conviviales que les fameux <strong>tracebacks</strong> de Python lorsqu’une exception survient.
Ci-dessous, on peut voir quelques exemples. Le but éventuel est de documenter
ici tous les exemples possibles tels qu’interprétés par friendly-traceback.</p>
<div class="admonition note">
<p class="admonition-title">Note</p>
<p>Le contenu de cette page a été généré par l’exécution de
trb_french.py situé dans le répertoire <code class="docutils literal notranslate"><span class="pre">tests/</span></code>.
Ceci a besoin d’être fait de manière explicite lorsqu’on veut
faire des corrections ou des ajouts, avant de faire la mise
à jour du reste de la documentation avec Sphinx.</p>
</div>
<p>Friendly-traceback version: 0.2.9a
Python version: 3.8.4</p>
<div class="section" id="arithmeticerror">
<h2>ArithmeticError<a class="headerlink" href="#arithmeticerror" title="Permalink to this headline">¶</a></h2>
<div class="highlight-none notranslate"><div class="highlight"><pre><span></span>Traceback (most recent call last):
  File &quot;TESTS:\runtime\test_arithmetic_error.py&quot;, line 9, in test_arithmetic_error
    raise ArithmeticError(&#39;error&#39;)
ArithmeticError: error

`ArithmeticError` est la classe de base pour les exceptions
qui sont soulevées pour diverses erreurs arithmétiques.
Il est inhabituel que vous voyiez cette exception;
normalement, une exception plus spécifique aurait dû être soulevée.

Exception levée à la ligne 9 du fichier TESTS:\runtime\test_arithmetic_error.py.

    7:         # Usually, a subclass such as ZeroDivisionError, etc., would
    8:         # likely be raised.
--&gt; 9:         raise ArithmeticError(&#39;error&#39;)
   10:     except Exception as e:
</pre></div>
</div>
</div>
<div class="section" id="attributeerror-class-attribute">
<h2>AttributeError - class attribute<a class="headerlink" href="#attributeerror-class-attribute" title="Permalink to this headline">¶</a></h2>
<div class="highlight-none notranslate"><div class="highlight"><pre><span></span>Traceback (most recent call last):
  File &quot;TESTS:\runtime\test_attribute_error.py&quot;, line 36, in test_generic
    a.x  # Testing instance
AttributeError: &#39;A&#39; object has no attribute &#39;x&#39;

Une exception `AttributeError` se produit lorsque le code contient quelque chose comme
    `object.x`
et `x` n’est pas une méthode ou un attribut (variable) appartenant à `objet`.

    L’objet `a` n’a pas d’attribut nommé `x`.

Exception levée à la ligne 36 du fichier TESTS:\runtime\test_attribute_error.py.

   34:     try:
   35:         a = A()
--&gt;36:         a.x  # Testing instance
   37:     except Exception as e:

        a: &lt;A object&gt; from test_attribute_error.test_generic
</pre></div>
</div>
</div>
<div class="section" id="attributeerror-typo-in-object-attribute">
<h2>AttributeError - typo in object attribute<a class="headerlink" href="#attributeerror-typo-in-object-attribute" title="Permalink to this headline">¶</a></h2>
<div class="highlight-none notranslate"><div class="highlight"><pre><span></span>Traceback (most recent call last):
  File &quot;TESTS:\runtime\test_attribute_error.py&quot;, line 52, in test_object_attribute_typo
    a.appendh(4)
AttributeError: &#39;list&#39; object has no attribute &#39;appendh&#39;

    Vouliez-vous dire `append` ?

Une exception `AttributeError` se produit lorsque le code contient quelque chose comme
    `object.x`
et `x` n’est pas une méthode ou un attribut (variable) appartenant à `objet`.

    Peut-être que vous vouliez plutôt écrire : `a.append` au lieu de `a.appendh`.

Exception levée à la ligne 52 du fichier TESTS:\runtime\test_attribute_error.py.

   50:     try:
   51:         a = [1, 2, 3]
--&gt;52:         a.appendh(4)
               ^^^^^^^^^
   53:     except Exception as e:

        a: [1, 2, 3]
</pre></div>
</div>
</div>
<div class="section" id="attributeerror-using-builtin">
<h2>AttributeError - using builtin<a class="headerlink" href="#attributeerror-using-builtin" title="Permalink to this headline">¶</a></h2>
<div class="highlight-none notranslate"><div class="highlight"><pre><span></span>Traceback (most recent call last):
  File &quot;TESTS:\runtime\test_attribute_error.py&quot;, line 68, in test_use_builtin
    a.length()
AttributeError: &#39;list&#39; object has no attribute &#39;length&#39;

    Vouliez-vous utiliser `len(a)` ?

Une exception `AttributeError` se produit lorsque le code contient quelque chose comme
    `object.x`
et `x` n’est pas une méthode ou un attribut (variable) appartenant à `objet`.

    L’objet `a` n’a pas d’attribut nommé `length`.
    Peut-être pouvez-vous utiliser la fonction Python builtin `len` à la place:
    `len(a)`.
Exception levée à la ligne 68 du fichier TESTS:\runtime\test_attribute_error.py.

   66:     try:
   67:         a = [1, 2, 3]
--&gt;68:         a.length()
               ^^^^^^^^
   69:     except Exception as e:

        a: [1, 2, 3]
</pre></div>
</div>
</div>
<div class="section" id="attributeerror-use-synonym">
<h2>AttributeError - use synonym<a class="headerlink" href="#attributeerror-use-synonym" title="Permalink to this headline">¶</a></h2>
<div class="highlight-none notranslate"><div class="highlight"><pre><span></span>Traceback (most recent call last):
  File &quot;TESTS:\runtime\test_attribute_error.py&quot;, line 84, in test_use_synonym
    a.add(4)
AttributeError: &#39;list&#39; object has no attribute &#39;add&#39;

    Vouliez-vous dire `append` ?

Une exception `AttributeError` se produit lorsque le code contient quelque chose comme
    `object.x`
et `x` n’est pas une méthode ou un attribut (variable) appartenant à `objet`.

    L’objet `a` n’a pas d’attribut nommé `add`.
    Toutefois, `a` a les attributs suivants avec des sens similaires:
    &#39;append, extend, insert&#39;.

Exception levée à la ligne 84 du fichier TESTS:\runtime\test_attribute_error.py.

   82:     try:
   83:         a = [1, 2, 3]
--&gt;84:         a.add(4)
               ^^^^^
   85:     except Exception as e:

        a: [1, 2, 3]
</pre></div>
</div>
</div>
<div class="section" id="attributeerror-typo-in-module-attribute">
<h2>AttributeError - typo in module attribute<a class="headerlink" href="#attributeerror-typo-in-module-attribute" title="Permalink to this headline">¶</a></h2>
<div class="highlight-none notranslate"><div class="highlight"><pre><span></span>Traceback (most recent call last):
  File &quot;TESTS:\runtime\test_attribute_error.py&quot;, line 113, in test_module_attribute_typo
    math.cost
AttributeError: module &#39;math&#39; has no attribute &#39;cost&#39;

    Vouliez-vous dire l’un des éléments suivants: `cos, cosh, acos` ?

Une exception `AttributeError` se produit lorsque le code contient quelque chose comme
    `object.x`
et `x` n’est pas une méthode ou un attribut (variable) appartenant à `objet`.

    Au lieu d’écrire `math.cost`, peut-être que vous vouliez écrire
    l&#39;un des attributs suivants du module `math` :
    cos, cosh, acos

Exception levée à la ligne 113 du fichier TESTS:\runtime\test_attribute_error.py.

   111:
   112:     try:
--&gt;113:         math.cost
   114:     except Exception as e:

        math: &lt;module math (builtin)&gt;
</pre></div>
</div>
</div>
<div class="section" id="attributeerror-shadowning-stdlib-module">
<h2>AttributeError - shadowning stdlib module<a class="headerlink" href="#attributeerror-shadowning-stdlib-module" title="Permalink to this headline">¶</a></h2>
<div class="highlight-none notranslate"><div class="highlight"><pre><span></span>Traceback (most recent call last):
  File &quot;TESTS:\runtime\test_attribute_error.py&quot;, line 134, in test_shadow_stdlib_module
    turtle.Pen
AttributeError: module &#39;turtle&#39; has no attribute &#39;Pen&#39;

    Avez-vous donné à votre programme le même nom qu’un module Python ?

Une exception `AttributeError` se produit lorsque le code contient quelque chose comme
    `object.x`
et `x` n’est pas une méthode ou un attribut (variable) appartenant à `objet`.

    Vous avez importé un module nommé `turtle` de `TESTS:\turtle.py`.
    Il y a aussi un module nommé `turtle` dans la bibliothèque standard de Python.
    Peut-être avez-vous besoin de renommer votre module.

Exception levée à la ligne 134 du fichier TESTS:\runtime\test_attribute_error.py.

   132:
   133:     try:
--&gt;134:         turtle.Pen
   135:     except Exception as e:

        turtle: &lt;module turtle&gt; from TESTS:\turtle.py
</pre></div>
</div>
</div>
<div class="section" id="attributeerror-using-instead-of">
<h2>AttributeError - using . instead of ,<a class="headerlink" href="#attributeerror-using-instead-of" title="Permalink to this headline">¶</a></h2>
<div class="highlight-none notranslate"><div class="highlight"><pre><span></span>Traceback (most recent call last):
  File &quot;TESTS:\runtime\test_attribute_error.py&quot;, line 171, in test_perhaps_comma
    a = [abcd
AttributeError: &#39;str&#39; object has no attribute &#39;defg&#39;

    Vouliez-vous séparer les noms d’objets par une virgule ?

Une exception `AttributeError` se produit lorsque le code contient quelque chose comme
    `object.x`
et `x` n’est pas une méthode ou un attribut (variable) appartenant à `objet`.

    `defg` n’est pas un attribut de `abcd`.
    Cependant, les objets `abcd` et `defg` sont des objets connus.
    Peut-être avez-vous écrit une période pour séparer ces deux objets,
    au lieu d’utiliser une virgule.

Exception levée à la ligne 171 du fichier TESTS:\runtime\test_attribute_error.py.

   169:     # fmt: off
   170:     try:
--&gt;171:         a = [abcd
   172:         .defg]

        abcd: &#39;hello&#39;
        defg: &#39;world&#39;
</pre></div>
</div>
</div>
<div class="section" id="attributeerror-builtin-function-with-no-attribute">
<h2>AttributeError - builtin function with no attribute<a class="headerlink" href="#attributeerror-builtin-function-with-no-attribute" title="Permalink to this headline">¶</a></h2>
<div class="highlight-none notranslate"><div class="highlight"><pre><span></span>Traceback (most recent call last):
  File &quot;TESTS:\runtime\test_attribute_error.py&quot;, line 188, in test_builtin_function
    len.text
AttributeError: &#39;builtin_function_or_method&#39; object has no attribute &#39;text&#39;

    Vouliez-vous dire `len(text)` ?

Une exception `AttributeError` se produit lorsque le code contient quelque chose comme
    `object.x`
et `x` n’est pas une méthode ou un attribut (variable) appartenant à `objet`.

    `len` est une fonction. Peut-être que vous vouliez écrire
    `len(text)`

Exception levée à la ligne 188 du fichier TESTS:\runtime\test_attribute_error.py.

   186:     text = &#39;Hello world!&#39;
   187:     try:
--&gt;188:         len.text
   189:     except Exception as e:

        text: &#39;Hello world!&#39;
</pre></div>
</div>
</div>
<div class="section" id="attributeerror-builtin-module-with-no-file">
<h2>AttributeError - builtin module with no file<a class="headerlink" href="#attributeerror-builtin-module-with-no-file" title="Permalink to this headline">¶</a></h2>
<div class="highlight-none notranslate"><div class="highlight"><pre><span></span>Traceback (most recent call last):
  File &quot;TESTS:\runtime\test_attribute_error.py&quot;, line 205, in test_builtin_module_with_no_file
    sys.foo
AttributeError: module &#39;sys&#39; has no attribute &#39;foo&#39;

Une exception `AttributeError` se produit lorsque le code contient quelque chose comme
    `object.x`
et `x` n’est pas une méthode ou un attribut (variable) appartenant à `objet`.

    Python nous dit qu’aucun objet avec le nom `foo` n’est
    dans le module `sys`.

Exception levée à la ligne 205 du fichier TESTS:\runtime\test_attribute_error.py.

   203:
   204:     try:
--&gt;205:         sys.foo
   206:     except Exception as e:

        sys: &lt;module sys (builtin)&gt;
</pre></div>
</div>
</div>
<div class="section" id="filenotfounderror">
<h2>FileNotFoundError<a class="headerlink" href="#filenotfounderror" title="Permalink to this headline">¶</a></h2>
<div class="highlight-none notranslate"><div class="highlight"><pre><span></span>Traceback (most recent call last):
  File &quot;TESTS:\runtime\test_file_not_found_error.py&quot;, line 6, in test_file_not_found_error
    open(&quot;does_not_exist&quot;)
FileNotFoundError: [Errno 2] No such file or directory: &#39;does_not_exist&#39;

Une exception `FileNotFoundError` indique que vous
essayez d’importer un module qui ne peut pas être trouvé par Python.
Cela pourrait être parce que vous fait une faute d&#39;orthographe en
écrivant le nom du fichier.

    Dans votre programme, le nom du fichier inconnu est `does_not_exist`.

Exception levée à la ligne 6 du fichier TESTS:\runtime\test_file_not_found_error.py.

   4: def test_file_not_found_error():
   5:     try:
--&gt;6:         open(&quot;does_not_exist&quot;)
   7:     except Exception as e:
</pre></div>
</div>
</div>
<div class="section" id="importerror">
<h2>ImportError<a class="headerlink" href="#importerror" title="Permalink to this headline">¶</a></h2>
<div class="highlight-none notranslate"><div class="highlight"><pre><span></span>Traceback (most recent call last):
  File &quot;TESTS:\runtime\test_import_error.py&quot;, line 6, in test_import_error
    from math import Pi
ImportError: cannot import name &#39;Pi&#39; from &#39;math&#39; (unknown location)

    Vouliez-vous dire `pi` ?

L&#39;exception `ImportError` indique qu’un certain objet n’a pas pu
être importé à partir d’un module ou d’un paquet. Très souvent, c’est
parce que le nom de l’objet n’est pas écrit correctement.

    Peut-être que vous vouliez importer `pi` (de `math`) au lieu de `Pi`.

Exception levée à la ligne 6 du fichier TESTS:\runtime\test_import_error.py.

   4: def test_import_error():
   5:     try:
--&gt;6:         from math import Pi
   7:     except Exception as e:
</pre></div>
</div>
</div>
<div class="section" id="keyerror">
<h2>KeyError<a class="headerlink" href="#keyerror" title="Permalink to this headline">¶</a></h2>
<div class="highlight-none notranslate"><div class="highlight"><pre><span></span>Traceback (most recent call last):
  File &quot;TESTS:\runtime\test_key_error.py&quot;, line 7, in test_key_error
    d[&quot;c&quot;]
KeyError: &#39;c&#39;

Une exception `KeyError` est levée lorsqu’une valeur n’est pas trouvée
en tant que clé dans un dictionnaire (dict) Python.

    Dans votre programme, la clé inconnue est `&#39;c&#39;`.

Exception levée à la ligne 7 du fichier TESTS:\runtime\test_key_error.py.

   5:     d = {&quot;a&quot;: 1, &quot;b&quot;: 2}
   6:     try:
--&gt;7:         d[&quot;c&quot;]
   8:     except Exception as e:

        d: {&#39;a&#39;: 1, &#39;b&#39;: 2}
</pre></div>
</div>
</div>
<div class="section" id="lookuperror">
<h2>LookupError<a class="headerlink" href="#lookuperror" title="Permalink to this headline">¶</a></h2>
<div class="highlight-none notranslate"><div class="highlight"><pre><span></span>Traceback (most recent call last):
  File &quot;TESTS:\runtime\test_lookup_error.py&quot;, line 10, in test_lookup_error
    raise LookupError(&quot;Fake message&quot;)
LookupError: Fake message

`LookupError` est la classe de base pour les exceptions qui sont levées
lorsqu’une clé ou un index utilisé sur un tableau de correspondance ou une séquence est invalide.
Elle peut également être levée directement par codecs.lookup().

Exception levée à la ligne 10 du fichier TESTS:\runtime\test_lookup_error.py.

    8:         # other than possibly codecs.lookup(), which is why we raise
    9:         # it directly here for our example.
--&gt;10:         raise LookupError(&quot;Fake message&quot;)
   11:     except Exception as e:
</pre></div>
</div>
</div>
<div class="section" id="indexerror-short-tuple">
<h2>IndexError - short tuple<a class="headerlink" href="#indexerror-short-tuple" title="Permalink to this headline">¶</a></h2>
<div class="highlight-none notranslate"><div class="highlight"><pre><span></span>Traceback (most recent call last):
  File &quot;TESTS:\runtime\test_index_error.py&quot;, line 8, in test_index_error1
    print(a[3], b[2])
IndexError: tuple index out of range

Une exception `IndexError` se produit lorsque vous essayez d’obtenir un élément
d&#39;une liste, d&#39;un tuple, ou d&#39;un objet similaire (séquence), à l’aide d’un index qui
n’existe pas; typiquement, c’est parce que l’index que vous donnez
est plus grand que la longueur de la séquence.
Rappel: le premier élément d&#39;une séquence est à l&#39;index 0.

Exception levée à la ligne 8 du fichier TESTS:\runtime\test_index_error.py.

    6:     b = [1, 2, 3]
    7:     try:
--&gt; 8:         print(a[3], b[2])
                     ^^^^
    9:     except Exception as e:

        a: (1, 2, 3)
</pre></div>
</div>
</div>
<div class="section" id="indexerror-long-list">
<h2>IndexError - long list<a class="headerlink" href="#indexerror-long-list" title="Permalink to this headline">¶</a></h2>
<div class="highlight-none notranslate"><div class="highlight"><pre><span></span>Traceback (most recent call last):
  File &quot;TESTS:\runtime\test_index_error.py&quot;, line 22, in test_index_error2
    print(a[50], b[0])
IndexError: list index out of range

Une exception `IndexError` se produit lorsque vous essayez d’obtenir un élément
d&#39;une liste, d&#39;un tuple, ou d&#39;un objet similaire (séquence), à l’aide d’un index qui
n’existe pas; typiquement, c’est parce que l’index que vous donnez
est plus grand que la longueur de la séquence.
Rappel: le premier élément d&#39;une séquence est à l&#39;index 0.

Exception levée à la ligne 22 du fichier TESTS:\runtime\test_index_error.py.

   20:     b = tuple(range(50))
   21:     try:
--&gt;22:         print(a[50], b[0])
                     ^^^^^
   23:     except Exception as e:

        a: [0, 1, 2, 3, 4, 5, 6, 7, 8, 9, 10, 11, 12, 13, 14, 15, 16, 17, 18, ...]
            len(a): 40
</pre></div>
</div>
</div>
<div class="section" id="modulenotfounderror">
<h2>ModuleNotFoundError<a class="headerlink" href="#modulenotfounderror" title="Permalink to this headline">¶</a></h2>
<div class="highlight-none notranslate"><div class="highlight"><pre><span></span>Traceback (most recent call last):
  File &quot;TESTS:\runtime\test_module_not_found_error.py&quot;, line 6, in test_module_not_found_error
    import Tkinter
ModuleNotFoundError: No module named &#39;Tkinter&#39;

    Vouliez-vous dire `tkinter` ?

Une exception `ModuleNotFoundError` indique que vous
essayez d’importer un module qui ne peut pas être trouvé par Python.
Cela pourrait être parce que vous fait une faute d&#39;orthographe en
écrivant le nom du module, ou parce qu’il n’est pas installé sur votre ordinateur.

    Le nom du module qui n’a pas pu être importé est `Tkinter`.
    `tkinter` est un module existant qui a un nom similaire.

Exception levée à la ligne 6 du fichier TESTS:\runtime\test_module_not_found_error.py.

   4: def test_module_not_found_error():
   5:     try:
--&gt;6:         import Tkinter
   7:     except Exception as e:
</pre></div>
</div>
</div>
<div class="section" id="nameerror-1">
<h2>NameError - 1<a class="headerlink" href="#nameerror-1" title="Permalink to this headline">¶</a></h2>
<div class="highlight-none notranslate"><div class="highlight"><pre><span></span>Traceback (most recent call last):
  File &quot;TESTS:\runtime\test_name_error.py&quot;, line 6, in test_name_error
    this = something
NameError: name &#39;something&#39; is not defined

Une exception `NameError` indique que le nom d&#39;une variable
ou d&#39;une fonction n&#39;est pas connue par Python.
Habituellement, ceci indique une simple faute d&#39;orthographe.
Cependant, cela peut également indiquer que le nom a été
utilisé avant qu&#39;on ne lui ait associé une valeur.

    Dans votre programme, `something` est un nom inconnu.
    Je n’ai pas d’informations supplémentaires pour vous.
Exception levée à la ligne 6 du fichier TESTS:\runtime\test_name_error.py.

   4: def test_name_error():
   5:     try:
--&gt;6:         this = something
   7:     except Exception as e:
</pre></div>
</div>
</div>
<div class="section" id="nameerror-2">
<h2>NameError - 2<a class="headerlink" href="#nameerror-2" title="Permalink to this headline">¶</a></h2>
<div class="highlight-none notranslate"><div class="highlight"><pre><span></span>Traceback (most recent call last):
  File &quot;TESTS:\runtime\test_name_error.py&quot;, line 20, in test_name_error2
    x = babs(-1)
NameError: name &#39;babs&#39; is not defined

    Vouliez-vous dire `abs` ?

Une exception `NameError` indique que le nom d&#39;une variable
ou d&#39;une fonction n&#39;est pas connue par Python.
Habituellement, ceci indique une simple faute d&#39;orthographe.
Cependant, cela peut également indiquer que le nom a été
utilisé avant qu&#39;on ne lui ait associé une valeur.

    Dans votre programme, `babs` est un nom inconnu.
    Au lieu d’écrire `babs`, peut-être que vous vouliez écrire l&#39;un des noms suivants :
    *    Portée locale : `nabs`
    *    Portée globale : `fabs`
    *    Identifiant Python (builtins) : `abs`

Exception levée à la ligne 20 du fichier TESTS:\runtime\test_name_error.py.

   18:     nabs = 1
   19:     try:
--&gt;20:         x = babs(-1)
   21:     except Exception as e:
</pre></div>
</div>
</div>
<div class="section" id="nameerror-3">
<h2>NameError - 3<a class="headerlink" href="#nameerror-3" title="Permalink to this headline">¶</a></h2>
<div class="highlight-none notranslate"><div class="highlight"><pre><span></span>Traceback (most recent call last):
  File &quot;TESTS:\runtime\test_name_error.py&quot;, line 35, in test_name_error3
    y = x
NameError: name &#39;x&#39; is not defined

    Avez-vous utilisé deux points au lieu d’un signe égal ?

Une exception `NameError` indique que le nom d&#39;une variable
ou d&#39;une fonction n&#39;est pas connue par Python.
Habituellement, ceci indique une simple faute d&#39;orthographe.
Cependant, cela peut également indiquer que le nom a été
utilisé avant qu&#39;on ne lui ait associé une valeur.

    Dans votre programme, `x` est un nom inconnu.
    Une annotation de type a été trouvée pour `x` dans la portée &#39;global&#39;
    Peut-être que vous aviez utilisé deux points au lieu d’un signe égal et écrit

        x : 3

    au lieu de

        x = 3

Exception levée à la ligne 35 du fichier TESTS:\runtime\test_name_error.py.

   33: def test_name_error3():
   34:     try:
--&gt;35:         y = x
   36:     except Exception as e:
</pre></div>
</div>
</div>
<div class="section" id="nameerror-4">
<h2>NameError - 4<a class="headerlink" href="#nameerror-4" title="Permalink to this headline">¶</a></h2>
<div class="highlight-none notranslate"><div class="highlight"><pre><span></span>Traceback (most recent call last):
  File &quot;TESTS:\runtime\test_name_error.py&quot;, line 48, in test_name_error4
    cost  # wrote from math import * above
NameError: name &#39;cost&#39; is not defined

    Vouliez-vous dire `cos` ?

Une exception `NameError` indique que le nom d&#39;une variable
ou d&#39;une fonction n&#39;est pas connue par Python.
Habituellement, ceci indique une simple faute d&#39;orthographe.
Cependant, cela peut également indiquer que le nom a été
utilisé avant qu&#39;on ne lui ait associé une valeur.

    Dans votre programme, `cost` est un nom inconnu.
    Au lieu d’écrire `cost`, peut-être que vous vouliez écrire l&#39;un des noms suivants :
    *    Portée globale : `cos`, `cosh`, `acos`

Exception levée à la ligne 48 du fichier TESTS:\runtime\test_name_error.py.

   46: def test_name_error4():
   47:     try:
--&gt;48:         cost  # wrote from math import * above
   49:     except Exception as e:
</pre></div>
</div>
</div>
<div class="section" id="overflowerror">
<h2>OverflowError<a class="headerlink" href="#overflowerror" title="Permalink to this headline">¶</a></h2>
<div class="highlight-none notranslate"><div class="highlight"><pre><span></span>Traceback (most recent call last):
  File &quot;TESTS:\runtime\test_overflow_error.py&quot;, line 6, in test_overflow_error
    2.0 ** 1600
OverflowError: (34, &#39;Result too large&#39;)

Une exception de type `OverflowError` est levée lorsque le résultat d’une opération arithmétique
est trop grand pour être manipulé par le processeur de l’ordinateur.

Exception levée à la ligne 6 du fichier TESTS:\runtime\test_overflow_error.py.

   4: def test_overflow_error():
   5:     try:
--&gt;6:         2.0 ** 1600
   7:     except Exception as e:
</pre></div>
</div>
</div>
<div class="section" id="recursionerror">
<h2>RecursionError<a class="headerlink" href="#recursionerror" title="Permalink to this headline">¶</a></h2>
<div class="highlight-none notranslate"><div class="highlight"><pre><span></span>Traceback (most recent call last):
  File &quot;TESTS:\runtime\test_recursion_error.py&quot;, line 8, in test_function_recursion_error
    a()

       ... Plus de lignes non affichées. ...

  File &quot;TESTS:\runtime\test_recursion_error.py&quot;, line 6, in a
    return a()
  File &quot;TESTS:\runtime\test_recursion_error.py&quot;, line 6, in a
    return a()
RecursionError: maximum recursion depth exceeded

Une exception de type `RecursionError` est levée lorsqu’une fonction s&#39;invoque elle-même,
directement ou indirectement, trop de fois.
Cette exception indique presque toujours que vous avez fait une erreur dans votre code
et que votre programme ne terminerait jamais.

L&#39;exécution s&#39;est arrêtée à la ligne 8 du fichier TESTS:\runtime\test_recursion_error.py

    6:         return a()
    7:     try:
--&gt; 8:         a()
    9:     except Exception as e:

        a: &lt;function a&gt; from test_function_recursion_error

Exception levée à la ligne 6 du fichier TESTS:\runtime\test_recursion_error.py.

   4: def test_function_recursion_error():
   5:     def a():
--&gt;6:         return a()
                     ^^^
   7:     try:

        a: &lt;function a&gt; from test_function_recursion_error
</pre></div>
</div>
</div>
<div class="section" id="typeerror-1-concatenate-two-different-types">
<h2>TypeError - 1: concatenate two different types<a class="headerlink" href="#typeerror-1-concatenate-two-different-types" title="Permalink to this headline">¶</a></h2>
<div class="highlight-none notranslate"><div class="highlight"><pre><span></span>Traceback (most recent call last):
  File &quot;TESTS:\runtime\test_type_error.py&quot;, line 36, in test_type_error1
    result = a_tuple + a_list
TypeError: can only concatenate tuple (not &quot;list&quot;) to tuple

Une exception `TypeError` est généralement causée une tentative
de combiner deux types d’objets incompatibles,
en invoquant une fonction avec le mauvais type d’objet,
ou en tentant d&#39;effectuer une opération non permise sur un type d&#39;objet donné.

    Vous avez essayé de concaténer (additionner) deux types d’objets différents:
    un `tuple` et une liste (`list`)

Exception levée à la ligne 36 du fichier TESTS:\runtime\test_type_error.py.

   34:         a_tuple = (1, 2, 3)
   35:         a_list = [1, 2, 3]
--&gt;36:         result = a_tuple + a_list
                        ^^^^^^^^^^^^^^^^
   37:     except Exception as e:

        a_tuple: (1, 2, 3)
        a_list: [1, 2, 3]
</pre></div>
</div>
</div>
<div class="section" id="typeerror-2-unsupported-operand-type-s-for">
<h2>TypeError - 2: unsupported operand type(s) for +=<a class="headerlink" href="#typeerror-2-unsupported-operand-type-s-for" title="Permalink to this headline">¶</a></h2>
<div class="highlight-none notranslate"><div class="highlight"><pre><span></span>Traceback (most recent call last):
  File &quot;TESTS:\runtime\test_type_error.py&quot;, line 66, in test_type_error2
    one += two
TypeError: unsupported operand type(s) for +=: &#39;int&#39; and &#39;str&#39;

Une exception `TypeError` est généralement causée une tentative
de combiner deux types d’objets incompatibles,
en invoquant une fonction avec le mauvais type d’objet,
ou en tentant d&#39;effectuer une opération non permise sur un type d&#39;objet donné.

    Vous avez essayé d’additionner deux types d’objets incompatibles:
    un entier (`int`) et une chaîne de caractères (`str`)

Exception levée à la ligne 66 du fichier TESTS:\runtime\test_type_error.py.

   64:         one = 1
   65:         two = &quot;two&quot;
--&gt;66:         one += two
   67:     except Exception as e:

        one: 1
        two: &#39;two&#39;
</pre></div>
</div>
</div>
<div class="section" id="typeerror-3-unsupported-operand-type-s-for">
<h2>TypeError - 3: unsupported operand type(s) for -=<a class="headerlink" href="#typeerror-3-unsupported-operand-type-s-for" title="Permalink to this headline">¶</a></h2>
<div class="highlight-none notranslate"><div class="highlight"><pre><span></span>Traceback (most recent call last):
  File &quot;TESTS:\runtime\test_type_error.py&quot;, line 94, in test_type_error3
    b -= a
TypeError: unsupported operand type(s) for -=: &#39;list&#39; and &#39;tuple&#39;

Une exception `TypeError` est généralement causée une tentative
de combiner deux types d’objets incompatibles,
en invoquant une fonction avec le mauvais type d’objet,
ou en tentant d&#39;effectuer une opération non permise sur un type d&#39;objet donné.

    Vous avez tenté de soustraire deux types d’objets incompatibles:
    une liste (`list`) et un `tuple`

Exception levée à la ligne 94 du fichier TESTS:\runtime\test_type_error.py.

   92:         a = (1, 2)
   93:         b = [3, 4]
--&gt;94:         b -= a
   95:     except Exception as e:

        b: [3, 4]
        a: (1, 2)
</pre></div>
</div>
</div>
<div class="section" id="typeerror-4-unsupported-operand-type-s-for">
<h2>TypeError - 4: unsupported operand type(s) for <code class="docutils literal notranslate"><span class="pre">*=</span></code><a class="headerlink" href="#typeerror-4-unsupported-operand-type-s-for" title="Permalink to this headline">¶</a></h2>
<div class="highlight-none notranslate"><div class="highlight"><pre><span></span>Traceback (most recent call last):
  File &quot;TESTS:\runtime\test_type_error.py&quot;, line 122, in test_type_error4
    b *= a
TypeError: unsupported operand type(s) for *=: &#39;set&#39; and &#39;complex&#39;

Une exception `TypeError` est généralement causée une tentative
de combiner deux types d’objets incompatibles,
en invoquant une fonction avec le mauvais type d’objet,
ou en tentant d&#39;effectuer une opération non permise sur un type d&#39;objet donné.

    Vous avez essayé de multiplier deux types d’objets différents:
    un ensemble (`set`) et un nombre complexe (`complex`)

Exception levée à la ligne 122 du fichier TESTS:\runtime\test_type_error.py.

   120:         a = 1j
   121:         b = {2, 3}
--&gt;122:         b *= a
   123:     except Exception as e:

        b: {2, 3}
        a: 1j
</pre></div>
</div>
</div>
<div class="section" id="typeerror-5-unsupported-operand-type-s-for">
<h2>TypeError - 5: unsupported operand type(s) for //=<a class="headerlink" href="#typeerror-5-unsupported-operand-type-s-for" title="Permalink to this headline">¶</a></h2>
<div class="highlight-none notranslate"><div class="highlight"><pre><span></span>Traceback (most recent call last):
  File &quot;TESTS:\runtime\test_type_error.py&quot;, line 174, in test_type_error5
    b //= a
TypeError: unsupported operand type(s) for //=: &#39;float&#39; and &#39;dict&#39;

Une exception `TypeError` est généralement causée une tentative
de combiner deux types d’objets incompatibles,
en invoquant une fonction avec le mauvais type d’objet,
ou en tentant d&#39;effectuer une opération non permise sur un type d&#39;objet donné.

    Vous avez essayé de diviser deux types d’objets différents:
    un nombre (`float`) et un dictionnaire (`dict`)

Exception levée à la ligne 174 du fichier TESTS:\runtime\test_type_error.py.

   172:         a = {1: 1, 2: 2}
   173:         b = 3.1416
--&gt;174:         b //= a
   175:     except Exception as e:

        b: 3.1416
        a: {1: 1, 2: 2}
</pre></div>
</div>
</div>
<div class="section" id="typeerror-6-unsupported-operand-type-s-for">
<h2>TypeError - 6: unsupported operand type(s) for &amp;=<a class="headerlink" href="#typeerror-6-unsupported-operand-type-s-for" title="Permalink to this headline">¶</a></h2>
<div class="highlight-none notranslate"><div class="highlight"><pre><span></span>Traceback (most recent call last):
  File &quot;TESTS:\runtime\test_type_error.py&quot;, line 202, in test_type_error6
    b &amp;= a
TypeError: unsupported operand type(s) for &amp;=: &#39;int&#39; and &#39;str&#39;

Une exception `TypeError` est généralement causée une tentative
de combiner deux types d’objets incompatibles,
en invoquant une fonction avec le mauvais type d’objet,
ou en tentant d&#39;effectuer une opération non permise sur un type d&#39;objet donné.

    Vous avez essayé d’effectuer l’opération binaire bit à bit &amp;=
    sur deux types d’objets incompatibles:
    un entier (`int`) et une chaîne de caractères (`str`)

Exception levée à la ligne 202 du fichier TESTS:\runtime\test_type_error.py.

   200:         a = &quot;a&quot;
   201:         b = 2
--&gt;202:         b &amp;= a
   203:     except Exception as e:

        b: 2
        a: &#39;a&#39;
</pre></div>
</div>
</div>
<div class="section" id="typeerror-7-unsupported-operand-type-s-for">
<h2>TypeError - 7: unsupported operand type(s) for <code class="docutils literal notranslate"><span class="pre">**=</span></code><a class="headerlink" href="#typeerror-7-unsupported-operand-type-s-for" title="Permalink to this headline">¶</a></h2>
<div class="highlight-none notranslate"><div class="highlight"><pre><span></span>Traceback (most recent call last):
  File &quot;TESTS:\runtime\test_type_error.py&quot;, line 230, in test_type_error7
    a **= b
TypeError: unsupported operand type(s) for ** or pow(): &#39;dict&#39; and &#39;float&#39;

Une exception `TypeError` est généralement causée une tentative
de combiner deux types d’objets incompatibles,
en invoquant une fonction avec le mauvais type d’objet,
ou en tentant d&#39;effectuer une opération non permise sur un type d&#39;objet donné.

    Vous avez essayé d&#39;élever à une puissance
    en utilisant deux types d’objets incompatibles:
    un dictionnaire (`dict`) et un nombre (`float`)

Exception levée à la ligne 230 du fichier TESTS:\runtime\test_type_error.py.

   228:         a = {1: 1, 2: 2}
   229:         b = 3.1416
--&gt;230:         a **= b
   231:     except Exception as e:

        a: {1: 1, 2: 2}
        b: 3.1416
</pre></div>
</div>
</div>
<div class="section" id="typeerror-8-unsupported-operand-type-s-for">
<h2>TypeError - 8: unsupported operand type(s) for &gt;&gt;=<a class="headerlink" href="#typeerror-8-unsupported-operand-type-s-for" title="Permalink to this headline">¶</a></h2>
<div class="highlight-none notranslate"><div class="highlight"><pre><span></span>Traceback (most recent call last):
  File &quot;TESTS:\runtime\test_type_error.py&quot;, line 258, in test_type_error8
    a &gt;&gt;= b
TypeError: unsupported operand type(s) for &gt;&gt;=: &#39;str&#39; and &#39;int&#39;

Une exception `TypeError` est généralement causée une tentative
de combiner deux types d’objets incompatibles,
en invoquant une fonction avec le mauvais type d’objet,
ou en tentant d&#39;effectuer une opération non permise sur un type d&#39;objet donné.

    Vous avez essayé d’effectuer l’opération de décalage &gt;&gt;=
    sur deux types d’objets incompatibles:
    une chaîne de caractères (`str`) et un entier (`int`)

Exception levée à la ligne 258 du fichier TESTS:\runtime\test_type_error.py.

   256:         a = &quot;a&quot;
   257:         b = 42
--&gt;258:         a &gt;&gt;= b
   259:     except Exception as e:

        a: &#39;a&#39;
        b: 42
</pre></div>
</div>
</div>
<div class="section" id="typeerror-9-unsupported-operand-type-s-for">
<h2>TypeError - 9: unsupported operand type(s) for &#64;=<a class="headerlink" href="#typeerror-9-unsupported-operand-type-s-for" title="Permalink to this headline">¶</a></h2>
<div class="highlight-none notranslate"><div class="highlight"><pre><span></span>Traceback (most recent call last):
  File &quot;TESTS:\runtime\test_type_error.py&quot;, line 286, in test_type_error9
    a @= b
TypeError: unsupported operand type(s) for @=: &#39;str&#39; and &#39;int&#39;

Une exception `TypeError` est généralement causée une tentative
de combiner deux types d’objets incompatibles,
en invoquant une fonction avec le mauvais type d’objet,
ou en tentant d&#39;effectuer une opération non permise sur un type d&#39;objet donné.

    Vous avez essayé d’utiliser l’opérateur @=
    à l’aide de deux types d’objets incompatibles:
    une chaîne de caractères (`str`) et un entier (`int`).
    Cet opérateur est normalement utilisé uniquement
    pour la multiplication des matrices.

Exception levée à la ligne 286 du fichier TESTS:\runtime\test_type_error.py.

   284:         a = &quot;a&quot;
   285:         b = 2
--&gt;286:         a @= b
   287:     except Exception as e:

        a: &#39;a&#39;
        b: 2
</pre></div>
</div>
</div>
<div class="section" id="typeerror-10-comparison-between-incompatible-types">
<h2>TypeError - 10: comparison between incompatible types<a class="headerlink" href="#typeerror-10-comparison-between-incompatible-types" title="Permalink to this headline">¶</a></h2>
<div class="highlight-none notranslate"><div class="highlight"><pre><span></span>Traceback (most recent call last):
  File &quot;TESTS:\runtime\test_type_error.py&quot;, line 302, in test_type_error10
    b &lt; a
TypeError: &#39;&lt;&#39; not supported between instances of &#39;int&#39; and &#39;str&#39;

Une exception `TypeError` est généralement causée une tentative
de combiner deux types d’objets incompatibles,
en invoquant une fonction avec le mauvais type d’objet,
ou en tentant d&#39;effectuer une opération non permise sur un type d&#39;objet donné.

    En utilisant &lt;, vous avez tenté de comparer
    deux types d’objets incompatibles:
    un entier (`int`) et une chaîne de caractères (`str`)

Exception levée à la ligne 302 du fichier TESTS:\runtime\test_type_error.py.

   300:         a = &quot;a&quot;
   301:         b = 42
--&gt;302:         b &lt; a
   303:     except Exception as e:

        b: 42
        a: &#39;a&#39;
</pre></div>
</div>
</div>
<div class="section" id="typeerror-11-bad-operand-type-for-unary">
<h2>TypeError - 11: bad operand type for unary +<a class="headerlink" href="#typeerror-11-bad-operand-type-for-unary" title="Permalink to this headline">¶</a></h2>
<div class="highlight-none notranslate"><div class="highlight"><pre><span></span>Traceback (most recent call last):
  File &quot;TESTS:\trb_common.py&quot;, line 195, in create_tracebacks
    result, message = getattr(mod, function)()
  File &quot;TESTS:\runtime\test_type_error.py&quot;, line 361, in test_type_error11
    assert &quot;Perhaps you meant to write `+=`&quot; in result
AssertionError:

Aucune information n’est disponible sur cette exception.

L&#39;exécution s&#39;est arrêtée à la ligne 195 du fichier TESTS:\trb_common.py

   193:                     mod = __import__(name)
   194:                     if function is not None:
--&gt;195:                         result, message = getattr(mod, function)()
   196:                         save_messages[function] = message

        result: &#39;\n    Traceback (most recent call last):\n      File &quot;TESTS...&#39;
            len(result): 894
        message: &quot;&#39;&lt;&#39; not supported between instances of &#39;int&#39; and &#39;str&#39;&quot;
        mod: &lt;module test_type_error&gt; from TESTS:\runtime\test_type_error.py
        function: &#39;test_type_error11&#39;

Exception levée à la ligne 361 du fichier TESTS:\runtime\test_type_error.py.

   359:     assert not &quot;debug_warning&quot; in result, &quot;Internal error found.&quot;
   360:     assert &quot;TypeError: bad operand type for unary +: &#39;str&#39;&quot; in result
--&gt;361:     assert &quot;Perhaps you meant to write `+=`&quot; in result
   362:     if friendly_traceback.get_lang() == &quot;en&quot;:

        result: &#39;\n    Traceback (most recent call last):\n      File &quot;TESTS...&#39;
            len(result): 1053
</pre></div>
</div>
</div>
<div class="section" id="typeerror-12-object-does-not-support-item-assignment">
<h2>TypeError - 12: object does not support item assignment<a class="headerlink" href="#typeerror-12-object-does-not-support-item-assignment" title="Permalink to this headline">¶</a></h2>
<div class="highlight-none notranslate"><div class="highlight"><pre><span></span>Traceback (most recent call last):
  File &quot;TESTS:\runtime\test_type_error.py&quot;, line 370, in test_type_error12
    a[0] = 0
TypeError: &#39;tuple&#39; object does not support item assignment

Une exception `TypeError` est généralement causée une tentative
de combiner deux types d’objets incompatibles,
en invoquant une fonction avec le mauvais type d’objet,
ou en tentant d&#39;effectuer une opération non permise sur un type d&#39;objet donné.

    Dans Python, certains objets sont connus comme immuables:
    une fois définis, leur valeur ne peut pas être modifiée.
    Vous avez essayé de modifier une partie d’un tel objet immuable: un `tuple`,
    probablement en utilisant une opération d’indexation.

Exception levée à la ligne 370 du fichier TESTS:\runtime\test_type_error.py.

   368:     a = (1, 2, 3)
   369:     try:
--&gt;370:         a[0] = 0
   371:     except Exception as e:

        a[0]: 1
        a: (1, 2, 3)
</pre></div>
</div>
</div>
<div class="section" id="typeerror-13-wrong-number-of-positional-arguments">
<h2>TypeError - 13: wrong number of positional arguments<a class="headerlink" href="#typeerror-13-wrong-number-of-positional-arguments" title="Permalink to this headline">¶</a></h2>
<div class="highlight-none notranslate"><div class="highlight"><pre><span></span>Traceback (most recent call last):
  File &quot;TESTS:\runtime\test_type_error.py&quot;, line 402, in test_type_error13
    A().f(1)
TypeError: f() takes 1 positional argument but 2 were given

    Peut-être avez-vous oublié `self` lors de la définition de `f`.

Une exception `TypeError` est généralement causée une tentative
de combiner deux types d’objets incompatibles,
en invoquant une fonction avec le mauvais type d’objet,
ou en tentant d&#39;effectuer une opération non permise sur un type d&#39;objet donné.

    Vous avez apparemment invoqué la fonction `f` avec
    2 arguments positionnels alors qu&#39;elle en requiert 1.
    Peut-être avez-vous oublié `self` lors de la définition de `f`.

Exception levée à la ligne 402 du fichier TESTS:\runtime\test_type_error.py.

   400:
   401:     try:
--&gt;402:         A().f(1)
   403:     except Exception as e:

        A: &lt;class A&gt; from test_type_error.test_type_error13
</pre></div>
</div>
</div>
<div class="section" id="typeerror-14-missing-positional-arguments">
<h2>TypeError - 14: missing positional arguments<a class="headerlink" href="#typeerror-14-missing-positional-arguments" title="Permalink to this headline">¶</a></h2>
<div class="highlight-none notranslate"><div class="highlight"><pre><span></span>Traceback (most recent call last):
  File &quot;TESTS:\runtime\test_type_error.py&quot;, line 421, in test_type_error14
    fn(1)
TypeError: fn() missing 2 required positional arguments: &#39;b&#39; and &#39;c&#39;

Une exception `TypeError` est généralement causée une tentative
de combiner deux types d’objets incompatibles,
en invoquant une fonction avec le mauvais type d’objet,
ou en tentant d&#39;effectuer une opération non permise sur un type d&#39;objet donné.

    Vous avez apparemment invoqué la fonction &#39;fn()&#39; avec
    moins d&#39;arguments positionnels qu&#39;il n&#39;en faut (2 manquent).

Exception levée à la ligne 421 du fichier TESTS:\runtime\test_type_error.py.

   419:
   420:     try:
--&gt;421:         fn(1)
   422:     except Exception as e:

        fn: &lt;function fn&gt; from test_type_error14
</pre></div>
</div>
</div>
<div class="section" id="typeerror-15-list-object-is-not-callable">
<h2>TypeError - 15: list object is not callable<a class="headerlink" href="#typeerror-15-list-object-is-not-callable" title="Permalink to this headline">¶</a></h2>
<div class="highlight-none notranslate"><div class="highlight"><pre><span></span>Traceback (most recent call last):
  File &quot;TESTS:\runtime\test_type_error.py&quot;, line 456, in test_type_error15
    _ = [1, 2](3 + 4)
TypeError: &#39;list&#39; object is not callable

    Vouliez-vous dire `[1, 2][3 + 4]` ?

Une exception `TypeError` est généralement causée une tentative
de combiner deux types d’objets incompatibles,
en invoquant une fonction avec le mauvais type d’objet,
ou en tentant d&#39;effectuer une opération non permise sur un type d&#39;objet donné.

    En raison des parenthees, `(3 + 4)` est interprété par Python
    comme indiquant une invocation de fonction pour
    `[1, 2]`, qui est un objet de type `list`
    ne pouvant pas être invoqué.

    Cependant, `[1, 2]` est une séquence.
    Peut-être que vous vouliez utiliser `[]` au lieu de `()` et écrire
    `[1, 2][3 + 4]`

Exception levée à la ligne 456 du fichier TESTS:\runtime\test_type_error.py.

   454:
   455:     try:
--&gt;456:         _ = [1, 2](3 + 4)
                    ^^^^^^^^^^^^^
   457:     except Exception as e:
</pre></div>
</div>
</div>
<div class="section" id="typeerror-16-exception-derived-from-baseexception">
<h2>TypeError - 16: exception derived from BaseException<a class="headerlink" href="#typeerror-16-exception-derived-from-baseexception" title="Permalink to this headline">¶</a></h2>
<div class="highlight-none notranslate"><div class="highlight"><pre><span></span>Traceback (most recent call last):
  File &quot;TESTS:\runtime\test_type_error.py&quot;, line 481, in test_type_error16
    raise &quot;exception&quot;
TypeError: exceptions must derive from BaseException

Une exception `TypeError` est généralement causée une tentative
de combiner deux types d’objets incompatibles,
en invoquant une fonction avec le mauvais type d’objet,
ou en tentant d&#39;effectuer une opération non permise sur un type d&#39;objet donné.

    Dans Python 3, les exceptions doivent être dérivées de BaseException.

Exception levée à la ligne 481 du fichier TESTS:\runtime\test_type_error.py.

   479: def test_type_error16():
   480:     try:
--&gt;481:         raise &quot;exception&quot;
   482:     except Exception as e:
</pre></div>
</div>
</div>
<div class="section" id="typeerror-17-can-t-multiply-sequence-by-non-int">
<h2>TypeError - 17: can’t multiply sequence by non-int<a class="headerlink" href="#typeerror-17-can-t-multiply-sequence-by-non-int" title="Permalink to this headline">¶</a></h2>
<div class="highlight-none notranslate"><div class="highlight"><pre><span></span>Traceback (most recent call last):
  File &quot;TESTS:\runtime\test_type_error.py&quot;, line 550, in test_type_error17
    &quot;a&quot; * &quot;2&quot;
TypeError: can&#39;t multiply sequence by non-int of type &#39;str&#39;

    Avez-vous oublié de convertir `&quot;2&quot;` en un entier ?

Une exception `TypeError` est généralement causée une tentative
de combiner deux types d’objets incompatibles,
en invoquant une fonction avec le mauvais type d’objet,
ou en tentant d&#39;effectuer une opération non permise sur un type d&#39;objet donné.

    Vous ne pouvez multiplier les séquences, telles que
    les listes, les tuples, les chaînes, etc., que par des entiers.
    Peut-être avez-vous oublié de convertir `&quot;2&quot;` en un entier.

Exception levée à la ligne 550 du fichier TESTS:\runtime\test_type_error.py.

   548:
   549:     try:
--&gt;550:         &quot;a&quot; * &quot;2&quot;
   551:     except Exception as e:
</pre></div>
</div>
</div>
<div class="section" id="typeerror-18-object-cannot-be-interpreted-as-an-integer">
<h2>TypeError - 18: object cannot be interpreted as an integer<a class="headerlink" href="#typeerror-18-object-cannot-be-interpreted-as-an-integer" title="Permalink to this headline">¶</a></h2>
<div class="highlight-none notranslate"><div class="highlight"><pre><span></span>Traceback (most recent call last):
  File &quot;TESTS:\runtime\test_type_error.py&quot;, line 598, in test_type_error18
    range(c, d)
TypeError: &#39;str&#39; object cannot be interpreted as an integer

    Avez-vous oublié de convertir `c, d` en entiers ?

Une exception `TypeError` est généralement causée une tentative
de combiner deux types d’objets incompatibles,
en invoquant une fonction avec le mauvais type d’objet,
ou en tentant d&#39;effectuer une opération non permise sur un type d&#39;objet donné.

    Vous avez écrit un objet de type `str` là où un entier était attendu.
    Peut-être avez-vous oublié de convertir `c, d` en entiers.
Exception levée à la ligne 598 du fichier TESTS:\runtime\test_type_error.py.

   596:     c, d = &quot;2&quot;, &quot;3&quot;
   597:     try:
--&gt;598:         range(c, d)
   599:     except Exception as e:

        c: &#39;2&#39;
        d: &#39;3&#39;
</pre></div>
</div>
</div>
<div class="section" id="unboundlocalerror-1-missing-global">
<h2>UnboundLocalError - 1: missing global<a class="headerlink" href="#unboundlocalerror-1-missing-global" title="Permalink to this headline">¶</a></h2>
<div class="highlight-none notranslate"><div class="highlight"><pre><span></span>Traceback (most recent call last):
  File &quot;TESTS:\runtime\test_unbound_local_error.py&quot;, line 27, in test_unbound_local_error_missing_global
    outer_missing_global()
  File &quot;TESTS:\runtime\test_unbound_local_error.py&quot;, line 11, in outer_missing_global
    inner()
  File &quot;TESTS:\runtime\test_unbound_local_error.py&quot;, line 9, in inner
    spam_missing_global += 1
UnboundLocalError: local variable &#39;spam_missing_global&#39; referenced before assignment

    Avez-vous oublié d’ajouter `global spam_missing_global` ?

En Python, les variables utilisées à l’intérieur d’une fonction sont appelées
variables «locales».
Avant d’utiliser une variable locale, une valeur doit lui être attribuée.
Une variable utilisée avant l’attribution d’une valeur est supposée
être définie en dehors de cette fonction;
elle est connu comme une variable «globale» (`global` ou parfois `nonlocal`).
Vous ne pouvez pas assigner une valeur à une telle variable globale
à l’intérieur d’une fonction sans d’abord confirmer à python
qu’il s’agit d’une variable globale, sinon vous verrez une exception `UnboundLocalError`.

    Le nom `spam_missing_global` existe dans la portée global.
    Peut-être la déclaration

        global spam_missing_global

    aurait dû être incluse comme première ligne à l’intérieur de votre fonction.

L&#39;exécution s&#39;est arrêtée à la ligne 27 du fichier TESTS:\runtime\test_unbound_local_error.py

   25:
   26:     try:
--&gt;27:         outer_missing_global()
   28:     except Exception as e:

        global outer_missing_global: &lt;function outer_missing_global&gt;

Exception levée à la ligne 9 du fichier TESTS:\runtime\test_unbound_local_error.py.

    7: def outer_missing_global():
    8:     def inner():
--&gt; 9:         spam_missing_global += 1

        global spam_missing_global: 1
</pre></div>
</div>
</div>
<div class="section" id="unboundlocalerror-2-missing-nonlocal">
<h2>UnboundLocalError - 2: missing nonlocal<a class="headerlink" href="#unboundlocalerror-2-missing-nonlocal" title="Permalink to this headline">¶</a></h2>
<div class="highlight-none notranslate"><div class="highlight"><pre><span></span>Traceback (most recent call last):
  File &quot;TESTS:\runtime\test_unbound_local_error.py&quot;, line 48, in test_unbound_local_error_missing_nonlocal
    outer_missing_nonlocal()
  File &quot;TESTS:\runtime\test_unbound_local_error.py&quot;, line 20, in outer_missing_nonlocal
    inner()
  File &quot;TESTS:\runtime\test_unbound_local_error.py&quot;, line 18, in inner
    spam_missing_nonlocal += 1
UnboundLocalError: local variable &#39;spam_missing_nonlocal&#39; referenced before assignment

    Avez-vous oublié d’ajouter `nonlocal spam_missing_nonlocal` ?

En Python, les variables utilisées à l’intérieur d’une fonction sont appelées
variables «locales».
Avant d’utiliser une variable locale, une valeur doit lui être attribuée.
Une variable utilisée avant l’attribution d’une valeur est supposée
être définie en dehors de cette fonction;
elle est connu comme une variable «globale» (`global` ou parfois `nonlocal`).
Vous ne pouvez pas assigner une valeur à une telle variable globale
à l’intérieur d’une fonction sans d’abord confirmer à python
qu’il s’agit d’une variable globale, sinon vous verrez une exception `UnboundLocalError`.

    Le nom `spam_missing_nonlocal` existe dans la portée nonlocal.
    Peut-être la déclaration

        nonlocal spam_missing_nonlocal

    aurait dû être incluse comme première ligne à l’intérieur de votre fonction.

L&#39;exécution s&#39;est arrêtée à la ligne 48 du fichier TESTS:\runtime\test_unbound_local_error.py

   46:
   47:     try:
--&gt;48:         outer_missing_nonlocal()
   49:     except Exception as e:

        global outer_missing_nonlocal: &lt;function outer_missing_nonlocal&gt;

Exception levée à la ligne 18 du fichier TESTS:\runtime\test_unbound_local_error.py.

   16:
   17:     def inner():
--&gt;18:         spam_missing_nonlocal += 1
</pre></div>
</div>
</div>
<div class="section" id="unknown-exception">
<h2>Unknown exception<a class="headerlink" href="#unknown-exception" title="Permalink to this headline">¶</a></h2>
<div class="highlight-none notranslate"><div class="highlight"><pre><span></span>Traceback (most recent call last):
  File &quot;TESTS:\runtime\test_unknown_error.py&quot;, line 10, in test_function_unknown_error
    raise MyException(&quot;Some informative message about an unknown exception.&quot;)
MyException: Some informative message about an unknown exception.

Aucune information n’est disponible sur cette exception.

Exception levée à la ligne 10 du fichier TESTS:\runtime\test_unknown_error.py.

    8: def test_function_unknown_error():
    9:     try:
--&gt;10:         raise MyException(&quot;Some informative message about an unknown exception.&quot;)
   11:     except Exception as e:

        global MyException: &lt;class test_unknown_error.MyException&gt;
</pre></div>
</div>
</div>
<div class="section" id="zerodivisionerror-1">
<h2>ZeroDivisionError - 1<a class="headerlink" href="#zerodivisionerror-1" title="Permalink to this headline">¶</a></h2>
<div class="highlight-none notranslate"><div class="highlight"><pre><span></span>Traceback (most recent call last):
  File &quot;TESTS:\runtime\test_zero_division_error.py&quot;, line 6, in test_zero_division_error
    1 / 0
ZeroDivisionError: division by zero

Une exception de type `ZeroDivisionError` se produit lorsque
vous tentez de diviser une valeur par zéro:
    `résultat = ma_variable / 0.`
Ceci peut également se produire si vous calculez le reste d’une division
à l’aide de l’opérateur modulo &#39;%&#39;
    `résultat = ma_variable % 0`

Exception levée à la ligne 6 du fichier TESTS:\runtime\test_zero_division_error.py.

   4: def test_zero_division_error():
   5:     try:
--&gt;6:         1 / 0
   7:     except Exception as e:
</pre></div>
</div>
</div>
<div class="section" id="zerodivisionerror-2">
<h2>ZeroDivisionError - 2<a class="headerlink" href="#zerodivisionerror-2" title="Permalink to this headline">¶</a></h2>
<div class="highlight-none notranslate"><div class="highlight"><pre><span></span>Traceback (most recent call last):
  File &quot;TESTS:\runtime\test_zero_division_error.py&quot;, line 21, in test_zero_division_error2
    1 % zero
ZeroDivisionError: integer division or modulo by zero

Une exception de type `ZeroDivisionError` se produit lorsque
vous tentez de diviser une valeur par zéro:
    `résultat = ma_variable / 0.`
Ceci peut également se produire si vous calculez le reste d’une division
à l’aide de l’opérateur modulo &#39;%&#39;
    `résultat = ma_variable % 0`

Exception levée à la ligne 21 du fichier TESTS:\runtime\test_zero_division_error.py.

   19:     zero = 0
   20:     try:
--&gt;21:         1 % zero
   22:     except Exception as e:

        zero: 0
</pre></div>
</div>
</div>
</div>


           </div>
           
          </div>
          <footer>
  
    <div class="rst-footer-buttons" role="navigation" aria-label="footer navigation">
      
        <a href="syntax_tracebacks_fr.html" class="btn btn-neutral float-right" title="Friendly SyntaxError tracebacks - en Français" accesskey="n" rel="next">Next <span class="fa fa-arrow-circle-right"></span></a>
      
      
        <a href="tracebacks_syntax_markdown.html" class="btn btn-neutral float-left" title="Syntax errors - markdown_docs format" accesskey="p" rel="prev"><span class="fa fa-arrow-circle-left"></span> Previous</a>
      
    </div>
  

  <hr/>

  <div role="contentinfo">
    <p>
        
        &copy; Copyright 2019, André Roberge

    </p>
  </div>
    
    
    
    Built with <a href="http://sphinx-doc.org/">Sphinx</a> using a
    
    <a href="https://github.com/rtfd/sphinx_rtd_theme">theme</a>
    
    provided by <a href="https://readthedocs.org">Read the Docs</a>. 

</footer>

        </div>
      </div>

    </section>

  </div>
  

  <script type="text/javascript">
      jQuery(function () {
          SphinxRtdTheme.Navigation.enable(true);
      });
  </script>

  
  
    
   

</body>
</html>