

<!DOCTYPE html>
<html class="writer-html5" lang="en" >
<head>
  <meta charset="utf-8">
  
  <meta name="viewport" content="width=device-width, initial-scale=1.0">
  
  <title>Syntax errors - markdown_docs format &mdash; Friendly tracebacks 0.1.12a documentation</title>
  

  
  <link rel="stylesheet" href="_static/css/theme.css" type="text/css" />
  <link rel="stylesheet" href="_static/pygments.css" type="text/css" />
  <link rel="stylesheet" href="_static/custom.css" type="text/css" />

  
  
  
  

  
  <!--[if lt IE 9]>
    <script src="_static/js/html5shiv.min.js"></script>
  <![endif]-->
  
    
      <script type="text/javascript" id="documentation_options" data-url_root="./" src="_static/documentation_options.js"></script>
        <script src="_static/jquery.js"></script>
        <script src="_static/underscore.js"></script>
        <script src="_static/doctools.js"></script>
        <script src="_static/language_data.js"></script>
    
    <script type="text/javascript" src="_static/js/theme.js"></script>

    
    <link rel="index" title="Index" href="genindex.html" />
    <link rel="search" title="Search" href="search.html" />
    <link rel="next" title="Friendly tracebacks - en Français" href="tracebacks_fr.html" />
    <link rel="prev" title="Friendly tracebacks - markdown_docs format" href="tracebacks_markdown.html" /> 
</head>

<body class="wy-body-for-nav">

   
  <div class="wy-grid-for-nav">
    
    <nav data-toggle="wy-nav-shift" class="wy-nav-side">
      <div class="wy-side-scroll">
        <div class="wy-side-nav-search" >
          

          
            <a href="index.html" class="icon icon-home" alt="Documentation Home"> Friendly tracebacks
          

          
          </a>

          
            
            
              <div class="version">
                0.1.12a
              </div>
            
          

          
<div role="search">
  <form id="rtd-search-form" class="wy-form" action="search.html" method="get">
    <input type="text" name="q" placeholder="Search docs" />
    <input type="hidden" name="check_keywords" value="yes" />
    <input type="hidden" name="area" value="default" />
  </form>
</div>

          
        </div>

        
        <div class="wy-menu wy-menu-vertical" data-spy="affix" role="navigation" aria-label="main navigation">
          
            
            
              
            
            
              <p class="caption"><span class="caption-text">Begin here</span></p>
<ul>
<li class="toctree-l1"><a class="reference internal" href="usage.html">Installation and basic usage</a></li>
<li class="toctree-l1"><a class="reference internal" href="repl.html">Console basics</a></li>
<li class="toctree-l1"><a class="reference internal" href="editor.html">Using with an editor or IDE</a></li>
<li class="toctree-l1"><a class="reference internal" href="mu.html">Using with Mu</a></li>
<li class="toctree-l1"><a class="reference internal" href="thonny.html">Using with Thonny</a></li>
<li class="toctree-l1"><a class="reference internal" href="tracebacks.html">Multiple tracebacks</a></li>
</ul>
<p class="caption"><span class="caption-text">Thoughts on design</span></p>
<ul>
<li class="toctree-l1"><a class="reference internal" href="design.html">Some thoughts on the design of Friendly-traceback</a></li>
<li class="toctree-l1"><a class="reference internal" href="themes.html">Themes and colours</a></li>
</ul>
<p class="caption"><span class="caption-text">Use in your project</span></p>
<ul>
<li class="toctree-l1"><a class="reference internal" href="api.html">Public API</a></li>
<li class="toctree-l1"><a class="reference internal" href="lies.html">Learn to lie</a></li>
<li class="toctree-l1"><a class="reference internal" href="formatter.html">Custom formatter</a></li>
<li class="toctree-l1"><a class="reference internal" href="usage_adv.html">Other details for advanced users</a></li>
<li class="toctree-l1"><a class="reference internal" href="plugins.html">Editor plugins</a></li>
</ul>
<p class="caption"><span class="caption-text">Contribute</span></p>
<ul>
<li class="toctree-l1"><a class="reference internal" href="suggest.html">Suggest an addition</a></li>
<li class="toctree-l1"><a class="reference internal" href="adding_exception.html">Developer: Add a new Exception case</a></li>
<li class="toctree-l1"><a class="reference internal" href="syntax_error.html">Developer: Add a new SyntaxError case</a></li>
<li class="toctree-l1"><a class="reference internal" href="translation_notes.html">Notes on translations - using gettext</a></li>
</ul>
<p class="caption"><span class="caption-text">All the tracebacks!</span></p>
<ul>
<li class="toctree-l1"><a class="reference internal" href="all_tb.html">Why all the tracebacks?</a></li>
<li class="toctree-l1"><a class="reference internal" href="known.html">Generic information about various exceptions</a></li>
<li class="toctree-l1"><a class="reference internal" href="tracebacks_en_3.6.html">Friendly tracebacks - Python 3.6 in English</a></li>
<li class="toctree-l1"><a class="reference internal" href="syntax_tracebacks_en_3.6.html">SyntaxError - Python 3.6 in English</a></li>
<li class="toctree-l1"><a class="reference internal" href="tracebacks_en_3.7.html">Friendly tracebacks - Python 3.7 in English</a></li>
<li class="toctree-l1"><a class="reference internal" href="syntax_tracebacks_en_3.7.html">SyntaxError - Python 3.7 in English</a></li>
<li class="toctree-l1"><a class="reference internal" href="tracebacks_en_3.8.html">Friendly tracebacks - Python 3.8 in English</a></li>
<li class="toctree-l1"><a class="reference internal" href="syntax_tracebacks_en_3.8.html">SyntaxError - Python 3.8 in English</a></li>
<li class="toctree-l1"><a class="reference internal" href="tracebacks_en_3.9.html">Friendly tracebacks - Python 3.9 in English</a></li>
<li class="toctree-l1"><a class="reference internal" href="syntax_tracebacks_en_3.9.html">SyntaxError - Python 3.9 in English</a></li>
<li class="toctree-l1"><a class="reference internal" href="tracebacks_en_3.10.html">Friendly tracebacks - Python 3.10 in English</a></li>
<li class="toctree-l1"><a class="reference internal" href="syntax_tracebacks_en_3.10.html">SyntaxError - Python 3.10 in English</a></li>
<li class="toctree-l1"><a class="reference internal" href="compare_exceptions.html">Comparing Exception messages between Python versions</a></li>
<li class="toctree-l1"><a class="reference internal" href="compare.html">Comparison between Python versions: SyntaxErrors</a></li>
</ul>
<p class="caption"><span class="caption-text">Markdown examples</span></p>
<ul class="current">
<li class="toctree-l1"><a class="reference internal" href="tracebacks_markdown.html">Friendly tracebacks - markdown_docs format</a></li>
<li class="toctree-l1 current"><a class="current reference internal" href="#">Syntax errors - markdown_docs format</a><ul>
<li class="toctree-l2"><a class="reference internal" href="#indentationerror-1-expected-an-indented-block">IndentationError - 1: expected an indented block</a></li>
<li class="toctree-l2"><a class="reference internal" href="#indentationerror-2-unexpected-indent">IndentationError - 2: unexpected indent</a></li>
<li class="toctree-l2"><a class="reference internal" href="#indentationerror-3-unindent-does-not-match">IndentationError - 3: unindent does not match …</a></li>
<li class="toctree-l2"><a class="reference internal" href="#taberror">TabError</a></li>
<li class="toctree-l2"><a class="reference internal" href="#syntaxerror-assign-to-keyword">SyntaxError - Assign to keyword</a></li>
<li class="toctree-l2"><a class="reference internal" href="#syntaxerror-missing-colon-1">SyntaxError - Missing colon - 1</a></li>
<li class="toctree-l2"><a class="reference internal" href="#syntaxerror-missing-colon-2">SyntaxError - Missing colon - 2</a></li>
<li class="toctree-l2"><a class="reference internal" href="#syntaxerror-elif-not-else-if">SyntaxError - elif, not else if</a></li>
<li class="toctree-l2"><a class="reference internal" href="#syntaxerror-elif-not-elseif">SyntaxError - elif, not elseif</a></li>
<li class="toctree-l2"><a class="reference internal" href="#syntaxerror-malformed-def-statment-1">SyntaxError - malformed def statment - 1</a></li>
<li class="toctree-l2"><a class="reference internal" href="#syntaxerror-malformed-def-statment-2">SyntaxError - malformed def statment - 2</a></li>
<li class="toctree-l2"><a class="reference internal" href="#syntaxerror-malformed-def-statment-3">SyntaxError - malformed def statment - 3</a></li>
<li class="toctree-l2"><a class="reference internal" href="#syntaxerror-can-t-assign-to-literal-1">SyntaxError - can’t assign to literal - 1</a></li>
<li class="toctree-l2"><a class="reference internal" href="#syntaxerror-can-t-assign-to-literal-2">SyntaxError - can’t assign to literal - 2</a></li>
<li class="toctree-l2"><a class="reference internal" href="#syntaxerror-can-t-assign-to-literal-3">SyntaxError - can’t assign to literal - 3</a></li>
<li class="toctree-l2"><a class="reference internal" href="#syntaxerror-can-t-assign-to-literal-4">SyntaxError - can’t assign to literal - 4</a></li>
<li class="toctree-l2"><a class="reference internal" href="#syntaxerror-can-t-assign-to-literal-5">SyntaxError - can’t assign to literal - 5</a></li>
<li class="toctree-l2"><a class="reference internal" href="#syntaxerror-import-x-from-y">SyntaxError - import X from Y</a></li>
<li class="toctree-l2"><a class="reference internal" href="#syntaxerror-eol-while-scanning-string-literal">SyntaxError - EOL while scanning string literal</a></li>
<li class="toctree-l2"><a class="reference internal" href="#syntaxerror-assignment-to-keyword-none">SyntaxError - assignment to keyword (None)</a></li>
<li class="toctree-l2"><a class="reference internal" href="#syntaxerror-assignment-to-keyword-debug">SyntaxError - assignment to keyword (<strong>debug</strong>)</a></li>
<li class="toctree-l2"><a class="reference internal" href="#syntaxerror-unmatched-closing-parenthesis">SyntaxError - unmatched closing parenthesis</a></li>
<li class="toctree-l2"><a class="reference internal" href="#syntaxerror-unclosed-parenthesis-1">SyntaxError - unclosed parenthesis- 1</a></li>
<li class="toctree-l2"><a class="reference internal" href="#syntaxerror-unclosed-parenthesis-2">SyntaxError - unclosed parenthesis - 2</a></li>
<li class="toctree-l2"><a class="reference internal" href="#syntaxerror-mismatched-brackets">SyntaxError - mismatched brackets</a></li>
<li class="toctree-l2"><a class="reference internal" href="#syntaxerror-mismatched-brackets-2">SyntaxError - mismatched brackets - 2</a></li>
<li class="toctree-l2"><a class="reference internal" href="#syntaxerror-print-is-a-function">SyntaxError - print is a function</a></li>
<li class="toctree-l2"><a class="reference internal" href="#syntaxerror-python-keyword-as-function-name">SyntaxError - Python keyword as function name</a></li>
<li class="toctree-l2"><a class="reference internal" href="#syntaxerror-break-outside-loop">SyntaxError - break outside loop</a></li>
<li class="toctree-l2"><a class="reference internal" href="#syntaxerror-continue-outside-loop">SyntaxError - continue outside loop</a></li>
<li class="toctree-l2"><a class="reference internal" href="#syntaxerror-quote-inside-a-string">SyntaxError - quote inside a string</a></li>
<li class="toctree-l2"><a class="reference internal" href="#syntaxerror-missing-comma-in-a-dict">SyntaxError - missing comma in a dict</a></li>
<li class="toctree-l2"><a class="reference internal" href="#syntaxerror-missing-comma-in-a-set">SyntaxError - missing comma in a set</a></li>
<li class="toctree-l2"><a class="reference internal" href="#syntaxerror-missing-comma-in-a-list">SyntaxError - missing comma in a list</a></li>
<li class="toctree-l2"><a class="reference internal" href="#syntaxerror-missing-comma-in-a-tuple">SyntaxError - missing comma in a tuple</a></li>
<li class="toctree-l2"><a class="reference internal" href="#syntaxerror-missing-comma-between-function-args">SyntaxError - missing comma between function args</a></li>
<li class="toctree-l2"><a class="reference internal" href="#syntaxerror-can-t-assign-to-function-call-1">SyntaxError - can’t assign to function call - 1</a></li>
<li class="toctree-l2"><a class="reference internal" href="#syntaxerror-can-t-assign-to-function-call-2">SyntaxError - can’t assign to function call - 2</a></li>
<li class="toctree-l2"><a class="reference internal" href="#syntaxerror-used-equal-sign-instead-of-colon">SyntaxError - used equal sign instead of colon</a></li>
<li class="toctree-l2"><a class="reference internal" href="#syntaxerror-non-default-argument-follows-default-argument">SyntaxError - non-default argument follows default argument</a></li>
<li class="toctree-l2"><a class="reference internal" href="#syntaxerror-positional-argument-follows-keyword-argument">SyntaxError - positional argument follows keyword argument</a></li>
<li class="toctree-l2"><a class="reference internal" href="#syntaxerror-f-string-unterminated-string">SyntaxError - f-string: unterminated string</a></li>
<li class="toctree-l2"><a class="reference internal" href="#syntaxerror-unclosed-bracket">SyntaxError - unclosed bracket</a></li>
<li class="toctree-l2"><a class="reference internal" href="#syntaxerror-unexpected-eof-while-parsing">SyntaxError - unexpected EOF while parsing</a></li>
<li class="toctree-l2"><a class="reference internal" href="#syntaxerror-name-is-parameter-and-global">SyntaxError - name is parameter and global</a></li>
<li class="toctree-l2"><a class="reference internal" href="#syntaxerror-keyword-as-attribute">SyntaxError - keyword as attribute</a></li>
<li class="toctree-l2"><a class="reference internal" href="#syntaxerror-content-passed-continuation-line-character">SyntaxError - content passed continuation line character</a></li>
<li class="toctree-l2"><a class="reference internal" href="#syntaxerror-keyword-can-t-be-an-expression">SyntaxError - keyword can’t be an expression</a></li>
<li class="toctree-l2"><a class="reference internal" href="#syntaxerror-invalid-character-in-identifier">SyntaxError - invalid character in identifier</a></li>
<li class="toctree-l2"><a class="reference internal" href="#syntaxerror-keyword-cannot-be-argument-in-def-1">SyntaxError - keyword cannot be argument in def - 1</a></li>
<li class="toctree-l2"><a class="reference internal" href="#syntaxerror-keyword-cannot-be-argument-in-def-2">SyntaxError - keyword cannot be argument in def - 2</a></li>
<li class="toctree-l2"><a class="reference internal" href="#syntaxerror-keyword-cannot-be-argument-in-def-3">SyntaxError - keyword cannot be argument in def - 3</a></li>
<li class="toctree-l2"><a class="reference internal" href="#syntaxerror-keyword-cannot-be-argument-in-def-4">SyntaxError - keyword cannot be argument in def - 4</a></li>
<li class="toctree-l2"><a class="reference internal" href="#syntaxerror-delete-function-call">SyntaxError - delete function call</a></li>
<li class="toctree-l2"><a class="reference internal" href="#syntaxerror-assigned-prior-to-global-declaration">SyntaxError - assigned prior to global declaration</a></li>
<li class="toctree-l2"><a class="reference internal" href="#syntaxerror-used-prior-to-global-declaration">SyntaxError - used prior to global declaration</a></li>
<li class="toctree-l2"><a class="reference internal" href="#syntaxerror-assigned-prior-to-nonlocal-declaration">SyntaxError - assigned prior to nonlocal declaration</a></li>
<li class="toctree-l2"><a class="reference internal" href="#syntaxerror-used-prior-to-nonlocal-declaration">SyntaxError - used prior to nonlocal declaration</a></li>
<li class="toctree-l2"><a class="reference internal" href="#syntaxerror-named-assignment-with-python-constant">SyntaxError - named assignment with Python constant</a></li>
<li class="toctree-l2"><a class="reference internal" href="#syntaxerror-assignment-to-operator">SyntaxError - assignment to operator</a></li>
<li class="toctree-l2"><a class="reference internal" href="#syntaxerror-using-the-backquote-character">SyntaxError - using the backquote character</a></li>
<li class="toctree-l2"><a class="reference internal" href="#syntaxerror-assign-to-generator-expression">SyntaxError - assign to generator expression</a></li>
<li class="toctree-l2"><a class="reference internal" href="#syntaxerror-assign-to-conditional-expression">SyntaxError - assign to conditional expression</a></li>
<li class="toctree-l2"><a class="reference internal" href="#syntaxerror-name-is-parameter-and-nonlocal">SyntaxError - name is parameter and nonlocal</a></li>
<li class="toctree-l2"><a class="reference internal" href="#syntaxerror-name-is-global-and-nonlocal">SyntaxError - name is global and nonlocal</a></li>
<li class="toctree-l2"><a class="reference internal" href="#syntaxerror-nonlocal-variable-not-found">SyntaxError - nonlocal variable not found</a></li>
<li class="toctree-l2"><a class="reference internal" href="#syntaxerror-nonlocal-variable-not-found-at-module-level">SyntaxError - nonlocal variable not found at module level</a></li>
<li class="toctree-l2"><a class="reference internal" href="#syntaxerror-keyword-arg-only-once-in-function-definition">SyntaxError - keyword arg only once in function definition</a></li>
<li class="toctree-l2"><a class="reference internal" href="#syntaxerror-keyword-arg-only-once-in-function-call">SyntaxError - keyword arg only once in function call</a></li>
<li class="toctree-l2"><a class="reference internal" href="#syntaxerror-unexpected-eof-while-parsing-2">SyntaxError - unexpected EOF while parsing 2</a></li>
<li class="toctree-l2"><a class="reference internal" href="#syntaxerror-print-is-a-function-2">SyntaxError - print is a function 2</a></li>
<li class="toctree-l2"><a class="reference internal" href="#syntaxerror-copy-paste-from-interpreter">SyntaxError - copy/paste from interpreter</a></li>
<li class="toctree-l2"><a class="reference internal" href="#syntaxerror-using-pip-from-interpreter">SyntaxError - Using pip from interpreter</a></li>
<li class="toctree-l2"><a class="reference internal" href="#syntaxerror-using-pip-from-interpreter-2">SyntaxError - Using pip from interpreter 2</a></li>
<li class="toctree-l2"><a class="reference internal" href="#syntaxerror-dot-followed-by-parenthesis">SyntaxError - dot followed by parenthesis</a></li>
<li class="toctree-l2"><a class="reference internal" href="#syntaxerror-cannot-assign-to-f-string">SyntaxError - cannot assign to f-string</a></li>
<li class="toctree-l2"><a class="reference internal" href="#syntaxerror-raising-multiple-exceptions">SyntaxError - raising multiple exceptions</a></li>
<li class="toctree-l2"><a class="reference internal" href="#syntaxerror-parenthesis-around-generator-expression">SyntaxError - parenthesis around generator expression</a></li>
<li class="toctree-l2"><a class="reference internal" href="#syntaxerror-invalid-character-bad-quote">SyntaxError - invalid character (bad quote)</a></li>
<li class="toctree-l2"><a class="reference internal" href="#syntaxerror-single-instead-of-double-with-if">SyntaxError - single = instead of double == with if</a></li>
<li class="toctree-l2"><a class="reference internal" href="#syntaxerror-single-instead-of-double-with-elif">SyntaxError - single = instead of double == with elif</a></li>
<li class="toctree-l2"><a class="reference internal" href="#syntaxerror-single-instead-of-double-with-while">SyntaxError - single = instead of double == with while</a></li>
</ul>
</li>
</ul>
<p class="caption"><span class="caption-text">En français</span></p>
<ul>
<li class="toctree-l1"><a class="reference internal" href="tracebacks_fr.html"> Friendly tracebacks - en Français</a></li>
<li class="toctree-l1"><a class="reference internal" href="syntax_tracebacks_fr.html"> Friendly SyntaxError tracebacks - en Français</a></li>
</ul>

            
          
        </div>
        
      </div>
    </nav>

    <section data-toggle="wy-nav-shift" class="wy-nav-content-wrap">

      
      <nav class="wy-nav-top" aria-label="top navigation">
        
          <i data-toggle="wy-nav-top" class="fa fa-bars"></i>
          <a href="index.html">Friendly tracebacks</a>
        
      </nav>


      <div class="wy-nav-content">
        
        <div class="rst-content style-external-links">
        
          















<div role="navigation" aria-label="breadcrumbs navigation">

  <ul class="wy-breadcrumbs">
    
      <li><a href="index.html" class="icon icon-home"></a> &raquo;</li>
        
      <li>Syntax errors - markdown_docs format</li>
    
    
      <li class="wy-breadcrumbs-aside">
        
            
            <a href="_sources/tracebacks_syntax_markdown.md.txt" rel="nofollow"> View page source</a>
          
        
      </li>
    
  </ul>

  
  <div class="rst-breadcrumbs-buttons" role="navigation" aria-label="breadcrumb navigation">
      
        <a href="tracebacks_fr.html" class="btn btn-neutral float-right" title="Friendly tracebacks - en Français" accesskey="n">Next <span class="fa fa-arrow-circle-right"></span></a>
      
      
        <a href="tracebacks_markdown.html" class="btn btn-neutral float-left" title="Friendly tracebacks - markdown_docs format" accesskey="p"><span class="fa fa-arrow-circle-left"></span> Previous</a>
      
  </div>
  
  <hr/>
</div>
          <div role="main" class="document" itemscope="itemscope" itemtype="http://schema.org/Article">
           <div itemprop="articleBody">
            
  <div class="section" id="syntax-errors-markdown-docs-format">
<h1>Syntax errors - markdown_docs format<a class="headerlink" href="#syntax-errors-markdown-docs-format" title="Permalink to this headline">¶</a></h1>
<div class="admonition note">
<p class="admonition-title">Note</p>
<p>The content of this page is generated by running
trb_syntax_markdown.py located in the <code class="docutils literal notranslate"><span class="pre">tests/</span></code> directory.
This needs to be done explicitly, independently of updating the
documentation using Sphinx.
</p>
</div><p>Friendly-traceback version: 0.1.12a
Python version: 3.8.4</p>
<hr class="docutils" />
<div class="section" id="indentationerror-1-expected-an-indented-block">
<h2>IndentationError - 1: expected an indented block<a class="headerlink" href="#indentationerror-1-expected-an-indented-block" title="Permalink to this headline">¶</a></h2>
<div class="highlight-pytb notranslate"><div class="highlight"><pre><span></span><span class="gt">Traceback (most recent call last):</span>
  File <span class="nb">&quot;TESTS:\trb_syntax_common.py&quot;</span>, line <span class="m">134</span>, in <span class="n">create_tracebacks</span>
    <span class="n">mod</span> <span class="o">=</span> <span class="nb">__import__</span><span class="p">(</span><span class="n">name</span><span class="p">)</span>
  File <span class="nb">&quot;TESTS:\syntax\raise_indentation_error1.py&quot;</span>, line <span class="m">4</span>
    <span class="k">pass</span>
    <span class="o">^</span>
<span class="gr">IndentationError</span>: <span class="n">expected an indented block</span>
</pre></div>
</div>
<p>An <code class="docutils literal notranslate"><span class="pre">IndentationError</span></code> occurs when a given line of code is
not indented (aligned vertically with other lines) as expected.</p>
<p>Python could not understand the code in the file
‘TESTS:\syntax\raise_indentation_error1.py’
beyond the location indicated by –&gt; and ^.</p>
<div class="highlight-python notranslate"><div class="highlight"><pre><span></span>       <span class="mi">2</span><span class="p">:</span> 
       <span class="mi">3</span><span class="p">:</span> <span class="k">if</span> <span class="kc">True</span><span class="p">:</span>
    <span class="o">--&gt;</span><span class="mi">4</span><span class="p">:</span> <span class="k">pass</span>
          <span class="o">^</span>
       <span class="mi">5</span><span class="p">:</span> 
</pre></div>
</div>
<p>In this case, the line identified above
was expected to begin a new indented block.</p>
</div>
<hr class="docutils" />
<div class="section" id="indentationerror-2-unexpected-indent">
<h2>IndentationError - 2: unexpected indent<a class="headerlink" href="#indentationerror-2-unexpected-indent" title="Permalink to this headline">¶</a></h2>
<div class="highlight-pytb notranslate"><div class="highlight"><pre><span></span><span class="gt">Traceback (most recent call last):</span>
  File <span class="nb">&quot;TESTS:\trb_syntax_common.py&quot;</span>, line <span class="m">134</span>, in <span class="n">create_tracebacks</span>
    <span class="n">mod</span> <span class="o">=</span> <span class="nb">__import__</span><span class="p">(</span><span class="n">name</span><span class="p">)</span>
  File <span class="nb">&quot;TESTS:\syntax\raise_indentation_error2.py&quot;</span>, line <span class="m">4</span>
    <span class="k">pass</span>
<span class="gr">   ^</span>
<span class="gr">IndentationError</span>: <span class="n">unexpected indent</span>
</pre></div>
</div>
<p>An <code class="docutils literal notranslate"><span class="pre">IndentationError</span></code> occurs when a given line of code is
not indented (aligned vertically with other lines) as expected.</p>
<p>Python could not understand the code in the file
‘TESTS:\syntax\raise_indentation_error2.py’
beyond the location indicated by –&gt; and ^.</p>
<div class="highlight-python notranslate"><div class="highlight"><pre><span></span>       <span class="mi">2</span><span class="p">:</span> <span class="k">if</span> <span class="kc">True</span><span class="p">:</span>
       <span class="mi">3</span><span class="p">:</span>     <span class="k">pass</span>
    <span class="o">--&gt;</span><span class="mi">4</span><span class="p">:</span>       <span class="k">pass</span>
               <span class="o">^</span>
       <span class="mi">5</span><span class="p">:</span> 
</pre></div>
</div>
<p>In this case, the line identified above
is more indented than expected and
does not match the indentation of the previous line.</p>
</div>
<hr class="docutils" />
<div class="section" id="indentationerror-3-unindent-does-not-match">
<h2>IndentationError - 3: unindent does not match …<a class="headerlink" href="#indentationerror-3-unindent-does-not-match" title="Permalink to this headline">¶</a></h2>
<div class="highlight-pytb notranslate"><div class="highlight"><pre><span></span><span class="gt">Traceback (most recent call last):</span>
  File <span class="nb">&quot;TESTS:\trb_syntax_common.py&quot;</span>, line <span class="m">134</span>, in <span class="n">create_tracebacks</span>
    <span class="n">mod</span> <span class="o">=</span> <span class="nb">__import__</span><span class="p">(</span><span class="n">name</span><span class="p">)</span>
  File <span class="nb">&quot;TESTS:\syntax\raise_indentation_error3.py&quot;</span>, line <span class="m">4</span>
    <span class="k">pass</span>
        <span class="o">^</span>
<span class="gr">IndentationError</span>: <span class="n">unindent does not match any outer indentation level</span>
</pre></div>
</div>
<p>An <code class="docutils literal notranslate"><span class="pre">IndentationError</span></code> occurs when a given line of code is
not indented (aligned vertically with other lines) as expected.</p>
<p>Python could not understand the code in the file
‘TESTS:\syntax\raise_indentation_error3.py’
beyond the location indicated by –&gt; and ^.</p>
<div class="highlight-python notranslate"><div class="highlight"><pre><span></span>       <span class="mi">2</span><span class="p">:</span> <span class="k">if</span> <span class="kc">True</span><span class="p">:</span>
       <span class="mi">3</span><span class="p">:</span>       <span class="k">pass</span>
    <span class="o">--&gt;</span><span class="mi">4</span><span class="p">:</span>     <span class="k">pass</span>
                  <span class="o">^</span>
       <span class="mi">5</span><span class="p">:</span> 
</pre></div>
</div>
<p>In this case, the line identified above is
less indented than the preceding one,
and is not aligned vertically with another block of code.</p>
</div>
<hr class="docutils" />
<div class="section" id="taberror">
<h2>TabError<a class="headerlink" href="#taberror" title="Permalink to this headline">¶</a></h2>
<div class="highlight-pytb notranslate"><div class="highlight"><pre><span></span><span class="gt">Traceback (most recent call last):</span>
  File <span class="nb">&quot;TESTS:\trb_syntax_common.py&quot;</span>, line <span class="m">134</span>, in <span class="n">create_tracebacks</span>
    <span class="n">mod</span> <span class="o">=</span> <span class="nb">__import__</span><span class="p">(</span><span class="n">name</span><span class="p">)</span>
  File <span class="nb">&quot;TESTS:\syntax\raise_tab_error.py&quot;</span>, line <span class="m">7</span>
    <span class="k">pass</span>
        <span class="o">^</span>
<span class="gr">TabError</span>: <span class="n">inconsistent use of tabs and spaces in indentation</span>
</pre></div>
</div>
<p>A <code class="docutils literal notranslate"><span class="pre">TabError</span></code> indicates that you have used both spaces
and tab characters to indent your code.
This is not allowed in Python.
Indenting your code means to have block of codes aligned vertically
by inserting either spaces or tab characters at the beginning of lines.
Python’s recommendation is to always use spaces to indent your code.</p>
<p>Python could not understand the code in the file
‘TESTS:\syntax\raise_tab_error.py’
beyond the location indicated by –&gt; and ^.</p>
<div class="highlight-python notranslate"><div class="highlight"><pre><span></span>       <span class="mi">5</span><span class="p">:</span> <span class="k">def</span> <span class="nf">test_tab_error</span><span class="p">():</span>
       <span class="mi">6</span><span class="p">:</span>     <span class="k">if</span> <span class="kc">True</span><span class="p">:</span>
    <span class="o">--&gt;</span><span class="mi">7</span><span class="p">:</span> 	<span class="k">pass</span>
               <span class="o">^</span>
       <span class="mi">8</span><span class="p">:</span> 
</pre></div>
</div>
</div>
<hr class="docutils" />
<div class="section" id="syntaxerror-assign-to-keyword">
<h2>SyntaxError - Assign to keyword<a class="headerlink" href="#syntaxerror-assign-to-keyword" title="Permalink to this headline">¶</a></h2>
<div class="highlight-pytb notranslate"><div class="highlight"><pre><span></span><span class="gt">Traceback (most recent call last):</span>
  File <span class="nb">&quot;TESTS:\trb_syntax_common.py&quot;</span>, line <span class="m">134</span>, in <span class="n">create_tracebacks</span>
    <span class="n">mod</span> <span class="o">=</span> <span class="nb">__import__</span><span class="p">(</span><span class="n">name</span><span class="p">)</span>
  File <span class="nb">&quot;TESTS:\syntax\raise_syntax_error1.py&quot;</span>, line <span class="m">3</span>
    <span class="k">def</span> <span class="o">=</span> <span class="mi">2</span>
        <span class="o">^</span>
<span class="gr">SyntaxError</span>: <span class="n">invalid syntax</span>
</pre></div>
</div>
<p>A <code class="docutils literal notranslate"><span class="pre">SyntaxError</span></code> occurs when Python cannot understand your code.</p>
<p>Python could not understand the code in the file
‘TESTS:\syntax\raise_syntax_error1.py’
beyond the location indicated by –&gt; and ^.</p>
<div class="highlight-python notranslate"><div class="highlight"><pre><span></span>       <span class="mi">1</span><span class="p">:</span> <span class="s2">&quot;&quot;&quot; Should raise SyntaxError&quot;&quot;&quot;</span>
       <span class="mi">2</span><span class="p">:</span> 
    <span class="o">--&gt;</span><span class="mi">3</span><span class="p">:</span> <span class="k">def</span> <span class="o">=</span> <span class="mi">2</span>
              <span class="o">^</span>
       <span class="mi">4</span><span class="p">:</span> 
</pre></div>
</div>
<p>I make an effort below to guess what caused the problem
but I might guess incorrectly.</p>
<p>You were trying to assign a value to the Python keyword <code class="docutils literal notranslate"><span class="pre">def</span></code>.
This is not allowed.</p>
</div>
<hr class="docutils" />
<div class="section" id="syntaxerror-missing-colon-1">
<h2>SyntaxError - Missing colon - 1<a class="headerlink" href="#syntaxerror-missing-colon-1" title="Permalink to this headline">¶</a></h2>
<div class="highlight-pytb notranslate"><div class="highlight"><pre><span></span><span class="gt">Traceback (most recent call last):</span>
  File <span class="nb">&quot;TESTS:\trb_syntax_common.py&quot;</span>, line <span class="m">134</span>, in <span class="n">create_tracebacks</span>
    <span class="n">mod</span> <span class="o">=</span> <span class="nb">__import__</span><span class="p">(</span><span class="n">name</span><span class="p">)</span>
  File <span class="nb">&quot;TESTS:\syntax\raise_syntax_error2.py&quot;</span>, line <span class="m">3</span>
    <span class="k">if</span> <span class="kc">True</span>
           <span class="o">^</span>
<span class="gr">SyntaxError</span>: <span class="n">invalid syntax</span>
</pre></div>
</div>
<p>A <code class="docutils literal notranslate"><span class="pre">SyntaxError</span></code> occurs when Python cannot understand your code.</p>
<p>Python could not understand the code in the file
‘TESTS:\syntax\raise_syntax_error2.py’
beyond the location indicated by –&gt; and ^.</p>
<div class="highlight-python notranslate"><div class="highlight"><pre><span></span>       <span class="mi">1</span><span class="p">:</span> <span class="s2">&quot;&quot;&quot;Should raise SyntaxError&quot;&quot;&quot;</span>
       <span class="mi">2</span><span class="p">:</span> 
    <span class="o">--&gt;</span><span class="mi">3</span><span class="p">:</span> <span class="k">if</span> <span class="kc">True</span>
                 <span class="o">^</span>
       <span class="mi">4</span><span class="p">:</span>     <span class="k">pass</span>
</pre></div>
</div>
<p>I make an effort below to guess what caused the problem
but I might guess incorrectly.</p>
<p>You wrote a statement beginning with
<code class="docutils literal notranslate"><span class="pre">if</span></code> but forgot to add a colon <code class="docutils literal notranslate"><span class="pre">:</span></code> at the end</p>
</div>
<hr class="docutils" />
<div class="section" id="syntaxerror-missing-colon-2">
<h2>SyntaxError - Missing colon - 2<a class="headerlink" href="#syntaxerror-missing-colon-2" title="Permalink to this headline">¶</a></h2>
<div class="highlight-pytb notranslate"><div class="highlight"><pre><span></span><span class="gt">Traceback (most recent call last):</span>
  File <span class="nb">&quot;TESTS:\trb_syntax_common.py&quot;</span>, line <span class="m">134</span>, in <span class="n">create_tracebacks</span>
    <span class="n">mod</span> <span class="o">=</span> <span class="nb">__import__</span><span class="p">(</span><span class="n">name</span><span class="p">)</span>
  File <span class="nb">&quot;TESTS:\syntax\raise_syntax_error3.py&quot;</span>, line <span class="m">3</span>
    <span class="k">while</span> <span class="kc">True</span>  <span class="c1"># a comment</span>
                <span class="o">^</span>
<span class="gr">SyntaxError</span>: <span class="n">invalid syntax</span>
</pre></div>
</div>
<p>A <code class="docutils literal notranslate"><span class="pre">SyntaxError</span></code> occurs when Python cannot understand your code.</p>
<p>Python could not understand the code in the file
‘TESTS:\syntax\raise_syntax_error3.py’
beyond the location indicated by –&gt; and ^.</p>
<div class="highlight-python notranslate"><div class="highlight"><pre><span></span>       <span class="mi">1</span><span class="p">:</span> <span class="s2">&quot;&quot;&quot;Should raise SyntaxError&quot;&quot;&quot;</span>
       <span class="mi">2</span><span class="p">:</span> 
    <span class="o">--&gt;</span><span class="mi">3</span><span class="p">:</span> <span class="k">while</span> <span class="kc">True</span>  <span class="c1"># a comment</span>
                      <span class="o">^</span>
       <span class="mi">4</span><span class="p">:</span>     <span class="k">pass</span>
</pre></div>
</div>
<p>I make an effort below to guess what caused the problem
but I might guess incorrectly.</p>
<p>You wrote a <code class="docutils literal notranslate"><span class="pre">while</span></code> loop but
forgot to add a colon <code class="docutils literal notranslate"><span class="pre">:</span></code> at the end</p>
</div>
<hr class="docutils" />
<div class="section" id="syntaxerror-elif-not-else-if">
<h2>SyntaxError - elif, not else if<a class="headerlink" href="#syntaxerror-elif-not-else-if" title="Permalink to this headline">¶</a></h2>
<div class="highlight-pytb notranslate"><div class="highlight"><pre><span></span><span class="gt">Traceback (most recent call last):</span>
  File <span class="nb">&quot;TESTS:\trb_syntax_common.py&quot;</span>, line <span class="m">134</span>, in <span class="n">create_tracebacks</span>
    <span class="n">mod</span> <span class="o">=</span> <span class="nb">__import__</span><span class="p">(</span><span class="n">name</span><span class="p">)</span>
  File <span class="nb">&quot;TESTS:\syntax\raise_syntax_error4.py&quot;</span>, line <span class="m">5</span>
    <span class="k">else</span> <span class="k">if</span> <span class="kc">True</span><span class="p">:</span>
         <span class="o">^</span>
<span class="gr">SyntaxError</span>: <span class="n">invalid syntax</span>
</pre></div>
</div>
<p>A <code class="docutils literal notranslate"><span class="pre">SyntaxError</span></code> occurs when Python cannot understand your code.</p>
<p>Python could not understand the code in the file
‘TESTS:\syntax\raise_syntax_error4.py’
beyond the location indicated by –&gt; and ^.</p>
<div class="highlight-python notranslate"><div class="highlight"><pre><span></span>       <span class="mi">3</span><span class="p">:</span> <span class="k">if</span> <span class="kc">False</span><span class="p">:</span>
       <span class="mi">4</span><span class="p">:</span>     <span class="k">pass</span>
    <span class="o">--&gt;</span><span class="mi">5</span><span class="p">:</span> <span class="k">else</span> <span class="k">if</span> <span class="kc">True</span><span class="p">:</span>
               <span class="o">^</span>
       <span class="mi">6</span><span class="p">:</span>     <span class="nb">print</span><span class="p">(</span><span class="s1">&#39;ok&#39;</span><span class="p">)</span>
</pre></div>
</div>
<p>I make an effort below to guess what caused the problem
but I might guess incorrectly.</p>
<p>You likely meant to use Python’s <code class="docutils literal notranslate"><span class="pre">elif</span></code> keyword
but wrote <code class="docutils literal notranslate"><span class="pre">else</span> <span class="pre">if</span></code> instead</p>
</div>
<hr class="docutils" />
<div class="section" id="syntaxerror-elif-not-elseif">
<h2>SyntaxError - elif, not elseif<a class="headerlink" href="#syntaxerror-elif-not-elseif" title="Permalink to this headline">¶</a></h2>
<div class="highlight-pytb notranslate"><div class="highlight"><pre><span></span><span class="gt">Traceback (most recent call last):</span>
  File <span class="nb">&quot;TESTS:\trb_syntax_common.py&quot;</span>, line <span class="m">134</span>, in <span class="n">create_tracebacks</span>
    <span class="n">mod</span> <span class="o">=</span> <span class="nb">__import__</span><span class="p">(</span><span class="n">name</span><span class="p">)</span>
  File <span class="nb">&quot;TESTS:\syntax\raise_syntax_error5.py&quot;</span>, line <span class="m">5</span>
    <span class="n">elseif</span> <span class="kc">True</span><span class="p">:</span>
           <span class="o">^</span>
<span class="gr">SyntaxError</span>: <span class="n">invalid syntax</span>
</pre></div>
</div>
<p>A <code class="docutils literal notranslate"><span class="pre">SyntaxError</span></code> occurs when Python cannot understand your code.</p>
<p>Python could not understand the code in the file
‘TESTS:\syntax\raise_syntax_error5.py’
beyond the location indicated by –&gt; and ^.</p>
<div class="highlight-python notranslate"><div class="highlight"><pre><span></span>       <span class="mi">3</span><span class="p">:</span> <span class="k">if</span> <span class="kc">False</span><span class="p">:</span>
       <span class="mi">4</span><span class="p">:</span>     <span class="k">pass</span>
    <span class="o">--&gt;</span><span class="mi">5</span><span class="p">:</span> <span class="n">elseif</span> <span class="kc">True</span><span class="p">:</span>
                 <span class="o">^</span>
       <span class="mi">6</span><span class="p">:</span>     <span class="nb">print</span><span class="p">(</span><span class="s1">&#39;ok&#39;</span><span class="p">)</span>
</pre></div>
</div>
<p>I make an effort below to guess what caused the problem
but I might guess incorrectly.</p>
<p>You likely meant to use Python’s <code class="docutils literal notranslate"><span class="pre">elif</span></code> keyword
but wrote <code class="docutils literal notranslate"><span class="pre">elseif</span></code> instead</p>
</div>
<hr class="docutils" />
<div class="section" id="syntaxerror-malformed-def-statment-1">
<h2>SyntaxError - malformed def statment - 1<a class="headerlink" href="#syntaxerror-malformed-def-statment-1" title="Permalink to this headline">¶</a></h2>
<div class="highlight-pytb notranslate"><div class="highlight"><pre><span></span><span class="gt">Traceback (most recent call last):</span>
  File <span class="nb">&quot;TESTS:\trb_syntax_common.py&quot;</span>, line <span class="m">134</span>, in <span class="n">create_tracebacks</span>
    <span class="n">mod</span> <span class="o">=</span> <span class="nb">__import__</span><span class="p">(</span><span class="n">name</span><span class="p">)</span>
  File <span class="nb">&quot;TESTS:\syntax\raise_syntax_error6.py&quot;</span>, line <span class="m">3</span>
    <span class="k">def</span> <span class="p">:</span>
        <span class="o">^</span>
<span class="gr">SyntaxError</span>: <span class="n">invalid syntax</span>
</pre></div>
</div>
<p>A <code class="docutils literal notranslate"><span class="pre">SyntaxError</span></code> occurs when Python cannot understand your code.</p>
<p>Python could not understand the code in the file
‘TESTS:\syntax\raise_syntax_error6.py’
beyond the location indicated by –&gt; and ^.</p>
<div class="highlight-python notranslate"><div class="highlight"><pre><span></span>       <span class="mi">1</span><span class="p">:</span> <span class="s2">&quot;&quot;&quot;Should raise SyntaxError&quot;&quot;&quot;</span>
       <span class="mi">2</span><span class="p">:</span> 
    <span class="o">--&gt;</span><span class="mi">3</span><span class="p">:</span> <span class="k">def</span> <span class="p">:</span>
              <span class="o">^</span>
       <span class="mi">4</span><span class="p">:</span>     <span class="k">pass</span>
</pre></div>
</div>
<p>I make an effort below to guess what caused the problem
but I might guess incorrectly.</p>
<p>You tried to define a function or method and did not use the correct syntax.
The correct syntax is:</p>
<div class="highlight-default notranslate"><div class="highlight"><pre><span></span><span class="k">def</span> <span class="nf">name</span> <span class="p">(</span> <span class="n">optional_arguments</span> <span class="p">):</span>
</pre></div>
</div>
</div>
<hr class="docutils" />
<div class="section" id="syntaxerror-malformed-def-statment-2">
<h2>SyntaxError - malformed def statment - 2<a class="headerlink" href="#syntaxerror-malformed-def-statment-2" title="Permalink to this headline">¶</a></h2>
<div class="highlight-pytb notranslate"><div class="highlight"><pre><span></span><span class="gt">Traceback (most recent call last):</span>
  File <span class="nb">&quot;TESTS:\trb_syntax_common.py&quot;</span>, line <span class="m">134</span>, in <span class="n">create_tracebacks</span>
    <span class="n">mod</span> <span class="o">=</span> <span class="nb">__import__</span><span class="p">(</span><span class="n">name</span><span class="p">)</span>
  File <span class="nb">&quot;TESTS:\syntax\raise_syntax_error7.py&quot;</span>, line <span class="m">3</span>
    <span class="k">def</span> <span class="nf">name</span>  <span class="p">:</span>
              <span class="o">^</span>
<span class="gr">SyntaxError</span>: <span class="n">invalid syntax</span>
</pre></div>
</div>
<p>A <code class="docutils literal notranslate"><span class="pre">SyntaxError</span></code> occurs when Python cannot understand your code.</p>
<p>Python could not understand the code in the file
‘TESTS:\syntax\raise_syntax_error7.py’
beyond the location indicated by –&gt; and ^.</p>
<div class="highlight-python notranslate"><div class="highlight"><pre><span></span>       <span class="mi">1</span><span class="p">:</span> <span class="s2">&quot;&quot;&quot;Should raise SyntaxError&quot;&quot;&quot;</span>
       <span class="mi">2</span><span class="p">:</span> 
    <span class="o">--&gt;</span><span class="mi">3</span><span class="p">:</span> <span class="k">def</span> <span class="nf">name</span>  <span class="p">:</span>
                    <span class="o">^</span>
       <span class="mi">4</span><span class="p">:</span>     <span class="k">pass</span>
</pre></div>
</div>
<p>I make an effort below to guess what caused the problem
but I might guess incorrectly.</p>
<p>You tried to define a function or method and did not use the correct syntax.
The correct syntax is:</p>
<div class="highlight-default notranslate"><div class="highlight"><pre><span></span><span class="k">def</span> <span class="nf">name</span> <span class="p">(</span> <span class="n">optional_arguments</span> <span class="p">):</span>
</pre></div>
</div>
</div>
<hr class="docutils" />
<div class="section" id="syntaxerror-malformed-def-statment-3">
<h2>SyntaxError - malformed def statment - 3<a class="headerlink" href="#syntaxerror-malformed-def-statment-3" title="Permalink to this headline">¶</a></h2>
<div class="highlight-pytb notranslate"><div class="highlight"><pre><span></span><span class="gt">Traceback (most recent call last):</span>
  File <span class="nb">&quot;TESTS:\trb_syntax_common.py&quot;</span>, line <span class="m">134</span>, in <span class="n">create_tracebacks</span>
    <span class="n">mod</span> <span class="o">=</span> <span class="nb">__import__</span><span class="p">(</span><span class="n">name</span><span class="p">)</span>
  File <span class="nb">&quot;TESTS:\syntax\raise_syntax_error8.py&quot;</span>, line <span class="m">3</span>
    <span class="k">def</span> <span class="p">(</span> <span class="n">arg</span> <span class="p">)</span>  <span class="p">:</span>
        <span class="o">^</span>
<span class="gr">SyntaxError</span>: <span class="n">invalid syntax</span>
</pre></div>
</div>
<p>A <code class="docutils literal notranslate"><span class="pre">SyntaxError</span></code> occurs when Python cannot understand your code.</p>
<p>Python could not understand the code in the file
‘TESTS:\syntax\raise_syntax_error8.py’
beyond the location indicated by –&gt; and ^.</p>
<div class="highlight-python notranslate"><div class="highlight"><pre><span></span>       <span class="mi">1</span><span class="p">:</span> <span class="s2">&quot;&quot;&quot;Should raise SyntaxError&quot;&quot;&quot;</span>
       <span class="mi">2</span><span class="p">:</span> 
    <span class="o">--&gt;</span><span class="mi">3</span><span class="p">:</span> <span class="k">def</span> <span class="p">(</span> <span class="n">arg</span> <span class="p">)</span>  <span class="p">:</span>
              <span class="o">^</span>
       <span class="mi">4</span><span class="p">:</span>     <span class="k">pass</span>
</pre></div>
</div>
<p>I make an effort below to guess what caused the problem
but I might guess incorrectly.</p>
<p>You tried to define a function or method and did not use the correct syntax.
The correct syntax is:</p>
<div class="highlight-default notranslate"><div class="highlight"><pre><span></span><span class="k">def</span> <span class="nf">name</span> <span class="p">(</span> <span class="n">optional_arguments</span> <span class="p">):</span>
</pre></div>
</div>
</div>
<hr class="docutils" />
<div class="section" id="syntaxerror-can-t-assign-to-literal-1">
<h2>SyntaxError - can’t assign to literal - 1<a class="headerlink" href="#syntaxerror-can-t-assign-to-literal-1" title="Permalink to this headline">¶</a></h2>
<div class="highlight-pytb notranslate"><div class="highlight"><pre><span></span><span class="gt">Traceback (most recent call last):</span>
  File <span class="nb">&quot;TESTS:\trb_syntax_common.py&quot;</span>, line <span class="m">134</span>, in <span class="n">create_tracebacks</span>
    <span class="n">mod</span> <span class="o">=</span> <span class="nb">__import__</span><span class="p">(</span><span class="n">name</span><span class="p">)</span>
  File <span class="nb">&quot;TESTS:\syntax\raise_syntax_error9.py&quot;</span>, line <span class="m">3</span>
    <span class="mi">1</span> <span class="o">=</span> <span class="n">a</span>
    <span class="o">^</span>
<span class="gr">SyntaxError</span>: <span class="n">cannot assign to literal</span>
</pre></div>
</div>
<p>A <code class="docutils literal notranslate"><span class="pre">SyntaxError</span></code> occurs when Python cannot understand your code.</p>
<p>Python could not understand the code in the file
‘TESTS:\syntax\raise_syntax_error9.py’
beyond the location indicated by –&gt; and ^.</p>
<div class="highlight-python notranslate"><div class="highlight"><pre><span></span>       <span class="mi">1</span><span class="p">:</span> <span class="s2">&quot;&quot;&quot;Should raise SyntaxError: can&#39;t assign to literal&quot;&quot;&quot;</span>
       <span class="mi">2</span><span class="p">:</span> 
    <span class="o">--&gt;</span><span class="mi">3</span><span class="p">:</span> <span class="mi">1</span> <span class="o">=</span> <span class="n">a</span>
          <span class="o">^</span>
       <span class="mi">4</span><span class="p">:</span> 
</pre></div>
</div>
<p>You wrote an expression like</p>
<div class="highlight-default notranslate"><div class="highlight"><pre><span></span><span class="mi">1</span> <span class="o">=</span> <span class="n">a</span>
</pre></div>
</div>
<p>where <code class="docutils literal notranslate"><span class="pre">1</span></code>, on the left-hand side of the equal sign,
is or includes an actual object of type <code class="docutils literal notranslate"><span class="pre">int</span></code>
and is not simply the name of a variable. Perhaps you meant to write:</p>
<div class="highlight-default notranslate"><div class="highlight"><pre><span></span><span class="n">a</span> <span class="o">=</span> <span class="mi">1</span>
</pre></div>
</div>
</div>
<hr class="docutils" />
<div class="section" id="syntaxerror-can-t-assign-to-literal-2">
<h2>SyntaxError - can’t assign to literal - 2<a class="headerlink" href="#syntaxerror-can-t-assign-to-literal-2" title="Permalink to this headline">¶</a></h2>
<div class="highlight-pytb notranslate"><div class="highlight"><pre><span></span><span class="gt">Traceback (most recent call last):</span>
  File <span class="nb">&quot;TESTS:\trb_syntax_common.py&quot;</span>, line <span class="m">134</span>, in <span class="n">create_tracebacks</span>
    <span class="n">mod</span> <span class="o">=</span> <span class="nb">__import__</span><span class="p">(</span><span class="n">name</span><span class="p">)</span>
  File <span class="nb">&quot;TESTS:\syntax\raise_syntax_error10.py&quot;</span>, line <span class="m">3</span>
    <span class="mi">1</span> <span class="o">=</span> <span class="mi">2</span>
    <span class="o">^</span>
<span class="gr">SyntaxError</span>: <span class="n">cannot assign to literal</span>
</pre></div>
</div>
<p>A <code class="docutils literal notranslate"><span class="pre">SyntaxError</span></code> occurs when Python cannot understand your code.</p>
<p>Python could not understand the code in the file
‘TESTS:\syntax\raise_syntax_error10.py’
beyond the location indicated by –&gt; and ^.</p>
<div class="highlight-python notranslate"><div class="highlight"><pre><span></span>       <span class="mi">1</span><span class="p">:</span> <span class="s2">&quot;&quot;&quot;Should raise SyntaxError: can&#39;t assign to literal&quot;&quot;&quot;</span>
       <span class="mi">2</span><span class="p">:</span> 
    <span class="o">--&gt;</span><span class="mi">3</span><span class="p">:</span> <span class="mi">1</span> <span class="o">=</span> <span class="mi">2</span>
          <span class="o">^</span>
       <span class="mi">4</span><span class="p">:</span> 
</pre></div>
</div>
<p>You wrote an expression like</p>
<div class="highlight-default notranslate"><div class="highlight"><pre><span></span><span class="mi">1</span> <span class="o">=</span> <span class="mi">2</span>
</pre></div>
</div>
<p>where <code class="docutils literal notranslate"><span class="pre">1</span></code>, on the left-hand side of the equal sign,
is or includes an actual object of type <code class="docutils literal notranslate"><span class="pre">int</span></code>
and is not simply the name of a variable.</p>
</div>
<hr class="docutils" />
<div class="section" id="syntaxerror-can-t-assign-to-literal-3">
<h2>SyntaxError - can’t assign to literal - 3<a class="headerlink" href="#syntaxerror-can-t-assign-to-literal-3" title="Permalink to this headline">¶</a></h2>
<div class="highlight-pytb notranslate"><div class="highlight"><pre><span></span><span class="gt">Traceback (most recent call last):</span>
  File <span class="nb">&quot;TESTS:\trb_syntax_common.py&quot;</span>, line <span class="m">134</span>, in <span class="n">create_tracebacks</span>
    <span class="n">mod</span> <span class="o">=</span> <span class="nb">__import__</span><span class="p">(</span><span class="n">name</span><span class="p">)</span>
  File <span class="nb">&quot;TESTS:\syntax\raise_syntax_error52.py&quot;</span>, line <span class="m">7</span>
    <span class="p">{</span><span class="mi">1</span><span class="p">,</span> <span class="mi">2</span><span class="p">,</span> <span class="mi">3</span><span class="p">}</span> <span class="o">=</span> <span class="mi">4</span>
    <span class="o">^</span>
<span class="gr">SyntaxError</span>: <span class="n">cannot assign to set display</span>
</pre></div>
</div>
<p>A <code class="docutils literal notranslate"><span class="pre">SyntaxError</span></code> occurs when Python cannot understand your code.</p>
<p>Python could not understand the code in the file
‘TESTS:\syntax\raise_syntax_error52.py’
beyond the location indicated by –&gt; and ^.</p>
<div class="highlight-python notranslate"><div class="highlight"><pre><span></span>       <span class="mi">5</span><span class="p">:</span>  <span class="s2">&quot;&quot;&quot;</span>
<span class="s2">       6: </span>
<span class="s2">    --&gt;7: {1, 2, 3} = 4</span>
<span class="s2">          ^</span>
<span class="s2">       8: </span>
</pre></div>
</div>
<p>You wrote an expression like</p>
<div class="highlight-default notranslate"><div class="highlight"><pre><span></span><span class="p">{</span><span class="mi">1</span><span class="p">,</span> <span class="mi">2</span><span class="p">,</span> <span class="mi">3</span><span class="p">}</span> <span class="o">=</span> <span class="mi">4</span>
</pre></div>
</div>
<p>where <code class="docutils literal notranslate"><span class="pre">{1,</span> <span class="pre">2,</span> <span class="pre">3}</span></code>, on the left-hand side of the equal sign,
is or includes an actual object of type <code class="docutils literal notranslate"><span class="pre">set</span></code>
and is not simply the name of a variable.</p>
</div>
<hr class="docutils" />
<div class="section" id="syntaxerror-can-t-assign-to-literal-4">
<h2>SyntaxError - can’t assign to literal - 4<a class="headerlink" href="#syntaxerror-can-t-assign-to-literal-4" title="Permalink to this headline">¶</a></h2>
<div class="highlight-pytb notranslate"><div class="highlight"><pre><span></span><span class="gt">Traceback (most recent call last):</span>
  File <span class="nb">&quot;TESTS:\trb_syntax_common.py&quot;</span>, line <span class="m">134</span>, in <span class="n">create_tracebacks</span>
    <span class="n">mod</span> <span class="o">=</span> <span class="nb">__import__</span><span class="p">(</span><span class="n">name</span><span class="p">)</span>
  File <span class="nb">&quot;TESTS:\syntax\raise_syntax_error53.py&quot;</span>, line <span class="m">7</span>
    <span class="p">{</span><span class="mi">1</span> <span class="p">:</span> <span class="mi">2</span><span class="p">,</span> <span class="mi">2</span> <span class="p">:</span> <span class="mi">4</span><span class="p">}</span> <span class="o">=</span> <span class="mi">5</span>
    <span class="o">^</span>
<span class="gr">SyntaxError</span>: <span class="n">cannot assign to dict display</span>
</pre></div>
</div>
<p>A <code class="docutils literal notranslate"><span class="pre">SyntaxError</span></code> occurs when Python cannot understand your code.</p>
<p>Python could not understand the code in the file
‘TESTS:\syntax\raise_syntax_error53.py’
beyond the location indicated by –&gt; and ^.</p>
<div class="highlight-python notranslate"><div class="highlight"><pre><span></span>       <span class="mi">5</span><span class="p">:</span>  <span class="s2">&quot;&quot;&quot;</span>
<span class="s2">       6: </span>
<span class="s2">    --&gt;7: {1 : 2, 2 : 4} = 5</span>
<span class="s2">          ^</span>
<span class="s2">       8: </span>
</pre></div>
</div>
<p>You wrote an expression like</p>
<div class="highlight-default notranslate"><div class="highlight"><pre><span></span><span class="p">{</span><span class="mi">1</span> <span class="p">:</span> <span class="mi">2</span><span class="p">,</span> <span class="mi">2</span> <span class="p">:</span> <span class="mi">4</span><span class="p">}</span> <span class="o">=</span> <span class="mi">5</span>
</pre></div>
</div>
<p>where <code class="docutils literal notranslate"><span class="pre">{1</span> <span class="pre">:</span> <span class="pre">2,</span> <span class="pre">2</span> <span class="pre">:</span> <span class="pre">4}</span></code>, on the left-hand side of the equal sign,
is or includes an actual object of type <code class="docutils literal notranslate"><span class="pre">dict</span></code>
and is not simply the name of a variable.</p>
</div>
<hr class="docutils" />
<div class="section" id="syntaxerror-can-t-assign-to-literal-5">
<h2>SyntaxError - can’t assign to literal - 5<a class="headerlink" href="#syntaxerror-can-t-assign-to-literal-5" title="Permalink to this headline">¶</a></h2>
<div class="highlight-pytb notranslate"><div class="highlight"><pre><span></span><span class="gt">Traceback (most recent call last):</span>
  File <span class="nb">&quot;TESTS:\trb_syntax_common.py&quot;</span>, line <span class="m">134</span>, in <span class="n">create_tracebacks</span>
    <span class="n">mod</span> <span class="o">=</span> <span class="nb">__import__</span><span class="p">(</span><span class="n">name</span><span class="p">)</span>
  File <span class="nb">&quot;TESTS:\syntax\raise_syntax_error54.py&quot;</span>, line <span class="m">4</span>
    <span class="mi">1</span> <span class="o">=</span> <span class="n">a</span> <span class="o">=</span> <span class="n">b</span>
    <span class="o">^</span>
<span class="gr">SyntaxError</span>: <span class="n">cannot assign to literal</span>
</pre></div>
</div>
<p>A <code class="docutils literal notranslate"><span class="pre">SyntaxError</span></code> occurs when Python cannot understand your code.</p>
<p>Python could not understand the code in the file
‘TESTS:\syntax\raise_syntax_error54.py’
beyond the location indicated by –&gt; and ^.</p>
<div class="highlight-python notranslate"><div class="highlight"><pre><span></span>       <span class="mi">2</span><span class="p">:</span> <span class="ow">or</span> <span class="p">(</span><span class="n">Python</span> <span class="mf">3.8</span><span class="p">)</span> <span class="n">cannot</span> <span class="n">assign</span> <span class="n">to</span> <span class="n">literal</span><span class="s2">&quot;&quot;&quot;</span>
<span class="s2">       3: </span>
<span class="s2">    --&gt;4: 1 = a = b</span>
<span class="s2">          ^</span>
<span class="s2">       5: </span>
</pre></div>
</div>
<p>You wrote an expression like</p>
<div class="highlight-default notranslate"><div class="highlight"><pre><span></span><span class="o">...</span> <span class="o">=</span> <span class="n">variable_name</span>
</pre></div>
</div>
<p>where <code class="docutils literal notranslate"><span class="pre">...</span></code>, on the left-hand side of the equal sign,
is or includes an actual object
and is not simply the name of a variable.</p>
</div>
<hr class="docutils" />
<div class="section" id="syntaxerror-import-x-from-y">
<h2>SyntaxError - import X from Y<a class="headerlink" href="#syntaxerror-import-x-from-y" title="Permalink to this headline">¶</a></h2>
<div class="highlight-pytb notranslate"><div class="highlight"><pre><span></span><span class="gt">Traceback (most recent call last):</span>
  File <span class="nb">&quot;TESTS:\trb_syntax_common.py&quot;</span>, line <span class="m">134</span>, in <span class="n">create_tracebacks</span>
    <span class="n">mod</span> <span class="o">=</span> <span class="nb">__import__</span><span class="p">(</span><span class="n">name</span><span class="p">)</span>
  File <span class="nb">&quot;TESTS:\syntax\raise_syntax_error11.py&quot;</span>, line <span class="m">3</span>
    <span class="kn">import</span> <span class="nn">pen</span> <span class="kn">from</span> <span class="nn">turtle</span>
               <span class="o">^</span>
<span class="gr">SyntaxError</span>: <span class="n">invalid syntax</span>
</pre></div>
</div>
<p>A <code class="docutils literal notranslate"><span class="pre">SyntaxError</span></code> occurs when Python cannot understand your code.</p>
<p>Python could not understand the code in the file
‘TESTS:\syntax\raise_syntax_error11.py’
beyond the location indicated by –&gt; and ^.</p>
<div class="highlight-python notranslate"><div class="highlight"><pre><span></span>       <span class="mi">1</span><span class="p">:</span> <span class="s2">&quot;&quot;&quot;Should raise SyntaxError: invalid syntax&quot;&quot;&quot;</span>
       <span class="mi">2</span><span class="p">:</span> 
    <span class="o">--&gt;</span><span class="mi">3</span><span class="p">:</span> <span class="kn">import</span> <span class="nn">pen</span> <span class="kn">from</span> <span class="nn">turtle</span>
                     <span class="o">^</span>
       <span class="mi">4</span><span class="p">:</span> 
</pre></div>
</div>
<p>I make an effort below to guess what caused the problem
but I might guess incorrectly.</p>
<p>You wrote something like</p>
<div class="highlight-default notranslate"><div class="highlight"><pre><span></span><span class="kn">import</span> <span class="nn">pen</span> <span class="kn">from</span> <span class="nn">turtle</span>
</pre></div>
</div>
<p>instead of</p>
<div class="highlight-default notranslate"><div class="highlight"><pre><span></span><span class="kn">from</span> <span class="nn">turtle</span> <span class="kn">import</span> <span class="n">pen</span>
</pre></div>
</div>
</div>
<hr class="docutils" />
<div class="section" id="syntaxerror-eol-while-scanning-string-literal">
<h2>SyntaxError - EOL while scanning string literal<a class="headerlink" href="#syntaxerror-eol-while-scanning-string-literal" title="Permalink to this headline">¶</a></h2>
<div class="highlight-pytb notranslate"><div class="highlight"><pre><span></span><span class="gt">Traceback (most recent call last):</span>
  File <span class="nb">&quot;TESTS:\trb_syntax_common.py&quot;</span>, line <span class="m">134</span>, in <span class="n">create_tracebacks</span>
    <span class="n">mod</span> <span class="o">=</span> <span class="nb">__import__</span><span class="p">(</span><span class="n">name</span><span class="p">)</span>
  File <span class="nb">&quot;TESTS:\syntax\raise_syntax_error12.py&quot;</span>, line <span class="m">3</span>
    <span class="n">alphabet</span> <span class="o">=</span> <span class="s1">&#39;abc</span>
                   <span class="o">^</span>
<span class="gr">SyntaxError</span>: <span class="n">EOL while scanning string literal</span>
</pre></div>
</div>
<p>A <code class="docutils literal notranslate"><span class="pre">SyntaxError</span></code> occurs when Python cannot understand your code.</p>
<p>Python could not understand the code in the file
‘TESTS:\syntax\raise_syntax_error12.py’
beyond the location indicated by –&gt; and ^.</p>
<div class="highlight-python notranslate"><div class="highlight"><pre><span></span>       <span class="mi">1</span><span class="p">:</span> <span class="s2">&quot;&quot;&quot;Should raise SyntaxError: EOL while scanning string literal&quot;&quot;&quot;</span>
       <span class="mi">2</span><span class="p">:</span> 
    <span class="o">--&gt;</span><span class="mi">3</span><span class="p">:</span> <span class="n">alphabet</span> <span class="o">=</span> <span class="s1">&#39;abc</span>
                         <span class="o">^</span>
       <span class="mi">4</span><span class="p">:</span> 
</pre></div>
</div>
<p>You starting writing a string with a single or double quote
but never ended the string with another quote on that line.</p>
</div>
<hr class="docutils" />
<div class="section" id="syntaxerror-assignment-to-keyword-none">
<h2>SyntaxError - assignment to keyword (None)<a class="headerlink" href="#syntaxerror-assignment-to-keyword-none" title="Permalink to this headline">¶</a></h2>
<div class="highlight-pytb notranslate"><div class="highlight"><pre><span></span><span class="gt">Traceback (most recent call last):</span>
  File <span class="nb">&quot;TESTS:\trb_syntax_common.py&quot;</span>, line <span class="m">134</span>, in <span class="n">create_tracebacks</span>
    <span class="n">mod</span> <span class="o">=</span> <span class="nb">__import__</span><span class="p">(</span><span class="n">name</span><span class="p">)</span>
  File <span class="nb">&quot;TESTS:\syntax\raise_syntax_error13.py&quot;</span>, line <span class="m">4</span>
    <span class="kc">None</span> <span class="o">=</span> <span class="mi">1</span>
    <span class="o">^</span>
<span class="gr">SyntaxError</span>: <span class="n">cannot assign to None</span>
</pre></div>
</div>
<p>You cannot assign a value to <code class="docutils literal notranslate"><span class="pre">None</span></code>.</p>
<p>A <code class="docutils literal notranslate"><span class="pre">SyntaxError</span></code> occurs when Python cannot understand your code.</p>
<p>Python could not understand the code in the file
‘TESTS:\syntax\raise_syntax_error13.py’
beyond the location indicated by –&gt; and ^.</p>
<div class="highlight-python notranslate"><div class="highlight"><pre><span></span>       <span class="mi">2</span><span class="p">:</span>    <span class="ow">and</span> <span class="n">can</span><span class="s1">&#39;t assign to keyword before.&quot;&quot;&quot;</span>
       <span class="mi">3</span><span class="p">:</span> 
    <span class="o">--&gt;</span><span class="mi">4</span><span class="p">:</span> <span class="kc">None</span> <span class="o">=</span> <span class="mi">1</span>
          <span class="o">^</span>
       <span class="mi">5</span><span class="p">:</span> 
</pre></div>
</div>
<p><code class="docutils literal notranslate"><span class="pre">None</span></code> is a constant in Python; you cannot assign it a value.</p>
</div>
<hr class="docutils" />
<div class="section" id="syntaxerror-assignment-to-keyword-debug">
<h2>SyntaxError - assignment to keyword (<strong>debug</strong>)<a class="headerlink" href="#syntaxerror-assignment-to-keyword-debug" title="Permalink to this headline">¶</a></h2>
<div class="highlight-pytb notranslate"><div class="highlight"><pre><span></span><span class="gt">Traceback (most recent call last):</span>
  File <span class="nb">&quot;TESTS:\trb_syntax_common.py&quot;</span>, line <span class="m">134</span>, in <span class="n">create_tracebacks</span>
    <span class="n">mod</span> <span class="o">=</span> <span class="nb">__import__</span><span class="p">(</span><span class="n">name</span><span class="p">)</span>
  File <span class="nb">&quot;TESTS:\syntax\raise_syntax_error14.py&quot;</span>, line <span class="m">4</span>
    <span class="n">__debug__</span> <span class="o">=</span> <span class="mi">1</span>
    <span class="o">^</span>
<span class="gr">SyntaxError</span>: <span class="n">cannot assign to __debug__</span>
</pre></div>
</div>
<p>You cannot assign a value to <code class="docutils literal notranslate"><span class="pre">__debug__</span></code>.</p>
<p>A <code class="docutils literal notranslate"><span class="pre">SyntaxError</span></code> occurs when Python cannot understand your code.</p>
<p>Python could not understand the code in the file
‘TESTS:\syntax\raise_syntax_error14.py’
beyond the location indicated by –&gt; and ^.</p>
<div class="highlight-python notranslate"><div class="highlight"><pre><span></span>       <span class="mi">2</span><span class="p">:</span>    <span class="ow">and</span> <span class="n">assignment</span> <span class="n">to</span> <span class="n">keyword</span> <span class="n">before</span><span class="o">.</span><span class="s2">&quot;&quot;&quot;</span>
<span class="s2">       3: </span>
<span class="s2">    --&gt;4: __debug__ = 1</span>
<span class="s2">          ^</span>
<span class="s2">       5: </span>
</pre></div>
</div>
<p><code class="docutils literal notranslate"><span class="pre">__debug__</span></code> is a constant in Python; you cannot assign it a value.</p>
</div>
<hr class="docutils" />
<div class="section" id="syntaxerror-unmatched-closing-parenthesis">
<h2>SyntaxError - unmatched closing parenthesis<a class="headerlink" href="#syntaxerror-unmatched-closing-parenthesis" title="Permalink to this headline">¶</a></h2>
<div class="highlight-pytb notranslate"><div class="highlight"><pre><span></span><span class="gt">Traceback (most recent call last):</span>
  File <span class="nb">&quot;TESTS:\trb_syntax_common.py&quot;</span>, line <span class="m">134</span>, in <span class="n">create_tracebacks</span>
    <span class="n">mod</span> <span class="o">=</span> <span class="nb">__import__</span><span class="p">(</span><span class="n">name</span><span class="p">)</span>
  File <span class="nb">&quot;TESTS:\syntax\raise_syntax_error15.py&quot;</span>, line <span class="m">6</span>
    <span class="mi">3</span><span class="p">,</span> <span class="mi">4</span><span class="p">,))</span>
          <span class="o">^</span>
<span class="gr">SyntaxError</span>: <span class="n">unmatched &#39;)&#39;</span>
</pre></div>
</div>
<p>A <code class="docutils literal notranslate"><span class="pre">SyntaxError</span></code> occurs when Python cannot understand your code.</p>
<p>Python could not understand the code in the file
‘TESTS:\syntax\raise_syntax_error15.py’
beyond the location indicated by –&gt; and ^.</p>
<div class="highlight-python notranslate"><div class="highlight"><pre><span></span>       <span class="mi">4</span><span class="p">:</span> <span class="n">a</span> <span class="o">=</span> <span class="p">(</span><span class="mi">1</span><span class="p">,</span>
       <span class="mi">5</span><span class="p">:</span>     <span class="mi">2</span><span class="p">,</span>
    <span class="o">--&gt;</span><span class="mi">6</span><span class="p">:</span>     <span class="mi">3</span><span class="p">,</span> <span class="mi">4</span><span class="p">,))</span>
                    <span class="o">^</span>
       <span class="mi">7</span><span class="p">:</span> <span class="n">b</span> <span class="o">=</span> <span class="mi">3</span>
</pre></div>
</div>
<p>The closing parenthesis <code class="docutils literal notranslate"><span class="pre">)</span></code> on line 6 does not match anything.</p>
</div>
<hr class="docutils" />
<div class="section" id="syntaxerror-unclosed-parenthesis-1">
<h2>SyntaxError - unclosed parenthesis- 1<a class="headerlink" href="#syntaxerror-unclosed-parenthesis-1" title="Permalink to this headline">¶</a></h2>
<div class="highlight-pytb notranslate"><div class="highlight"><pre><span></span><span class="gt">Traceback (most recent call last):</span>
  File <span class="nb">&quot;TESTS:\trb_syntax_common.py&quot;</span>, line <span class="m">134</span>, in <span class="n">create_tracebacks</span>
    <span class="n">mod</span> <span class="o">=</span> <span class="nb">__import__</span><span class="p">(</span><span class="n">name</span><span class="p">)</span>
  File <span class="nb">&quot;TESTS:\syntax\raise_syntax_error16.py&quot;</span>, line <span class="m">3</span>
    <span class="k">if</span> <span class="n">x</span> <span class="o">==</span> <span class="mi">1</span><span class="p">:</span>
             <span class="o">^</span>
<span class="gr">SyntaxError</span>: <span class="n">invalid syntax</span>
</pre></div>
</div>
<p>A <code class="docutils literal notranslate"><span class="pre">SyntaxError</span></code> occurs when Python cannot understand your code.</p>
<p>Python could not understand the code in the file
‘TESTS:\syntax\raise_syntax_error16.py’
beyond the location indicated by –&gt; and ^.</p>
<div class="highlight-python notranslate"><div class="highlight"><pre><span></span>       <span class="mi">1</span><span class="p">:</span> <span class="s2">&quot;&quot;&quot;Should raise SyntaxError: invalid syntax&quot;&quot;&quot;</span>
       <span class="mi">2</span><span class="p">:</span> <span class="n">x</span> <span class="o">=</span> <span class="nb">int</span><span class="p">(</span><span class="s1">&#39;1&#39;</span>
    <span class="o">--&gt;</span><span class="mi">3</span><span class="p">:</span> <span class="k">if</span> <span class="n">x</span> <span class="o">==</span> <span class="mi">1</span><span class="p">:</span>
                   <span class="o">^</span>
       <span class="mi">4</span><span class="p">:</span>     <span class="nb">print</span><span class="p">(</span><span class="s1">&#39;yes&#39;</span><span class="p">)</span>
</pre></div>
</div>
<p>I make an effort below to guess what caused the problem
but I might guess incorrectly.</p>
<p>The opening parenthesis <code class="docutils literal notranslate"><span class="pre">(</span></code> on line 2 is not closed.</p>
<div class="highlight-default notranslate"><div class="highlight"><pre><span></span><span class="mi">2</span><span class="p">:</span> <span class="n">x</span> <span class="o">=</span> <span class="nb">int</span><span class="p">(</span><span class="s1">&#39;1&#39;</span>
          <span class="o">^</span>
</pre></div>
</div>
</div>
<hr class="docutils" />
<div class="section" id="syntaxerror-unclosed-parenthesis-2">
<h2>SyntaxError - unclosed parenthesis - 2<a class="headerlink" href="#syntaxerror-unclosed-parenthesis-2" title="Permalink to this headline">¶</a></h2>
<div class="highlight-pytb notranslate"><div class="highlight"><pre><span></span><span class="gt">Traceback (most recent call last):</span>
  File <span class="nb">&quot;TESTS:\trb_syntax_common.py&quot;</span>, line <span class="m">134</span>, in <span class="n">create_tracebacks</span>
    <span class="n">mod</span> <span class="o">=</span> <span class="nb">__import__</span><span class="p">(</span><span class="n">name</span><span class="p">)</span>
  File <span class="nb">&quot;TESTS:\syntax\raise_syntax_error17.py&quot;</span>, line <span class="m">3</span>
    <span class="n">d</span> <span class="o">=</span> <span class="n">a</span><span class="o">*</span><span class="n">a</span>
    <span class="o">^</span>
<span class="gr">SyntaxError</span>: <span class="n">invalid syntax</span>
</pre></div>
</div>
<p>A <code class="docutils literal notranslate"><span class="pre">SyntaxError</span></code> occurs when Python cannot understand your code.</p>
<p>Python could not understand the code in the file
‘TESTS:\syntax\raise_syntax_error17.py’
beyond the location indicated by –&gt; and ^.</p>
<div class="highlight-python notranslate"><div class="highlight"><pre><span></span>       <span class="mi">1</span><span class="p">:</span> <span class="s2">&quot;&quot;&quot;Should raise SyntaxError: invalid syntax&quot;&quot;&quot;</span>
       <span class="mi">2</span><span class="p">:</span> <span class="n">a</span> <span class="o">=</span> <span class="p">(</span><span class="n">b</span><span class="o">+</span><span class="n">c</span>
    <span class="o">--&gt;</span><span class="mi">3</span><span class="p">:</span> <span class="n">d</span> <span class="o">=</span> <span class="n">a</span><span class="o">*</span><span class="n">a</span>
          <span class="o">^</span>
       <span class="mi">4</span><span class="p">:</span> 
</pre></div>
</div>
<p>I make an effort below to guess what caused the problem
but I might guess incorrectly.</p>
<p>The opening parenthesis <code class="docutils literal notranslate"><span class="pre">(</span></code> on line 2 is not closed.</p>
<div class="highlight-default notranslate"><div class="highlight"><pre><span></span><span class="mi">2</span><span class="p">:</span> <span class="n">a</span> <span class="o">=</span> <span class="p">(</span><span class="n">b</span><span class="o">+</span><span class="n">c</span>
       <span class="o">^</span>
</pre></div>
</div>
</div>
<hr class="docutils" />
<div class="section" id="syntaxerror-mismatched-brackets">
<h2>SyntaxError - mismatched brackets<a class="headerlink" href="#syntaxerror-mismatched-brackets" title="Permalink to this headline">¶</a></h2>
<div class="highlight-pytb notranslate"><div class="highlight"><pre><span></span><span class="gt">Traceback (most recent call last):</span>
  File <span class="nb">&quot;TESTS:\trb_syntax_common.py&quot;</span>, line <span class="m">134</span>, in <span class="n">create_tracebacks</span>
    <span class="n">mod</span> <span class="o">=</span> <span class="nb">__import__</span><span class="p">(</span><span class="n">name</span><span class="p">)</span>
  File <span class="nb">&quot;TESTS:\syntax\raise_syntax_error18.py&quot;</span>, line <span class="m">2</span>
    <span class="n">x</span> <span class="o">=</span> <span class="p">(</span><span class="mi">1</span><span class="p">,</span> <span class="mi">2</span><span class="p">,</span> <span class="mi">3</span><span class="p">]</span>
                <span class="o">^</span>
<span class="gr">SyntaxError</span>: <span class="n">closing parenthesis &#39;]&#39; does not match opening parenthesis &#39;(&#39;</span>
</pre></div>
</div>
<p>A <code class="docutils literal notranslate"><span class="pre">SyntaxError</span></code> occurs when Python cannot understand your code.</p>
<p>Python could not understand the code in the file
‘TESTS:\syntax\raise_syntax_error18.py’
beyond the location indicated by –&gt; and ^.</p>
<div class="highlight-python notranslate"><div class="highlight"><pre><span></span>       <span class="mi">1</span><span class="p">:</span> <span class="s2">&quot;&quot;&quot;Should raise SyntaxError: invalid syntax&quot;&quot;&quot;</span>
    <span class="o">--&gt;</span><span class="mi">2</span><span class="p">:</span> <span class="n">x</span> <span class="o">=</span> <span class="p">(</span><span class="mi">1</span><span class="p">,</span> <span class="mi">2</span><span class="p">,</span> <span class="mi">3</span><span class="p">]</span>
                      <span class="o">^</span>
       <span class="mi">3</span><span class="p">:</span> 
</pre></div>
</div>
<p>Python tells us that the closing <code class="docutils literal notranslate"><span class="pre">]</span></code> on the last line shown
does not match the opening <code class="docutils literal notranslate"><span class="pre">(</span></code>.</p>
<p>I will attempt to be give a bit more information.</p>
<p>The closing square bracket <code class="docutils literal notranslate"><span class="pre">]</span></code> on line 2 does not match the opening parenthesis <code class="docutils literal notranslate"><span class="pre">(</span></code> on line 2.</p>
<div class="highlight-default notranslate"><div class="highlight"><pre><span></span><span class="mi">2</span><span class="p">:</span> <span class="n">x</span> <span class="o">=</span> <span class="p">(</span><span class="mi">1</span><span class="p">,</span> <span class="mi">2</span><span class="p">,</span> <span class="mi">3</span><span class="p">]</span>
       <span class="o">^</span>       <span class="o">^</span>
</pre></div>
</div>
</div>
<hr class="docutils" />
<div class="section" id="syntaxerror-mismatched-brackets-2">
<h2>SyntaxError - mismatched brackets - 2<a class="headerlink" href="#syntaxerror-mismatched-brackets-2" title="Permalink to this headline">¶</a></h2>
<div class="highlight-pytb notranslate"><div class="highlight"><pre><span></span><span class="gt">Traceback (most recent call last):</span>
  File <span class="nb">&quot;TESTS:\trb_syntax_common.py&quot;</span>, line <span class="m">134</span>, in <span class="n">create_tracebacks</span>
    <span class="n">mod</span> <span class="o">=</span> <span class="nb">__import__</span><span class="p">(</span><span class="n">name</span><span class="p">)</span>
  File <span class="nb">&quot;TESTS:\syntax\raise_syntax_error19.py&quot;</span>, line <span class="m">4</span>
    <span class="mi">3</span><span class="p">]</span>
     <span class="o">^</span>
<span class="gr">SyntaxError</span>: <span class="n">closing parenthesis &#39;]&#39; does not match opening parenthesis &#39;(&#39; on line 2</span>
</pre></div>
</div>
<p>A <code class="docutils literal notranslate"><span class="pre">SyntaxError</span></code> occurs when Python cannot understand your code.</p>
<p>Python could not understand the code in the file
‘TESTS:\syntax\raise_syntax_error19.py’
beyond the location indicated by –&gt; and ^.</p>
<div class="highlight-python notranslate"><div class="highlight"><pre><span></span>       <span class="mi">2</span><span class="p">:</span> <span class="n">x</span> <span class="o">=</span> <span class="p">(</span><span class="mi">1</span><span class="p">,</span>
       <span class="mi">3</span><span class="p">:</span>      <span class="mi">2</span><span class="p">,</span>
    <span class="o">--&gt;</span><span class="mi">4</span><span class="p">:</span>      <span class="mi">3</span><span class="p">]</span>
                <span class="o">^</span>
       <span class="mi">5</span><span class="p">:</span> 
</pre></div>
</div>
<p>Python tells us that the closing <code class="docutils literal notranslate"><span class="pre">]</span></code> on the last line shown
does not match the opening <code class="docutils literal notranslate"><span class="pre">(</span></code> on line 2.</p>
<p>I will attempt to be give a bit more information.</p>
<p>The closing square bracket <code class="docutils literal notranslate"><span class="pre">]</span></code> on line 4 does not match the opening parenthesis <code class="docutils literal notranslate"><span class="pre">(</span></code> on line 2.</p>
<div class="highlight-default notranslate"><div class="highlight"><pre><span></span><span class="mi">2</span><span class="p">:</span> <span class="n">x</span> <span class="o">=</span> <span class="p">(</span><span class="mi">1</span><span class="p">,</span>
       <span class="o">^</span>
<span class="mi">4</span><span class="p">:</span>      <span class="mi">3</span><span class="p">]</span>
         <span class="o">^</span>
</pre></div>
</div>
</div>
<hr class="docutils" />
<div class="section" id="syntaxerror-print-is-a-function">
<h2>SyntaxError - print is a function<a class="headerlink" href="#syntaxerror-print-is-a-function" title="Permalink to this headline">¶</a></h2>
<div class="highlight-pytb notranslate"><div class="highlight"><pre><span></span><span class="gt">Traceback (most recent call last):</span>
  File <span class="nb">&quot;TESTS:\trb_syntax_common.py&quot;</span>, line <span class="m">134</span>, in <span class="n">create_tracebacks</span>
    <span class="n">mod</span> <span class="o">=</span> <span class="nb">__import__</span><span class="p">(</span><span class="n">name</span><span class="p">)</span>
  File <span class="nb">&quot;TESTS:\syntax\raise_syntax_error20.py&quot;</span>, line <span class="m">2</span>
    <span class="nb">print</span> <span class="s1">&#39;hello&#39;</span>
          <span class="o">^</span>
<span class="gr">SyntaxError</span>: <span class="n">Missing parentheses in call to &#39;print&#39;. Did you mean print(&#39;hello&#39;)?</span>
</pre></div>
</div>
<p>A <code class="docutils literal notranslate"><span class="pre">SyntaxError</span></code> occurs when Python cannot understand your code.</p>
<p>Python could not understand the code in the file
‘TESTS:\syntax\raise_syntax_error20.py’
beyond the location indicated by –&gt; and ^.</p>
<div class="highlight-python notranslate"><div class="highlight"><pre><span></span>       <span class="mi">1</span><span class="p">:</span> <span class="s2">&quot;&quot;&quot;Should raise SyntaxError: Missing parentheses in call to &#39;print&#39; ...&quot;&quot;&quot;</span>
    <span class="o">--&gt;</span><span class="mi">2</span><span class="p">:</span> <span class="nb">print</span> <span class="s1">&#39;hello&#39;</span>
                <span class="o">^</span>
       <span class="mi">3</span><span class="p">:</span> 
</pre></div>
</div>
<p>Perhaps you need to type</p>
<div class="highlight-default notranslate"><div class="highlight"><pre><span></span> <span class="nb">print</span><span class="p">(</span><span class="s1">&#39;hello&#39;</span><span class="p">)</span>
</pre></div>
</div>
<p>In older version of Python, <code class="docutils literal notranslate"><span class="pre">print</span></code> was a keyword.
Now, <code class="docutils literal notranslate"><span class="pre">print</span></code> is a function; you need to use parentheses to call it.</p>
</div>
<hr class="docutils" />
<div class="section" id="syntaxerror-python-keyword-as-function-name">
<h2>SyntaxError - Python keyword as function name<a class="headerlink" href="#syntaxerror-python-keyword-as-function-name" title="Permalink to this headline">¶</a></h2>
<div class="highlight-pytb notranslate"><div class="highlight"><pre><span></span><span class="gt">Traceback (most recent call last):</span>
  File <span class="nb">&quot;TESTS:\trb_syntax_common.py&quot;</span>, line <span class="m">134</span>, in <span class="n">create_tracebacks</span>
    <span class="n">mod</span> <span class="o">=</span> <span class="nb">__import__</span><span class="p">(</span><span class="n">name</span><span class="p">)</span>
  File <span class="nb">&quot;TESTS:\syntax\raise_syntax_error21.py&quot;</span>, line <span class="m">3</span>
    <span class="k">def</span> <span class="nf">pass</span><span class="p">():</span>
        <span class="o">^</span>
<span class="gr">SyntaxError</span>: <span class="n">invalid syntax</span>
</pre></div>
</div>
<p>A <code class="docutils literal notranslate"><span class="pre">SyntaxError</span></code> occurs when Python cannot understand your code.</p>
<p>Python could not understand the code in the file
‘TESTS:\syntax\raise_syntax_error21.py’
beyond the location indicated by –&gt; and ^.</p>
<div class="highlight-python notranslate"><div class="highlight"><pre><span></span>       <span class="mi">1</span><span class="p">:</span> <span class="s2">&quot;&quot;&quot;Should raise SyntaxError: invalid syntax&quot;&quot;&quot;</span>
       <span class="mi">2</span><span class="p">:</span> 
    <span class="o">--&gt;</span><span class="mi">3</span><span class="p">:</span> <span class="k">def</span> <span class="nf">pass</span><span class="p">():</span>
              <span class="o">^</span>
       <span class="mi">4</span><span class="p">:</span>     <span class="nb">print</span><span class="p">(</span><span class="s2">&quot;keyword as function name!&quot;</span><span class="p">)</span>
</pre></div>
</div>
<p>I make an effort below to guess what caused the problem
but I might guess incorrectly.</p>
<p>You tried to use the Python keyword <code class="docutils literal notranslate"><span class="pre">pass</span></code> as a function name.</p>
</div>
<hr class="docutils" />
<div class="section" id="syntaxerror-break-outside-loop">
<h2>SyntaxError - break outside loop<a class="headerlink" href="#syntaxerror-break-outside-loop" title="Permalink to this headline">¶</a></h2>
<div class="highlight-pytb notranslate"><div class="highlight"><pre><span></span><span class="gt">Traceback (most recent call last):</span>
  File <span class="nb">&quot;TESTS:\trb_syntax_common.py&quot;</span>, line <span class="m">134</span>, in <span class="n">create_tracebacks</span>
    <span class="n">mod</span> <span class="o">=</span> <span class="nb">__import__</span><span class="p">(</span><span class="n">name</span><span class="p">)</span>
  File <span class="nb">&quot;TESTS:\syntax\raise_syntax_error22.py&quot;</span>, line <span class="m">4</span>
    <span class="k">break</span>
    <span class="o">^</span>
<span class="gr">SyntaxError</span>: <span class="n">&#39;break&#39; outside loop</span>
</pre></div>
</div>
<p>A <code class="docutils literal notranslate"><span class="pre">SyntaxError</span></code> occurs when Python cannot understand your code.</p>
<p>Python could not understand the code in the file
‘TESTS:\syntax\raise_syntax_error22.py’
beyond the location indicated by –&gt; and ^.</p>
<div class="highlight-python notranslate"><div class="highlight"><pre><span></span>       <span class="mi">2</span><span class="p">:</span> 
       <span class="mi">3</span><span class="p">:</span> <span class="k">if</span> <span class="kc">True</span><span class="p">:</span>
    <span class="o">--&gt;</span><span class="mi">4</span><span class="p">:</span>     <span class="k">break</span>
              <span class="o">^</span>
       <span class="mi">5</span><span class="p">:</span> 
</pre></div>
</div>
<p>The Python keyword <code class="docutils literal notranslate"><span class="pre">break</span></code> can only be used inside a for loop or inside a while loop.</p>
</div>
<hr class="docutils" />
<div class="section" id="syntaxerror-continue-outside-loop">
<h2>SyntaxError - continue outside loop<a class="headerlink" href="#syntaxerror-continue-outside-loop" title="Permalink to this headline">¶</a></h2>
<div class="highlight-pytb notranslate"><div class="highlight"><pre><span></span><span class="gt">Traceback (most recent call last):</span>
  File <span class="nb">&quot;TESTS:\trb_syntax_common.py&quot;</span>, line <span class="m">134</span>, in <span class="n">create_tracebacks</span>
    <span class="n">mod</span> <span class="o">=</span> <span class="nb">__import__</span><span class="p">(</span><span class="n">name</span><span class="p">)</span>
  File <span class="nb">&quot;TESTS:\syntax\raise_syntax_error23.py&quot;</span>, line <span class="m">4</span>
    <span class="k">continue</span>
    <span class="o">^</span>
<span class="gr">SyntaxError</span>: <span class="n">&#39;continue&#39; not properly in loop</span>
</pre></div>
</div>
<p>A <code class="docutils literal notranslate"><span class="pre">SyntaxError</span></code> occurs when Python cannot understand your code.</p>
<p>Python could not understand the code in the file
‘TESTS:\syntax\raise_syntax_error23.py’
beyond the location indicated by –&gt; and ^.</p>
<div class="highlight-python notranslate"><div class="highlight"><pre><span></span>       <span class="mi">2</span><span class="p">:</span> 
       <span class="mi">3</span><span class="p">:</span> <span class="k">if</span> <span class="kc">True</span><span class="p">:</span>
    <span class="o">--&gt;</span><span class="mi">4</span><span class="p">:</span>     <span class="k">continue</span>
              <span class="o">^</span>
       <span class="mi">5</span><span class="p">:</span> 
</pre></div>
</div>
<p>The Python keyword <code class="docutils literal notranslate"><span class="pre">continue</span></code> can only be used inside a for loop or inside a while loop.</p>
</div>
<hr class="docutils" />
<div class="section" id="syntaxerror-quote-inside-a-string">
<h2>SyntaxError - quote inside a string<a class="headerlink" href="#syntaxerror-quote-inside-a-string" title="Permalink to this headline">¶</a></h2>
<div class="highlight-pytb notranslate"><div class="highlight"><pre><span></span><span class="gt">Traceback (most recent call last):</span>
  File <span class="nb">&quot;TESTS:\trb_syntax_common.py&quot;</span>, line <span class="m">134</span>, in <span class="n">create_tracebacks</span>
    <span class="n">mod</span> <span class="o">=</span> <span class="nb">__import__</span><span class="p">(</span><span class="n">name</span><span class="p">)</span>
  File <span class="nb">&quot;TESTS:\syntax\raise_syntax_error24.py&quot;</span>, line <span class="m">3</span>
    <span class="n">message</span> <span class="o">=</span> <span class="s1">&#39;don&#39;</span><span class="n">t</span><span class="s1">&#39;</span>
                   <span class="o">^</span>
<span class="gr">SyntaxError</span>: <span class="n">invalid syntax</span>
</pre></div>
</div>
<p>A <code class="docutils literal notranslate"><span class="pre">SyntaxError</span></code> occurs when Python cannot understand your code.</p>
<p>Python could not understand the code in the file
‘TESTS:\syntax\raise_syntax_error24.py’
beyond the location indicated by –&gt; and ^.</p>
<div class="highlight-python notranslate"><div class="highlight"><pre><span></span>       <span class="mi">1</span><span class="p">:</span> <span class="s2">&quot;&quot;&quot;Should raise SyntaxError: invalid syntax&quot;&quot;&quot;</span>
       <span class="mi">2</span><span class="p">:</span> 
    <span class="o">--&gt;</span><span class="mi">3</span><span class="p">:</span> <span class="n">message</span> <span class="o">=</span> <span class="s1">&#39;don&#39;</span><span class="n">t</span><span class="s1">&#39;</span>
                         <span class="o">^</span>
       <span class="mi">4</span><span class="p">:</span> 
</pre></div>
</div>
<p>I make an effort below to guess what caused the problem
but I might guess incorrectly.</p>
<p>There appears to be a Python identifier (variable name)
immediately following a string.
I suspect that you were trying to use a quote inside a string
that was enclosed in quotes of the same kind.</p>
</div>
<hr class="docutils" />
<div class="section" id="syntaxerror-missing-comma-in-a-dict">
<h2>SyntaxError - missing comma in a dict<a class="headerlink" href="#syntaxerror-missing-comma-in-a-dict" title="Permalink to this headline">¶</a></h2>
<div class="highlight-pytb notranslate"><div class="highlight"><pre><span></span><span class="gt">Traceback (most recent call last):</span>
  File <span class="nb">&quot;TESTS:\trb_syntax_common.py&quot;</span>, line <span class="m">134</span>, in <span class="n">create_tracebacks</span>
    <span class="n">mod</span> <span class="o">=</span> <span class="nb">__import__</span><span class="p">(</span><span class="n">name</span><span class="p">)</span>
  File <span class="nb">&quot;TESTS:\syntax\raise_syntax_error25.py&quot;</span>, line <span class="m">5</span>
    <span class="s1">&#39;c&#39;</span><span class="p">:</span> <span class="mi">3</span><span class="p">,</span>
    <span class="o">^</span>
<span class="gr">SyntaxError</span>: <span class="n">invalid syntax</span>
</pre></div>
</div>
<p>A <code class="docutils literal notranslate"><span class="pre">SyntaxError</span></code> occurs when Python cannot understand your code.</p>
<p>Python could not understand the code in the file
‘TESTS:\syntax\raise_syntax_error25.py’
beyond the location indicated by –&gt; and ^.</p>
<div class="highlight-python notranslate"><div class="highlight"><pre><span></span>       <span class="mi">3</span><span class="p">:</span> <span class="n">a</span> <span class="o">=</span> <span class="p">{</span><span class="s1">&#39;a&#39;</span><span class="p">:</span> <span class="mi">1</span><span class="p">,</span>
       <span class="mi">4</span><span class="p">:</span>      <span class="s1">&#39;b&#39;</span><span class="p">:</span> <span class="mi">2</span>
    <span class="o">--&gt;</span><span class="mi">5</span><span class="p">:</span>      <span class="s1">&#39;c&#39;</span><span class="p">:</span> <span class="mi">3</span><span class="p">,</span>
               <span class="o">^</span>
       <span class="mi">6</span><span class="p">:</span>      <span class="p">}</span>
</pre></div>
</div>
<p>I make an effort below to guess what caused the problem
but I might guess incorrectly.</p>
<p>It is possible that you forgot a comma between items in a set or dict
before the position indicated by –&gt; and ^.</p>
</div>
<hr class="docutils" />
<div class="section" id="syntaxerror-missing-comma-in-a-set">
<h2>SyntaxError - missing comma in a set<a class="headerlink" href="#syntaxerror-missing-comma-in-a-set" title="Permalink to this headline">¶</a></h2>
<div class="highlight-pytb notranslate"><div class="highlight"><pre><span></span><span class="gt">Traceback (most recent call last):</span>
  File <span class="nb">&quot;TESTS:\trb_syntax_common.py&quot;</span>, line <span class="m">134</span>, in <span class="n">create_tracebacks</span>
    <span class="n">mod</span> <span class="o">=</span> <span class="nb">__import__</span><span class="p">(</span><span class="n">name</span><span class="p">)</span>
  File <span class="nb">&quot;TESTS:\syntax\raise_syntax_error26.py&quot;</span>, line <span class="m">3</span>
    <span class="n">a</span> <span class="o">=</span> <span class="p">{</span><span class="mi">1</span><span class="p">,</span> <span class="mi">2</span>  <span class="mi">3</span><span class="p">}</span>
               <span class="o">^</span>
<span class="gr">SyntaxError</span>: <span class="n">invalid syntax</span>
</pre></div>
</div>
<p>Did you forget something between <code class="docutils literal notranslate"><span class="pre">2</span></code> and <code class="docutils literal notranslate"><span class="pre">3</span></code>?</p>
<p>A <code class="docutils literal notranslate"><span class="pre">SyntaxError</span></code> occurs when Python cannot understand your code.</p>
<p>Python could not understand the code in the file
‘TESTS:\syntax\raise_syntax_error26.py’
beyond the location indicated by –&gt; and ^.</p>
<div class="highlight-python notranslate"><div class="highlight"><pre><span></span>       <span class="mi">1</span><span class="p">:</span> <span class="s2">&quot;&quot;&quot;Should raise SyntaxError: invalid syntax&quot;&quot;&quot;</span>
       <span class="mi">2</span><span class="p">:</span> 
    <span class="o">--&gt;</span><span class="mi">3</span><span class="p">:</span> <span class="n">a</span> <span class="o">=</span> <span class="p">{</span><span class="mi">1</span><span class="p">,</span> <span class="mi">2</span>  <span class="mi">3</span><span class="p">}</span>
                     <span class="o">^</span>
       <span class="mi">4</span><span class="p">:</span> 
</pre></div>
</div>
<p>I make an effort below to guess what caused the problem
but I might guess incorrectly.</p>
<p>Python indicates that the error is caused by <code class="docutils literal notranslate"><span class="pre">3</span></code> written just after <code class="docutils literal notranslate"><span class="pre">2</span></code>.
Perhaps you forgot a comma or an operator, like <code class="docutils literal notranslate"><span class="pre">+</span></code>, <code class="docutils literal notranslate"><span class="pre">*</span></code>, etc., between <code class="docutils literal notranslate"><span class="pre">2</span></code> and <code class="docutils literal notranslate"><span class="pre">3</span></code>.</p>
</div>
<hr class="docutils" />
<div class="section" id="syntaxerror-missing-comma-in-a-list">
<h2>SyntaxError - missing comma in a list<a class="headerlink" href="#syntaxerror-missing-comma-in-a-list" title="Permalink to this headline">¶</a></h2>
<div class="highlight-pytb notranslate"><div class="highlight"><pre><span></span><span class="gt">Traceback (most recent call last):</span>
  File <span class="nb">&quot;TESTS:\trb_syntax_common.py&quot;</span>, line <span class="m">134</span>, in <span class="n">create_tracebacks</span>
    <span class="n">mod</span> <span class="o">=</span> <span class="nb">__import__</span><span class="p">(</span><span class="n">name</span><span class="p">)</span>
  File <span class="nb">&quot;TESTS:\syntax\raise_syntax_error27.py&quot;</span>, line <span class="m">3</span>
    <span class="n">a</span> <span class="o">=</span> <span class="p">[</span><span class="mi">1</span><span class="p">,</span> <span class="mi">2</span>  <span class="mi">3</span><span class="p">]</span>
               <span class="o">^</span>
<span class="gr">SyntaxError</span>: <span class="n">invalid syntax</span>
</pre></div>
</div>
<p>Did you forget something between <code class="docutils literal notranslate"><span class="pre">2</span></code> and <code class="docutils literal notranslate"><span class="pre">3</span></code>?</p>
<p>A <code class="docutils literal notranslate"><span class="pre">SyntaxError</span></code> occurs when Python cannot understand your code.</p>
<p>Python could not understand the code in the file
‘TESTS:\syntax\raise_syntax_error27.py’
beyond the location indicated by –&gt; and ^.</p>
<div class="highlight-python notranslate"><div class="highlight"><pre><span></span>       <span class="mi">1</span><span class="p">:</span> <span class="s2">&quot;&quot;&quot;Should raise SyntaxError: invalid syntax&quot;&quot;&quot;</span>
       <span class="mi">2</span><span class="p">:</span> 
    <span class="o">--&gt;</span><span class="mi">3</span><span class="p">:</span> <span class="n">a</span> <span class="o">=</span> <span class="p">[</span><span class="mi">1</span><span class="p">,</span> <span class="mi">2</span>  <span class="mi">3</span><span class="p">]</span>
                     <span class="o">^</span>
       <span class="mi">4</span><span class="p">:</span> 
</pre></div>
</div>
<p>I make an effort below to guess what caused the problem
but I might guess incorrectly.</p>
<p>Python indicates that the error is caused by <code class="docutils literal notranslate"><span class="pre">3</span></code> written just after <code class="docutils literal notranslate"><span class="pre">2</span></code>.
Perhaps you forgot a comma or an operator, like <code class="docutils literal notranslate"><span class="pre">+</span></code>, <code class="docutils literal notranslate"><span class="pre">*</span></code>, etc., between <code class="docutils literal notranslate"><span class="pre">2</span></code> and <code class="docutils literal notranslate"><span class="pre">3</span></code>.</p>
</div>
<hr class="docutils" />
<div class="section" id="syntaxerror-missing-comma-in-a-tuple">
<h2>SyntaxError - missing comma in a tuple<a class="headerlink" href="#syntaxerror-missing-comma-in-a-tuple" title="Permalink to this headline">¶</a></h2>
<div class="highlight-pytb notranslate"><div class="highlight"><pre><span></span><span class="gt">Traceback (most recent call last):</span>
  File <span class="nb">&quot;TESTS:\trb_syntax_common.py&quot;</span>, line <span class="m">134</span>, in <span class="n">create_tracebacks</span>
    <span class="n">mod</span> <span class="o">=</span> <span class="nb">__import__</span><span class="p">(</span><span class="n">name</span><span class="p">)</span>
  File <span class="nb">&quot;TESTS:\syntax\raise_syntax_error28.py&quot;</span>, line <span class="m">3</span>
    <span class="n">a</span> <span class="o">=</span> <span class="p">(</span><span class="mi">1</span><span class="p">,</span> <span class="mi">2</span>  <span class="mi">3</span><span class="p">)</span>
               <span class="o">^</span>
<span class="gr">SyntaxError</span>: <span class="n">invalid syntax</span>
</pre></div>
</div>
<p>Did you forget something between <code class="docutils literal notranslate"><span class="pre">2</span></code> and <code class="docutils literal notranslate"><span class="pre">3</span></code>?</p>
<p>A <code class="docutils literal notranslate"><span class="pre">SyntaxError</span></code> occurs when Python cannot understand your code.</p>
<p>Python could not understand the code in the file
‘TESTS:\syntax\raise_syntax_error28.py’
beyond the location indicated by –&gt; and ^.</p>
<div class="highlight-python notranslate"><div class="highlight"><pre><span></span>       <span class="mi">1</span><span class="p">:</span> <span class="s2">&quot;&quot;&quot;Should raise SyntaxError: invalid syntax&quot;&quot;&quot;</span>
       <span class="mi">2</span><span class="p">:</span> 
    <span class="o">--&gt;</span><span class="mi">3</span><span class="p">:</span> <span class="n">a</span> <span class="o">=</span> <span class="p">(</span><span class="mi">1</span><span class="p">,</span> <span class="mi">2</span>  <span class="mi">3</span><span class="p">)</span>
                     <span class="o">^</span>
       <span class="mi">4</span><span class="p">:</span> 
</pre></div>
</div>
<p>I make an effort below to guess what caused the problem
but I might guess incorrectly.</p>
<p>Python indicates that the error is caused by <code class="docutils literal notranslate"><span class="pre">3</span></code> written just after <code class="docutils literal notranslate"><span class="pre">2</span></code>.
Perhaps you forgot a comma or an operator, like <code class="docutils literal notranslate"><span class="pre">+</span></code>, <code class="docutils literal notranslate"><span class="pre">*</span></code>, etc., between <code class="docutils literal notranslate"><span class="pre">2</span></code> and <code class="docutils literal notranslate"><span class="pre">3</span></code>.</p>
</div>
<hr class="docutils" />
<div class="section" id="syntaxerror-missing-comma-between-function-args">
<h2>SyntaxError - missing comma between function args<a class="headerlink" href="#syntaxerror-missing-comma-between-function-args" title="Permalink to this headline">¶</a></h2>
<div class="highlight-pytb notranslate"><div class="highlight"><pre><span></span><span class="gt">Traceback (most recent call last):</span>
  File <span class="nb">&quot;TESTS:\trb_syntax_common.py&quot;</span>, line <span class="m">134</span>, in <span class="n">create_tracebacks</span>
    <span class="n">mod</span> <span class="o">=</span> <span class="nb">__import__</span><span class="p">(</span><span class="n">name</span><span class="p">)</span>
  File <span class="nb">&quot;TESTS:\syntax\raise_syntax_error29.py&quot;</span>, line <span class="m">4</span>
    <span class="k">def</span> <span class="nf">a</span><span class="p">(</span><span class="n">b</span><span class="p">,</span> <span class="n">c</span> <span class="n">d</span><span class="p">):</span>
               <span class="o">^</span>
<span class="gr">SyntaxError</span>: <span class="n">invalid syntax</span>
</pre></div>
</div>
<p>Did you forget something between <code class="docutils literal notranslate"><span class="pre">c</span></code> and <code class="docutils literal notranslate"><span class="pre">d</span></code>?</p>
<p>A <code class="docutils literal notranslate"><span class="pre">SyntaxError</span></code> occurs when Python cannot understand your code.</p>
<p>Python could not understand the code in the file
‘TESTS:\syntax\raise_syntax_error29.py’
beyond the location indicated by –&gt; and ^.</p>
<div class="highlight-python notranslate"><div class="highlight"><pre><span></span>       <span class="mi">2</span><span class="p">:</span> 
       <span class="mi">3</span><span class="p">:</span> 
    <span class="o">--&gt;</span><span class="mi">4</span><span class="p">:</span> <span class="k">def</span> <span class="nf">a</span><span class="p">(</span><span class="n">b</span><span class="p">,</span> <span class="n">c</span> <span class="n">d</span><span class="p">):</span>
                     <span class="o">^</span>
       <span class="mi">5</span><span class="p">:</span>     <span class="k">pass</span>
</pre></div>
</div>
<p>I make an effort below to guess what caused the problem
but I might guess incorrectly.</p>
<p>Python indicates that the error is caused by <code class="docutils literal notranslate"><span class="pre">d</span></code> written just after <code class="docutils literal notranslate"><span class="pre">c</span></code>.
Perhaps you forgot a comma or an operator, like <code class="docutils literal notranslate"><span class="pre">+</span></code>, <code class="docutils literal notranslate"><span class="pre">*</span></code>, etc., between <code class="docutils literal notranslate"><span class="pre">c</span></code> and <code class="docutils literal notranslate"><span class="pre">d</span></code>.</p>
</div>
<hr class="docutils" />
<div class="section" id="syntaxerror-can-t-assign-to-function-call-1">
<h2>SyntaxError - can’t assign to function call - 1<a class="headerlink" href="#syntaxerror-can-t-assign-to-function-call-1" title="Permalink to this headline">¶</a></h2>
<div class="highlight-pytb notranslate"><div class="highlight"><pre><span></span><span class="gt">Traceback (most recent call last):</span>
  File <span class="nb">&quot;TESTS:\trb_syntax_common.py&quot;</span>, line <span class="m">134</span>, in <span class="n">create_tracebacks</span>
    <span class="n">mod</span> <span class="o">=</span> <span class="nb">__import__</span><span class="p">(</span><span class="n">name</span><span class="p">)</span>
  File <span class="nb">&quot;TESTS:\syntax\raise_syntax_error30.py&quot;</span>, line <span class="m">6</span>
    <span class="nb">len</span><span class="p">(</span><span class="s1">&#39;a&#39;</span><span class="p">)</span> <span class="o">=</span> <span class="mi">3</span>
    <span class="o">^</span>
<span class="gr">SyntaxError</span>: <span class="n">cannot assign to function call</span>
</pre></div>
</div>
<p>A <code class="docutils literal notranslate"><span class="pre">SyntaxError</span></code> occurs when Python cannot understand your code.</p>
<p>Python could not understand the code in the file
‘TESTS:\syntax\raise_syntax_error30.py’
beyond the location indicated by –&gt; and ^.</p>
<div class="highlight-python notranslate"><div class="highlight"><pre><span></span>       <span class="mi">4</span><span class="p">:</span> <span class="s2">&quot;&quot;&quot;</span>
<span class="s2">       5: </span>
<span class="s2">    --&gt;6: len(&#39;a&#39;) = 3</span>
<span class="s2">          ^</span>
<span class="s2">       7: </span>
</pre></div>
</div>
<p>You wrote the expression</p>
<div class="highlight-default notranslate"><div class="highlight"><pre><span></span><span class="nb">len</span><span class="p">(</span><span class="s1">&#39;a&#39;</span><span class="p">)</span> <span class="o">=</span> <span class="mi">3</span>
</pre></div>
</div>
<p>where <code class="docutils literal notranslate"><span class="pre">len('a')</span></code>, on the left-hand side of the equal sign, either is
or includes a function call and is not simply the name of a variable.</p>
</div>
<hr class="docutils" />
<div class="section" id="syntaxerror-can-t-assign-to-function-call-2">
<h2>SyntaxError - can’t assign to function call - 2<a class="headerlink" href="#syntaxerror-can-t-assign-to-function-call-2" title="Permalink to this headline">¶</a></h2>
<div class="highlight-pytb notranslate"><div class="highlight"><pre><span></span><span class="gt">Traceback (most recent call last):</span>
  File <span class="nb">&quot;TESTS:\trb_syntax_common.py&quot;</span>, line <span class="m">134</span>, in <span class="n">create_tracebacks</span>
    <span class="n">mod</span> <span class="o">=</span> <span class="nb">__import__</span><span class="p">(</span><span class="n">name</span><span class="p">)</span>
  File <span class="nb">&quot;TESTS:\syntax\raise_syntax_error31.py&quot;</span>, line <span class="m">6</span>
    <span class="n">func</span><span class="p">(</span><span class="n">a</span><span class="p">,</span> <span class="n">b</span><span class="o">=</span><span class="mi">3</span><span class="p">)</span> <span class="o">=</span> <span class="mi">4</span>
    <span class="o">^</span>
<span class="gr">SyntaxError</span>: <span class="n">cannot assign to function call</span>
</pre></div>
</div>
<p>A <code class="docutils literal notranslate"><span class="pre">SyntaxError</span></code> occurs when Python cannot understand your code.</p>
<p>Python could not understand the code in the file
‘TESTS:\syntax\raise_syntax_error31.py’
beyond the location indicated by –&gt; and ^.</p>
<div class="highlight-python notranslate"><div class="highlight"><pre><span></span>       <span class="mi">4</span><span class="p">:</span> <span class="s2">&quot;&quot;&quot;</span>
<span class="s2">       5: </span>
<span class="s2">    --&gt;6: func(a, b=3) = 4</span>
<span class="s2">          ^</span>
<span class="s2">       7: </span>
</pre></div>
</div>
<p>You wrote an expression like</p>
<div class="highlight-default notranslate"><div class="highlight"><pre><span></span><span class="n">my_function</span><span class="p">(</span><span class="o">...</span><span class="p">)</span> <span class="o">=</span> <span class="n">some</span> <span class="n">value</span>
</pre></div>
</div>
<p>where <code class="docutils literal notranslate"><span class="pre">my_function(...)</span></code>, on the left-hand side of the equal sign, is
a function call and not the name of a variable.</p>
</div>
<hr class="docutils" />
<div class="section" id="syntaxerror-used-equal-sign-instead-of-colon">
<h2>SyntaxError - used equal sign instead of colon<a class="headerlink" href="#syntaxerror-used-equal-sign-instead-of-colon" title="Permalink to this headline">¶</a></h2>
<div class="highlight-pytb notranslate"><div class="highlight"><pre><span></span><span class="gt">Traceback (most recent call last):</span>
  File <span class="nb">&quot;TESTS:\trb_syntax_common.py&quot;</span>, line <span class="m">134</span>, in <span class="n">create_tracebacks</span>
    <span class="n">mod</span> <span class="o">=</span> <span class="nb">__import__</span><span class="p">(</span><span class="n">name</span><span class="p">)</span>
  File <span class="nb">&quot;TESTS:\syntax\raise_syntax_error32.py&quot;</span>, line <span class="m">4</span>
    <span class="n">ages</span> <span class="o">=</span> <span class="p">{</span><span class="s1">&#39;Alice&#39;</span><span class="o">=</span><span class="mi">22</span><span class="p">,</span> <span class="s1">&#39;Bob&#39;</span><span class="o">=</span><span class="mi">24</span><span class="p">}</span>
                   <span class="o">^</span>
<span class="gr">SyntaxError</span>: <span class="n">invalid syntax</span>
</pre></div>
</div>
<p>A <code class="docutils literal notranslate"><span class="pre">SyntaxError</span></code> occurs when Python cannot understand your code.</p>
<p>Python could not understand the code in the file
‘TESTS:\syntax\raise_syntax_error32.py’
beyond the location indicated by –&gt; and ^.</p>
<div class="highlight-python notranslate"><div class="highlight"><pre><span></span>       <span class="mi">2</span><span class="p">:</span> <span class="s2">&quot;&quot;&quot;</span>
<span class="s2">       3: </span>
<span class="s2">    --&gt;4: ages = {&#39;Alice&#39;=22, &#39;Bob&#39;=24}</span>
<span class="s2">                         ^</span>
<span class="s2">       5: </span>
</pre></div>
</div>
<p>I make an effort below to guess what caused the problem
but I might guess incorrectly.</p>
<p>It is possible that you used an equal sign <code class="docutils literal notranslate"><span class="pre">=</span></code> instead of a colon <code class="docutils literal notranslate"><span class="pre">:</span></code>
to assign values to keys in a dict
before or at the position indicated by –&gt; and ^.</p>
</div>
<hr class="docutils" />
<div class="section" id="syntaxerror-non-default-argument-follows-default-argument">
<h2>SyntaxError - non-default argument follows default argument<a class="headerlink" href="#syntaxerror-non-default-argument-follows-default-argument" title="Permalink to this headline">¶</a></h2>
<div class="highlight-pytb notranslate"><div class="highlight"><pre><span></span><span class="gt">Traceback (most recent call last):</span>
  File <span class="nb">&quot;TESTS:\trb_syntax_common.py&quot;</span>, line <span class="m">134</span>, in <span class="n">create_tracebacks</span>
    <span class="n">mod</span> <span class="o">=</span> <span class="nb">__import__</span><span class="p">(</span><span class="n">name</span><span class="p">)</span>
  File <span class="nb">&quot;TESTS:\syntax\raise_syntax_error33.py&quot;</span>, line <span class="m">5</span>
    <span class="k">def</span> <span class="nf">test</span><span class="p">(</span><span class="n">a</span><span class="o">=</span><span class="mi">1</span><span class="p">,</span> <span class="n">b</span><span class="p">):</span>
             <span class="o">^</span>
<span class="gr">SyntaxError</span>: <span class="n">non-default argument follows default argument</span>
</pre></div>
</div>
<p>A <code class="docutils literal notranslate"><span class="pre">SyntaxError</span></code> occurs when Python cannot understand your code.</p>
<p>Python could not understand the code in the file
‘TESTS:\syntax\raise_syntax_error33.py’
beyond the location indicated by –&gt; and ^.</p>
<div class="highlight-python notranslate"><div class="highlight"><pre><span></span>       <span class="mi">3</span><span class="p">:</span> 
       <span class="mi">4</span><span class="p">:</span> 
    <span class="o">--&gt;</span><span class="mi">5</span><span class="p">:</span> <span class="k">def</span> <span class="nf">test</span><span class="p">(</span><span class="n">a</span><span class="o">=</span><span class="mi">1</span><span class="p">,</span> <span class="n">b</span><span class="p">):</span>
                   <span class="o">^</span>
       <span class="mi">6</span><span class="p">:</span>     <span class="k">return</span> <span class="n">a</span> <span class="o">+</span> <span class="n">b</span>
</pre></div>
</div>
<p>In Python, you can define functions with only positional arguments</p>
<div class="highlight-default notranslate"><div class="highlight"><pre><span></span><span class="k">def</span> <span class="nf">test</span><span class="p">(</span><span class="n">a</span><span class="p">,</span> <span class="n">b</span><span class="p">,</span> <span class="n">c</span><span class="p">):</span> <span class="o">...</span>
</pre></div>
</div>
<p>or only keyword arguments</p>
<div class="highlight-default notranslate"><div class="highlight"><pre><span></span><span class="k">def</span> <span class="nf">test</span><span class="p">(</span><span class="n">a</span><span class="o">=</span><span class="mi">1</span><span class="p">,</span> <span class="n">b</span><span class="o">=</span><span class="mi">2</span><span class="p">,</span> <span class="n">c</span><span class="o">=</span><span class="mi">3</span><span class="p">):</span> <span class="o">...</span>
</pre></div>
</div>
<p>or a combination of the two</p>
<div class="highlight-default notranslate"><div class="highlight"><pre><span></span><span class="k">def</span> <span class="nf">test</span><span class="p">(</span><span class="n">a</span><span class="p">,</span> <span class="n">b</span><span class="p">,</span> <span class="n">c</span><span class="o">=</span><span class="mi">3</span><span class="p">):</span> <span class="o">...</span>
</pre></div>
</div>
<p>but with the keyword arguments appearing after all the positional ones.
According to Python, you used positional arguments after keyword ones.</p>
</div>
<hr class="docutils" />
<div class="section" id="syntaxerror-positional-argument-follows-keyword-argument">
<h2>SyntaxError - positional argument follows keyword argument<a class="headerlink" href="#syntaxerror-positional-argument-follows-keyword-argument" title="Permalink to this headline">¶</a></h2>
<div class="highlight-pytb notranslate"><div class="highlight"><pre><span></span><span class="gt">Traceback (most recent call last):</span>
  File <span class="nb">&quot;TESTS:\trb_syntax_common.py&quot;</span>, line <span class="m">134</span>, in <span class="n">create_tracebacks</span>
    <span class="n">mod</span> <span class="o">=</span> <span class="nb">__import__</span><span class="p">(</span><span class="n">name</span><span class="p">)</span>
  File <span class="nb">&quot;TESTS:\syntax\raise_syntax_error34.py&quot;</span>, line <span class="m">5</span>
    <span class="n">test</span><span class="p">(</span><span class="n">a</span><span class="o">=</span><span class="mi">1</span><span class="p">,</span> <span class="n">b</span><span class="p">)</span>
              <span class="o">^</span>
<span class="gr">SyntaxError</span>: <span class="n">positional argument follows keyword argument</span>
</pre></div>
</div>
<p>A <code class="docutils literal notranslate"><span class="pre">SyntaxError</span></code> occurs when Python cannot understand your code.</p>
<p>Python could not understand the code in the file
‘TESTS:\syntax\raise_syntax_error34.py’
beyond the location indicated by –&gt; and ^.</p>
<div class="highlight-python notranslate"><div class="highlight"><pre><span></span>       <span class="mi">3</span><span class="p">:</span> 
       <span class="mi">4</span><span class="p">:</span> 
    <span class="o">--&gt;</span><span class="mi">5</span><span class="p">:</span> <span class="n">test</span><span class="p">(</span><span class="n">a</span><span class="o">=</span><span class="mi">1</span><span class="p">,</span> <span class="n">b</span><span class="p">)</span>
                    <span class="o">^</span>
       <span class="mi">6</span><span class="p">:</span> 
</pre></div>
</div>
<p>In Python, you can call functions with only positional arguments</p>
<div class="highlight-default notranslate"><div class="highlight"><pre><span></span><span class="n">test</span><span class="p">(</span><span class="mi">1</span><span class="p">,</span> <span class="mi">2</span><span class="p">,</span> <span class="mi">3</span><span class="p">)</span>
</pre></div>
</div>
<p>or only keyword arguments</p>
<div class="highlight-default notranslate"><div class="highlight"><pre><span></span><span class="n">test</span><span class="p">(</span><span class="n">a</span><span class="o">=</span><span class="mi">1</span><span class="p">,</span> <span class="n">b</span><span class="o">=</span><span class="mi">2</span><span class="p">,</span> <span class="n">c</span><span class="o">=</span><span class="mi">3</span><span class="p">)</span>
</pre></div>
</div>
<p>or a combination of the two</p>
<div class="highlight-default notranslate"><div class="highlight"><pre><span></span><span class="n">test</span><span class="p">(</span><span class="mi">1</span><span class="p">,</span> <span class="mi">2</span><span class="p">,</span> <span class="n">c</span><span class="o">=</span><span class="mi">3</span><span class="p">)</span>
</pre></div>
</div>
<p>but with the keyword arguments appearing after all the positional ones.
According to Python, you used positional arguments after keyword ones.</p>
</div>
<hr class="docutils" />
<div class="section" id="syntaxerror-f-string-unterminated-string">
<h2>SyntaxError - f-string: unterminated string<a class="headerlink" href="#syntaxerror-f-string-unterminated-string" title="Permalink to this headline">¶</a></h2>
<div class="highlight-pytb notranslate"><div class="highlight"><pre><span></span><span class="gt">Traceback (most recent call last):</span>
  File <span class="nb">&quot;TESTS:\trb_syntax_common.py&quot;</span>, line <span class="m">134</span>, in <span class="n">create_tracebacks</span>
    <span class="n">mod</span> <span class="o">=</span> <span class="nb">__import__</span><span class="p">(</span><span class="n">name</span><span class="p">)</span>
  File <span class="nb">&quot;TESTS:\syntax\raise_syntax_error35.py&quot;</span>, line <span class="m">4</span>
    <span class="nb">print</span><span class="p">(</span><span class="sa">f</span><span class="s2">&quot;Bob is </span><span class="si">{</span><span class="n">age</span><span class="p">[</span><span class="s1">&#39;Bob]} years old.&quot;)</span>
          <span class="o">^</span>
<span class="gr">SyntaxError</span>: <span class="n">f-string: unterminated string</span>
</pre></div>
</div>
<p>A <code class="docutils literal notranslate"><span class="pre">SyntaxError</span></code> occurs when Python cannot understand your code.</p>
<p>Python could not understand the code in the file
‘TESTS:\syntax\raise_syntax_error35.py’
beyond the location indicated by –&gt; and ^.</p>
<div class="highlight-python notranslate"><div class="highlight"><pre><span></span>       <span class="mi">2</span><span class="p">:</span> <span class="s2">&quot;&quot;&quot;</span>
<span class="s2">       3: </span>
<span class="s2">    --&gt;4: print(f&quot;Bob is </span><span class="si">{age[&#39;Bob]}</span><span class="s2"> years old.&quot;)</span>
<span class="s2">                ^</span>
<span class="s2">       5: </span>
</pre></div>
</div>
<p>Inside an f-string, which is a string prefixed by the letter f,
you have another string, which starts with either a
single quote (‘) or double quote (“), without a matching closing one.</p>
</div>
<hr class="docutils" />
<div class="section" id="syntaxerror-unclosed-bracket">
<h2>SyntaxError - unclosed bracket<a class="headerlink" href="#syntaxerror-unclosed-bracket" title="Permalink to this headline">¶</a></h2>
<div class="highlight-pytb notranslate"><div class="highlight"><pre><span></span><span class="gt">Traceback (most recent call last):</span>
  File <span class="nb">&quot;TESTS:\trb_syntax_common.py&quot;</span>, line <span class="m">134</span>, in <span class="n">create_tracebacks</span>
    <span class="n">mod</span> <span class="o">=</span> <span class="nb">__import__</span><span class="p">(</span><span class="n">name</span><span class="p">)</span>
  File <span class="nb">&quot;TESTS:\syntax\raise_syntax_error36.py&quot;</span>, line <span class="m">7</span>
    <span class="nb">print</span><span class="p">(</span><span class="n">foo</span><span class="p">())</span>
    <span class="o">^</span>
<span class="gr">SyntaxError</span>: <span class="n">invalid syntax</span>
</pre></div>
</div>
<p>A <code class="docutils literal notranslate"><span class="pre">SyntaxError</span></code> occurs when Python cannot understand your code.</p>
<p>Python could not understand the code in the file
‘TESTS:\syntax\raise_syntax_error36.py’
beyond the location indicated by –&gt; and ^.</p>
<div class="highlight-python notranslate"><div class="highlight"><pre><span></span>       <span class="mi">5</span><span class="p">:</span>     <span class="k">return</span> <span class="p">[</span><span class="mi">1</span><span class="p">,</span> <span class="mi">2</span><span class="p">,</span> <span class="mi">3</span>
       <span class="mi">6</span><span class="p">:</span> 
    <span class="o">--&gt;</span><span class="mi">7</span><span class="p">:</span> <span class="nb">print</span><span class="p">(</span><span class="n">foo</span><span class="p">())</span>
          <span class="o">^</span>
       <span class="mi">8</span><span class="p">:</span> 
</pre></div>
</div>
<p>I make an effort below to guess what caused the problem
but I might guess incorrectly.</p>
<p>The opening square bracket <code class="docutils literal notranslate"><span class="pre">[</span></code> on line 5 is not closed.</p>
<div class="highlight-default notranslate"><div class="highlight"><pre><span></span><span class="mi">5</span><span class="p">:</span>     <span class="k">return</span> <span class="p">[</span><span class="mi">1</span><span class="p">,</span> <span class="mi">2</span><span class="p">,</span> <span class="mi">3</span>
              <span class="o">^</span>
</pre></div>
</div>
</div>
<hr class="docutils" />
<div class="section" id="syntaxerror-unexpected-eof-while-parsing">
<h2>SyntaxError - unexpected EOF while parsing<a class="headerlink" href="#syntaxerror-unexpected-eof-while-parsing" title="Permalink to this headline">¶</a></h2>
<div class="highlight-pytb notranslate"><div class="highlight"><pre><span></span><span class="gt">Traceback (most recent call last):</span>
  File <span class="nb">&quot;TESTS:\trb_syntax_common.py&quot;</span>, line <span class="m">134</span>, in <span class="n">create_tracebacks</span>
    <span class="n">mod</span> <span class="o">=</span> <span class="nb">__import__</span><span class="p">(</span><span class="n">name</span><span class="p">)</span>
  File <span class="nb">&quot;TESTS:\syntax\raise_syntax_error37.py&quot;</span>, line <span class="m">8</span>
<span class="gr">SyntaxError</span>: <span class="n">unexpected EOF while parsing</span>
</pre></div>
</div>
<p>A <code class="docutils literal notranslate"><span class="pre">SyntaxError</span></code> occurs when Python cannot understand your code.</p>
<p>Python could not understand the code in the file
‘TESTS:\syntax\raise_syntax_error37.py’
beyond the location indicated by –&gt; and ^.</p>
<div class="highlight-python notranslate"><div class="highlight"><pre><span></span>        <span class="mi">6</span><span class="p">:</span> 
        <span class="mi">7</span><span class="p">:</span> <span class="nb">print</span><span class="p">(</span><span class="n">foo</span><span class="p">())</span>
    <span class="o">--&gt;</span> <span class="mi">8</span><span class="p">:</span> 
           <span class="o">^</span>
</pre></div>
</div>
<p>Python tells us that it reached the end of the file
and expected more content.</p>
<p>I will attempt to be give a bit more information.</p>
<p>The opening square bracket <code class="docutils literal notranslate"><span class="pre">[</span></code> on line 5 is not closed.</p>
<div class="highlight-default notranslate"><div class="highlight"><pre><span></span><span class="mi">5</span><span class="p">:</span>     <span class="k">return</span> <span class="p">[</span><span class="mi">1</span><span class="p">,</span> <span class="mi">2</span><span class="p">,</span> <span class="mi">3</span><span class="p">,</span>
              <span class="o">^</span>
</pre></div>
</div>
</div>
<hr class="docutils" />
<div class="section" id="syntaxerror-name-is-parameter-and-global">
<h2>SyntaxError - name is parameter and global<a class="headerlink" href="#syntaxerror-name-is-parameter-and-global" title="Permalink to this headline">¶</a></h2>
<div class="highlight-pytb notranslate"><div class="highlight"><pre><span></span><span class="gt">Traceback (most recent call last):</span>
  File <span class="nb">&quot;TESTS:\trb_syntax_common.py&quot;</span>, line <span class="m">134</span>, in <span class="n">create_tracebacks</span>
    <span class="n">mod</span> <span class="o">=</span> <span class="nb">__import__</span><span class="p">(</span><span class="n">name</span><span class="p">)</span>
  File <span class="nb">&quot;TESTS:\syntax\raise_syntax_error38.py&quot;</span>, line <span class="m">6</span>
    <span class="k">global</span> <span class="n">x</span>
    <span class="o">^</span>
<span class="gr">SyntaxError</span>: <span class="n">name &#39;x&#39; is parameter and global</span>
</pre></div>
</div>
<p>A <code class="docutils literal notranslate"><span class="pre">SyntaxError</span></code> occurs when Python cannot understand your code.</p>
<p>Python could not understand the code in the file
‘TESTS:\syntax\raise_syntax_error38.py’
beyond the location indicated by –&gt; and ^.</p>
<div class="highlight-python notranslate"><div class="highlight"><pre><span></span>       <span class="mi">4</span><span class="p">:</span> 
       <span class="mi">5</span><span class="p">:</span> <span class="k">def</span> <span class="nf">f</span><span class="p">(</span><span class="n">x</span><span class="p">):</span>
    <span class="o">--&gt;</span><span class="mi">6</span><span class="p">:</span>     <span class="k">global</span> <span class="n">x</span>
              <span class="o">^</span>
       <span class="mi">7</span><span class="p">:</span> 
</pre></div>
</div>
<p>You are including the statement</p>
<div class="highlight-default notranslate"><div class="highlight"><pre><span></span>`    global x`
</pre></div>
</div>
<p>indicating that <code class="docutils literal notranslate"><span class="pre">x</span></code> is a variable defined outside a function.
You are also using the same <code class="docutils literal notranslate"><span class="pre">x</span></code> as an argument for that
function, thus indicating that it should be variable known only
inside that function, which is the contrary of what <code class="docutils literal notranslate"><span class="pre">global</span></code> implied.</p>
</div>
<hr class="docutils" />
<div class="section" id="syntaxerror-keyword-as-attribute">
<h2>SyntaxError - keyword as attribute<a class="headerlink" href="#syntaxerror-keyword-as-attribute" title="Permalink to this headline">¶</a></h2>
<div class="highlight-pytb notranslate"><div class="highlight"><pre><span></span><span class="gt">Traceback (most recent call last):</span>
  File <span class="nb">&quot;TESTS:\trb_syntax_common.py&quot;</span>, line <span class="m">134</span>, in <span class="n">create_tracebacks</span>
    <span class="n">mod</span> <span class="o">=</span> <span class="nb">__import__</span><span class="p">(</span><span class="n">name</span><span class="p">)</span>
  File <span class="nb">&quot;TESTS:\syntax\raise_syntax_error39.py&quot;</span>, line <span class="m">12</span>
    <span class="n">a</span><span class="o">.</span><span class="k">pass</span> <span class="o">=</span> <span class="mi">2</span>
      <span class="o">^</span>
<span class="gr">SyntaxError</span>: <span class="n">invalid syntax</span>
</pre></div>
</div>
<p>A <code class="docutils literal notranslate"><span class="pre">SyntaxError</span></code> occurs when Python cannot understand your code.</p>
<p>Python could not understand the code in the file
‘TESTS:\syntax\raise_syntax_error39.py’
beyond the location indicated by –&gt; and ^.</p>
<div class="highlight-python notranslate"><div class="highlight"><pre><span></span>       <span class="mi">10</span><span class="p">:</span> 
       <span class="mi">11</span><span class="p">:</span> <span class="n">a</span><span class="o">.</span><span class="n">x</span> <span class="o">=</span> <span class="mi">1</span>
    <span class="o">--&gt;</span><span class="mi">12</span><span class="p">:</span> <span class="n">a</span><span class="o">.</span><span class="k">pass</span> <span class="o">=</span> <span class="mi">2</span>
             <span class="o">^</span>
       <span class="mi">13</span><span class="p">:</span> 
</pre></div>
</div>
<p>I make an effort below to guess what caused the problem
but I might guess incorrectly.</p>
<p>You cannot use the Python keyword <code class="docutils literal notranslate"><span class="pre">pass</span></code> as an attribute.</p>
</div>
<hr class="docutils" />
<div class="section" id="syntaxerror-content-passed-continuation-line-character">
<h2>SyntaxError - content passed continuation line character<a class="headerlink" href="#syntaxerror-content-passed-continuation-line-character" title="Permalink to this headline">¶</a></h2>
<div class="highlight-pytb notranslate"><div class="highlight"><pre><span></span><span class="gt">Traceback (most recent call last):</span>
  File <span class="nb">&quot;TESTS:\trb_syntax_common.py&quot;</span>, line <span class="m">134</span>, in <span class="n">create_tracebacks</span>
    <span class="n">mod</span> <span class="o">=</span> <span class="nb">__import__</span><span class="p">(</span><span class="n">name</span><span class="p">)</span>
  File <span class="nb">&quot;TESTS:\syntax\raise_syntax_error40.py&quot;</span>, line <span class="m">5</span>
    <span class="nb">print</span><span class="p">(</span>\<span class="n">t</span><span class="p">)</span>
             <span class="o">^</span>
<span class="gr">SyntaxError</span>: <span class="n">unexpected character after line continuation character</span>
</pre></div>
</div>
<p>A <code class="docutils literal notranslate"><span class="pre">SyntaxError</span></code> occurs when Python cannot understand your code.</p>
<p>Python could not understand the code in the file
‘TESTS:\syntax\raise_syntax_error40.py’
beyond the location indicated by –&gt; and ^.</p>
<div class="highlight-python notranslate"><div class="highlight"><pre><span></span>       <span class="mi">3</span><span class="p">:</span> <span class="s2">&quot;&quot;&quot;</span>
<span class="s2">       4: </span>
<span class="s2">    --&gt;5: print(</span><span class="se">\t</span><span class="s2">)</span>
<span class="s2">                   ^</span>
<span class="s2">       6: </span>
</pre></div>
</div>
<p>You are using the continuation character <code class="docutils literal notranslate"><span class="pre">\</span></code> outside of a string,
and it is followed by some other character(s).
I am guessing that you forgot to enclose some content in a string.</p>
</div>
<hr class="docutils" />
<div class="section" id="syntaxerror-keyword-can-t-be-an-expression">
<h2>SyntaxError - keyword can’t be an expression<a class="headerlink" href="#syntaxerror-keyword-can-t-be-an-expression" title="Permalink to this headline">¶</a></h2>
<div class="highlight-pytb notranslate"><div class="highlight"><pre><span></span><span class="gt">Traceback (most recent call last):</span>
  File <span class="nb">&quot;TESTS:\trb_syntax_common.py&quot;</span>, line <span class="m">134</span>, in <span class="n">create_tracebacks</span>
    <span class="n">mod</span> <span class="o">=</span> <span class="nb">__import__</span><span class="p">(</span><span class="n">name</span><span class="p">)</span>
  File <span class="nb">&quot;TESTS:\syntax\raise_syntax_error41.py&quot;</span>, line <span class="m">7</span>
    <span class="n">a</span> <span class="o">=</span> <span class="nb">dict</span><span class="p">(</span><span class="s1">&#39;key&#39;</span><span class="o">=</span><span class="mi">1</span><span class="p">)</span>
             <span class="o">^</span>
<span class="gr">SyntaxError</span>: <span class="n">expression cannot contain assignment, perhaps you meant &quot;==&quot;?</span>
</pre></div>
</div>
<p>A <code class="docutils literal notranslate"><span class="pre">SyntaxError</span></code> occurs when Python cannot understand your code.</p>
<p>Python could not understand the code in the file
‘TESTS:\syntax\raise_syntax_error41.py’
beyond the location indicated by –&gt; and ^.</p>
<div class="highlight-python notranslate"><div class="highlight"><pre><span></span>       <span class="mi">5</span><span class="p">:</span> 
       <span class="mi">6</span><span class="p">:</span> 
    <span class="o">--&gt;</span><span class="mi">7</span><span class="p">:</span> <span class="n">a</span> <span class="o">=</span> <span class="nb">dict</span><span class="p">(</span><span class="s1">&#39;key&#39;</span><span class="o">=</span><span class="mi">1</span><span class="p">)</span>
                   <span class="o">^</span>
       <span class="mi">8</span><span class="p">:</span> 
</pre></div>
</div>
<p>One of the following two possibilities could be the cause:</p>
<ol>
<li><p>You meant to do a comparison with == and wrote = instead.</p></li>
<li><p>You called a function with a named argument:</p>
<div class="highlight-default notranslate"><div class="highlight"><pre><span></span><span class="n">a_function</span><span class="p">(</span><span class="n">invalid</span><span class="o">=</span><span class="n">something</span><span class="p">)</span>
</pre></div>
</div>
</li>
</ol>
<p>where <code class="docutils literal notranslate"><span class="pre">invalid</span></code> is not a valid variable name in Python
either because it starts with a number, or is a string,
or contains a period, etc.</p>
</div>
<hr class="docutils" />
<div class="section" id="syntaxerror-invalid-character-in-identifier">
<h2>SyntaxError - invalid character in identifier<a class="headerlink" href="#syntaxerror-invalid-character-in-identifier" title="Permalink to this headline">¶</a></h2>
<div class="highlight-pytb notranslate"><div class="highlight"><pre><span></span>Traceback (most recent call last):
  File &quot;TESTS:\trb_syntax_common.py&quot;, line 134, in create_tracebacks
    mod = __import__(name)
  File &quot;TESTS:\syntax\raise_syntax_error42.py&quot;, line 6
    🤖 = &#39;Reeborg&#39;
    ^
SyntaxError: invalid character in identifier
</pre></div>
</div>
<p>A <code class="docutils literal notranslate"><span class="pre">SyntaxError</span></code> occurs when Python cannot understand your code.</p>
<p>Python could not understand the code in the file
‘TESTS:\syntax\raise_syntax_error42.py’
beyond the location indicated by –&gt; and ^.</p>
<div class="highlight-python notranslate"><div class="highlight"><pre><span></span>       4: # Robot-face character below
       5: 
    --&gt;6: 🤖 = &#39;Reeborg&#39;
          ^
       7: 
</pre></div>
</div>
<p>You likely used some unicode character that is not allowed
as part of a variable name in Python.
This includes many emojis.</p>
</div>
<hr class="docutils" />
<div class="section" id="syntaxerror-keyword-cannot-be-argument-in-def-1">
<h2>SyntaxError - keyword cannot be argument in def - 1<a class="headerlink" href="#syntaxerror-keyword-cannot-be-argument-in-def-1" title="Permalink to this headline">¶</a></h2>
<div class="highlight-pytb notranslate"><div class="highlight"><pre><span></span><span class="gt">Traceback (most recent call last):</span>
  File <span class="nb">&quot;TESTS:\trb_syntax_common.py&quot;</span>, line <span class="m">134</span>, in <span class="n">create_tracebacks</span>
    <span class="n">mod</span> <span class="o">=</span> <span class="nb">__import__</span><span class="p">(</span><span class="n">name</span><span class="p">)</span>
  File <span class="nb">&quot;TESTS:\syntax\raise_syntax_error43.py&quot;</span>, line <span class="m">5</span>
    <span class="k">def</span> <span class="nf">f</span><span class="p">(</span><span class="kc">None</span><span class="o">=</span><span class="mi">1</span><span class="p">):</span>
          <span class="o">^</span>
<span class="gr">SyntaxError</span>: <span class="n">invalid syntax</span>
</pre></div>
</div>
<p>A <code class="docutils literal notranslate"><span class="pre">SyntaxError</span></code> occurs when Python cannot understand your code.</p>
<p>Python could not understand the code in the file
‘TESTS:\syntax\raise_syntax_error43.py’
beyond the location indicated by –&gt; and ^.</p>
<div class="highlight-python notranslate"><div class="highlight"><pre><span></span>       <span class="mi">3</span><span class="p">:</span> 
       <span class="mi">4</span><span class="p">:</span> 
    <span class="o">--&gt;</span><span class="mi">5</span><span class="p">:</span> <span class="k">def</span> <span class="nf">f</span><span class="p">(</span><span class="kc">None</span><span class="o">=</span><span class="mi">1</span><span class="p">):</span>
                <span class="o">^</span>
       <span class="mi">6</span><span class="p">:</span>     <span class="k">pass</span>
</pre></div>
</div>
<p>I make an effort below to guess what caused the problem
but I might guess incorrectly.</p>
<p>I am guessing that you tried to use the Python keyword
<code class="docutils literal notranslate"><span class="pre">None</span></code> as an argument in the definition of a function.</p>
</div>
<hr class="docutils" />
<div class="section" id="syntaxerror-keyword-cannot-be-argument-in-def-2">
<h2>SyntaxError - keyword cannot be argument in def - 2<a class="headerlink" href="#syntaxerror-keyword-cannot-be-argument-in-def-2" title="Permalink to this headline">¶</a></h2>
<div class="highlight-pytb notranslate"><div class="highlight"><pre><span></span><span class="gt">Traceback (most recent call last):</span>
  File <span class="nb">&quot;TESTS:\trb_syntax_common.py&quot;</span>, line <span class="m">134</span>, in <span class="n">create_tracebacks</span>
    <span class="n">mod</span> <span class="o">=</span> <span class="nb">__import__</span><span class="p">(</span><span class="n">name</span><span class="p">)</span>
  File <span class="nb">&quot;TESTS:\syntax\raise_syntax_error44.py&quot;</span>, line <span class="m">5</span>
    <span class="k">def</span> <span class="nf">f</span><span class="p">(</span><span class="n">x</span><span class="p">,</span> <span class="kc">True</span><span class="p">):</span>
             <span class="o">^</span>
<span class="gr">SyntaxError</span>: <span class="n">invalid syntax</span>
</pre></div>
</div>
<p>A <code class="docutils literal notranslate"><span class="pre">SyntaxError</span></code> occurs when Python cannot understand your code.</p>
<p>Python could not understand the code in the file
‘TESTS:\syntax\raise_syntax_error44.py’
beyond the location indicated by –&gt; and ^.</p>
<div class="highlight-python notranslate"><div class="highlight"><pre><span></span>       <span class="mi">3</span><span class="p">:</span> 
       <span class="mi">4</span><span class="p">:</span> 
    <span class="o">--&gt;</span><span class="mi">5</span><span class="p">:</span> <span class="k">def</span> <span class="nf">f</span><span class="p">(</span><span class="n">x</span><span class="p">,</span> <span class="kc">True</span><span class="p">):</span>
                   <span class="o">^</span>
       <span class="mi">6</span><span class="p">:</span>     <span class="k">pass</span>
</pre></div>
</div>
<p>I make an effort below to guess what caused the problem
but I might guess incorrectly.</p>
<p>I am guessing that you tried to use the Python keyword
<code class="docutils literal notranslate"><span class="pre">True</span></code> as an argument in the definition of a function.</p>
</div>
<hr class="docutils" />
<div class="section" id="syntaxerror-keyword-cannot-be-argument-in-def-3">
<h2>SyntaxError - keyword cannot be argument in def - 3<a class="headerlink" href="#syntaxerror-keyword-cannot-be-argument-in-def-3" title="Permalink to this headline">¶</a></h2>
<div class="highlight-pytb notranslate"><div class="highlight"><pre><span></span><span class="gt">Traceback (most recent call last):</span>
  File <span class="nb">&quot;TESTS:\trb_syntax_common.py&quot;</span>, line <span class="m">134</span>, in <span class="n">create_tracebacks</span>
    <span class="n">mod</span> <span class="o">=</span> <span class="nb">__import__</span><span class="p">(</span><span class="n">name</span><span class="p">)</span>
  File <span class="nb">&quot;TESTS:\syntax\raise_syntax_error45.py&quot;</span>, line <span class="m">5</span>
    <span class="k">def</span> <span class="nf">f</span><span class="p">(</span><span class="o">*</span><span class="kc">None</span><span class="p">):</span>
           <span class="o">^</span>
<span class="gr">SyntaxError</span>: <span class="n">invalid syntax</span>
</pre></div>
</div>
<p>A <code class="docutils literal notranslate"><span class="pre">SyntaxError</span></code> occurs when Python cannot understand your code.</p>
<p>Python could not understand the code in the file
‘TESTS:\syntax\raise_syntax_error45.py’
beyond the location indicated by –&gt; and ^.</p>
<div class="highlight-python notranslate"><div class="highlight"><pre><span></span>       <span class="mi">3</span><span class="p">:</span> 
       <span class="mi">4</span><span class="p">:</span> 
    <span class="o">--&gt;</span><span class="mi">5</span><span class="p">:</span> <span class="k">def</span> <span class="nf">f</span><span class="p">(</span><span class="o">*</span><span class="kc">None</span><span class="p">):</span>
                 <span class="o">^</span>
       <span class="mi">6</span><span class="p">:</span>     <span class="k">pass</span>
</pre></div>
</div>
<p>I make an effort below to guess what caused the problem
but I might guess incorrectly.</p>
<p>I am guessing that you tried to use the Python keyword
<code class="docutils literal notranslate"><span class="pre">None</span></code> as an argument in the definition of a function.</p>
</div>
<hr class="docutils" />
<div class="section" id="syntaxerror-keyword-cannot-be-argument-in-def-4">
<h2>SyntaxError - keyword cannot be argument in def - 4<a class="headerlink" href="#syntaxerror-keyword-cannot-be-argument-in-def-4" title="Permalink to this headline">¶</a></h2>
<div class="highlight-pytb notranslate"><div class="highlight"><pre><span></span><span class="gt">Traceback (most recent call last):</span>
  File <span class="nb">&quot;TESTS:\trb_syntax_common.py&quot;</span>, line <span class="m">134</span>, in <span class="n">create_tracebacks</span>
    <span class="n">mod</span> <span class="o">=</span> <span class="nb">__import__</span><span class="p">(</span><span class="n">name</span><span class="p">)</span>
  File <span class="nb">&quot;TESTS:\syntax\raise_syntax_error46.py&quot;</span>, line <span class="m">5</span>
    <span class="k">def</span> <span class="nf">f</span><span class="p">(</span><span class="o">**</span><span class="kc">None</span><span class="p">):</span>
            <span class="o">^</span>
<span class="gr">SyntaxError</span>: <span class="n">invalid syntax</span>
</pre></div>
</div>
<p>A <code class="docutils literal notranslate"><span class="pre">SyntaxError</span></code> occurs when Python cannot understand your code.</p>
<p>Python could not understand the code in the file
‘TESTS:\syntax\raise_syntax_error46.py’
beyond the location indicated by –&gt; and ^.</p>
<div class="highlight-python notranslate"><div class="highlight"><pre><span></span>       <span class="mi">3</span><span class="p">:</span> 
       <span class="mi">4</span><span class="p">:</span> 
    <span class="o">--&gt;</span><span class="mi">5</span><span class="p">:</span> <span class="k">def</span> <span class="nf">f</span><span class="p">(</span><span class="o">**</span><span class="kc">None</span><span class="p">):</span>
                  <span class="o">^</span>
       <span class="mi">6</span><span class="p">:</span>     <span class="k">pass</span>
</pre></div>
</div>
<p>I make an effort below to guess what caused the problem
but I might guess incorrectly.</p>
<p>I am guessing that you tried to use the Python keyword
<code class="docutils literal notranslate"><span class="pre">None</span></code> as an argument in the definition of a function.</p>
</div>
<hr class="docutils" />
<div class="section" id="syntaxerror-delete-function-call">
<h2>SyntaxError - delete function call<a class="headerlink" href="#syntaxerror-delete-function-call" title="Permalink to this headline">¶</a></h2>
<div class="highlight-pytb notranslate"><div class="highlight"><pre><span></span><span class="gt">Traceback (most recent call last):</span>
  File <span class="nb">&quot;TESTS:\trb_syntax_common.py&quot;</span>, line <span class="m">134</span>, in <span class="n">create_tracebacks</span>
    <span class="n">mod</span> <span class="o">=</span> <span class="nb">__import__</span><span class="p">(</span><span class="n">name</span><span class="p">)</span>
  File <span class="nb">&quot;TESTS:\syntax\raise_syntax_error47.py&quot;</span>, line <span class="m">5</span>
    <span class="k">del</span> <span class="n">f</span><span class="p">(</span><span class="n">a</span><span class="p">)</span>
        <span class="o">^</span>
<span class="gr">SyntaxError</span>: <span class="n">cannot delete function call</span>
</pre></div>
</div>
<p>A <code class="docutils literal notranslate"><span class="pre">SyntaxError</span></code> occurs when Python cannot understand your code.</p>
<p>Python could not understand the code in the file
‘TESTS:\syntax\raise_syntax_error47.py’
beyond the location indicated by –&gt; and ^.</p>
<div class="highlight-python notranslate"><div class="highlight"><pre><span></span>       <span class="mi">3</span><span class="p">:</span> 
       <span class="mi">4</span><span class="p">:</span> 
    <span class="o">--&gt;</span><span class="mi">5</span><span class="p">:</span> <span class="k">del</span> <span class="n">f</span><span class="p">(</span><span class="n">a</span><span class="p">)</span>
              <span class="o">^</span>
       <span class="mi">6</span><span class="p">:</span> 
</pre></div>
</div>
<p>You attempted to delete a function call</p>
<div class="highlight-default notranslate"><div class="highlight"><pre><span></span><span class="k">del</span> <span class="n">f</span><span class="p">(</span><span class="n">a</span><span class="p">)</span>
</pre></div>
</div>
<p>instead of deleting the function’s name</p>
<div class="highlight-default notranslate"><div class="highlight"><pre><span></span><span class="k">del</span> <span class="n">f</span>
</pre></div>
</div>
</div>
<hr class="docutils" />
<div class="section" id="syntaxerror-assigned-prior-to-global-declaration">
<h2>SyntaxError - assigned prior to global declaration<a class="headerlink" href="#syntaxerror-assigned-prior-to-global-declaration" title="Permalink to this headline">¶</a></h2>
<div class="highlight-pytb notranslate"><div class="highlight"><pre><span></span><span class="gt">Traceback (most recent call last):</span>
  File <span class="nb">&quot;TESTS:\trb_syntax_common.py&quot;</span>, line <span class="m">134</span>, in <span class="n">create_tracebacks</span>
    <span class="n">mod</span> <span class="o">=</span> <span class="nb">__import__</span><span class="p">(</span><span class="n">name</span><span class="p">)</span>
  File <span class="nb">&quot;TESTS:\syntax\raise_syntax_error48.py&quot;</span>, line <span class="m">7</span>
    <span class="k">global</span> <span class="n">p</span>
    <span class="o">^</span>
<span class="gr">SyntaxError</span>: <span class="n">name &#39;p&#39; is assigned to before global declaration</span>
</pre></div>
</div>
<p>A <code class="docutils literal notranslate"><span class="pre">SyntaxError</span></code> occurs when Python cannot understand your code.</p>
<p>Python could not understand the code in the file
‘TESTS:\syntax\raise_syntax_error48.py’
beyond the location indicated by –&gt; and ^.</p>
<div class="highlight-python notranslate"><div class="highlight"><pre><span></span>       <span class="mi">5</span><span class="p">:</span> <span class="k">def</span> <span class="nf">fn</span><span class="p">():</span>
       <span class="mi">6</span><span class="p">:</span>     <span class="n">p</span> <span class="o">=</span> <span class="mi">1</span>
    <span class="o">--&gt;</span><span class="mi">7</span><span class="p">:</span>     <span class="k">global</span> <span class="n">p</span>
              <span class="o">^</span>
       <span class="mi">8</span><span class="p">:</span> 
</pre></div>
</div>
<p>You assigned a value to the variable <code class="docutils literal notranslate"><span class="pre">p</span></code>
before declaring it as a global variable.</p>
</div>
<hr class="docutils" />
<div class="section" id="syntaxerror-used-prior-to-global-declaration">
<h2>SyntaxError - used prior to global declaration<a class="headerlink" href="#syntaxerror-used-prior-to-global-declaration" title="Permalink to this headline">¶</a></h2>
<div class="highlight-pytb notranslate"><div class="highlight"><pre><span></span><span class="gt">Traceback (most recent call last):</span>
  File <span class="nb">&quot;TESTS:\trb_syntax_common.py&quot;</span>, line <span class="m">134</span>, in <span class="n">create_tracebacks</span>
    <span class="n">mod</span> <span class="o">=</span> <span class="nb">__import__</span><span class="p">(</span><span class="n">name</span><span class="p">)</span>
  File <span class="nb">&quot;TESTS:\syntax\raise_syntax_error49.py&quot;</span>, line <span class="m">7</span>
    <span class="k">global</span> <span class="n">r</span>
    <span class="o">^</span>
<span class="gr">SyntaxError</span>: <span class="n">name &#39;r&#39; is used prior to global declaration</span>
</pre></div>
</div>
<p>A <code class="docutils literal notranslate"><span class="pre">SyntaxError</span></code> occurs when Python cannot understand your code.</p>
<p>Python could not understand the code in the file
‘TESTS:\syntax\raise_syntax_error49.py’
beyond the location indicated by –&gt; and ^.</p>
<div class="highlight-python notranslate"><div class="highlight"><pre><span></span>       <span class="mi">5</span><span class="p">:</span> <span class="k">def</span> <span class="nf">fn</span><span class="p">():</span>
       <span class="mi">6</span><span class="p">:</span>     <span class="nb">print</span><span class="p">(</span><span class="n">r</span><span class="p">)</span>
    <span class="o">--&gt;</span><span class="mi">7</span><span class="p">:</span>     <span class="k">global</span> <span class="n">r</span>
              <span class="o">^</span>
       <span class="mi">8</span><span class="p">:</span> 
</pre></div>
</div>
<p>You used the variable <code class="docutils literal notranslate"><span class="pre">r</span></code>
before declaring it as a global variable.</p>
</div>
<hr class="docutils" />
<div class="section" id="syntaxerror-assigned-prior-to-nonlocal-declaration">
<h2>SyntaxError - assigned prior to nonlocal declaration<a class="headerlink" href="#syntaxerror-assigned-prior-to-nonlocal-declaration" title="Permalink to this headline">¶</a></h2>
<div class="highlight-pytb notranslate"><div class="highlight"><pre><span></span><span class="gt">Traceback (most recent call last):</span>
  File <span class="nb">&quot;TESTS:\trb_syntax_common.py&quot;</span>, line <span class="m">134</span>, in <span class="n">create_tracebacks</span>
    <span class="n">mod</span> <span class="o">=</span> <span class="nb">__import__</span><span class="p">(</span><span class="n">name</span><span class="p">)</span>
  File <span class="nb">&quot;TESTS:\syntax\raise_syntax_error50.py&quot;</span>, line <span class="m">9</span>
    <span class="k">nonlocal</span> <span class="n">q</span>
    <span class="o">^</span>
<span class="gr">SyntaxError</span>: <span class="n">name &#39;q&#39; is used prior to nonlocal declaration</span>
</pre></div>
</div>
<p>Did you forget to write <code class="docutils literal notranslate"><span class="pre">nonlocal</span></code> first?</p>
<p>A <code class="docutils literal notranslate"><span class="pre">SyntaxError</span></code> occurs when Python cannot understand your code.</p>
<p>Python could not understand the code in the file
‘TESTS:\syntax\raise_syntax_error50.py’
beyond the location indicated by –&gt; and ^.</p>
<div class="highlight-python notranslate"><div class="highlight"><pre><span></span>        <span class="mi">7</span><span class="p">:</span>     <span class="k">def</span> <span class="nf">g</span><span class="p">():</span>
        <span class="mi">8</span><span class="p">:</span>         <span class="nb">print</span><span class="p">(</span><span class="n">q</span><span class="p">)</span>
    <span class="o">--&gt;</span> <span class="mi">9</span><span class="p">:</span>         <span class="k">nonlocal</span> <span class="n">q</span>
                   <span class="o">^</span>
       <span class="mi">10</span><span class="p">:</span> 
</pre></div>
</div>
<p>You used the variable <code class="docutils literal notranslate"><span class="pre">q</span></code>
before declaring it as a nonlocal variable.</p>
</div>
<hr class="docutils" />
<div class="section" id="syntaxerror-used-prior-to-nonlocal-declaration">
<h2>SyntaxError - used prior to nonlocal declaration<a class="headerlink" href="#syntaxerror-used-prior-to-nonlocal-declaration" title="Permalink to this headline">¶</a></h2>
<div class="highlight-pytb notranslate"><div class="highlight"><pre><span></span><span class="gt">Traceback (most recent call last):</span>
  File <span class="nb">&quot;TESTS:\trb_syntax_common.py&quot;</span>, line <span class="m">134</span>, in <span class="n">create_tracebacks</span>
    <span class="n">mod</span> <span class="o">=</span> <span class="nb">__import__</span><span class="p">(</span><span class="n">name</span><span class="p">)</span>
  File <span class="nb">&quot;TESTS:\syntax\raise_syntax_error51.py&quot;</span>, line <span class="m">9</span>
    <span class="k">nonlocal</span> <span class="n">s</span>
    <span class="o">^</span>
<span class="gr">SyntaxError</span>: <span class="n">name &#39;s&#39; is assigned to before nonlocal declaration</span>
</pre></div>
</div>
<p>Did you forget to add <code class="docutils literal notranslate"><span class="pre">nonlocal</span></code>?</p>
<p>A <code class="docutils literal notranslate"><span class="pre">SyntaxError</span></code> occurs when Python cannot understand your code.</p>
<p>Python could not understand the code in the file
‘TESTS:\syntax\raise_syntax_error51.py’
beyond the location indicated by –&gt; and ^.</p>
<div class="highlight-python notranslate"><div class="highlight"><pre><span></span>        <span class="mi">7</span><span class="p">:</span>     <span class="k">def</span> <span class="nf">g</span><span class="p">():</span>
        <span class="mi">8</span><span class="p">:</span>         <span class="n">s</span> <span class="o">=</span> <span class="mi">2</span>
    <span class="o">--&gt;</span> <span class="mi">9</span><span class="p">:</span>         <span class="k">nonlocal</span> <span class="n">s</span>
                   <span class="o">^</span>
       <span class="mi">10</span><span class="p">:</span> 
</pre></div>
</div>
<p>You assigned a value to the variable <code class="docutils literal notranslate"><span class="pre">s</span></code>
before declaring it as a nonlocal variable.</p>
</div>
<hr class="docutils" />
<div class="section" id="syntaxerror-named-assignment-with-python-constant">
<h2>SyntaxError - named assignment with Python constant<a class="headerlink" href="#syntaxerror-named-assignment-with-python-constant" title="Permalink to this headline">¶</a></h2>
<div class="highlight-pytb notranslate"><div class="highlight"><pre><span></span><span class="gt">Traceback (most recent call last):</span>
  File <span class="nb">&quot;TESTS:\trb_syntax_common.py&quot;</span>, line <span class="m">134</span>, in <span class="n">create_tracebacks</span>
    <span class="n">mod</span> <span class="o">=</span> <span class="nb">__import__</span><span class="p">(</span><span class="n">name</span><span class="p">)</span>
  File <span class="nb">&quot;TESTS:\syntax\raise_syntax_error55.py&quot;</span>, line <span class="m">4</span>
    <span class="p">(</span><span class="kc">True</span> <span class="o">:=</span> <span class="mi">1</span><span class="p">)</span>
     <span class="o">^</span>
<span class="gr">SyntaxError</span>: <span class="n">cannot use assignment expressions with True</span>
</pre></div>
</div>
<p>You cannot assign a value to <code class="docutils literal notranslate"><span class="pre">True</span></code>.</p>
<p>A <code class="docutils literal notranslate"><span class="pre">SyntaxError</span></code> occurs when Python cannot understand your code.</p>
<p>Python could not understand the code in the file
‘TESTS:\syntax\raise_syntax_error55.py’
beyond the location indicated by –&gt; and ^.</p>
<div class="highlight-python notranslate"><div class="highlight"><pre><span></span>       <span class="mi">2</span><span class="p">:</span> <span class="ow">or</span> <span class="p">(</span><span class="n">Python</span> <span class="mf">3.8</span><span class="p">)</span> <span class="n">cannot</span> <span class="n">use</span> <span class="n">named</span> <span class="n">assignment</span> <span class="k">with</span> <span class="kc">True</span><span class="s2">&quot;&quot;&quot;</span>
<span class="s2">       3: </span>
<span class="s2">    --&gt;4: (True := 1)</span>
<span class="s2">           ^</span>
<span class="s2">       5: </span>
</pre></div>
</div>
<p><code class="docutils literal notranslate"><span class="pre">True</span></code> is a constant in Python; you cannot assign it a value.</p>
</div>
<hr class="docutils" />
<div class="section" id="syntaxerror-assignment-to-operator">
<h2>SyntaxError - assignment to operator<a class="headerlink" href="#syntaxerror-assignment-to-operator" title="Permalink to this headline">¶</a></h2>
<div class="highlight-pytb notranslate"><div class="highlight"><pre><span></span><span class="gt">Traceback (most recent call last):</span>
  File <span class="nb">&quot;TESTS:\trb_syntax_common.py&quot;</span>, line <span class="m">134</span>, in <span class="n">create_tracebacks</span>
    <span class="n">mod</span> <span class="o">=</span> <span class="nb">__import__</span><span class="p">(</span><span class="n">name</span><span class="p">)</span>
  File <span class="nb">&quot;TESTS:\syntax\raise_syntax_error56.py&quot;</span>, line <span class="m">4</span>
    <span class="n">a</span> <span class="o">+</span> <span class="mi">1</span> <span class="o">=</span> <span class="mi">2</span>
    <span class="o">^</span>
<span class="gr">SyntaxError</span>: <span class="n">cannot assign to operator</span>
</pre></div>
</div>
<p>A <code class="docutils literal notranslate"><span class="pre">SyntaxError</span></code> occurs when Python cannot understand your code.</p>
<p>Python could not understand the code in the file
‘TESTS:\syntax\raise_syntax_error56.py’
beyond the location indicated by –&gt; and ^.</p>
<div class="highlight-python notranslate"><div class="highlight"><pre><span></span>       <span class="mi">2</span><span class="p">:</span> <span class="ow">or</span> <span class="p">(</span><span class="n">Python</span> <span class="mf">3.8</span><span class="p">)</span> <span class="n">cannot</span> <span class="n">assign</span> <span class="n">to</span> <span class="n">operator</span><span class="s2">&quot;&quot;&quot;</span>
<span class="s2">       3: </span>
<span class="s2">    --&gt;4: a + 1 = 2</span>
<span class="s2">          ^</span>
<span class="s2">       5: </span>
</pre></div>
</div>
<p>You wrote an expression that includes some mathematical operations
on the left-hand side of the equal sign which should be
only used to assign a value to a variable.</p>
</div>
<hr class="docutils" />
<div class="section" id="syntaxerror-using-the-backquote-character">
<h2>SyntaxError - using the backquote character<a class="headerlink" href="#syntaxerror-using-the-backquote-character" title="Permalink to this headline">¶</a></h2>
<div class="highlight-pytb notranslate"><div class="highlight"><pre><span></span>Traceback (most recent call last):
  File &quot;TESTS:\trb_syntax_common.py&quot;, line 134, in create_tracebacks
    mod = __import__(name)
  File &quot;TESTS:\syntax\raise_syntax_error57.py&quot;, line 3
    a = `1`
        ^
SyntaxError: invalid syntax
</pre></div>
</div>
<p>A <code class="docutils literal notranslate"><span class="pre">SyntaxError</span></code> occurs when Python cannot understand your code.</p>
<p>Python could not understand the code in the file
‘TESTS:\syntax\raise_syntax_error57.py’
beyond the location indicated by –&gt; and ^.</p>
<div class="highlight-python notranslate"><div class="highlight"><pre><span></span>       1: &quot;&quot;&quot;Should raise SyntaxError: invalid syntax&quot;&quot;&quot;
       2: 
    --&gt;3: a = `1`
              ^
       4: 
</pre></div>
</div>
<p>I make an effort below to guess what caused the problem
but I might guess incorrectly.</p>
<p>You are using the backquote character.
Either you meant to write a single quote, ‘, or copied Python 2 code;
in this latter case, use the function <code class="docutils literal notranslate"><span class="pre">repr(x)</span></code>.</p>
</div>
<hr class="docutils" />
<div class="section" id="syntaxerror-assign-to-generator-expression">
<h2>SyntaxError - assign to generator expression<a class="headerlink" href="#syntaxerror-assign-to-generator-expression" title="Permalink to this headline">¶</a></h2>
<div class="highlight-pytb notranslate"><div class="highlight"><pre><span></span><span class="gt">Traceback (most recent call last):</span>
  File <span class="nb">&quot;TESTS:\trb_syntax_common.py&quot;</span>, line <span class="m">134</span>, in <span class="n">create_tracebacks</span>
    <span class="n">mod</span> <span class="o">=</span> <span class="nb">__import__</span><span class="p">(</span><span class="n">name</span><span class="p">)</span>
  File <span class="nb">&quot;TESTS:\syntax\raise_syntax_error58.py&quot;</span>, line <span class="m">3</span>
    <span class="p">(</span><span class="n">x</span> <span class="k">for</span> <span class="n">x</span> <span class="ow">in</span> <span class="n">x</span><span class="p">)</span> <span class="o">=</span> <span class="mi">1</span>
    <span class="o">^</span>
<span class="gr">SyntaxError</span>: <span class="n">cannot assign to generator expression</span>
</pre></div>
</div>
<p>A <code class="docutils literal notranslate"><span class="pre">SyntaxError</span></code> occurs when Python cannot understand your code.</p>
<p>Python could not understand the code in the file
‘TESTS:\syntax\raise_syntax_error58.py’
beyond the location indicated by –&gt; and ^.</p>
<div class="highlight-python notranslate"><div class="highlight"><pre><span></span>       <span class="mi">1</span><span class="p">:</span> <span class="s2">&quot;&quot;&quot;Should raise SyntaxError: can&#39;t [cannot] assign to generator expression&quot;&quot;&quot;</span>
       <span class="mi">2</span><span class="p">:</span> 
    <span class="o">--&gt;</span><span class="mi">3</span><span class="p">:</span> <span class="p">(</span><span class="n">x</span> <span class="k">for</span> <span class="n">x</span> <span class="ow">in</span> <span class="n">x</span><span class="p">)</span> <span class="o">=</span> <span class="mi">1</span>
          <span class="o">^</span>
       <span class="mi">4</span><span class="p">:</span> 
</pre></div>
</div>
<p>On the left-hand side of an equal sign, you have a
generator expression instead of the name of a variable.</p>
</div>
<hr class="docutils" />
<div class="section" id="syntaxerror-assign-to-conditional-expression">
<h2>SyntaxError - assign to conditional expression<a class="headerlink" href="#syntaxerror-assign-to-conditional-expression" title="Permalink to this headline">¶</a></h2>
<div class="highlight-pytb notranslate"><div class="highlight"><pre><span></span><span class="gt">Traceback (most recent call last):</span>
  File <span class="nb">&quot;TESTS:\trb_syntax_common.py&quot;</span>, line <span class="m">134</span>, in <span class="n">create_tracebacks</span>
    <span class="n">mod</span> <span class="o">=</span> <span class="nb">__import__</span><span class="p">(</span><span class="n">name</span><span class="p">)</span>
  File <span class="nb">&quot;TESTS:\syntax\raise_syntax_error59.py&quot;</span>, line <span class="m">3</span>
    <span class="n">a</span> <span class="k">if</span> <span class="mi">1</span> <span class="k">else</span> <span class="n">b</span> <span class="o">=</span> <span class="mi">1</span>
    <span class="o">^</span>
<span class="gr">SyntaxError</span>: <span class="n">cannot assign to conditional expression</span>
</pre></div>
</div>
<p>A <code class="docutils literal notranslate"><span class="pre">SyntaxError</span></code> occurs when Python cannot understand your code.</p>
<p>Python could not understand the code in the file
‘TESTS:\syntax\raise_syntax_error59.py’
beyond the location indicated by –&gt; and ^.</p>
<div class="highlight-python notranslate"><div class="highlight"><pre><span></span>       <span class="mi">1</span><span class="p">:</span> <span class="s2">&quot;&quot;&quot;Should raise SyntaxError: can&#39;t [cannot] assign to conditional expression&quot;&quot;&quot;</span>
       <span class="mi">2</span><span class="p">:</span> 
    <span class="o">--&gt;</span><span class="mi">3</span><span class="p">:</span> <span class="n">a</span> <span class="k">if</span> <span class="mi">1</span> <span class="k">else</span> <span class="n">b</span> <span class="o">=</span> <span class="mi">1</span>
          <span class="o">^</span>
       <span class="mi">4</span><span class="p">:</span> 
</pre></div>
</div>
<p>On the left-hand side of an equal sign, you have a
conditional expression instead of the name of a variable.
A conditional expression has the following form:</p>
<div class="highlight-default notranslate"><div class="highlight"><pre><span></span><span class="n">variable</span> <span class="o">=</span> <span class="nb">object</span> <span class="k">if</span> <span class="n">condition</span> <span class="k">else</span> <span class="n">other_object</span>
</pre></div>
</div>
</div>
<hr class="docutils" />
<div class="section" id="syntaxerror-name-is-parameter-and-nonlocal">
<h2>SyntaxError - name is parameter and nonlocal<a class="headerlink" href="#syntaxerror-name-is-parameter-and-nonlocal" title="Permalink to this headline">¶</a></h2>
<div class="highlight-pytb notranslate"><div class="highlight"><pre><span></span><span class="gt">Traceback (most recent call last):</span>
  File <span class="nb">&quot;TESTS:\trb_syntax_common.py&quot;</span>, line <span class="m">134</span>, in <span class="n">create_tracebacks</span>
    <span class="n">mod</span> <span class="o">=</span> <span class="nb">__import__</span><span class="p">(</span><span class="n">name</span><span class="p">)</span>
  File <span class="nb">&quot;TESTS:\syntax\raise_syntax_error60.py&quot;</span>, line <span class="m">5</span>
    <span class="k">nonlocal</span> <span class="n">x</span>
    <span class="o">^</span>
<span class="gr">SyntaxError</span>: <span class="n">name &#39;x&#39; is parameter and nonlocal</span>
</pre></div>
</div>
<p>A <code class="docutils literal notranslate"><span class="pre">SyntaxError</span></code> occurs when Python cannot understand your code.</p>
<p>Python could not understand the code in the file
‘TESTS:\syntax\raise_syntax_error60.py’
beyond the location indicated by –&gt; and ^.</p>
<div class="highlight-python notranslate"><div class="highlight"><pre><span></span>       <span class="mi">3</span><span class="p">:</span> 
       <span class="mi">4</span><span class="p">:</span> <span class="k">def</span> <span class="nf">f</span><span class="p">(</span><span class="n">x</span><span class="p">):</span>
    <span class="o">--&gt;</span><span class="mi">5</span><span class="p">:</span>     <span class="k">nonlocal</span> <span class="n">x</span>
              <span class="o">^</span>
       <span class="mi">6</span><span class="p">:</span> 
</pre></div>
</div>
<p>You used <code class="docutils literal notranslate"><span class="pre">x</span></code> as a parameter for a function
before declaring it also as a nonlocal variable:
<code class="docutils literal notranslate"><span class="pre">x</span></code> cannot be both at the same time.</p>
</div>
<hr class="docutils" />
<div class="section" id="syntaxerror-name-is-global-and-nonlocal">
<h2>SyntaxError - name is global and nonlocal<a class="headerlink" href="#syntaxerror-name-is-global-and-nonlocal" title="Permalink to this headline">¶</a></h2>
<div class="highlight-pytb notranslate"><div class="highlight"><pre><span></span><span class="gt">Traceback (most recent call last):</span>
  File <span class="nb">&quot;TESTS:\trb_syntax_common.py&quot;</span>, line <span class="m">134</span>, in <span class="n">create_tracebacks</span>
    <span class="n">mod</span> <span class="o">=</span> <span class="nb">__import__</span><span class="p">(</span><span class="n">name</span><span class="p">)</span>
  File <span class="nb">&quot;TESTS:\syntax\raise_syntax_error61.py&quot;</span>, line <span class="m">7</span>
    <span class="k">global</span> <span class="n">xy</span>
    <span class="o">^</span>
<span class="gr">SyntaxError</span>: <span class="n">name &#39;xy&#39; is nonlocal and global</span>
</pre></div>
</div>
<p>A <code class="docutils literal notranslate"><span class="pre">SyntaxError</span></code> occurs when Python cannot understand your code.</p>
<p>Python could not understand the code in the file
‘TESTS:\syntax\raise_syntax_error61.py’
beyond the location indicated by –&gt; and ^.</p>
<div class="highlight-python notranslate"><div class="highlight"><pre><span></span>       <span class="mi">5</span><span class="p">:</span> 
       <span class="mi">6</span><span class="p">:</span> <span class="k">def</span> <span class="nf">f</span><span class="p">():</span>
    <span class="o">--&gt;</span><span class="mi">7</span><span class="p">:</span>     <span class="k">global</span> <span class="n">xy</span>
              <span class="o">^</span>
       <span class="mi">8</span><span class="p">:</span>     <span class="k">nonlocal</span> <span class="n">xy</span>
</pre></div>
</div>
<p>You declared <code class="docutils literal notranslate"><span class="pre">xy</span></code> as being both a global and nonlocal variable.
A variable can be global, or nonlocal, but not both at the same time.</p>
</div>
<hr class="docutils" />
<div class="section" id="syntaxerror-nonlocal-variable-not-found">
<h2>SyntaxError - nonlocal variable not found<a class="headerlink" href="#syntaxerror-nonlocal-variable-not-found" title="Permalink to this headline">¶</a></h2>
<div class="highlight-pytb notranslate"><div class="highlight"><pre><span></span><span class="gt">Traceback (most recent call last):</span>
  File <span class="nb">&quot;TESTS:\trb_syntax_common.py&quot;</span>, line <span class="m">134</span>, in <span class="n">create_tracebacks</span>
    <span class="n">mod</span> <span class="o">=</span> <span class="nb">__import__</span><span class="p">(</span><span class="n">name</span><span class="p">)</span>
  File <span class="nb">&quot;TESTS:\syntax\raise_syntax_error62.py&quot;</span>, line <span class="m">5</span>
    <span class="k">nonlocal</span> <span class="n">ab</span>
    <span class="o">^</span>
<span class="gr">SyntaxError</span>: <span class="n">no binding for nonlocal &#39;ab&#39; found</span>
</pre></div>
</div>
<p>A <code class="docutils literal notranslate"><span class="pre">SyntaxError</span></code> occurs when Python cannot understand your code.</p>
<p>Python could not understand the code in the file
‘TESTS:\syntax\raise_syntax_error62.py’
beyond the location indicated by –&gt; and ^.</p>
<div class="highlight-python notranslate"><div class="highlight"><pre><span></span>       <span class="mi">3</span><span class="p">:</span> 
       <span class="mi">4</span><span class="p">:</span> <span class="k">def</span> <span class="nf">f</span><span class="p">():</span>
    <span class="o">--&gt;</span><span class="mi">5</span><span class="p">:</span>     <span class="k">nonlocal</span> <span class="n">ab</span>
              <span class="o">^</span>
       <span class="mi">6</span><span class="p">:</span> 
</pre></div>
</div>
<p>You declared the variable <code class="docutils literal notranslate"><span class="pre">ab</span></code> as being a
nonlocal variable but it cannot be found.</p>
</div>
<hr class="docutils" />
<div class="section" id="syntaxerror-nonlocal-variable-not-found-at-module-level">
<h2>SyntaxError - nonlocal variable not found at module level<a class="headerlink" href="#syntaxerror-nonlocal-variable-not-found-at-module-level" title="Permalink to this headline">¶</a></h2>
<div class="highlight-pytb notranslate"><div class="highlight"><pre><span></span><span class="gt">Traceback (most recent call last):</span>
  File <span class="nb">&quot;TESTS:\trb_syntax_common.py&quot;</span>, line <span class="m">134</span>, in <span class="n">create_tracebacks</span>
    <span class="n">mod</span> <span class="o">=</span> <span class="nb">__import__</span><span class="p">(</span><span class="n">name</span><span class="p">)</span>
  File <span class="nb">&quot;TESTS:\syntax\raise_syntax_error63.py&quot;</span>, line <span class="m">4</span>
    <span class="k">nonlocal</span> <span class="n">cd</span>
    <span class="o">^</span>
<span class="gr">SyntaxError</span>: <span class="n">nonlocal declaration not allowed at module level</span>
</pre></div>
</div>
<p>A <code class="docutils literal notranslate"><span class="pre">SyntaxError</span></code> occurs when Python cannot understand your code.</p>
<p>Python could not understand the code in the file
‘TESTS:\syntax\raise_syntax_error63.py’
beyond the location indicated by –&gt; and ^.</p>
<div class="highlight-python notranslate"><div class="highlight"><pre><span></span>       <span class="mi">2</span><span class="p">:</span> 
       <span class="mi">3</span><span class="p">:</span> 
    <span class="o">--&gt;</span><span class="mi">4</span><span class="p">:</span> <span class="k">nonlocal</span> <span class="n">cd</span>
          <span class="o">^</span>
       <span class="mi">5</span><span class="p">:</span> 
</pre></div>
</div>
<p>You used the nonlocal keyword at a module level.
The nonlocal keyword refers to a variable inside a function
given a value outside that function.</p>
</div>
<hr class="docutils" />
<div class="section" id="syntaxerror-keyword-arg-only-once-in-function-definition">
<h2>SyntaxError - keyword arg only once in function definition<a class="headerlink" href="#syntaxerror-keyword-arg-only-once-in-function-definition" title="Permalink to this headline">¶</a></h2>
<div class="highlight-pytb notranslate"><div class="highlight"><pre><span></span><span class="gt">Traceback (most recent call last):</span>
  File <span class="nb">&quot;TESTS:\trb_syntax_common.py&quot;</span>, line <span class="m">134</span>, in <span class="n">create_tracebacks</span>
    <span class="n">mod</span> <span class="o">=</span> <span class="nb">__import__</span><span class="p">(</span><span class="n">name</span><span class="p">)</span>
  File <span class="nb">&quot;TESTS:\syntax\raise_syntax_error64.py&quot;</span>, line <span class="m">4</span>
    <span class="k">def</span> <span class="nf">f</span><span class="p">(</span><span class="n">aa</span><span class="o">=</span><span class="mi">1</span><span class="p">,</span> <span class="n">aa</span><span class="o">=</span><span class="mi">2</span><span class="p">):</span>
    <span class="o">^</span>
<span class="gr">SyntaxError</span>: <span class="n">duplicate argument &#39;aa&#39; in function definition</span>
</pre></div>
</div>
<p>A <code class="docutils literal notranslate"><span class="pre">SyntaxError</span></code> occurs when Python cannot understand your code.</p>
<p>Python could not understand the code in the file
‘TESTS:\syntax\raise_syntax_error64.py’
beyond the location indicated by –&gt; and ^.</p>
<div class="highlight-python notranslate"><div class="highlight"><pre><span></span>       <span class="mi">2</span><span class="p">:</span> 
       <span class="mi">3</span><span class="p">:</span> 
    <span class="o">--&gt;</span><span class="mi">4</span><span class="p">:</span> <span class="k">def</span> <span class="nf">f</span><span class="p">(</span><span class="n">aa</span><span class="o">=</span><span class="mi">1</span><span class="p">,</span> <span class="n">aa</span><span class="o">=</span><span class="mi">2</span><span class="p">):</span>
          <span class="o">^</span>
       <span class="mi">5</span><span class="p">:</span>     <span class="k">pass</span>
</pre></div>
</div>
<p>You have defined a function repeating the keyword argument</p>
<div class="highlight-default notranslate"><div class="highlight"><pre><span></span><span class="n">aa</span>
</pre></div>
</div>
<p>twice; each keyword argument should appear only once in a function definition.</p>
</div>
<hr class="docutils" />
<div class="section" id="syntaxerror-keyword-arg-only-once-in-function-call">
<h2>SyntaxError - keyword arg only once in function call<a class="headerlink" href="#syntaxerror-keyword-arg-only-once-in-function-call" title="Permalink to this headline">¶</a></h2>
<div class="highlight-pytb notranslate"><div class="highlight"><pre><span></span><span class="gt">Traceback (most recent call last):</span>
  File <span class="nb">&quot;TESTS:\trb_syntax_common.py&quot;</span>, line <span class="m">134</span>, in <span class="n">create_tracebacks</span>
    <span class="n">mod</span> <span class="o">=</span> <span class="nb">__import__</span><span class="p">(</span><span class="n">name</span><span class="p">)</span>
  File <span class="nb">&quot;TESTS:\syntax\raise_syntax_error65.py&quot;</span>, line <span class="m">4</span>
    <span class="n">f</span><span class="p">(</span><span class="n">ad</span><span class="o">=</span><span class="mi">1</span><span class="p">,</span> <span class="n">ad</span><span class="o">=</span><span class="mi">2</span><span class="p">)</span>
            <span class="o">^</span>
<span class="gr">SyntaxError</span>: <span class="n">keyword argument repeated</span>
</pre></div>
</div>
<p>A <code class="docutils literal notranslate"><span class="pre">SyntaxError</span></code> occurs when Python cannot understand your code.</p>
<p>Python could not understand the code in the file
‘TESTS:\syntax\raise_syntax_error65.py’
beyond the location indicated by –&gt; and ^.</p>
<div class="highlight-python notranslate"><div class="highlight"><pre><span></span>       <span class="mi">2</span><span class="p">:</span> 
       <span class="mi">3</span><span class="p">:</span> 
    <span class="o">--&gt;</span><span class="mi">4</span><span class="p">:</span> <span class="n">f</span><span class="p">(</span><span class="n">ad</span><span class="o">=</span><span class="mi">1</span><span class="p">,</span> <span class="n">ad</span><span class="o">=</span><span class="mi">2</span><span class="p">)</span>
                  <span class="o">^</span>
       <span class="mi">5</span><span class="p">:</span> 
</pre></div>
</div>
<p>You have called a function repeating the same keyword argument.
Each keyword argument should appear only once in a function call.</p>
</div>
<hr class="docutils" />
<div class="section" id="syntaxerror-unexpected-eof-while-parsing-2">
<h2>SyntaxError - unexpected EOF while parsing 2<a class="headerlink" href="#syntaxerror-unexpected-eof-while-parsing-2" title="Permalink to this headline">¶</a></h2>
<div class="highlight-pytb notranslate"><div class="highlight"><pre><span></span><span class="gt">Traceback (most recent call last):</span>
  File <span class="nb">&quot;TESTS:\trb_syntax_common.py&quot;</span>, line <span class="m">134</span>, in <span class="n">create_tracebacks</span>
    <span class="n">mod</span> <span class="o">=</span> <span class="nb">__import__</span><span class="p">(</span><span class="n">name</span><span class="p">)</span>
  File <span class="nb">&quot;TESTS:\syntax\raise_syntax_error66.py&quot;</span>, line <span class="m">4</span>
<span class="gr">SyntaxError</span>: <span class="n">unexpected EOF while parsing</span>
</pre></div>
</div>
<p>A <code class="docutils literal notranslate"><span class="pre">SyntaxError</span></code> occurs when Python cannot understand your code.</p>
<p>Python could not understand the code in the file
‘TESTS:\syntax\raise_syntax_error66.py’
beyond the location indicated by –&gt; and ^.</p>
<div class="highlight-python notranslate"><div class="highlight"><pre><span></span>       <span class="mi">2</span><span class="p">:</span> 
       <span class="mi">3</span><span class="p">:</span> <span class="k">for</span> <span class="n">i</span> <span class="ow">in</span> <span class="nb">range</span><span class="p">(</span><span class="mi">10</span><span class="p">):</span>
    <span class="o">--&gt;</span><span class="mi">4</span><span class="p">:</span> 
          <span class="o">^</span>
</pre></div>
</div>
<p>Python tells us that it reached the end of the file
and expected more content.</p>
</div>
<hr class="docutils" />
<div class="section" id="syntaxerror-print-is-a-function-2">
<h2>SyntaxError - print is a function 2<a class="headerlink" href="#syntaxerror-print-is-a-function-2" title="Permalink to this headline">¶</a></h2>
<div class="highlight-pytb notranslate"><div class="highlight"><pre><span></span><span class="gt">Traceback (most recent call last):</span>
  File <span class="nb">&quot;TESTS:\trb_syntax_common.py&quot;</span>, line <span class="m">134</span>, in <span class="n">create_tracebacks</span>
    <span class="n">mod</span> <span class="o">=</span> <span class="nb">__import__</span><span class="p">(</span><span class="n">name</span><span class="p">)</span>
  File <span class="nb">&quot;TESTS:\syntax\raise_syntax_error67.py&quot;</span>, line <span class="m">2</span>
    <span class="nb">print</span> <span class="nb">len</span><span class="p">(</span><span class="s1">&#39;hello&#39;</span><span class="p">)</span>
          <span class="o">^</span>
<span class="gr">SyntaxError</span>: <span class="n">invalid syntax</span>
</pre></div>
</div>
<p>A <code class="docutils literal notranslate"><span class="pre">SyntaxError</span></code> occurs when Python cannot understand your code.</p>
<p>Python could not understand the code in the file
‘TESTS:\syntax\raise_syntax_error67.py’
beyond the location indicated by –&gt; and ^.</p>
<div class="highlight-python notranslate"><div class="highlight"><pre><span></span>       <span class="mi">1</span><span class="p">:</span> <span class="s2">&quot;&quot;&quot;Should raise SyntaxError: invalid syntax&quot;&quot;&quot;</span>
    <span class="o">--&gt;</span><span class="mi">2</span><span class="p">:</span> <span class="nb">print</span> <span class="nb">len</span><span class="p">(</span><span class="s1">&#39;hello&#39;</span><span class="p">)</span>
                <span class="o">^</span>
       <span class="mi">3</span><span class="p">:</span> 
</pre></div>
</div>
<p>I make an effort below to guess what caused the problem
but I might guess incorrectly.</p>
<p>In older version of Python, <code class="docutils literal notranslate"><span class="pre">print</span></code> was a keyword.
Now, <code class="docutils literal notranslate"><span class="pre">print</span></code> is a function; you need to use parentheses to call it.</p>
</div>
<hr class="docutils" />
<div class="section" id="syntaxerror-copy-paste-from-interpreter">
<h2>SyntaxError - copy/paste from interpreter<a class="headerlink" href="#syntaxerror-copy-paste-from-interpreter" title="Permalink to this headline">¶</a></h2>
<div class="highlight-pytb notranslate"><div class="highlight"><pre><span></span><span class="gt">Traceback (most recent call last):</span>
  File <span class="nb">&quot;TESTS:\trb_syntax_common.py&quot;</span>, line <span class="m">134</span>, in <span class="n">create_tracebacks</span>
    <span class="n">mod</span> <span class="o">=</span> <span class="nb">__import__</span><span class="p">(</span><span class="n">name</span><span class="p">)</span>
  File <span class="nb">&quot;TESTS:\syntax\raise_syntax_error68.py&quot;</span>, line <span class="m">2</span>
    <span class="o">&gt;&gt;&gt;</span> <span class="nb">print</span><span class="p">(</span><span class="s2">&quot;Hello World!&quot;</span><span class="p">)</span>
    <span class="o">^</span>
<span class="gr">SyntaxError</span>: <span class="n">invalid syntax</span>
</pre></div>
</div>
<p>A <code class="docutils literal notranslate"><span class="pre">SyntaxError</span></code> occurs when Python cannot understand your code.</p>
<p>Python could not understand the code in the file
‘TESTS:\syntax\raise_syntax_error68.py’
beyond the location indicated by –&gt; and ^.</p>
<div class="highlight-python notranslate"><div class="highlight"><pre><span></span>       <span class="mi">1</span><span class="p">:</span> <span class="s2">&quot;&quot;&quot;Should raise SyntaxError: invalid syntax&quot;&quot;&quot;</span>
    <span class="o">--&gt;</span><span class="mi">2</span><span class="p">:</span> <span class="o">&gt;&gt;&gt;</span> <span class="nb">print</span><span class="p">(</span><span class="s2">&quot;Hello World!&quot;</span><span class="p">)</span>
          <span class="o">^</span>
       <span class="mi">3</span><span class="p">:</span> 
</pre></div>
</div>
<p>I make an effort below to guess what caused the problem
but I might guess incorrectly.</p>
<p>It looks like you copy-pasted code from an interactive interpreter.
The Python prompt, <code class="docutils literal notranslate"><span class="pre">&gt;&gt;&gt;</span></code>, should not be included in your code.</p>
</div>
<hr class="docutils" />
<div class="section" id="syntaxerror-using-pip-from-interpreter">
<h2>SyntaxError - Using pip from interpreter<a class="headerlink" href="#syntaxerror-using-pip-from-interpreter" title="Permalink to this headline">¶</a></h2>
<div class="highlight-pytb notranslate"><div class="highlight"><pre><span></span><span class="gt">Traceback (most recent call last):</span>
  File <span class="nb">&quot;TESTS:\trb_syntax_common.py&quot;</span>, line <span class="m">134</span>, in <span class="n">create_tracebacks</span>
    <span class="n">mod</span> <span class="o">=</span> <span class="nb">__import__</span><span class="p">(</span><span class="n">name</span><span class="p">)</span>
  File <span class="nb">&quot;TESTS:\syntax\raise_syntax_error69.py&quot;</span>, line <span class="m">2</span>
    <span class="n">pip</span> <span class="n">install</span> <span class="n">friendly</span>
        <span class="o">^</span>
<span class="gr">SyntaxError</span>: <span class="n">invalid syntax</span>
</pre></div>
</div>
<p>A <code class="docutils literal notranslate"><span class="pre">SyntaxError</span></code> occurs when Python cannot understand your code.</p>
<p>Python could not understand the code in the file
‘TESTS:\syntax\raise_syntax_error69.py’
beyond the location indicated by –&gt; and ^.</p>
<div class="highlight-python notranslate"><div class="highlight"><pre><span></span>       <span class="mi">1</span><span class="p">:</span> <span class="s2">&quot;&quot;&quot;Should raise SyntaxError: invalid syntax&quot;&quot;&quot;</span>
    <span class="o">--&gt;</span><span class="mi">2</span><span class="p">:</span> <span class="n">pip</span> <span class="n">install</span> <span class="n">friendly</span>
              <span class="o">^</span>
       <span class="mi">3</span><span class="p">:</span> 
</pre></div>
</div>
<p>I make an effort below to guess what caused the problem
but I might guess incorrectly.</p>
<p>It looks as if you are attempting to use pip to install a module.
<code class="docutils literal notranslate"><span class="pre">pip</span></code> is a command that needs to run in a terminal,
not from a Python interpreter.</p>
</div>
<hr class="docutils" />
<div class="section" id="syntaxerror-using-pip-from-interpreter-2">
<h2>SyntaxError - Using pip from interpreter 2<a class="headerlink" href="#syntaxerror-using-pip-from-interpreter-2" title="Permalink to this headline">¶</a></h2>
<div class="highlight-pytb notranslate"><div class="highlight"><pre><span></span><span class="gt">Traceback (most recent call last):</span>
  File <span class="nb">&quot;TESTS:\trb_syntax_common.py&quot;</span>, line <span class="m">134</span>, in <span class="n">create_tracebacks</span>
    <span class="n">mod</span> <span class="o">=</span> <span class="nb">__import__</span><span class="p">(</span><span class="n">name</span><span class="p">)</span>
  File <span class="nb">&quot;TESTS:\syntax\raise_syntax_error70.py&quot;</span>, line <span class="m">2</span>
    <span class="n">python</span> <span class="o">-</span><span class="n">m</span> <span class="n">pip</span> <span class="n">install</span> <span class="n">friendly</span>
              <span class="o">^</span>
<span class="gr">SyntaxError</span>: <span class="n">invalid syntax</span>
</pre></div>
</div>
<p>A <code class="docutils literal notranslate"><span class="pre">SyntaxError</span></code> occurs when Python cannot understand your code.</p>
<p>Python could not understand the code in the file
‘TESTS:\syntax\raise_syntax_error70.py’
beyond the location indicated by –&gt; and ^.</p>
<div class="highlight-python notranslate"><div class="highlight"><pre><span></span>       <span class="mi">1</span><span class="p">:</span> <span class="s2">&quot;&quot;&quot;Should raise SyntaxError: invalid syntax&quot;&quot;&quot;</span>
    <span class="o">--&gt;</span><span class="mi">2</span><span class="p">:</span> <span class="n">python</span> <span class="o">-</span><span class="n">m</span> <span class="n">pip</span> <span class="n">install</span> <span class="n">friendly</span>
                    <span class="o">^</span>
       <span class="mi">3</span><span class="p">:</span> 
</pre></div>
</div>
<p>I make an effort below to guess what caused the problem
but I might guess incorrectly.</p>
<p>It looks as if you are attempting to use pip to install a module.
<code class="docutils literal notranslate"><span class="pre">pip</span></code> is a command that needs to run in a terminal,
not from a Python interpreter.</p>
</div>
<hr class="docutils" />
<div class="section" id="syntaxerror-dot-followed-by-parenthesis">
<h2>SyntaxError - dot followed by parenthesis<a class="headerlink" href="#syntaxerror-dot-followed-by-parenthesis" title="Permalink to this headline">¶</a></h2>
<div class="highlight-pytb notranslate"><div class="highlight"><pre><span></span><span class="gt">Traceback (most recent call last):</span>
  File <span class="nb">&quot;TESTS:\trb_syntax_common.py&quot;</span>, line <span class="m">134</span>, in <span class="n">create_tracebacks</span>
    <span class="n">mod</span> <span class="o">=</span> <span class="nb">__import__</span><span class="p">(</span><span class="n">name</span><span class="p">)</span>
  File <span class="nb">&quot;TESTS:\syntax\raise_syntax_error71.py&quot;</span>, line <span class="m">2</span>
    <span class="nb">print</span><span class="p">(</span><span class="nb">len</span><span class="o">.</span><span class="p">(</span><span class="s1">&#39;hello&#39;</span><span class="p">))</span>
              <span class="o">^</span>
<span class="gr">SyntaxError</span>: <span class="n">invalid syntax</span>
</pre></div>
</div>
<p>A <code class="docutils literal notranslate"><span class="pre">SyntaxError</span></code> occurs when Python cannot understand your code.</p>
<p>Python could not understand the code in the file
‘TESTS:\syntax\raise_syntax_error71.py’
beyond the location indicated by –&gt; and ^.</p>
<div class="highlight-python notranslate"><div class="highlight"><pre><span></span>       <span class="mi">1</span><span class="p">:</span> <span class="s2">&quot;&quot;&quot;Should raise SyntaxError: invalid syntax&quot;&quot;&quot;</span>
    <span class="o">--&gt;</span><span class="mi">2</span><span class="p">:</span> <span class="nb">print</span><span class="p">(</span><span class="nb">len</span><span class="o">.</span><span class="p">(</span><span class="s1">&#39;hello&#39;</span><span class="p">))</span>
                    <span class="o">^</span>
       <span class="mi">3</span><span class="p">:</span> 
</pre></div>
</div>
<p>I make an effort below to guess what caused the problem
but I might guess incorrectly.</p>
<p>You cannot have a dot <code class="docutils literal notranslate"><span class="pre">.</span></code> followed by <code class="docutils literal notranslate"><span class="pre">(</span></code>.</p>
</div>
<hr class="docutils" />
<div class="section" id="syntaxerror-cannot-assign-to-f-string">
<h2>SyntaxError - cannot assign to f-string<a class="headerlink" href="#syntaxerror-cannot-assign-to-f-string" title="Permalink to this headline">¶</a></h2>
<div class="highlight-pytb notranslate"><div class="highlight"><pre><span></span><span class="gt">Traceback (most recent call last):</span>
  File <span class="nb">&quot;TESTS:\trb_syntax_common.py&quot;</span>, line <span class="m">134</span>, in <span class="n">create_tracebacks</span>
    <span class="n">mod</span> <span class="o">=</span> <span class="nb">__import__</span><span class="p">(</span><span class="n">name</span><span class="p">)</span>
  File <span class="nb">&quot;TESTS:\syntax\raise_syntax_error72.py&quot;</span>, line <span class="m">6</span>
    <span class="sa">f</span><span class="s1">&#39;</span><span class="si">{</span><span class="n">x</span><span class="si">}</span><span class="s1">&#39;</span> <span class="o">=</span> <span class="mi">42</span>
    <span class="o">^</span>
<span class="gr">SyntaxError</span>: <span class="n">cannot assign to f-string expression</span>
</pre></div>
</div>
<p>A <code class="docutils literal notranslate"><span class="pre">SyntaxError</span></code> occurs when Python cannot understand your code.</p>
<p>Python could not understand the code in the file
‘TESTS:\syntax\raise_syntax_error72.py’
beyond the location indicated by –&gt; and ^.</p>
<div class="highlight-python notranslate"><div class="highlight"><pre><span></span>       <span class="mi">4</span><span class="p">:</span> <span class="s2">&quot;&quot;&quot;</span>
<span class="s2">       5: </span>
<span class="s2">    --&gt;6: f&#39;</span><span class="si">{x}</span><span class="s2">&#39; = 42</span>
<span class="s2">          ^</span>
<span class="s2">       7: </span>
</pre></div>
</div>
<p>You wrote an expression that has an f-string
on the left-hand side of the equal sign.
An f-string should only appear on the right-hand side of the equal sign.</p>
</div>
<hr class="docutils" />
<div class="section" id="syntaxerror-raising-multiple-exceptions">
<h2>SyntaxError - raising multiple exceptions<a class="headerlink" href="#syntaxerror-raising-multiple-exceptions" title="Permalink to this headline">¶</a></h2>
<div class="highlight-pytb notranslate"><div class="highlight"><pre><span></span><span class="gt">Traceback (most recent call last):</span>
  File <span class="nb">&quot;TESTS:\trb_syntax_common.py&quot;</span>, line <span class="m">134</span>, in <span class="n">create_tracebacks</span>
    <span class="n">mod</span> <span class="o">=</span> <span class="nb">__import__</span><span class="p">(</span><span class="n">name</span><span class="p">)</span>
  File <span class="nb">&quot;TESTS:\syntax\raise_syntax_error73.py&quot;</span>, line <span class="m">2</span>
    <span class="k">raise</span> <span class="n">X</span><span class="p">,</span> <span class="n">Y</span>
           <span class="o">^</span>
<span class="gr">SyntaxError</span>: <span class="n">invalid syntax</span>
</pre></div>
</div>
<p>A <code class="docutils literal notranslate"><span class="pre">SyntaxError</span></code> occurs when Python cannot understand your code.</p>
<p>Python could not understand the code in the file
‘TESTS:\syntax\raise_syntax_error73.py’
beyond the location indicated by –&gt; and ^.</p>
<div class="highlight-python notranslate"><div class="highlight"><pre><span></span>       <span class="mi">1</span><span class="p">:</span> <span class="s2">&quot;&quot;&quot;Should raise SyntaxError: invalid syntax&quot;&quot;&quot;</span>
    <span class="o">--&gt;</span><span class="mi">2</span><span class="p">:</span> <span class="k">raise</span> <span class="n">X</span><span class="p">,</span> <span class="n">Y</span>
                 <span class="o">^</span>
       <span class="mi">3</span><span class="p">:</span> 
</pre></div>
</div>
<p>I make an effort below to guess what caused the problem
but I might guess incorrectly.</p>
<p>It looks like you are trying to raise an exception using Python 2 syntax.</p>
</div>
<hr class="docutils" />
<div class="section" id="syntaxerror-parenthesis-around-generator-expression">
<h2>SyntaxError - parenthesis around generator expression<a class="headerlink" href="#syntaxerror-parenthesis-around-generator-expression" title="Permalink to this headline">¶</a></h2>
<div class="highlight-pytb notranslate"><div class="highlight"><pre><span></span><span class="gt">Traceback (most recent call last):</span>
  File <span class="nb">&quot;TESTS:\trb_syntax_common.py&quot;</span>, line <span class="m">134</span>, in <span class="n">create_tracebacks</span>
    <span class="n">mod</span> <span class="o">=</span> <span class="nb">__import__</span><span class="p">(</span><span class="n">name</span><span class="p">)</span>
  File <span class="nb">&quot;TESTS:\syntax\raise_syntax_error74.py&quot;</span>, line <span class="m">6</span>
    <span class="n">f</span><span class="p">(</span><span class="n">x</span> <span class="k">for</span> <span class="n">x</span> <span class="ow">in</span> <span class="n">L</span><span class="p">,</span> <span class="mi">1</span><span class="p">)</span>
      <span class="o">^</span>
<span class="gr">SyntaxError</span>: <span class="n">Generator expression must be parenthesized</span>
</pre></div>
</div>
<p>A <code class="docutils literal notranslate"><span class="pre">SyntaxError</span></code> occurs when Python cannot understand your code.</p>
<p>Python could not understand the code in the file
‘TESTS:\syntax\raise_syntax_error74.py’
beyond the location indicated by –&gt; and ^.</p>
<div class="highlight-python notranslate"><div class="highlight"><pre><span></span>       <span class="mi">4</span><span class="p">:</span> 
       <span class="mi">5</span><span class="p">:</span> <span class="n">L</span> <span class="o">=</span> <span class="nb">range</span><span class="p">(</span><span class="mi">10</span><span class="p">)</span>
    <span class="o">--&gt;</span><span class="mi">6</span><span class="p">:</span> <span class="n">f</span><span class="p">(</span><span class="n">x</span> <span class="k">for</span> <span class="n">x</span> <span class="ow">in</span> <span class="n">L</span><span class="p">,</span> <span class="mi">1</span><span class="p">)</span>
            <span class="o">^</span>
       <span class="mi">7</span><span class="p">:</span> 
</pre></div>
</div>
<p>You are using a generator expression, something of the form
<code class="docutils literal notranslate"><span class="pre">x</span> <span class="pre">for</span> <span class="pre">x</span> <span class="pre">in</span> <span class="pre">thing</span></code>
You must add parentheses enclosing that expression.</p>
</div>
<hr class="docutils" />
<div class="section" id="syntaxerror-invalid-character-bad-quote">
<h2>SyntaxError - invalid character (bad quote)<a class="headerlink" href="#syntaxerror-invalid-character-bad-quote" title="Permalink to this headline">¶</a></h2>
<div class="highlight-pytb notranslate"><div class="highlight"><pre><span></span>Traceback (most recent call last):
  File &quot;TESTS:\trb_syntax_common.py&quot;, line 134, in create_tracebacks
    mod = __import__(name)
  File &quot;TESTS:\syntax\raise_syntax_error75.py&quot;, line 3
    a = « hello »
        ^
SyntaxError: invalid character in identifier
</pre></div>
</div>
<p>Did you mean to use a normal quote character, <code class="docutils literal notranslate"><span class="pre">'</span></code> or <code class="docutils literal notranslate"><span class="pre">&quot;</span></code>?</p>
<p>A <code class="docutils literal notranslate"><span class="pre">SyntaxError</span></code> occurs when Python cannot understand your code.</p>
<p>Python could not understand the code in the file
‘TESTS:\syntax\raise_syntax_error75.py’
beyond the location indicated by –&gt; and ^.</p>
<div class="highlight-python notranslate"><div class="highlight"><pre><span></span>       1: &quot;&quot;&quot;Should raise SyntaxError: invalid character in identifier for Python &lt;=3.8
       2:    and  SyntaxError: invalid character &#39;«&#39; (U+00AB) in Python 3.9&quot;&quot;&quot;
    --&gt;3: a = « hello »
              ^
       4: 
</pre></div>
</div>
<p>Python indicates that you used some unicode characters not allowed
as part of a variable name; this includes many emojis.
However, I suspect that you used a fancy unicode quotation mark
instead of a normal single or double quote for a string.
This can happen if you copy-pasted code.</p>
</div>
<hr class="docutils" />
<div class="section" id="syntaxerror-single-instead-of-double-with-if">
<h2>SyntaxError - single = instead of double == with if<a class="headerlink" href="#syntaxerror-single-instead-of-double-with-if" title="Permalink to this headline">¶</a></h2>
<div class="highlight-pytb notranslate"><div class="highlight"><pre><span></span><span class="gt">Traceback (most recent call last):</span>
  File <span class="nb">&quot;TESTS:\trb_syntax_common.py&quot;</span>, line <span class="m">134</span>, in <span class="n">create_tracebacks</span>
    <span class="n">mod</span> <span class="o">=</span> <span class="nb">__import__</span><span class="p">(</span><span class="n">name</span><span class="p">)</span>
  File <span class="nb">&quot;TESTS:\syntax\raise_syntax_error76.py&quot;</span>, line <span class="m">3</span>
    <span class="k">if</span> <span class="n">i</span> <span class="o">%</span> <span class="mi">2</span> <span class="o">=</span> <span class="mi">0</span><span class="p">:</span>
             <span class="o">^</span>
<span class="gr">SyntaxError</span>: <span class="n">invalid syntax</span>
</pre></div>
</div>
<p>A <code class="docutils literal notranslate"><span class="pre">SyntaxError</span></code> occurs when Python cannot understand your code.</p>
<p>Python could not understand the code in the file
‘TESTS:\syntax\raise_syntax_error76.py’
beyond the location indicated by –&gt; and ^.</p>
<div class="highlight-python notranslate"><div class="highlight"><pre><span></span>       <span class="mi">1</span><span class="p">:</span> <span class="s2">&quot;&quot;&quot;Should raise SyntaxError: invalid syntax&quot;&quot;&quot;</span>
       <span class="mi">2</span><span class="p">:</span> <span class="k">for</span> <span class="n">i</span> <span class="ow">in</span> <span class="nb">range</span><span class="p">(</span><span class="mi">101</span><span class="p">):</span>
    <span class="o">--&gt;</span><span class="mi">3</span><span class="p">:</span>     <span class="k">if</span> <span class="n">i</span> <span class="o">%</span> <span class="mi">2</span> <span class="o">=</span> <span class="mi">0</span><span class="p">:</span>
                       <span class="o">^</span>
       <span class="mi">4</span><span class="p">:</span>         <span class="nb">print</span><span class="p">(</span><span class="n">i</span><span class="p">)</span>
</pre></div>
</div>
<p>I make an effort below to guess what caused the problem
but I might guess incorrectly.</p>
<p>You used an assignment operator <code class="docutils literal notranslate"><span class="pre">=</span></code> instead of an equality operator <code class="docutils literal notranslate"><span class="pre">==</span></code>
with an <code class="docutils literal notranslate"><span class="pre">if</span></code> statement.</p>
</div>
<hr class="docutils" />
<div class="section" id="syntaxerror-single-instead-of-double-with-elif">
<h2>SyntaxError - single = instead of double == with elif<a class="headerlink" href="#syntaxerror-single-instead-of-double-with-elif" title="Permalink to this headline">¶</a></h2>
<div class="highlight-pytb notranslate"><div class="highlight"><pre><span></span><span class="gt">Traceback (most recent call last):</span>
  File <span class="nb">&quot;TESTS:\trb_syntax_common.py&quot;</span>, line <span class="m">134</span>, in <span class="n">create_tracebacks</span>
    <span class="n">mod</span> <span class="o">=</span> <span class="nb">__import__</span><span class="p">(</span><span class="n">name</span><span class="p">)</span>
  File <span class="nb">&quot;TESTS:\syntax\raise_syntax_error77.py&quot;</span>, line <span class="m">5</span>
    <span class="k">elif</span> <span class="n">i</span> <span class="o">%</span> <span class="mi">2</span> <span class="o">=</span> <span class="mi">0</span><span class="p">:</span>
               <span class="o">^</span>
<span class="gr">SyntaxError</span>: <span class="n">invalid syntax</span>
</pre></div>
</div>
<p>A <code class="docutils literal notranslate"><span class="pre">SyntaxError</span></code> occurs when Python cannot understand your code.</p>
<p>Python could not understand the code in the file
‘TESTS:\syntax\raise_syntax_error77.py’
beyond the location indicated by –&gt; and ^.</p>
<div class="highlight-python notranslate"><div class="highlight"><pre><span></span>       <span class="mi">3</span><span class="p">:</span>     <span class="k">if</span> <span class="kc">False</span><span class="p">:</span>
       <span class="mi">4</span><span class="p">:</span>         <span class="k">pass</span>
    <span class="o">--&gt;</span><span class="mi">5</span><span class="p">:</span>     <span class="k">elif</span> <span class="n">i</span> <span class="o">%</span> <span class="mi">2</span> <span class="o">=</span> <span class="mi">0</span><span class="p">:</span>
                         <span class="o">^</span>
       <span class="mi">6</span><span class="p">:</span>         <span class="nb">print</span><span class="p">(</span><span class="n">i</span><span class="p">)</span>
</pre></div>
</div>
<p>I make an effort below to guess what caused the problem
but I might guess incorrectly.</p>
<p>You used an assignment operator <code class="docutils literal notranslate"><span class="pre">=</span></code> instead of an equality operator <code class="docutils literal notranslate"><span class="pre">==</span></code>
with an <code class="docutils literal notranslate"><span class="pre">elif</span></code> statement.</p>
</div>
<hr class="docutils" />
<div class="section" id="syntaxerror-single-instead-of-double-with-while">
<h2>SyntaxError - single = instead of double == with while<a class="headerlink" href="#syntaxerror-single-instead-of-double-with-while" title="Permalink to this headline">¶</a></h2>
<div class="highlight-pytb notranslate"><div class="highlight"><pre><span></span><span class="gt">Traceback (most recent call last):</span>
  File <span class="nb">&quot;TESTS:\trb_syntax_common.py&quot;</span>, line <span class="m">134</span>, in <span class="n">create_tracebacks</span>
    <span class="n">mod</span> <span class="o">=</span> <span class="nb">__import__</span><span class="p">(</span><span class="n">name</span><span class="p">)</span>
  File <span class="nb">&quot;TESTS:\syntax\raise_syntax_error78.py&quot;</span>, line <span class="m">4</span>
    <span class="k">while</span> <span class="n">a</span> <span class="o">=</span> <span class="mi">1</span><span class="p">:</span>
            <span class="o">^</span>
<span class="gr">SyntaxError</span>: <span class="n">invalid syntax</span>
</pre></div>
</div>
<p>A <code class="docutils literal notranslate"><span class="pre">SyntaxError</span></code> occurs when Python cannot understand your code.</p>
<p>Python could not understand the code in the file
‘TESTS:\syntax\raise_syntax_error78.py’
beyond the location indicated by –&gt; and ^.</p>
<div class="highlight-python notranslate"><div class="highlight"><pre><span></span>       <span class="mi">2</span><span class="p">:</span> <span class="n">a</span> <span class="o">=</span> <span class="mi">1</span>
       <span class="mi">3</span><span class="p">:</span> 
    <span class="o">--&gt;</span><span class="mi">4</span><span class="p">:</span> <span class="k">while</span> <span class="n">a</span> <span class="o">=</span> <span class="mi">1</span><span class="p">:</span>
                  <span class="o">^</span>
       <span class="mi">5</span><span class="p">:</span>     <span class="n">a</span> <span class="o">=</span> <span class="mi">2</span>
</pre></div>
</div>
<p>I make an effort below to guess what caused the problem
but I might guess incorrectly.</p>
<p>You used an assignment operator <code class="docutils literal notranslate"><span class="pre">=</span></code>; perhaps you meant to use
an equality operator, <code class="docutils literal notranslate"><span class="pre">==</span></code>, or the walrus operator <code class="docutils literal notranslate"><span class="pre">:=</span></code>.</p>
</div>
</div>


           </div>
           
          </div>
          <footer>
  
    <div class="rst-footer-buttons" role="navigation" aria-label="footer navigation">
      
        <a href="tracebacks_fr.html" class="btn btn-neutral float-right" title="Friendly tracebacks - en Français" accesskey="n" rel="next">Next <span class="fa fa-arrow-circle-right"></span></a>
      
      
        <a href="tracebacks_markdown.html" class="btn btn-neutral float-left" title="Friendly tracebacks - markdown_docs format" accesskey="p" rel="prev"><span class="fa fa-arrow-circle-left"></span> Previous</a>
      
    </div>
  

  <hr/>

  <div role="contentinfo">
    <p>
        
        &copy; Copyright 2019, André Roberge

    </p>
  </div>
    
    
    
    Built with <a href="http://sphinx-doc.org/">Sphinx</a> using a
    
    <a href="https://github.com/rtfd/sphinx_rtd_theme">theme</a>
    
    provided by <a href="https://readthedocs.org">Read the Docs</a>. 

</footer>

        </div>
      </div>

    </section>

  </div>
  

  <script type="text/javascript">
      jQuery(function () {
          SphinxRtdTheme.Navigation.enable(true);
      });
  </script>

  
  
    
   

</body>
</html>